2019-09-22 09:03:13,594 - INFO - Dueling Double DQN with Prioritized Experience Replay (100000 buffer capacity)
Six dense layer with 2048 neurons each using xavier initialization
Learning rate: 0.000001
Discount factor: 0.60
Weight copy step interval: 1000
Batch size: 150
Boltzmann exploration policy with temperature decay: 0.00002 per episode
Success threshold: 0.25 scaled reward on average over last 20 steps among all the validation volleys episodes
Max allowed steps for episode: 30
Acceptance value: 0.35 as a reward in a single step

2019-09-22 09:03:13,594 - INFO - Setup of experiment b_experiment...
2019-09-22 09:03:13,594 - INFO - Environment setup...
2019-09-22 09:03:13,594 - INFO - Environment setup is successful!
2019-09-22 09:03:13,594 - INFO - Agent setup...
2019-09-22 09:03:13,594 - INFO - Setup of agent dddqn_boltzmann_agent with scope b_experiment...
2019-09-22 09:03:13,595 - INFO - A Tensorboard summary for the agent will be updated during training of its internal model
2019-09-22 09:03:13,596 - INFO - Tensorboard summary path: ./experiments/rng_discrete_dddql_s10_r5-5_a035_2019-09-22/b_experiment/summary
2019-09-22 09:03:13,596 - INFO - Generating exploration policy...
2019-09-22 09:03:13,596 - INFO - Generating model model with scope b_experiment/dddqn_boltzmann_agent...
2019-09-22 09:03:13,596 - INFO - Model generation successful
2019-09-22 09:03:14,202 - INFO - Agent setup is successful!
2019-09-22 09:03:14,225 - INFO - Agent internal model will be saved after each train volley
2019-09-22 09:03:14,225 - INFO - Agent internal model metagraph save path: ./experiments/rng_discrete_dddql_s10_r5-5_a035_2019-09-22/b_experiment/metagraph
2019-09-22 09:03:14,226 - INFO - Tensorflow configuration is successful!
2019-09-22 09:03:14,226 - INFO - Experiment setup is successful. Now can conduct the experiment
2019-09-22 09:03:14,226 - INFO - Conducting experiment b_experiment...
2019-09-22 09:03:15,650 - INFO - Model initialized to default state
2019-09-22 09:03:15,763 - INFO - Warming-up for 100000 episodes...
2019-09-22 09:12:08,869 - INFO - Training for 1000 episodes...
2019-09-22 09:32:43,636 - INFO - Training of 1000 finished with following result:
2019-09-22 09:32:43,636 - INFO - Average total reward over 1000 training episodes after 1000 total training episodes: 0.278
2019-09-22 09:32:43,636 - INFO - Average scaled reward over 1000 training episodes after 1000 total training episodes: 0.01
2019-09-22 09:32:43,636 - INFO - Total environmental steps in training mode up to now: 29712
2019-09-22 09:32:43,637 - INFO - Saving the agent...
2019-09-22 09:32:44,043 - INFO - Validating for 1000 episodes...
2019-09-22 09:34:01,139 - INFO - Training of 1000 finished with following result:
2019-09-22 09:34:01,139 - INFO - Average total reward over 1000 validation episodes after 1000 total training episodes: 2.039
2019-09-22 09:34:01,139 - INFO - Average scaled reward over 1000 validation episodes after 1000 total training episodes: 0.099
2019-09-22 09:34:01,151 - INFO - Average scaled reward of the last 20 steps over 1000 validation episodes: 0.118
2019-09-22 09:34:01,151 - INFO - Training for 1000 episodes...
2019-09-22 09:54:32,372 - INFO - Training of 1000 finished with following result:
2019-09-22 09:54:32,373 - INFO - Average total reward over 1000 training episodes after 2000 total training episodes: 0.296
2019-09-22 09:54:32,373 - INFO - Average scaled reward over 1000 training episodes after 2000 total training episodes: 0.011
2019-09-22 09:54:32,373 - INFO - Total environmental steps in training mode up to now: 59462
2019-09-22 09:54:32,373 - INFO - Saving the agent...
2019-09-22 09:54:34,165 - INFO - Validating for 1000 episodes...
2019-09-22 09:55:48,432 - INFO - Training of 1000 finished with following result:
2019-09-22 09:55:48,432 - INFO - Average total reward over 1000 validation episodes after 2000 total training episodes: 1.994
2019-09-22 09:55:48,432 - INFO - Average scaled reward over 1000 validation episodes after 2000 total training episodes: 0.098
2019-09-22 09:55:48,443 - INFO - Average scaled reward of the last 20 steps over 1000 validation episodes: 0.111
2019-09-22 09:55:48,443 - INFO - Training for 1000 episodes...
2019-09-22 10:16:22,969 - INFO - Training of 1000 finished with following result:
2019-09-22 10:16:22,969 - INFO - Average total reward over 1000 training episodes after 3000 total training episodes: 0.334
2019-09-22 10:16:22,969 - INFO - Average scaled reward over 1000 training episodes after 3000 total training episodes: 0.012
2019-09-22 10:16:22,969 - INFO - Total environmental steps in training mode up to now: 89124
2019-09-22 10:16:22,969 - INFO - Saving the agent...
2019-09-22 10:16:24,776 - INFO - Validating for 1000 episodes...
2019-09-22 10:17:48,002 - INFO - Training of 1000 finished with following result:
2019-09-22 10:17:48,002 - INFO - Average total reward over 1000 validation episodes after 3000 total training episodes: 2.011
2019-09-22 10:17:48,002 - INFO - Average scaled reward over 1000 validation episodes after 3000 total training episodes: 0.081
2019-09-22 10:17:48,013 - INFO - Average scaled reward of the last 20 steps over 1000 validation episodes: 0.095
2019-09-22 10:17:48,013 - INFO - Training for 1000 episodes...
2019-09-22 10:38:26,732 - INFO - Training of 1000 finished with following result:
2019-09-22 10:38:26,732 - INFO - Average total reward over 1000 training episodes after 4000 total training episodes: 0.313
2019-09-22 10:38:26,732 - INFO - Average scaled reward over 1000 training episodes after 4000 total training episodes: 0.012
2019-09-22 10:38:26,732 - INFO - Total environmental steps in training mode up to now: 118836
2019-09-22 10:38:26,732 - INFO - Saving the agent...
2019-09-22 10:38:28,565 - INFO - Validating for 1000 episodes...
2019-09-22 10:39:41,856 - INFO - Training of 1000 finished with following result:
2019-09-22 10:39:41,856 - INFO - Average total reward over 1000 validation episodes after 4000 total training episodes: 1.347
2019-09-22 10:39:41,856 - INFO - Average scaled reward over 1000 validation episodes after 4000 total training episodes: 0.089
2019-09-22 10:39:41,868 - INFO - Average scaled reward of the last 20 steps over 1000 validation episodes: 0.102
2019-09-22 10:39:41,868 - INFO - Training for 1000 episodes...
2019-09-22 11:00:23,557 - INFO - Training of 1000 finished with following result:
2019-09-22 11:00:23,557 - INFO - Average total reward over 1000 training episodes after 5000 total training episodes: 0.303
2019-09-22 11:00:23,557 - INFO - Average scaled reward over 1000 training episodes after 5000 total training episodes: 0.011
2019-09-22 11:00:23,557 - INFO - Total environmental steps in training mode up to now: 148635
2019-09-22 11:00:23,557 - INFO - Saving the agent...
2019-09-22 11:00:25,334 - INFO - Validating for 1000 episodes...
2019-09-22 11:01:38,271 - INFO - Training of 1000 finished with following result:
2019-09-22 11:01:38,271 - INFO - Average total reward over 1000 validation episodes after 5000 total training episodes: 1.932
2019-09-22 11:01:38,271 - INFO - Average scaled reward over 1000 validation episodes after 5000 total training episodes: 0.1
2019-09-22 11:01:38,282 - INFO - Average scaled reward of the last 20 steps over 1000 validation episodes: 0.108
2019-09-22 11:01:38,282 - INFO - Training for 1000 episodes...
2019-09-22 11:22:19,640 - INFO - Training of 1000 finished with following result:
2019-09-22 11:22:19,640 - INFO - Average total reward over 1000 training episodes after 6000 total training episodes: 0.33
2019-09-22 11:22:19,640 - INFO - Average scaled reward over 1000 training episodes after 6000 total training episodes: 0.012
2019-09-22 11:22:19,640 - INFO - Total environmental steps in training mode up to now: 178316
2019-09-22 11:22:19,640 - INFO - Saving the agent...
2019-09-22 11:22:21,418 - INFO - Validating for 1000 episodes...
2019-09-22 11:23:40,265 - INFO - Training of 1000 finished with following result:
2019-09-22 11:23:40,265 - INFO - Average total reward over 1000 validation episodes after 6000 total training episodes: 1.961
2019-09-22 11:23:40,265 - INFO - Average scaled reward over 1000 validation episodes after 6000 total training episodes: 0.099
2019-09-22 11:23:40,277 - INFO - Average scaled reward of the last 20 steps over 1000 validation episodes: 0.113
2019-09-22 11:23:40,277 - INFO - Training for 1000 episodes...
2019-09-22 11:44:19,906 - INFO - Training of 1000 finished with following result:
2019-09-22 11:44:19,906 - INFO - Average total reward over 1000 training episodes after 7000 total training episodes: 0.375
2019-09-22 11:44:19,906 - INFO - Average scaled reward over 1000 training episodes after 7000 total training episodes: 0.014
2019-09-22 11:44:19,906 - INFO - Total environmental steps in training mode up to now: 207959
2019-09-22 11:44:19,906 - INFO - Saving the agent...
2019-09-22 11:44:21,776 - INFO - Validating for 1000 episodes...
2019-09-22 11:45:40,186 - INFO - Training of 1000 finished with following result:
2019-09-22 11:45:40,186 - INFO - Average total reward over 1000 validation episodes after 7000 total training episodes: 2.007
2019-09-22 11:45:40,186 - INFO - Average scaled reward over 1000 validation episodes after 7000 total training episodes: 0.104
2019-09-22 11:45:40,197 - INFO - Average scaled reward of the last 20 steps over 1000 validation episodes: 0.122
2019-09-22 11:45:40,197 - INFO - Training for 1000 episodes...
2019-09-22 12:06:20,559 - INFO - Training of 1000 finished with following result:
2019-09-22 12:06:20,559 - INFO - Average total reward over 1000 training episodes after 8000 total training episodes: 0.355
2019-09-22 12:06:20,559 - INFO - Average scaled reward over 1000 training episodes after 8000 total training episodes: 0.013
2019-09-22 12:06:20,559 - INFO - Total environmental steps in training mode up to now: 237637
2019-09-22 12:06:20,559 - INFO - Saving the agent...
2019-09-22 12:06:22,620 - INFO - Validating for 1000 episodes...
2019-09-22 12:07:33,956 - INFO - Training of 1000 finished with following result:
2019-09-22 12:07:33,956 - INFO - Average total reward over 1000 validation episodes after 8000 total training episodes: 1.471
2019-09-22 12:07:33,956 - INFO - Average scaled reward over 1000 validation episodes after 8000 total training episodes: 0.087
2019-09-22 12:07:33,969 - INFO - Average scaled reward of the last 20 steps over 1000 validation episodes: 0.097
2019-09-22 12:07:33,969 - INFO - Training for 1000 episodes...
2019-09-22 12:28:14,359 - INFO - Training of 1000 finished with following result:
2019-09-22 12:28:14,359 - INFO - Average total reward over 1000 training episodes after 9000 total training episodes: 0.317
2019-09-22 12:28:14,359 - INFO - Average scaled reward over 1000 training episodes after 9000 total training episodes: 0.012
2019-09-22 12:28:14,359 - INFO - Total environmental steps in training mode up to now: 267356
2019-09-22 12:28:14,359 - INFO - Saving the agent...
2019-09-22 12:28:16,221 - INFO - Validating for 1000 episodes...
2019-09-22 12:29:28,770 - INFO - Training of 1000 finished with following result:
2019-09-22 12:29:28,770 - INFO - Average total reward over 1000 validation episodes after 9000 total training episodes: 1.214
2019-09-22 12:29:28,770 - INFO - Average scaled reward over 1000 validation episodes after 9000 total training episodes: 0.079
2019-09-22 12:29:28,781 - INFO - Average scaled reward of the last 20 steps over 1000 validation episodes: 0.086
2019-09-22 12:29:28,781 - INFO - Training for 1000 episodes...
2019-09-22 12:50:06,306 - INFO - Training of 1000 finished with following result:
2019-09-22 12:50:06,306 - INFO - Average total reward over 1000 training episodes after 10000 total training episodes: 0.406
2019-09-22 12:50:06,306 - INFO - Average scaled reward over 1000 training episodes after 10000 total training episodes: 0.015
2019-09-22 12:50:06,306 - INFO - Total environmental steps in training mode up to now: 297020
2019-09-22 12:50:06,306 - INFO - Saving the agent...
2019-09-22 12:50:08,126 - INFO - Validating for 1000 episodes...
2019-09-22 12:51:24,853 - INFO - Training of 1000 finished with following result:
2019-09-22 12:51:24,853 - INFO - Average total reward over 1000 validation episodes after 10000 total training episodes: 1.99
2019-09-22 12:51:24,853 - INFO - Average scaled reward over 1000 validation episodes after 10000 total training episodes: 0.107
2019-09-22 12:51:24,864 - INFO - Average scaled reward of the last 20 steps over 1000 validation episodes: 0.124
2019-09-22 12:51:24,865 - INFO - Training for 1000 episodes...
2019-09-22 13:11:58,624 - INFO - Training of 1000 finished with following result:
2019-09-22 13:11:58,624 - INFO - Average total reward over 1000 training episodes after 11000 total training episodes: 0.33
2019-09-22 13:11:58,624 - INFO - Average scaled reward over 1000 training episodes after 11000 total training episodes: 0.012
2019-09-22 13:11:58,624 - INFO - Total environmental steps in training mode up to now: 326718
2019-09-22 13:11:58,624 - INFO - Saving the agent...
2019-09-22 13:12:00,467 - INFO - Validating for 1000 episodes...
2019-09-22 13:13:06,607 - INFO - Training of 1000 finished with following result:
2019-09-22 13:13:06,607 - INFO - Average total reward over 1000 validation episodes after 11000 total training episodes: 1.594
2019-09-22 13:13:06,607 - INFO - Average scaled reward over 1000 validation episodes after 11000 total training episodes: 0.108
2019-09-22 13:13:06,618 - INFO - Average scaled reward of the last 20 steps over 1000 validation episodes: 0.121
2019-09-22 13:13:06,618 - INFO - Training for 1000 episodes...
2019-09-22 13:33:43,114 - INFO - Training of 1000 finished with following result:
2019-09-22 13:33:43,114 - INFO - Average total reward over 1000 training episodes after 12000 total training episodes: 0.382
2019-09-22 13:33:43,115 - INFO - Average scaled reward over 1000 training episodes after 12000 total training episodes: 0.014
2019-09-22 13:33:43,115 - INFO - Total environmental steps in training mode up to now: 356401
2019-09-22 13:33:43,115 - INFO - Saving the agent...
2019-09-22 13:33:44,936 - INFO - Validating for 1000 episodes...
2019-09-22 13:34:58,044 - INFO - Training of 1000 finished with following result:
2019-09-22 13:34:58,044 - INFO - Average total reward over 1000 validation episodes after 12000 total training episodes: 2.082
2019-09-22 13:34:58,044 - INFO - Average scaled reward over 1000 validation episodes after 12000 total training episodes: 0.117
2019-09-22 13:34:58,056 - INFO - Average scaled reward of the last 20 steps over 1000 validation episodes: 0.134
2019-09-22 13:34:58,056 - INFO - Training for 1000 episodes...
2019-09-22 13:55:30,358 - INFO - Training of 1000 finished with following result:
2019-09-22 13:55:30,358 - INFO - Average total reward over 1000 training episodes after 13000 total training episodes: 0.393
2019-09-22 13:55:30,358 - INFO - Average scaled reward over 1000 training episodes after 13000 total training episodes: 0.015
2019-09-22 13:55:30,358 - INFO - Total environmental steps in training mode up to now: 385986
2019-09-22 13:55:30,358 - INFO - Saving the agent...
2019-09-22 13:55:32,227 - INFO - Validating for 1000 episodes...
2019-09-22 13:56:49,900 - INFO - Training of 1000 finished with following result:
2019-09-22 13:56:49,900 - INFO - Average total reward over 1000 validation episodes after 13000 total training episodes: 2.087
2019-09-22 13:56:49,900 - INFO - Average scaled reward over 1000 validation episodes after 13000 total training episodes: 0.116
2019-09-22 13:56:49,913 - INFO - Average scaled reward of the last 20 steps over 1000 validation episodes: 0.135
2019-09-22 13:56:49,913 - INFO - Training for 1000 episodes...
2019-09-22 14:17:18,611 - INFO - Training of 1000 finished with following result:
2019-09-22 14:17:18,611 - INFO - Average total reward over 1000 training episodes after 14000 total training episodes: 0.377
2019-09-22 14:17:18,612 - INFO - Average scaled reward over 1000 training episodes after 14000 total training episodes: 0.014
2019-09-22 14:17:18,612 - INFO - Total environmental steps in training mode up to now: 415595
2019-09-22 14:17:18,612 - INFO - Saving the agent...
2019-09-22 14:17:20,417 - INFO - Validating for 1000 episodes...
2019-09-22 14:18:31,104 - INFO - Training of 1000 finished with following result:
2019-09-22 14:18:31,104 - INFO - Average total reward over 1000 validation episodes after 14000 total training episodes: 1.715
2019-09-22 14:18:31,104 - INFO - Average scaled reward over 1000 validation episodes after 14000 total training episodes: 0.103
2019-09-22 14:18:31,115 - INFO - Average scaled reward of the last 20 steps over 1000 validation episodes: 0.115
2019-09-22 14:18:31,115 - INFO - Training for 1000 episodes...
2019-09-22 14:39:09,832 - INFO - Training of 1000 finished with following result:
2019-09-22 14:39:09,832 - INFO - Average total reward over 1000 training episodes after 15000 total training episodes: 0.371
2019-09-22 14:39:09,832 - INFO - Average scaled reward over 1000 training episodes after 15000 total training episodes: 0.013
2019-09-22 14:39:09,832 - INFO - Total environmental steps in training mode up to now: 445356
2019-09-22 14:39:09,832 - INFO - Saving the agent...
2019-09-22 14:39:11,652 - INFO - Validating for 1000 episodes...
2019-09-22 14:40:25,256 - INFO - Training of 1000 finished with following result:
2019-09-22 14:40:25,256 - INFO - Average total reward over 1000 validation episodes after 15000 total training episodes: 2.401
2019-09-22 14:40:25,256 - INFO - Average scaled reward over 1000 validation episodes after 15000 total training episodes: 0.13
2019-09-22 14:40:25,267 - INFO - Average scaled reward of the last 20 steps over 1000 validation episodes: 0.147
2019-09-22 14:40:25,268 - INFO - Training for 1000 episodes...
2019-09-22 15:01:02,676 - INFO - Training of 1000 finished with following result:
2019-09-22 15:01:02,676 - INFO - Average total reward over 1000 training episodes after 16000 total training episodes: 0.389
2019-09-22 15:01:02,676 - INFO - Average scaled reward over 1000 training episodes after 16000 total training episodes: 0.014
2019-09-22 15:01:02,676 - INFO - Total environmental steps in training mode up to now: 475146
2019-09-22 15:01:02,676 - INFO - Saving the agent...
2019-09-22 15:01:04,595 - INFO - Validating for 1000 episodes...
2019-09-22 15:02:23,623 - INFO - Training of 1000 finished with following result:
2019-09-22 15:02:23,623 - INFO - Average total reward over 1000 validation episodes after 16000 total training episodes: 2.158
2019-09-22 15:02:23,623 - INFO - Average scaled reward over 1000 validation episodes after 16000 total training episodes: 0.114
2019-09-22 15:02:23,634 - INFO - Average scaled reward of the last 20 steps over 1000 validation episodes: 0.134
2019-09-22 15:02:23,634 - INFO - Training for 1000 episodes...
2019-09-22 15:22:55,809 - INFO - Training of 1000 finished with following result:
2019-09-22 15:22:55,809 - INFO - Average total reward over 1000 training episodes after 17000 total training episodes: 0.309
2019-09-22 15:22:55,809 - INFO - Average scaled reward over 1000 training episodes after 17000 total training episodes: 0.011
2019-09-22 15:22:55,809 - INFO - Total environmental steps in training mode up to now: 504945
2019-09-22 15:22:55,809 - INFO - Saving the agent...
2019-09-22 15:22:57,705 - INFO - Validating for 1000 episodes...
2019-09-22 15:24:05,955 - INFO - Training of 1000 finished with following result:
2019-09-22 15:24:05,955 - INFO - Average total reward over 1000 validation episodes after 17000 total training episodes: 1.758
2019-09-22 15:24:05,955 - INFO - Average scaled reward over 1000 validation episodes after 17000 total training episodes: 0.113
2019-09-22 15:24:05,967 - INFO - Average scaled reward of the last 20 steps over 1000 validation episodes: 0.126
2019-09-22 15:24:05,967 - INFO - Training for 1000 episodes...
2019-09-22 15:44:31,748 - INFO - Training of 1000 finished with following result:
2019-09-22 15:44:31,748 - INFO - Average total reward over 1000 training episodes after 18000 total training episodes: 0.301
2019-09-22 15:44:31,748 - INFO - Average scaled reward over 1000 training episodes after 18000 total training episodes: 0.011
2019-09-22 15:44:31,748 - INFO - Total environmental steps in training mode up to now: 534594
2019-09-22 15:44:31,748 - INFO - Saving the agent...
2019-09-22 15:44:33,557 - INFO - Validating for 1000 episodes...
2019-09-22 15:45:44,719 - INFO - Training of 1000 finished with following result:
2019-09-22 15:45:44,719 - INFO - Average total reward over 1000 validation episodes after 18000 total training episodes: 2.121
2019-09-22 15:45:44,719 - INFO - Average scaled reward over 1000 validation episodes after 18000 total training episodes: 0.117
2019-09-22 15:45:44,730 - INFO - Average scaled reward of the last 20 steps over 1000 validation episodes: 0.138
2019-09-22 15:45:44,730 - INFO - Training for 1000 episodes...
2019-09-22 16:06:00,244 - INFO - Training of 1000 finished with following result:
2019-09-22 16:06:00,244 - INFO - Average total reward over 1000 training episodes after 19000 total training episodes: 0.316
2019-09-22 16:06:00,244 - INFO - Average scaled reward over 1000 training episodes after 19000 total training episodes: 0.011
2019-09-22 16:06:00,244 - INFO - Total environmental steps in training mode up to now: 564407
2019-09-22 16:06:00,244 - INFO - Saving the agent...
2019-09-22 16:06:02,056 - INFO - Validating for 1000 episodes...
2019-09-22 16:06:59,806 - INFO - Training of 1000 finished with following result:
2019-09-22 16:06:59,806 - INFO - Average total reward over 1000 validation episodes after 19000 total training episodes: 1.813
2019-09-22 16:06:59,806 - INFO - Average scaled reward over 1000 validation episodes after 19000 total training episodes: 0.117
2019-09-22 16:06:59,817 - INFO - Average scaled reward of the last 20 steps over 1000 validation episodes: 0.129
2019-09-22 16:06:59,817 - INFO - Training for 1000 episodes...
2019-09-22 16:27:09,786 - INFO - Training of 1000 finished with following result:
2019-09-22 16:27:09,787 - INFO - Average total reward over 1000 training episodes after 20000 total training episodes: 0.375
2019-09-22 16:27:09,787 - INFO - Average scaled reward over 1000 training episodes after 20000 total training episodes: 0.014
2019-09-22 16:27:09,787 - INFO - Total environmental steps in training mode up to now: 594097
2019-09-22 16:27:09,787 - INFO - Saving the agent...
2019-09-22 16:27:11,583 - INFO - Validating for 1000 episodes...
2019-09-22 16:28:09,573 - INFO - Training of 1000 finished with following result:
2019-09-22 16:28:09,573 - INFO - Average total reward over 1000 validation episodes after 20000 total training episodes: 1.543
2019-09-22 16:28:09,573 - INFO - Average scaled reward over 1000 validation episodes after 20000 total training episodes: 0.108
2019-09-22 16:28:09,585 - INFO - Average scaled reward of the last 20 steps over 1000 validation episodes: 0.12
2019-09-22 16:28:09,585 - INFO - Training for 1000 episodes...
2019-09-22 16:48:11,533 - INFO - Training of 1000 finished with following result:
2019-09-22 16:48:11,534 - INFO - Average total reward over 1000 training episodes after 21000 total training episodes: 0.372
2019-09-22 16:48:11,534 - INFO - Average scaled reward over 1000 training episodes after 21000 total training episodes: 0.014
2019-09-22 16:48:11,534 - INFO - Total environmental steps in training mode up to now: 623611
2019-09-22 16:48:11,534 - INFO - Saving the agent...
2019-09-22 16:48:13,346 - INFO - Validating for 1000 episodes...
2019-09-22 16:49:23,518 - INFO - Training of 1000 finished with following result:
2019-09-22 16:49:23,519 - INFO - Average total reward over 1000 validation episodes after 21000 total training episodes: 2.371
2019-09-22 16:49:23,519 - INFO - Average scaled reward over 1000 validation episodes after 21000 total training episodes: 0.123
2019-09-22 16:49:23,530 - INFO - Average scaled reward of the last 20 steps over 1000 validation episodes: 0.145
2019-09-22 16:49:23,530 - INFO - Training for 1000 episodes...
2019-09-22 17:09:34,358 - INFO - Training of 1000 finished with following result:
2019-09-22 17:09:34,358 - INFO - Average total reward over 1000 training episodes after 22000 total training episodes: 0.349
2019-09-22 17:09:34,358 - INFO - Average scaled reward over 1000 training episodes after 22000 total training episodes: 0.013
2019-09-22 17:09:34,358 - INFO - Total environmental steps in training mode up to now: 653261
2019-09-22 17:09:34,358 - INFO - Saving the agent...
2019-09-22 17:09:36,222 - INFO - Validating for 1000 episodes...
2019-09-22 17:10:36,910 - INFO - Training of 1000 finished with following result:
2019-09-22 17:10:36,911 - INFO - Average total reward over 1000 validation episodes after 22000 total training episodes: 1.761
2019-09-22 17:10:36,911 - INFO - Average scaled reward over 1000 validation episodes after 22000 total training episodes: 0.119
2019-09-22 17:10:36,922 - INFO - Average scaled reward of the last 20 steps over 1000 validation episodes: 0.132
2019-09-22 17:10:36,922 - INFO - Training for 1000 episodes...
2019-09-22 17:30:52,437 - INFO - Training of 1000 finished with following result:
2019-09-22 17:30:52,437 - INFO - Average total reward over 1000 training episodes after 23000 total training episodes: 0.43
2019-09-22 17:30:52,437 - INFO - Average scaled reward over 1000 training episodes after 23000 total training episodes: 0.016
2019-09-22 17:30:52,437 - INFO - Total environmental steps in training mode up to now: 682909
2019-09-22 17:30:52,437 - INFO - Saving the agent...
2019-09-22 17:30:54,496 - INFO - Validating for 1000 episodes...
2019-09-22 17:31:59,391 - INFO - Training of 1000 finished with following result:
2019-09-22 17:31:59,391 - INFO - Average total reward over 1000 validation episodes after 23000 total training episodes: 2.157
2019-09-22 17:31:59,391 - INFO - Average scaled reward over 1000 validation episodes after 23000 total training episodes: 0.133
2019-09-22 17:31:59,402 - INFO - Average scaled reward of the last 20 steps over 1000 validation episodes: 0.153
2019-09-22 17:31:59,403 - INFO - Training for 1000 episodes...
2019-09-22 17:52:19,066 - INFO - Training of 1000 finished with following result:
2019-09-22 17:52:19,067 - INFO - Average total reward over 1000 training episodes after 24000 total training episodes: 0.377
2019-09-22 17:52:19,067 - INFO - Average scaled reward over 1000 training episodes after 24000 total training episodes: 0.014
2019-09-22 17:52:19,067 - INFO - Total environmental steps in training mode up to now: 712475
2019-09-22 17:52:19,067 - INFO - Saving the agent...
2019-09-22 17:52:20,918 - INFO - Validating for 1000 episodes...
2019-09-22 17:53:28,955 - INFO - Training of 1000 finished with following result:
2019-09-22 17:53:28,955 - INFO - Average total reward over 1000 validation episodes after 24000 total training episodes: 1.754
2019-09-22 17:53:28,955 - INFO - Average scaled reward over 1000 validation episodes after 24000 total training episodes: 0.106
2019-09-22 17:53:28,966 - INFO - Average scaled reward of the last 20 steps over 1000 validation episodes: 0.116
2019-09-22 17:53:28,966 - INFO - Training for 1000 episodes...
2019-09-22 18:13:50,597 - INFO - Training of 1000 finished with following result:
2019-09-22 18:13:50,597 - INFO - Average total reward over 1000 training episodes after 25000 total training episodes: 0.385
2019-09-22 18:13:50,597 - INFO - Average scaled reward over 1000 training episodes after 25000 total training episodes: 0.015
2019-09-22 18:13:50,597 - INFO - Total environmental steps in training mode up to now: 742025
2019-09-22 18:13:50,597 - INFO - Saving the agent...
2019-09-22 18:13:52,493 - INFO - Validating for 1000 episodes...
2019-09-22 18:14:58,325 - INFO - Training of 1000 finished with following result:
2019-09-22 18:14:58,325 - INFO - Average total reward over 1000 validation episodes after 25000 total training episodes: 1.88
2019-09-22 18:14:58,325 - INFO - Average scaled reward over 1000 validation episodes after 25000 total training episodes: 0.119
2019-09-22 18:14:58,336 - INFO - Average scaled reward of the last 20 steps over 1000 validation episodes: 0.135
2019-09-22 18:14:58,336 - INFO - Training for 1000 episodes...
2019-09-22 18:35:21,507 - INFO - Training of 1000 finished with following result:
2019-09-22 18:35:21,508 - INFO - Average total reward over 1000 training episodes after 26000 total training episodes: 0.4
2019-09-22 18:35:21,508 - INFO - Average scaled reward over 1000 training episodes after 26000 total training episodes: 0.015
2019-09-22 18:35:21,508 - INFO - Total environmental steps in training mode up to now: 771623
2019-09-22 18:35:21,508 - INFO - Saving the agent...
2019-09-22 18:35:23,381 - INFO - Validating for 1000 episodes...
2019-09-22 18:36:26,254 - INFO - Training of 1000 finished with following result:
2019-09-22 18:36:26,254 - INFO - Average total reward over 1000 validation episodes after 26000 total training episodes: 1.83
2019-09-22 18:36:26,254 - INFO - Average scaled reward over 1000 validation episodes after 26000 total training episodes: 0.12
2019-09-22 18:36:26,265 - INFO - Average scaled reward of the last 20 steps over 1000 validation episodes: 0.136
2019-09-22 18:36:26,265 - INFO - Training for 1000 episodes...
2019-09-22 18:56:51,379 - INFO - Training of 1000 finished with following result:
2019-09-22 18:56:51,379 - INFO - Average total reward over 1000 training episodes after 27000 total training episodes: 0.447
2019-09-22 18:56:51,379 - INFO - Average scaled reward over 1000 training episodes after 27000 total training episodes: 0.016
2019-09-22 18:56:51,379 - INFO - Total environmental steps in training mode up to now: 801276
2019-09-22 18:56:51,379 - INFO - Saving the agent...
2019-09-22 18:56:53,251 - INFO - Validating for 1000 episodes...
2019-09-22 18:57:56,805 - INFO - Training of 1000 finished with following result:
2019-09-22 18:57:56,805 - INFO - Average total reward over 1000 validation episodes after 27000 total training episodes: 1.852
2019-09-22 18:57:56,805 - INFO - Average scaled reward over 1000 validation episodes after 27000 total training episodes: 0.121
2019-09-22 18:57:56,816 - INFO - Average scaled reward of the last 20 steps over 1000 validation episodes: 0.137
2019-09-22 18:57:56,817 - INFO - Training for 1000 episodes...
2019-09-22 19:18:21,924 - INFO - Training of 1000 finished with following result:
2019-09-22 19:18:21,924 - INFO - Average total reward over 1000 training episodes after 28000 total training episodes: 0.405
2019-09-22 19:18:21,924 - INFO - Average scaled reward over 1000 training episodes after 28000 total training episodes: 0.015
2019-09-22 19:18:21,924 - INFO - Total environmental steps in training mode up to now: 830897
2019-09-22 19:18:21,924 - INFO - Saving the agent...
2019-09-22 19:18:23,811 - INFO - Validating for 1000 episodes...
2019-09-22 19:19:31,569 - INFO - Training of 1000 finished with following result:
2019-09-22 19:19:31,569 - INFO - Average total reward over 1000 validation episodes after 28000 total training episodes: 2.122
2019-09-22 19:19:31,569 - INFO - Average scaled reward over 1000 validation episodes after 28000 total training episodes: 0.135
2019-09-22 19:19:31,580 - INFO - Average scaled reward of the last 20 steps over 1000 validation episodes: 0.153
2019-09-22 19:19:31,580 - INFO - Training for 1000 episodes...
2019-09-22 19:39:52,902 - INFO - Training of 1000 finished with following result:
2019-09-22 19:39:52,902 - INFO - Average total reward over 1000 training episodes after 29000 total training episodes: 0.426
2019-09-22 19:39:52,902 - INFO - Average scaled reward over 1000 training episodes after 29000 total training episodes: 0.016
2019-09-22 19:39:52,902 - INFO - Total environmental steps in training mode up to now: 860471
2019-09-22 19:39:52,903 - INFO - Saving the agent...
2019-09-22 19:39:54,807 - INFO - Validating for 1000 episodes...
2019-09-22 19:41:03,567 - INFO - Training of 1000 finished with following result:
2019-09-22 19:41:03,567 - INFO - Average total reward over 1000 validation episodes after 29000 total training episodes: 2.196
2019-09-22 19:41:03,567 - INFO - Average scaled reward over 1000 validation episodes after 29000 total training episodes: 0.124
2019-09-22 19:41:03,578 - INFO - Average scaled reward of the last 20 steps over 1000 validation episodes: 0.144
2019-09-22 19:41:03,578 - INFO - Training for 1000 episodes...
2019-09-22 20:01:19,852 - INFO - Training of 1000 finished with following result:
2019-09-22 20:01:19,852 - INFO - Average total reward over 1000 training episodes after 30000 total training episodes: 0.439
2019-09-22 20:01:19,852 - INFO - Average scaled reward over 1000 training episodes after 30000 total training episodes: 0.017
2019-09-22 20:01:19,852 - INFO - Total environmental steps in training mode up to now: 889963
2019-09-22 20:01:19,852 - INFO - Saving the agent...
2019-09-22 20:01:21,710 - INFO - Validating for 1000 episodes...
2019-09-22 20:02:40,733 - INFO - Training of 1000 finished with following result:
2019-09-22 20:02:40,733 - INFO - Average total reward over 1000 validation episodes after 30000 total training episodes: 2.663
2019-09-22 20:02:40,733 - INFO - Average scaled reward over 1000 validation episodes after 30000 total training episodes: 0.124
2019-09-22 20:02:40,744 - INFO - Average scaled reward of the last 20 steps over 1000 validation episodes: 0.149
2019-09-22 20:02:40,744 - INFO - Training for 1000 episodes...
2019-09-22 20:22:59,761 - INFO - Training of 1000 finished with following result:
2019-09-22 20:22:59,761 - INFO - Average total reward over 1000 training episodes after 31000 total training episodes: 0.439
2019-09-22 20:22:59,761 - INFO - Average scaled reward over 1000 training episodes after 31000 total training episodes: 0.017
2019-09-22 20:22:59,761 - INFO - Total environmental steps in training mode up to now: 919440
2019-09-22 20:22:59,761 - INFO - Saving the agent...
2019-09-22 20:23:01,677 - INFO - Validating for 1000 episodes...
2019-09-22 20:24:08,204 - INFO - Training of 1000 finished with following result:
2019-09-22 20:24:08,205 - INFO - Average total reward over 1000 validation episodes after 31000 total training episodes: 1.752
2019-09-22 20:24:08,205 - INFO - Average scaled reward over 1000 validation episodes after 31000 total training episodes: 0.109
2019-09-22 20:24:08,216 - INFO - Average scaled reward of the last 20 steps over 1000 validation episodes: 0.121
2019-09-22 20:24:08,216 - INFO - Training for 1000 episodes...
2019-09-22 20:44:23,412 - INFO - Training of 1000 finished with following result:
2019-09-22 20:44:23,412 - INFO - Average total reward over 1000 training episodes after 32000 total training episodes: 0.512
2019-09-22 20:44:23,412 - INFO - Average scaled reward over 1000 training episodes after 32000 total training episodes: 0.02
2019-09-22 20:44:23,412 - INFO - Total environmental steps in training mode up to now: 948810
2019-09-22 20:44:23,412 - INFO - Saving the agent...
2019-09-22 20:44:25,274 - INFO - Validating for 1000 episodes...
2019-09-22 20:45:35,385 - INFO - Training of 1000 finished with following result:
2019-09-22 20:45:35,386 - INFO - Average total reward over 1000 validation episodes after 32000 total training episodes: 1.96
2019-09-22 20:45:35,386 - INFO - Average scaled reward over 1000 validation episodes after 32000 total training episodes: 0.108
2019-09-22 20:45:35,398 - INFO - Average scaled reward of the last 20 steps over 1000 validation episodes: 0.126
2019-09-22 20:45:35,398 - INFO - Training for 1000 episodes...
2019-09-22 21:05:46,495 - INFO - Training of 1000 finished with following result:
2019-09-22 21:05:46,495 - INFO - Average total reward over 1000 training episodes after 33000 total training episodes: 0.483
2019-09-22 21:05:46,495 - INFO - Average scaled reward over 1000 training episodes after 33000 total training episodes: 0.019
2019-09-22 21:05:46,495 - INFO - Total environmental steps in training mode up to now: 978194
2019-09-22 21:05:46,495 - INFO - Saving the agent...
2019-09-22 21:05:48,347 - INFO - Validating for 1000 episodes...
2019-09-22 21:06:50,046 - INFO - Training of 1000 finished with following result:
2019-09-22 21:06:50,046 - INFO - Average total reward over 1000 validation episodes after 33000 total training episodes: 1.965
2019-09-22 21:06:50,046 - INFO - Average scaled reward over 1000 validation episodes after 33000 total training episodes: 0.126
2019-09-22 21:06:50,057 - INFO - Average scaled reward of the last 20 steps over 1000 validation episodes: 0.138
2019-09-22 21:06:50,057 - INFO - Training for 1000 episodes...
2019-09-22 21:27:10,860 - INFO - Training of 1000 finished with following result:
2019-09-22 21:27:10,860 - INFO - Average total reward over 1000 training episodes after 34000 total training episodes: 0.555
2019-09-22 21:27:10,860 - INFO - Average scaled reward over 1000 training episodes after 34000 total training episodes: 0.02
2019-09-22 21:27:10,860 - INFO - Total environmental steps in training mode up to now: 1007730
2019-09-22 21:27:10,860 - INFO - Saving the agent...
2019-09-22 21:27:12,807 - INFO - Validating for 1000 episodes...
2019-09-22 21:28:08,756 - INFO - Training of 1000 finished with following result:
2019-09-22 21:28:08,756 - INFO - Average total reward over 1000 validation episodes after 34000 total training episodes: 1.44
2019-09-22 21:28:08,756 - INFO - Average scaled reward over 1000 validation episodes after 34000 total training episodes: 0.117
2019-09-22 21:28:08,768 - INFO - Average scaled reward of the last 20 steps over 1000 validation episodes: 0.125
2019-09-22 21:28:08,768 - INFO - Training for 1000 episodes...
2019-09-22 21:48:17,707 - INFO - Training of 1000 finished with following result:
2019-09-22 21:48:17,707 - INFO - Average total reward over 1000 training episodes after 35000 total training episodes: 0.495
2019-09-22 21:48:17,707 - INFO - Average scaled reward over 1000 training episodes after 35000 total training episodes: 0.02
2019-09-22 21:48:17,707 - INFO - Total environmental steps in training mode up to now: 1037006
2019-09-22 21:48:17,707 - INFO - Saving the agent...
2019-09-22 21:48:19,550 - INFO - Validating for 1000 episodes...
2019-09-22 21:49:16,222 - INFO - Training of 1000 finished with following result:
2019-09-22 21:49:16,222 - INFO - Average total reward over 1000 validation episodes after 35000 total training episodes: 1.553
2019-09-22 21:49:16,222 - INFO - Average scaled reward over 1000 validation episodes after 35000 total training episodes: 0.119
2019-09-22 21:49:16,233 - INFO - Average scaled reward of the last 20 steps over 1000 validation episodes: 0.13
2019-09-22 21:49:16,233 - INFO - Training for 1000 episodes...
2019-09-22 22:09:24,560 - INFO - Training of 1000 finished with following result:
2019-09-22 22:09:24,560 - INFO - Average total reward over 1000 training episodes after 36000 total training episodes: 0.511
2019-09-22 22:09:24,560 - INFO - Average scaled reward over 1000 training episodes after 36000 total training episodes: 0.021
2019-09-22 22:09:24,560 - INFO - Total environmental steps in training mode up to now: 1066238
2019-09-22 22:09:24,560 - INFO - Saving the agent...
2019-09-22 22:09:26,396 - INFO - Validating for 1000 episodes...
2019-09-22 22:10:33,356 - INFO - Training of 1000 finished with following result:
2019-09-22 22:10:33,356 - INFO - Average total reward over 1000 validation episodes after 36000 total training episodes: 1.805
2019-09-22 22:10:33,356 - INFO - Average scaled reward over 1000 validation episodes after 36000 total training episodes: 0.116
2019-09-22 22:10:33,368 - INFO - Average scaled reward of the last 20 steps over 1000 validation episodes: 0.129
2019-09-22 22:10:33,368 - INFO - Training for 1000 episodes...
2019-09-22 22:30:45,408 - INFO - Training of 1000 finished with following result:
2019-09-22 22:30:45,409 - INFO - Average total reward over 1000 training episodes after 37000 total training episodes: 0.541
2019-09-22 22:30:45,409 - INFO - Average scaled reward over 1000 training episodes after 37000 total training episodes: 0.022
2019-09-22 22:30:45,409 - INFO - Total environmental steps in training mode up to now: 1095480
2019-09-22 22:30:45,409 - INFO - Saving the agent...
2019-09-22 22:30:47,297 - INFO - Validating for 1000 episodes...
2019-09-22 22:31:52,789 - INFO - Training of 1000 finished with following result:
2019-09-22 22:31:52,789 - INFO - Average total reward over 1000 validation episodes after 37000 total training episodes: 1.879
2019-09-22 22:31:52,789 - INFO - Average scaled reward over 1000 validation episodes after 37000 total training episodes: 0.117
2019-09-22 22:31:52,800 - INFO - Average scaled reward of the last 20 steps over 1000 validation episodes: 0.128
2019-09-22 22:31:52,800 - INFO - Training for 1000 episodes...
2019-09-22 22:52:02,702 - INFO - Training of 1000 finished with following result:
2019-09-22 22:52:02,702 - INFO - Average total reward over 1000 training episodes after 38000 total training episodes: 0.537
2019-09-22 22:52:02,702 - INFO - Average scaled reward over 1000 training episodes after 38000 total training episodes: 0.022
2019-09-22 22:52:02,702 - INFO - Total environmental steps in training mode up to now: 1124643
2019-09-22 22:52:02,702 - INFO - Saving the agent...
2019-09-22 22:52:04,780 - INFO - Validating for 1000 episodes...
2019-09-22 22:53:05,304 - INFO - Training of 1000 finished with following result:
2019-09-22 22:53:05,305 - INFO - Average total reward over 1000 validation episodes after 38000 total training episodes: 1.633
2019-09-22 22:53:05,305 - INFO - Average scaled reward over 1000 validation episodes after 38000 total training episodes: 0.114
2019-09-22 22:53:05,316 - INFO - Average scaled reward of the last 20 steps over 1000 validation episodes: 0.122
2019-09-22 22:53:05,316 - INFO - Training for 1000 episodes...
2019-09-22 23:13:13,935 - INFO - Training of 1000 finished with following result:
2019-09-22 23:13:13,935 - INFO - Average total reward over 1000 training episodes after 39000 total training episodes: 0.612
2019-09-22 23:13:13,935 - INFO - Average scaled reward over 1000 training episodes after 39000 total training episodes: 0.024
2019-09-22 23:13:13,935 - INFO - Total environmental steps in training mode up to now: 1153807
2019-09-22 23:13:13,935 - INFO - Saving the agent...
2019-09-22 23:13:15,811 - INFO - Validating for 1000 episodes...
2019-09-22 23:14:23,327 - INFO - Training of 1000 finished with following result:
2019-09-22 23:14:23,327 - INFO - Average total reward over 1000 validation episodes after 39000 total training episodes: 2.031
2019-09-22 23:14:23,327 - INFO - Average scaled reward over 1000 validation episodes after 39000 total training episodes: 0.128
2019-09-22 23:14:23,339 - INFO - Average scaled reward of the last 20 steps over 1000 validation episodes: 0.145
2019-09-22 23:14:23,340 - INFO - Training for 1000 episodes...
2019-09-22 23:34:48,833 - INFO - Training of 1000 finished with following result:
2019-09-22 23:34:48,833 - INFO - Average total reward over 1000 training episodes after 40000 total training episodes: 0.682
2019-09-22 23:34:48,833 - INFO - Average scaled reward over 1000 training episodes after 40000 total training episodes: 0.026
2019-09-22 23:34:48,833 - INFO - Total environmental steps in training mode up to now: 1183224
2019-09-22 23:34:48,833 - INFO - Saving the agent...
2019-09-22 23:34:50,840 - INFO - Validating for 1000 episodes...
2019-09-22 23:35:56,184 - INFO - Training of 1000 finished with following result:
2019-09-22 23:35:56,184 - INFO - Average total reward over 1000 validation episodes after 40000 total training episodes: 2.066
2019-09-22 23:35:56,184 - INFO - Average scaled reward over 1000 validation episodes after 40000 total training episodes: 0.126
2019-09-22 23:35:56,196 - INFO - Average scaled reward of the last 20 steps over 1000 validation episodes: 0.143
2019-09-22 23:35:56,196 - INFO - Training for 1000 episodes...
2019-09-22 23:56:12,183 - INFO - Training of 1000 finished with following result:
2019-09-22 23:56:12,183 - INFO - Average total reward over 1000 training episodes after 41000 total training episodes: 0.626
2019-09-22 23:56:12,183 - INFO - Average scaled reward over 1000 training episodes after 41000 total training episodes: 0.025
2019-09-22 23:56:12,183 - INFO - Total environmental steps in training mode up to now: 1212403
2019-09-22 23:56:12,183 - INFO - Saving the agent...
2019-09-22 23:56:14,164 - INFO - Validating for 1000 episodes...
2019-09-22 23:57:19,023 - INFO - Training of 1000 finished with following result:
2019-09-22 23:57:19,023 - INFO - Average total reward over 1000 validation episodes after 41000 total training episodes: 1.947
2019-09-22 23:57:19,023 - INFO - Average scaled reward over 1000 validation episodes after 41000 total training episodes: 0.118
2019-09-22 23:57:19,034 - INFO - Average scaled reward of the last 20 steps over 1000 validation episodes: 0.134
2019-09-22 23:57:19,034 - INFO - Training for 1000 episodes...
2019-09-23 00:17:19,862 - INFO - Training of 1000 finished with following result:
2019-09-23 00:17:19,862 - INFO - Average total reward over 1000 training episodes after 42000 total training episodes: 0.695
2019-09-23 00:17:19,862 - INFO - Average scaled reward over 1000 training episodes after 42000 total training episodes: 0.03
2019-09-23 00:17:19,862 - INFO - Total environmental steps in training mode up to now: 1241163
2019-09-23 00:17:19,862 - INFO - Saving the agent...
2019-09-23 00:17:21,668 - INFO - Validating for 1000 episodes...
2019-09-23 00:18:28,293 - INFO - Training of 1000 finished with following result:
2019-09-23 00:18:28,293 - INFO - Average total reward over 1000 validation episodes after 42000 total training episodes: 1.983
2019-09-23 00:18:28,293 - INFO - Average scaled reward over 1000 validation episodes after 42000 total training episodes: 0.117
2019-09-23 00:18:28,304 - INFO - Average scaled reward of the last 20 steps over 1000 validation episodes: 0.128
2019-09-23 00:18:28,304 - INFO - Training for 1000 episodes...
2019-09-23 00:38:31,749 - INFO - Training of 1000 finished with following result:
2019-09-23 00:38:31,749 - INFO - Average total reward over 1000 training episodes after 43000 total training episodes: 0.775
2019-09-23 00:38:31,749 - INFO - Average scaled reward over 1000 training episodes after 43000 total training episodes: 0.032
2019-09-23 00:38:31,749 - INFO - Total environmental steps in training mode up to now: 1269964
2019-09-23 00:38:31,749 - INFO - Saving the agent...
2019-09-23 00:38:33,594 - INFO - Validating for 1000 episodes...
2019-09-23 00:39:27,096 - INFO - Training of 1000 finished with following result:
2019-09-23 00:39:27,096 - INFO - Average total reward over 1000 validation episodes after 43000 total training episodes: 1.555
2019-09-23 00:39:27,096 - INFO - Average scaled reward over 1000 validation episodes after 43000 total training episodes: 0.121
2019-09-23 00:39:27,107 - INFO - Average scaled reward of the last 20 steps over 1000 validation episodes: 0.129
2019-09-23 00:39:27,107 - INFO - Training for 1000 episodes...
2019-09-23 00:59:19,770 - INFO - Training of 1000 finished with following result:
2019-09-23 00:59:19,770 - INFO - Average total reward over 1000 training episodes after 44000 total training episodes: 0.789
2019-09-23 00:59:19,770 - INFO - Average scaled reward over 1000 training episodes after 44000 total training episodes: 0.034
2019-09-23 00:59:19,770 - INFO - Total environmental steps in training mode up to now: 1298592
2019-09-23 00:59:19,770 - INFO - Saving the agent...
2019-09-23 00:59:21,667 - INFO - Validating for 1000 episodes...
2019-09-23 01:00:15,678 - INFO - Training of 1000 finished with following result:
2019-09-23 01:00:15,678 - INFO - Average total reward over 1000 validation episodes after 44000 total training episodes: 1.606
2019-09-23 01:00:15,678 - INFO - Average scaled reward over 1000 validation episodes after 44000 total training episodes: 0.125
2019-09-23 01:00:15,690 - INFO - Average scaled reward of the last 20 steps over 1000 validation episodes: 0.131
2019-09-23 01:00:15,690 - INFO - Training for 1000 episodes...
2019-09-23 01:19:48,471 - INFO - Training of 1000 finished with following result:
2019-09-23 01:19:48,472 - INFO - Average total reward over 1000 training episodes after 45000 total training episodes: 0.854
2019-09-23 01:19:48,472 - INFO - Average scaled reward over 1000 training episodes after 45000 total training episodes: 0.039
2019-09-23 01:19:48,472 - INFO - Total environmental steps in training mode up to now: 1326642
2019-09-23 01:19:48,472 - INFO - Saving the agent...
2019-09-23 01:19:50,379 - INFO - Validating for 1000 episodes...
2019-09-23 01:20:52,914 - INFO - Training of 1000 finished with following result:
2019-09-23 01:20:52,914 - INFO - Average total reward over 1000 validation episodes after 45000 total training episodes: 1.928
2019-09-23 01:20:52,914 - INFO - Average scaled reward over 1000 validation episodes after 45000 total training episodes: 0.127
2019-09-23 01:20:52,925 - INFO - Average scaled reward of the last 20 steps over 1000 validation episodes: 0.141
2019-09-23 01:20:52,925 - INFO - Training for 1000 episodes...
2019-09-23 01:40:19,478 - INFO - Training of 1000 finished with following result:
2019-09-23 01:40:19,478 - INFO - Average total reward over 1000 training episodes after 46000 total training episodes: 0.875
2019-09-23 01:40:19,478 - INFO - Average scaled reward over 1000 training episodes after 46000 total training episodes: 0.041
2019-09-23 01:40:19,478 - INFO - Total environmental steps in training mode up to now: 1354502
2019-09-23 01:40:19,478 - INFO - Saving the agent...
2019-09-23 01:40:21,365 - INFO - Validating for 1000 episodes...
2019-09-23 01:41:32,267 - INFO - Training of 1000 finished with following result:
2019-09-23 01:41:32,268 - INFO - Average total reward over 1000 validation episodes after 46000 total training episodes: 2.284
2019-09-23 01:41:32,268 - INFO - Average scaled reward over 1000 validation episodes after 46000 total training episodes: 0.123
2019-09-23 01:41:32,279 - INFO - Average scaled reward of the last 20 steps over 1000 validation episodes: 0.14
2019-09-23 01:41:32,279 - INFO - Training for 1000 episodes...
2019-09-23 02:00:57,242 - INFO - Training of 1000 finished with following result:
2019-09-23 02:00:57,242 - INFO - Average total reward over 1000 training episodes after 47000 total training episodes: 0.92
2019-09-23 02:00:57,242 - INFO - Average scaled reward over 1000 training episodes after 47000 total training episodes: 0.043
2019-09-23 02:00:57,242 - INFO - Total environmental steps in training mode up to now: 1382364
2019-09-23 02:00:57,242 - INFO - Saving the agent...
2019-09-23 02:00:59,121 - INFO - Validating for 1000 episodes...
2019-09-23 02:02:05,675 - INFO - Training of 1000 finished with following result:
2019-09-23 02:02:05,675 - INFO - Average total reward over 1000 validation episodes after 47000 total training episodes: 2.25
2019-09-23 02:02:05,676 - INFO - Average scaled reward over 1000 validation episodes after 47000 total training episodes: 0.128
2019-09-23 02:02:05,687 - INFO - Average scaled reward of the last 20 steps over 1000 validation episodes: 0.147
2019-09-23 02:02:05,687 - INFO - Training for 1000 episodes...
2019-09-23 02:21:30,215 - INFO - Training of 1000 finished with following result:
2019-09-23 02:21:30,215 - INFO - Average total reward over 1000 training episodes after 48000 total training episodes: 0.84
2019-09-23 02:21:30,215 - INFO - Average scaled reward over 1000 training episodes after 48000 total training episodes: 0.04
2019-09-23 02:21:30,216 - INFO - Total environmental steps in training mode up to now: 1410318
2019-09-23 02:21:30,216 - INFO - Saving the agent...
2019-09-23 02:21:32,061 - INFO - Validating for 1000 episodes...
2019-09-23 02:22:34,566 - INFO - Training of 1000 finished with following result:
2019-09-23 02:22:34,566 - INFO - Average total reward over 1000 validation episodes after 48000 total training episodes: 1.734
2019-09-23 02:22:34,566 - INFO - Average scaled reward over 1000 validation episodes after 48000 total training episodes: 0.117
2019-09-23 02:22:34,578 - INFO - Average scaled reward of the last 20 steps over 1000 validation episodes: 0.131
2019-09-23 02:22:34,578 - INFO - Training for 1000 episodes...
2019-09-23 02:41:26,997 - INFO - Training of 1000 finished with following result:
2019-09-23 02:41:26,997 - INFO - Average total reward over 1000 training episodes after 49000 total training episodes: 0.928
2019-09-23 02:41:26,997 - INFO - Average scaled reward over 1000 training episodes after 49000 total training episodes: 0.047
2019-09-23 02:41:26,997 - INFO - Total environmental steps in training mode up to now: 1437506
2019-09-23 02:41:26,997 - INFO - Saving the agent...
2019-09-23 02:41:28,824 - INFO - Validating for 1000 episodes...
2019-09-23 02:42:36,471 - INFO - Training of 1000 finished with following result:
2019-09-23 02:42:36,471 - INFO - Average total reward over 1000 validation episodes after 49000 total training episodes: 1.925
2019-09-23 02:42:36,471 - INFO - Average scaled reward over 1000 validation episodes after 49000 total training episodes: 0.118
2019-09-23 02:42:36,483 - INFO - Average scaled reward of the last 20 steps over 1000 validation episodes: 0.134
2019-09-23 02:42:36,483 - INFO - Training for 1000 episodes...
2019-09-23 03:01:38,469 - INFO - Training of 1000 finished with following result:
2019-09-23 03:01:38,469 - INFO - Average total reward over 1000 training episodes after 50000 total training episodes: 0.879
2019-09-23 03:01:38,469 - INFO - Average scaled reward over 1000 training episodes after 50000 total training episodes: 0.044
2019-09-23 03:01:38,469 - INFO - Total environmental steps in training mode up to now: 1464875
2019-09-23 03:01:38,469 - INFO - Saving the agent...
2019-09-23 03:01:40,533 - INFO - Validating for 1000 episodes...
2019-09-23 03:02:44,748 - INFO - Training of 1000 finished with following result:
2019-09-23 03:02:44,748 - INFO - Average total reward over 1000 validation episodes after 50000 total training episodes: 1.742
2019-09-23 03:02:44,748 - INFO - Average scaled reward over 1000 validation episodes after 50000 total training episodes: 0.114
2019-09-23 03:02:44,760 - INFO - Average scaled reward of the last 20 steps over 1000 validation episodes: 0.129
2019-09-23 03:02:44,760 - INFO - Training for 1000 episodes...
2019-09-23 03:21:52,509 - INFO - Training of 1000 finished with following result:
2019-09-23 03:21:52,510 - INFO - Average total reward over 1000 training episodes after 51000 total training episodes: 0.913
2019-09-23 03:21:52,510 - INFO - Average scaled reward over 1000 training episodes after 51000 total training episodes: 0.045
2019-09-23 03:21:52,510 - INFO - Total environmental steps in training mode up to now: 1492376
2019-09-23 03:21:52,510 - INFO - Saving the agent...
2019-09-23 03:21:54,386 - INFO - Validating for 1000 episodes...
2019-09-23 03:22:56,844 - INFO - Training of 1000 finished with following result:
2019-09-23 03:22:56,844 - INFO - Average total reward over 1000 validation episodes after 51000 total training episodes: 1.488
2019-09-23 03:22:56,844 - INFO - Average scaled reward over 1000 validation episodes after 51000 total training episodes: 0.108
2019-09-23 03:22:56,855 - INFO - Average scaled reward of the last 20 steps over 1000 validation episodes: 0.118
2019-09-23 03:22:56,855 - INFO - Training for 1000 episodes...
2019-09-23 03:42:09,266 - INFO - Training of 1000 finished with following result:
2019-09-23 03:42:09,266 - INFO - Average total reward over 1000 training episodes after 52000 total training episodes: 0.876
2019-09-23 03:42:09,266 - INFO - Average scaled reward over 1000 training episodes after 52000 total training episodes: 0.043
2019-09-23 03:42:09,267 - INFO - Total environmental steps in training mode up to now: 1520016
2019-09-23 03:42:09,267 - INFO - Saving the agent...
2019-09-23 03:42:11,166 - INFO - Validating for 1000 episodes...
2019-09-23 03:43:20,480 - INFO - Training of 1000 finished with following result:
2019-09-23 03:43:20,481 - INFO - Average total reward over 1000 validation episodes after 52000 total training episodes: 2.307
2019-09-23 03:43:20,481 - INFO - Average scaled reward over 1000 validation episodes after 52000 total training episodes: 0.121
2019-09-23 03:43:20,494 - INFO - Average scaled reward of the last 20 steps over 1000 validation episodes: 0.141
2019-09-23 03:43:20,494 - INFO - Training for 1000 episodes...
2019-09-23 04:02:23,687 - INFO - Training of 1000 finished with following result:
2019-09-23 04:02:23,687 - INFO - Average total reward over 1000 training episodes after 53000 total training episodes: 0.897
2019-09-23 04:02:23,687 - INFO - Average scaled reward over 1000 training episodes after 53000 total training episodes: 0.045
2019-09-23 04:02:23,687 - INFO - Total environmental steps in training mode up to now: 1547507
2019-09-23 04:02:23,687 - INFO - Saving the agent...
2019-09-23 04:02:25,558 - INFO - Validating for 1000 episodes...
2019-09-23 04:03:32,615 - INFO - Training of 1000 finished with following result:
2019-09-23 04:03:32,615 - INFO - Average total reward over 1000 validation episodes after 53000 total training episodes: 1.94
2019-09-23 04:03:32,615 - INFO - Average scaled reward over 1000 validation episodes after 53000 total training episodes: 0.116
2019-09-23 04:03:32,627 - INFO - Average scaled reward of the last 20 steps over 1000 validation episodes: 0.132
2019-09-23 04:03:32,627 - INFO - Training for 1000 episodes...
2019-09-23 04:22:31,656 - INFO - Training of 1000 finished with following result:
2019-09-23 04:22:31,656 - INFO - Average total reward over 1000 training episodes after 54000 total training episodes: 0.8
2019-09-23 04:22:31,656 - INFO - Average scaled reward over 1000 training episodes after 54000 total training episodes: 0.042
2019-09-23 04:22:31,656 - INFO - Total environmental steps in training mode up to now: 1574951
2019-09-23 04:22:31,656 - INFO - Saving the agent...
2019-09-23 04:22:33,534 - INFO - Validating for 1000 episodes...
2019-09-23 04:23:35,976 - INFO - Training of 1000 finished with following result:
2019-09-23 04:23:35,976 - INFO - Average total reward over 1000 validation episodes after 54000 total training episodes: 1.887
2019-09-23 04:23:35,976 - INFO - Average scaled reward over 1000 validation episodes after 54000 total training episodes: 0.128
2019-09-23 04:23:35,987 - INFO - Average scaled reward of the last 20 steps over 1000 validation episodes: 0.142
2019-09-23 04:23:35,987 - INFO - Training for 1000 episodes...
2019-09-23 04:42:32,213 - INFO - Training of 1000 finished with following result:
2019-09-23 04:42:32,214 - INFO - Average total reward over 1000 training episodes after 55000 total training episodes: 0.827
2019-09-23 04:42:32,214 - INFO - Average scaled reward over 1000 training episodes after 55000 total training episodes: 0.044
2019-09-23 04:42:32,214 - INFO - Total environmental steps in training mode up to now: 1602262
2019-09-23 04:42:32,214 - INFO - Saving the agent...
2019-09-23 04:42:34,036 - INFO - Validating for 1000 episodes...
2019-09-23 04:43:54,879 - INFO - Training of 1000 finished with following result:
2019-09-23 04:43:54,879 - INFO - Average total reward over 1000 validation episodes after 55000 total training episodes: 2.582
2019-09-23 04:43:54,879 - INFO - Average scaled reward over 1000 validation episodes after 55000 total training episodes: 0.133
2019-09-23 04:43:54,891 - INFO - Average scaled reward of the last 20 steps over 1000 validation episodes: 0.159
2019-09-23 04:43:54,891 - INFO - Training for 1000 episodes...
2019-09-23 05:02:53,942 - INFO - Training of 1000 finished with following result:
2019-09-23 05:02:53,942 - INFO - Average total reward over 1000 training episodes after 56000 total training episodes: 0.833
2019-09-23 05:02:53,942 - INFO - Average scaled reward over 1000 training episodes after 56000 total training episodes: 0.043
2019-09-23 05:02:53,942 - INFO - Total environmental steps in training mode up to now: 1629642
2019-09-23 05:02:53,942 - INFO - Saving the agent...
2019-09-23 05:02:55,792 - INFO - Validating for 1000 episodes...
2019-09-23 05:04:07,099 - INFO - Training of 1000 finished with following result:
2019-09-23 05:04:07,099 - INFO - Average total reward over 1000 validation episodes after 56000 total training episodes: 2.024
2019-09-23 05:04:07,099 - INFO - Average scaled reward over 1000 validation episodes after 56000 total training episodes: 0.115
2019-09-23 05:04:07,110 - INFO - Average scaled reward of the last 20 steps over 1000 validation episodes: 0.134
2019-09-23 05:04:07,110 - INFO - Training for 1000 episodes...
2019-09-23 05:23:02,047 - INFO - Training of 1000 finished with following result:
2019-09-23 05:23:02,047 - INFO - Average total reward over 1000 training episodes after 57000 total training episodes: 0.832
2019-09-23 05:23:02,047 - INFO - Average scaled reward over 1000 training episodes after 57000 total training episodes: 0.044
2019-09-23 05:23:02,047 - INFO - Total environmental steps in training mode up to now: 1656951
2019-09-23 05:23:02,047 - INFO - Saving the agent...
2019-09-23 05:23:03,920 - INFO - Validating for 1000 episodes...
2019-09-23 05:24:09,856 - INFO - Training of 1000 finished with following result:
2019-09-23 05:24:09,856 - INFO - Average total reward over 1000 validation episodes after 57000 total training episodes: 1.862
2019-09-23 05:24:09,856 - INFO - Average scaled reward over 1000 validation episodes after 57000 total training episodes: 0.112
2019-09-23 05:24:09,867 - INFO - Average scaled reward of the last 20 steps over 1000 validation episodes: 0.126
2019-09-23 05:24:09,867 - INFO - Training for 1000 episodes...
2019-09-23 05:43:16,919 - INFO - Training of 1000 finished with following result:
2019-09-23 05:43:16,919 - INFO - Average total reward over 1000 training episodes after 58000 total training episodes: 0.811
2019-09-23 05:43:16,919 - INFO - Average scaled reward over 1000 training episodes after 58000 total training episodes: 0.041
2019-09-23 05:43:16,920 - INFO - Total environmental steps in training mode up to now: 1684571
2019-09-23 05:43:16,920 - INFO - Saving the agent...
2019-09-23 05:43:18,797 - INFO - Validating for 1000 episodes...
2019-09-23 05:44:14,139 - INFO - Training of 1000 finished with following result:
2019-09-23 05:44:14,139 - INFO - Average total reward over 1000 validation episodes after 58000 total training episodes: 1.35
2019-09-23 05:44:14,139 - INFO - Average scaled reward over 1000 validation episodes after 58000 total training episodes: 0.112
2019-09-23 05:44:14,150 - INFO - Average scaled reward of the last 20 steps over 1000 validation episodes: 0.118
2019-09-23 05:44:14,150 - INFO - Training for 1000 episodes...
2019-09-23 06:03:13,252 - INFO - Training of 1000 finished with following result:
2019-09-23 06:03:13,252 - INFO - Average total reward over 1000 training episodes after 59000 total training episodes: 0.866
2019-09-23 06:03:13,252 - INFO - Average scaled reward over 1000 training episodes after 59000 total training episodes: 0.043
2019-09-23 06:03:13,252 - INFO - Total environmental steps in training mode up to now: 1712034
2019-09-23 06:03:13,252 - INFO - Saving the agent...
2019-09-23 06:03:15,127 - INFO - Validating for 1000 episodes...
2019-09-23 06:04:16,414 - INFO - Training of 1000 finished with following result:
2019-09-23 06:04:16,414 - INFO - Average total reward over 1000 validation episodes after 59000 total training episodes: 1.978
2019-09-23 06:04:16,414 - INFO - Average scaled reward over 1000 validation episodes after 59000 total training episodes: 0.137
2019-09-23 06:04:16,425 - INFO - Average scaled reward of the last 20 steps over 1000 validation episodes: 0.151
2019-09-23 06:04:16,425 - INFO - Training for 1000 episodes...
2019-09-23 06:23:04,944 - INFO - Training of 1000 finished with following result:
2019-09-23 06:23:04,945 - INFO - Average total reward over 1000 training episodes after 60000 total training episodes: 0.908
2019-09-23 06:23:04,945 - INFO - Average scaled reward over 1000 training episodes after 60000 total training episodes: 0.046
2019-09-23 06:23:04,945 - INFO - Total environmental steps in training mode up to now: 1739291
2019-09-23 06:23:04,945 - INFO - Saving the agent...
2019-09-23 06:23:06,825 - INFO - Validating for 1000 episodes...
2019-09-23 06:24:12,872 - INFO - Training of 1000 finished with following result:
2019-09-23 06:24:12,872 - INFO - Average total reward over 1000 validation episodes after 60000 total training episodes: 2.137
2019-09-23 06:24:12,872 - INFO - Average scaled reward over 1000 validation episodes after 60000 total training episodes: 0.135
2019-09-23 06:24:12,883 - INFO - Average scaled reward of the last 20 steps over 1000 validation episodes: 0.153
2019-09-23 06:24:12,883 - INFO - Training for 1000 episodes...
2019-09-23 06:42:59,404 - INFO - Training of 1000 finished with following result:
2019-09-23 06:42:59,404 - INFO - Average total reward over 1000 training episodes after 61000 total training episodes: 0.801
2019-09-23 06:42:59,404 - INFO - Average scaled reward over 1000 training episodes after 61000 total training episodes: 0.043
2019-09-23 06:42:59,404 - INFO - Total environmental steps in training mode up to now: 1766510
2019-09-23 06:42:59,404 - INFO - Saving the agent...
2019-09-23 06:43:01,244 - INFO - Validating for 1000 episodes...
2019-09-23 06:44:06,478 - INFO - Training of 1000 finished with following result:
2019-09-23 06:44:06,478 - INFO - Average total reward over 1000 validation episodes after 61000 total training episodes: 2.054
2019-09-23 06:44:06,478 - INFO - Average scaled reward over 1000 validation episodes after 61000 total training episodes: 0.128
2019-09-23 06:44:06,489 - INFO - Average scaled reward of the last 20 steps over 1000 validation episodes: 0.145
2019-09-23 06:44:06,489 - INFO - Training for 1000 episodes...
2019-09-23 07:03:23,783 - INFO - Training of 1000 finished with following result:
2019-09-23 07:03:23,783 - INFO - Average total reward over 1000 training episodes after 62000 total training episodes: 0.855
2019-09-23 07:03:23,783 - INFO - Average scaled reward over 1000 training episodes after 62000 total training episodes: 0.042
2019-09-23 07:03:23,783 - INFO - Total environmental steps in training mode up to now: 1794238
2019-09-23 07:03:23,783 - INFO - Saving the agent...
2019-09-23 07:03:25,658 - INFO - Validating for 1000 episodes...
2019-09-23 07:04:30,872 - INFO - Training of 1000 finished with following result:
2019-09-23 07:04:30,872 - INFO - Average total reward over 1000 validation episodes after 62000 total training episodes: 2.068
2019-09-23 07:04:30,872 - INFO - Average scaled reward over 1000 validation episodes after 62000 total training episodes: 0.126
2019-09-23 07:04:30,883 - INFO - Average scaled reward of the last 20 steps over 1000 validation episodes: 0.144
2019-09-23 07:04:30,883 - INFO - Training for 1000 episodes...
2019-09-23 07:23:34,245 - INFO - Training of 1000 finished with following result:
2019-09-23 07:23:34,245 - INFO - Average total reward over 1000 training episodes after 63000 total training episodes: 0.816
2019-09-23 07:23:34,245 - INFO - Average scaled reward over 1000 training episodes after 63000 total training episodes: 0.043
2019-09-23 07:23:34,245 - INFO - Total environmental steps in training mode up to now: 1821669
2019-09-23 07:23:34,245 - INFO - Saving the agent...
2019-09-23 07:23:36,090 - INFO - Validating for 1000 episodes...
2019-09-23 07:24:40,823 - INFO - Training of 1000 finished with following result:
2019-09-23 07:24:40,823 - INFO - Average total reward over 1000 validation episodes after 63000 total training episodes: 2.047
2019-09-23 07:24:40,823 - INFO - Average scaled reward over 1000 validation episodes after 63000 total training episodes: 0.124
2019-09-23 07:24:40,835 - INFO - Average scaled reward of the last 20 steps over 1000 validation episodes: 0.141
2019-09-23 07:24:40,835 - INFO - Training for 1000 episodes...
2019-09-23 07:43:32,544 - INFO - Training of 1000 finished with following result:
2019-09-23 07:43:32,544 - INFO - Average total reward over 1000 training episodes after 64000 total training episodes: 0.869
2019-09-23 07:43:32,544 - INFO - Average scaled reward over 1000 training episodes after 64000 total training episodes: 0.046
2019-09-23 07:43:32,544 - INFO - Total environmental steps in training mode up to now: 1848899
2019-09-23 07:43:32,544 - INFO - Saving the agent...
2019-09-23 07:43:35,701 - INFO - Validating for 1000 episodes...
2019-09-23 07:44:49,147 - INFO - Training of 1000 finished with following result:
2019-09-23 07:44:49,148 - INFO - Average total reward over 1000 validation episodes after 64000 total training episodes: 2.247
2019-09-23 07:44:49,148 - INFO - Average scaled reward over 1000 validation episodes after 64000 total training episodes: 0.127
2019-09-23 07:44:49,159 - INFO - Average scaled reward of the last 20 steps over 1000 validation episodes: 0.15
2019-09-23 07:44:49,159 - INFO - Training for 1000 episodes...
2019-09-23 08:03:45,553 - INFO - Training of 1000 finished with following result:
2019-09-23 08:03:45,553 - INFO - Average total reward over 1000 training episodes after 65000 total training episodes: 0.803
2019-09-23 08:03:45,554 - INFO - Average scaled reward over 1000 training episodes after 65000 total training episodes: 0.041
2019-09-23 08:03:45,554 - INFO - Total environmental steps in training mode up to now: 1876320
2019-09-23 08:03:45,554 - INFO - Saving the agent...
2019-09-23 08:03:47,404 - INFO - Validating for 1000 episodes...
2019-09-23 08:04:55,299 - INFO - Training of 1000 finished with following result:
2019-09-23 08:04:55,299 - INFO - Average total reward over 1000 validation episodes after 65000 total training episodes: 2.016
2019-09-23 08:04:55,299 - INFO - Average scaled reward over 1000 validation episodes after 65000 total training episodes: 0.12
2019-09-23 08:04:55,310 - INFO - Average scaled reward of the last 20 steps over 1000 validation episodes: 0.132
2019-09-23 08:04:55,311 - INFO - Training for 1000 episodes...
2019-09-23 08:23:59,631 - INFO - Training of 1000 finished with following result:
2019-09-23 08:23:59,631 - INFO - Average total reward over 1000 training episodes after 66000 total training episodes: 0.829
2019-09-23 08:23:59,632 - INFO - Average scaled reward over 1000 training episodes after 66000 total training episodes: 0.042
2019-09-23 08:23:59,632 - INFO - Total environmental steps in training mode up to now: 1903747
2019-09-23 08:23:59,632 - INFO - Saving the agent...
2019-09-23 08:24:01,500 - INFO - Validating for 1000 episodes...
2019-09-23 08:25:03,421 - INFO - Training of 1000 finished with following result:
2019-09-23 08:25:03,421 - INFO - Average total reward over 1000 validation episodes after 66000 total training episodes: 1.734
2019-09-23 08:25:03,421 - INFO - Average scaled reward over 1000 validation episodes after 66000 total training episodes: 0.123
2019-09-23 08:25:03,432 - INFO - Average scaled reward of the last 20 steps over 1000 validation episodes: 0.137
2019-09-23 08:25:03,433 - INFO - Training for 1000 episodes...
2019-09-23 08:43:53,932 - INFO - Training of 1000 finished with following result:
2019-09-23 08:43:53,932 - INFO - Average total reward over 1000 training episodes after 67000 total training episodes: 0.947
2019-09-23 08:43:53,933 - INFO - Average scaled reward over 1000 training episodes after 67000 total training episodes: 0.049
2019-09-23 08:43:53,933 - INFO - Total environmental steps in training mode up to now: 1930840
2019-09-23 08:43:53,933 - INFO - Saving the agent...
2019-09-23 08:43:55,790 - INFO - Validating for 1000 episodes...
2019-09-23 08:44:58,723 - INFO - Training of 1000 finished with following result:
2019-09-23 08:44:58,723 - INFO - Average total reward over 1000 validation episodes after 67000 total training episodes: 2.128
2019-09-23 08:44:58,723 - INFO - Average scaled reward over 1000 validation episodes after 67000 total training episodes: 0.13
2019-09-23 08:44:58,735 - INFO - Average scaled reward of the last 20 steps over 1000 validation episodes: 0.146
2019-09-23 08:44:58,735 - INFO - Training for 1000 episodes...
2019-09-23 09:03:47,721 - INFO - Training of 1000 finished with following result:
2019-09-23 09:03:47,721 - INFO - Average total reward over 1000 training episodes after 68000 total training episodes: 0.817
2019-09-23 09:03:47,721 - INFO - Average scaled reward over 1000 training episodes after 68000 total training episodes: 0.045
2019-09-23 09:03:47,721 - INFO - Total environmental steps in training mode up to now: 1957915
2019-09-23 09:03:47,721 - INFO - Saving the agent...
2019-09-23 09:03:49,528 - INFO - Validating for 1000 episodes...
2019-09-23 09:04:57,429 - INFO - Training of 1000 finished with following result:
2019-09-23 09:04:57,429 - INFO - Average total reward over 1000 validation episodes after 68000 total training episodes: 2.06
2019-09-23 09:04:57,429 - INFO - Average scaled reward over 1000 validation episodes after 68000 total training episodes: 0.122
2019-09-23 09:04:57,440 - INFO - Average scaled reward of the last 20 steps over 1000 validation episodes: 0.138
2019-09-23 09:04:57,440 - INFO - Training for 1000 episodes...
2019-09-23 09:24:02,138 - INFO - Training of 1000 finished with following result:
2019-09-23 09:24:02,138 - INFO - Average total reward over 1000 training episodes after 69000 total training episodes: 0.767
2019-09-23 09:24:02,138 - INFO - Average scaled reward over 1000 training episodes after 69000 total training episodes: 0.04
2019-09-23 09:24:02,138 - INFO - Total environmental steps in training mode up to now: 1985326
2019-09-23 09:24:02,138 - INFO - Saving the agent...
2019-09-23 09:24:04,016 - INFO - Validating for 1000 episodes...
2019-09-23 09:25:02,398 - INFO - Training of 1000 finished with following result:
2019-09-23 09:25:02,399 - INFO - Average total reward over 1000 validation episodes after 69000 total training episodes: 1.64
2019-09-23 09:25:02,399 - INFO - Average scaled reward over 1000 validation episodes after 69000 total training episodes: 0.119
2019-09-23 09:25:02,410 - INFO - Average scaled reward of the last 20 steps over 1000 validation episodes: 0.13
2019-09-23 09:25:02,410 - INFO - Training for 1000 episodes...
2019-09-23 09:43:52,350 - INFO - Training of 1000 finished with following result:
2019-09-23 09:43:52,350 - INFO - Average total reward over 1000 training episodes after 70000 total training episodes: 0.87
2019-09-23 09:43:52,350 - INFO - Average scaled reward over 1000 training episodes after 70000 total training episodes: 0.046
2019-09-23 09:43:52,350 - INFO - Total environmental steps in training mode up to now: 2012344
2019-09-23 09:43:52,350 - INFO - Saving the agent...
2019-09-23 09:43:54,239 - INFO - Validating for 1000 episodes...
2019-09-23 09:45:01,411 - INFO - Training of 1000 finished with following result:
2019-09-23 09:45:01,411 - INFO - Average total reward over 1000 validation episodes after 70000 total training episodes: 2.169
2019-09-23 09:45:01,411 - INFO - Average scaled reward over 1000 validation episodes after 70000 total training episodes: 0.128
2019-09-23 09:45:01,422 - INFO - Average scaled reward of the last 20 steps over 1000 validation episodes: 0.146
2019-09-23 09:45:01,422 - INFO - Training for 1000 episodes...
2019-09-23 10:03:59,335 - INFO - Training of 1000 finished with following result:
2019-09-23 10:03:59,335 - INFO - Average total reward over 1000 training episodes after 71000 total training episodes: 0.889
2019-09-23 10:03:59,335 - INFO - Average scaled reward over 1000 training episodes after 71000 total training episodes: 0.045
2019-09-23 10:03:59,335 - INFO - Total environmental steps in training mode up to now: 2039581
2019-09-23 10:03:59,335 - INFO - Saving the agent...
2019-09-23 10:04:01,147 - INFO - Validating for 1000 episodes...
2019-09-23 10:05:15,652 - INFO - Training of 1000 finished with following result:
2019-09-23 10:05:15,652 - INFO - Average total reward over 1000 validation episodes after 71000 total training episodes: 2.168
2019-09-23 10:05:15,652 - INFO - Average scaled reward over 1000 validation episodes after 71000 total training episodes: 0.121
2019-09-23 10:05:15,664 - INFO - Average scaled reward of the last 20 steps over 1000 validation episodes: 0.14
2019-09-23 10:05:15,664 - INFO - Training for 1000 episodes...
2019-09-23 10:24:01,723 - INFO - Training of 1000 finished with following result:
2019-09-23 10:24:01,723 - INFO - Average total reward over 1000 training episodes after 72000 total training episodes: 0.833
2019-09-23 10:24:01,723 - INFO - Average scaled reward over 1000 training episodes after 72000 total training episodes: 0.045
2019-09-23 10:24:01,723 - INFO - Total environmental steps in training mode up to now: 2066623
2019-09-23 10:24:01,723 - INFO - Saving the agent...
2019-09-23 10:24:03,642 - INFO - Validating for 1000 episodes...
2019-09-23 10:25:13,748 - INFO - Training of 1000 finished with following result:
2019-09-23 10:25:13,748 - INFO - Average total reward over 1000 validation episodes after 72000 total training episodes: 2.288
2019-09-23 10:25:13,748 - INFO - Average scaled reward over 1000 validation episodes after 72000 total training episodes: 0.132
2019-09-23 10:25:13,760 - INFO - Average scaled reward of the last 20 steps over 1000 validation episodes: 0.15
2019-09-23 10:25:13,760 - INFO - Training for 1000 episodes...
2019-09-23 10:44:11,467 - INFO - Training of 1000 finished with following result:
2019-09-23 10:44:11,467 - INFO - Average total reward over 1000 training episodes after 73000 total training episodes: 0.866
2019-09-23 10:44:11,467 - INFO - Average scaled reward over 1000 training episodes after 73000 total training episodes: 0.045
2019-09-23 10:44:11,467 - INFO - Total environmental steps in training mode up to now: 2093934
2019-09-23 10:44:11,467 - INFO - Saving the agent...
2019-09-23 10:44:13,543 - INFO - Validating for 1000 episodes...
2019-09-23 10:45:19,327 - INFO - Training of 1000 finished with following result:
2019-09-23 10:45:19,327 - INFO - Average total reward over 1000 validation episodes after 73000 total training episodes: 2.292
2019-09-23 10:45:19,327 - INFO - Average scaled reward over 1000 validation episodes after 73000 total training episodes: 0.131
2019-09-23 10:45:19,339 - INFO - Average scaled reward of the last 20 steps over 1000 validation episodes: 0.151
2019-09-23 10:45:19,339 - INFO - Training for 1000 episodes...
2019-09-23 11:04:23,602 - INFO - Training of 1000 finished with following result:
2019-09-23 11:04:23,602 - INFO - Average total reward over 1000 training episodes after 74000 total training episodes: 0.881
2019-09-23 11:04:23,602 - INFO - Average scaled reward over 1000 training episodes after 74000 total training episodes: 0.046
2019-09-23 11:04:23,602 - INFO - Total environmental steps in training mode up to now: 2121124
2019-09-23 11:04:23,602 - INFO - Saving the agent...
2019-09-23 11:04:25,447 - INFO - Validating for 1000 episodes...
2019-09-23 11:05:31,650 - INFO - Training of 1000 finished with following result:
2019-09-23 11:05:31,650 - INFO - Average total reward over 1000 validation episodes after 74000 total training episodes: 2.121
2019-09-23 11:05:31,650 - INFO - Average scaled reward over 1000 validation episodes after 74000 total training episodes: 0.129
2019-09-23 11:05:31,661 - INFO - Average scaled reward of the last 20 steps over 1000 validation episodes: 0.145
2019-09-23 11:05:31,661 - INFO - Training for 1000 episodes...
2019-09-23 11:24:56,660 - INFO - Training of 1000 finished with following result:
2019-09-23 11:24:56,660 - INFO - Average total reward over 1000 training episodes after 75000 total training episodes: 0.881
2019-09-23 11:24:56,660 - INFO - Average scaled reward over 1000 training episodes after 75000 total training episodes: 0.043
2019-09-23 11:24:56,660 - INFO - Total environmental steps in training mode up to now: 2148711
2019-09-23 11:24:56,660 - INFO - Saving the agent...
2019-09-23 11:24:58,459 - INFO - Validating for 1000 episodes...
2019-09-23 11:26:13,122 - INFO - Training of 1000 finished with following result:
2019-09-23 11:26:13,122 - INFO - Average total reward over 1000 validation episodes after 75000 total training episodes: 2.228
2019-09-23 11:26:13,122 - INFO - Average scaled reward over 1000 validation episodes after 75000 total training episodes: 0.128
2019-09-23 11:26:13,134 - INFO - Average scaled reward of the last 20 steps over 1000 validation episodes: 0.148
2019-09-23 11:26:13,134 - INFO - End of training
2019-09-23 11:26:13,134 - INFO - Cycle 1 - Testing for 100 episodes...
2019-09-23 11:26:19,972 - INFO - Average scaled reward of the last 20 steps over last test cycles 0.162
2019-09-23 11:26:19,972 - INFO - Testing of 100 finished with following result:
2019-09-23 11:26:19,972 - INFO - Average total reward over 100 test episodes: 2.225
2019-09-23 11:26:19,972 - INFO - Average scaled reward over 100 test episodes: 0.145
2019-09-23 11:26:19,972 - INFO - Cycle 2 - Testing for 100 episodes...
2019-09-23 11:26:27,314 - INFO - Average scaled reward of the last 20 steps over last test cycles 0.15
2019-09-23 11:26:27,314 - INFO - Testing of 100 finished with following result:
2019-09-23 11:26:27,314 - INFO - Average total reward over 100 test episodes: 2.264
2019-09-23 11:26:27,314 - INFO - Average scaled reward over 100 test episodes: 0.131
2019-09-23 11:26:27,314 - INFO - Cycle 3 - Testing for 100 episodes...
2019-09-23 11:26:34,726 - INFO - Average scaled reward of the last 20 steps over last test cycles 0.144
2019-09-23 11:26:34,726 - INFO - Testing of 100 finished with following result:
2019-09-23 11:26:34,726 - INFO - Average total reward over 100 test episodes: 2.336
2019-09-23 11:26:34,726 - INFO - Average scaled reward over 100 test episodes: 0.122
2019-09-23 11:26:34,727 - INFO - Cycle 4 - Testing for 100 episodes...
2019-09-23 11:26:41,696 - INFO - Average scaled reward of the last 20 steps over last test cycles 0.157
2019-09-23 11:26:41,696 - INFO - Testing of 100 finished with following result:
2019-09-23 11:26:41,696 - INFO - Average total reward over 100 test episodes: 2.485
2019-09-23 11:26:41,696 - INFO - Average scaled reward over 100 test episodes: 0.134
2019-09-23 11:26:41,696 - INFO - Cycle 5 - Testing for 100 episodes...
2019-09-23 11:26:49,437 - INFO - Average scaled reward of the last 20 steps over last test cycles 0.136
2019-09-23 11:26:49,438 - INFO - Testing of 100 finished with following result:
2019-09-23 11:26:49,438 - INFO - Average total reward over 100 test episodes: 2.088
2019-09-23 11:26:49,438 - INFO - Average scaled reward over 100 test episodes: 0.119
2019-09-23 11:26:49,438 - INFO - Cycle 6 - Testing for 100 episodes...
2019-09-23 11:26:56,026 - INFO - Average scaled reward of the last 20 steps over last test cycles 0.151
2019-09-23 11:26:56,027 - INFO - Testing of 100 finished with following result:
2019-09-23 11:26:56,027 - INFO - Average total reward over 100 test episodes: 2.181
2019-09-23 11:26:56,027 - INFO - Average scaled reward over 100 test episodes: 0.13
2019-09-23 11:26:56,027 - INFO - Cycle 7 - Testing for 100 episodes...
2019-09-23 11:27:03,354 - INFO - Average scaled reward of the last 20 steps over last test cycles 0.147
2019-09-23 11:27:03,354 - INFO - Testing of 100 finished with following result:
2019-09-23 11:27:03,354 - INFO - Average total reward over 100 test episodes: 2.234
2019-09-23 11:27:03,354 - INFO - Average scaled reward over 100 test episodes: 0.128
2019-09-23 11:27:03,354 - INFO - Cycle 8 - Testing for 100 episodes...
2019-09-23 11:27:10,472 - INFO - Average scaled reward of the last 20 steps over last test cycles 0.146
2019-09-23 11:27:10,472 - INFO - Testing of 100 finished with following result:
2019-09-23 11:27:10,472 - INFO - Average total reward over 100 test episodes: 2.39
2019-09-23 11:27:10,472 - INFO - Average scaled reward over 100 test episodes: 0.123
2019-09-23 11:27:10,472 - INFO - Cycle 9 - Testing for 100 episodes...
2019-09-23 11:27:17,475 - INFO - Average scaled reward of the last 20 steps over last test cycles 0.157
2019-09-23 11:27:17,475 - INFO - Testing of 100 finished with following result:
2019-09-23 11:27:17,475 - INFO - Average total reward over 100 test episodes: 2.279
2019-09-23 11:27:17,475 - INFO - Average scaled reward over 100 test episodes: 0.137
2019-09-23 11:27:17,475 - INFO - Cycle 10 - Testing for 100 episodes...
2019-09-23 11:27:24,508 - INFO - Average scaled reward of the last 20 steps over last test cycles 0.164
2019-09-23 11:27:24,508 - INFO - Testing of 100 finished with following result:
2019-09-23 11:27:24,508 - INFO - Average total reward over 100 test episodes: 2.476
2019-09-23 11:27:24,508 - INFO - Average scaled reward over 100 test episodes: 0.14
2019-09-23 11:27:24,509 - INFO - End of test
2019-09-23 11:27:24,509 - INFO - Average test total reward is 2.296 with 75000 training episodes
2019-09-23 11:27:24,509 - INFO - Average test scaled reward is 0.131 with 75000 training episodes
2019-09-23 11:27:24,509 - INFO - Max test total reward over 100 and 10 cycles is: 2.485
2019-09-23 11:27:24,509 - INFO - Max test scaled reward over 100 and 10 cycles is: 0.145
2019-09-23 11:27:24,509 - INFO - Saving plots...
2019-09-23 11:27:37,765 - INFO - Plots saved successfully
2019-09-23 11:27:37,765 - INFO - Saving RNG experiment specific plots...
2019-09-23 11:27:47,702 - INFO - RNG experiment specific plots saved successfully
2019-09-23 11:27:47,702 - INFO - The experiment terminated successfully
