2019-10-05 09:50:46,301 - INFO - Data:

Vanilla Policy Gradient with GAE buffer
Three dense layer with 4096 neurons each using xavier initialization
Learning rate policy: 0.0003
Learning rate advantage: 0.0001
Discount factor: 0.99
Value steps per update: 10
Lambda parameter: 0.95
Updates per training volley: 2
Success threshold: 0.35 average total reward on the validation set episodes
Episodic: yes
Episode length: 100
Max allowed steps for episode: 100
Seed states range [0, 0]
Acceptance value: none

2019-10-05 09:50:46,301 - INFO - Setup of experiment experiment_2...
2019-10-05 09:50:46,301 - INFO - Environment setup...
2019-10-05 09:50:46,301 - INFO - Environment setup is successful!
2019-10-05 09:50:46,301 - INFO - Agent setup...
2019-10-05 09:50:46,302 - INFO - Setup of agent vpg_agent with scope experiment_2...
2019-10-05 09:50:46,316 - INFO - A Tensorboard summary for the agent will be updated during training of its internal model
2019-10-05 09:50:46,316 - INFO - Tensorboard summary path: ./experiments/rng_discrete_binary_vpg_e_s10_r127-128_ss_2019-10-05/experiment/2/summary
2019-10-05 09:50:46,317 - INFO - Generating model model with scope experiment_2/vpg_agent...
2019-10-05 09:50:46,317 - INFO - Model generation successful
2019-10-05 09:50:46,972 - INFO - Agent setup is successful!
2019-10-05 09:50:46,984 - INFO - Agent internal model will be saved after each train volley
2019-10-05 09:50:46,984 - INFO - Agent internal model metagraph save path: ./experiments/rng_discrete_binary_vpg_e_s10_r127-128_ss_2019-10-05/experiment/2/metagraph
2019-10-05 09:50:46,984 - INFO - Tensorflow configuration is successful!
2019-10-05 09:50:46,985 - INFO - Experiment setup is successful. Now can conduct the experiment
2019-10-05 09:50:46,985 - INFO - Conducting experiment experiment_2...
2019-10-05 09:50:50,366 - INFO - Model initialized to default state
2019-10-05 09:50:50,366 - INFO - Training for 100 episodes...
2019-10-05 09:51:33,090 - INFO - Training of 100 finished with following result:
2019-10-05 09:51:33,091 - INFO - Average total reward over 100 training episodes after 100 total training episodes: 0.212
2019-10-05 09:51:33,091 - INFO - Average scaled reward over 100 training episodes after 100 total training episodes: 0.002
2019-10-05 09:51:33,091 - INFO - Total environmental steps in training mode up to now: 10000
2019-10-05 09:51:33,091 - INFO - Saving the agent...
2019-10-05 09:51:33,703 - INFO - Validating for 100 episodes...
2019-10-05 09:52:13,897 - INFO - Training of 100 finished with following result:
2019-10-05 09:52:13,897 - INFO - Average total reward over 100 validation episodes after 100 total training episodes: 0.231
2019-10-05 09:52:13,897 - INFO - Average scaled reward over 100 validation episodes after 100 total training episodes: 0.002
2019-10-05 09:52:13,897 - INFO - Training for 100 episodes...
2019-10-05 09:52:59,302 - INFO - Training of 100 finished with following result:
2019-10-05 09:52:59,302 - INFO - Average total reward over 100 training episodes after 200 total training episodes: 0.225
2019-10-05 09:52:59,302 - INFO - Average scaled reward over 100 training episodes after 200 total training episodes: 0.002
2019-10-05 09:52:59,302 - INFO - Total environmental steps in training mode up to now: 20000
2019-10-05 09:52:59,302 - INFO - Saving the agent...
2019-10-05 09:53:01,467 - INFO - Validating for 100 episodes...
2019-10-05 09:53:42,327 - INFO - Training of 100 finished with following result:
2019-10-05 09:53:42,328 - INFO - Average total reward over 100 validation episodes after 200 total training episodes: 0.22
2019-10-05 09:53:42,328 - INFO - Average scaled reward over 100 validation episodes after 200 total training episodes: 0.002
2019-10-05 09:53:42,328 - INFO - Training for 100 episodes...
2019-10-05 09:54:27,675 - INFO - Training of 100 finished with following result:
2019-10-05 09:54:27,676 - INFO - Average total reward over 100 training episodes after 300 total training episodes: 0.246
2019-10-05 09:54:27,676 - INFO - Average scaled reward over 100 training episodes after 300 total training episodes: 0.002
2019-10-05 09:54:27,676 - INFO - Total environmental steps in training mode up to now: 30000
2019-10-05 09:54:27,676 - INFO - Saving the agent...
2019-10-05 09:54:30,138 - INFO - Validating for 100 episodes...
2019-10-05 09:55:12,713 - INFO - Training of 100 finished with following result:
2019-10-05 09:55:12,713 - INFO - Average total reward over 100 validation episodes after 300 total training episodes: 0.251
2019-10-05 09:55:12,714 - INFO - Average scaled reward over 100 validation episodes after 300 total training episodes: 0.003
2019-10-05 09:55:12,714 - INFO - Training for 100 episodes...
2019-10-05 09:55:57,660 - INFO - Training of 100 finished with following result:
2019-10-05 09:55:57,660 - INFO - Average total reward over 100 training episodes after 400 total training episodes: 0.26
2019-10-05 09:55:57,660 - INFO - Average scaled reward over 100 training episodes after 400 total training episodes: 0.003
2019-10-05 09:55:57,660 - INFO - Total environmental steps in training mode up to now: 40000
2019-10-05 09:55:57,660 - INFO - Saving the agent...
2019-10-05 09:55:59,934 - INFO - Validating for 100 episodes...
2019-10-05 09:56:38,624 - INFO - Training of 100 finished with following result:
2019-10-05 09:56:38,624 - INFO - Average total reward over 100 validation episodes after 400 total training episodes: 0.273
2019-10-05 09:56:38,624 - INFO - Average scaled reward over 100 validation episodes after 400 total training episodes: 0.003
2019-10-05 09:56:38,624 - INFO - Training for 100 episodes...
2019-10-05 09:57:22,008 - INFO - Training of 100 finished with following result:
2019-10-05 09:57:22,009 - INFO - Average total reward over 100 training episodes after 500 total training episodes: 0.279
2019-10-05 09:57:22,009 - INFO - Average scaled reward over 100 training episodes after 500 total training episodes: 0.003
2019-10-05 09:57:22,009 - INFO - Total environmental steps in training mode up to now: 50000
2019-10-05 09:57:22,009 - INFO - Saving the agent...
2019-10-05 09:57:24,461 - INFO - Validating for 100 episodes...
2019-10-05 09:58:06,554 - INFO - Training of 100 finished with following result:
2019-10-05 09:58:06,572 - INFO - Average total reward over 100 validation episodes after 500 total training episodes: 0.266
2019-10-05 09:58:06,573 - INFO - Average scaled reward over 100 validation episodes after 500 total training episodes: 0.003
2019-10-05 09:58:06,573 - INFO - Training for 100 episodes...
2019-10-05 09:58:49,562 - INFO - Training of 100 finished with following result:
2019-10-05 09:58:49,570 - INFO - Average total reward over 100 training episodes after 600 total training episodes: 0.255
2019-10-05 09:58:49,570 - INFO - Average scaled reward over 100 training episodes after 600 total training episodes: 0.003
2019-10-05 09:58:49,570 - INFO - Total environmental steps in training mode up to now: 60000
2019-10-05 09:58:49,570 - INFO - Saving the agent...
2019-10-05 09:58:51,984 - INFO - Validating for 100 episodes...
2019-10-05 09:59:34,065 - INFO - Training of 100 finished with following result:
2019-10-05 09:59:34,065 - INFO - Average total reward over 100 validation episodes after 600 total training episodes: 0.278
2019-10-05 09:59:34,065 - INFO - Average scaled reward over 100 validation episodes after 600 total training episodes: 0.003
2019-10-05 09:59:34,065 - INFO - Training for 100 episodes...
2019-10-05 10:00:18,107 - INFO - Training of 100 finished with following result:
2019-10-05 10:00:18,107 - INFO - Average total reward over 100 training episodes after 700 total training episodes: 0.268
2019-10-05 10:00:18,108 - INFO - Average scaled reward over 100 training episodes after 700 total training episodes: 0.003
2019-10-05 10:00:18,108 - INFO - Total environmental steps in training mode up to now: 70000
2019-10-05 10:00:18,108 - INFO - Saving the agent...
2019-10-05 10:00:20,377 - INFO - Validating for 100 episodes...
2019-10-05 10:01:00,035 - INFO - Training of 100 finished with following result:
2019-10-05 10:01:00,052 - INFO - Average total reward over 100 validation episodes after 700 total training episodes: 0.292
2019-10-05 10:01:00,052 - INFO - Average scaled reward over 100 validation episodes after 700 total training episodes: 0.003
2019-10-05 10:01:00,052 - INFO - Training for 100 episodes...
2019-10-05 10:01:41,006 - INFO - Training of 100 finished with following result:
2019-10-05 10:01:41,006 - INFO - Average total reward over 100 training episodes after 800 total training episodes: 0.304
2019-10-05 10:01:41,006 - INFO - Average scaled reward over 100 training episodes after 800 total training episodes: 0.003
2019-10-05 10:01:41,006 - INFO - Total environmental steps in training mode up to now: 80000
2019-10-05 10:01:41,006 - INFO - Saving the agent...
2019-10-05 10:01:43,405 - INFO - Validating for 100 episodes...
2019-10-05 10:02:28,351 - INFO - Training of 100 finished with following result:
2019-10-05 10:02:28,351 - INFO - Average total reward over 100 validation episodes after 800 total training episodes: 0.31
2019-10-05 10:02:28,351 - INFO - Average scaled reward over 100 validation episodes after 800 total training episodes: 0.003
2019-10-05 10:02:28,351 - INFO - Training for 100 episodes...
2019-10-05 10:03:12,913 - INFO - Training of 100 finished with following result:
2019-10-05 10:03:12,913 - INFO - Average total reward over 100 training episodes after 900 total training episodes: 0.333
2019-10-05 10:03:12,914 - INFO - Average scaled reward over 100 training episodes after 900 total training episodes: 0.003
2019-10-05 10:03:12,914 - INFO - Total environmental steps in training mode up to now: 90000
2019-10-05 10:03:12,914 - INFO - Saving the agent...
2019-10-05 10:03:15,690 - INFO - Validating for 100 episodes...
2019-10-05 10:03:57,377 - INFO - Training of 100 finished with following result:
2019-10-05 10:03:57,377 - INFO - Average total reward over 100 validation episodes after 900 total training episodes: 0.306
2019-10-05 10:03:57,377 - INFO - Average scaled reward over 100 validation episodes after 900 total training episodes: 0.003
2019-10-05 10:03:57,377 - INFO - Training for 100 episodes...
2019-10-05 10:04:40,188 - INFO - Training of 100 finished with following result:
2019-10-05 10:04:40,188 - INFO - Average total reward over 100 training episodes after 1000 total training episodes: 0.31
2019-10-05 10:04:40,188 - INFO - Average scaled reward over 100 training episodes after 1000 total training episodes: 0.003
2019-10-05 10:04:40,188 - INFO - Total environmental steps in training mode up to now: 100000
2019-10-05 10:04:40,188 - INFO - Saving the agent...
2019-10-05 10:04:42,618 - INFO - Validating for 100 episodes...
2019-10-05 10:05:24,452 - INFO - Training of 100 finished with following result:
2019-10-05 10:05:24,453 - INFO - Average total reward over 100 validation episodes after 1000 total training episodes: 0.327
2019-10-05 10:05:24,453 - INFO - Average scaled reward over 100 validation episodes after 1000 total training episodes: 0.003
2019-10-05 10:05:24,453 - INFO - Training for 100 episodes...
2019-10-05 10:06:10,209 - INFO - Training of 100 finished with following result:
2019-10-05 10:06:10,209 - INFO - Average total reward over 100 training episodes after 1100 total training episodes: 0.335
2019-10-05 10:06:10,210 - INFO - Average scaled reward over 100 training episodes after 1100 total training episodes: 0.003
2019-10-05 10:06:10,210 - INFO - Total environmental steps in training mode up to now: 110000
2019-10-05 10:06:10,210 - INFO - Saving the agent...
2019-10-05 10:06:12,498 - INFO - Validating for 100 episodes...
2019-10-05 10:06:55,008 - INFO - Training of 100 finished with following result:
2019-10-05 10:06:55,009 - INFO - Average total reward over 100 validation episodes after 1100 total training episodes: 0.336
2019-10-05 10:06:55,009 - INFO - Average scaled reward over 100 validation episodes after 1100 total training episodes: 0.003
2019-10-05 10:06:55,009 - INFO - Training for 100 episodes...
2019-10-05 10:07:38,721 - INFO - Training of 100 finished with following result:
2019-10-05 10:07:38,722 - INFO - Average total reward over 100 training episodes after 1200 total training episodes: 0.322
2019-10-05 10:07:38,722 - INFO - Average scaled reward over 100 training episodes after 1200 total training episodes: 0.003
2019-10-05 10:07:38,722 - INFO - Total environmental steps in training mode up to now: 120000
2019-10-05 10:07:38,722 - INFO - Saving the agent...
2019-10-05 10:07:41,052 - INFO - Validating for 100 episodes...
2019-10-05 10:08:24,223 - INFO - Training of 100 finished with following result:
2019-10-05 10:08:24,223 - INFO - Average total reward over 100 validation episodes after 1200 total training episodes: 0.322
2019-10-05 10:08:24,223 - INFO - Average scaled reward over 100 validation episodes after 1200 total training episodes: 0.003
2019-10-05 10:08:24,223 - INFO - Training for 100 episodes...
2019-10-05 10:09:06,992 - INFO - Training of 100 finished with following result:
2019-10-05 10:09:06,992 - INFO - Average total reward over 100 training episodes after 1300 total training episodes: 0.336
2019-10-05 10:09:06,992 - INFO - Average scaled reward over 100 training episodes after 1300 total training episodes: 0.003
2019-10-05 10:09:06,992 - INFO - Total environmental steps in training mode up to now: 130000
2019-10-05 10:09:06,992 - INFO - Saving the agent...
2019-10-05 10:09:09,384 - INFO - Validating for 100 episodes...
2019-10-05 10:09:50,408 - INFO - Training of 100 finished with following result:
2019-10-05 10:09:50,409 - INFO - Average total reward over 100 validation episodes after 1300 total training episodes: 0.334
2019-10-05 10:09:50,409 - INFO - Average scaled reward over 100 validation episodes after 1300 total training episodes: 0.003
2019-10-05 10:09:50,409 - INFO - Training for 100 episodes...
2019-10-05 10:10:36,363 - INFO - Training of 100 finished with following result:
2019-10-05 10:10:36,364 - INFO - Average total reward over 100 training episodes after 1400 total training episodes: 0.343
2019-10-05 10:10:36,364 - INFO - Average scaled reward over 100 training episodes after 1400 total training episodes: 0.003
2019-10-05 10:10:36,364 - INFO - Total environmental steps in training mode up to now: 140000
2019-10-05 10:10:36,364 - INFO - Saving the agent...
2019-10-05 10:10:38,668 - INFO - Validating for 100 episodes...
2019-10-05 10:11:20,891 - INFO - Training of 100 finished with following result:
2019-10-05 10:11:20,891 - INFO - Average total reward over 100 validation episodes after 1400 total training episodes: 0.328
2019-10-05 10:11:20,891 - INFO - Average scaled reward over 100 validation episodes after 1400 total training episodes: 0.003
2019-10-05 10:11:20,891 - INFO - Training for 100 episodes...
2019-10-05 10:12:04,257 - INFO - Training of 100 finished with following result:
2019-10-05 10:12:04,257 - INFO - Average total reward over 100 training episodes after 1500 total training episodes: 0.333
2019-10-05 10:12:04,257 - INFO - Average scaled reward over 100 training episodes after 1500 total training episodes: 0.003
2019-10-05 10:12:04,257 - INFO - Total environmental steps in training mode up to now: 150000
2019-10-05 10:12:04,257 - INFO - Saving the agent...
2019-10-05 10:12:06,728 - INFO - Validating for 100 episodes...
2019-10-05 10:12:48,512 - INFO - Training of 100 finished with following result:
2019-10-05 10:12:48,512 - INFO - Average total reward over 100 validation episodes after 1500 total training episodes: 0.354
2019-10-05 10:12:48,512 - INFO - Average scaled reward over 100 validation episodes after 1500 total training episodes: 0.004
2019-10-05 10:12:48,512 - INFO - Validation of the agent is successful
2019-10-05 10:12:48,512 - INFO - End of training
2019-10-05 10:12:48,512 - INFO - Cycle 1 - Testing for 100 episodes...
2019-10-05 10:13:30,322 - INFO - Testing of 100 finished with following result:
2019-10-05 10:13:30,322 - INFO - Average total reward over 100 test episodes: 0.38
2019-10-05 10:13:30,322 - INFO - Average scaled reward over 100 test episodes: 0.004
2019-10-05 10:13:30,322 - INFO - Cycle 2 - Testing for 100 episodes...
2019-10-05 10:14:09,883 - INFO - Testing of 100 finished with following result:
2019-10-05 10:14:09,884 - INFO - Average total reward over 100 test episodes: 0.346
2019-10-05 10:14:09,884 - INFO - Average scaled reward over 100 test episodes: 0.003
2019-10-05 10:14:09,884 - INFO - Cycle 3 - Testing for 100 episodes...
2019-10-05 10:14:52,453 - INFO - Testing of 100 finished with following result:
2019-10-05 10:14:52,453 - INFO - Average total reward over 100 test episodes: 0.345
2019-10-05 10:14:52,453 - INFO - Average scaled reward over 100 test episodes: 0.003
2019-10-05 10:14:52,453 - INFO - Cycle 4 - Testing for 100 episodes...
2019-10-05 10:15:28,987 - INFO - Testing of 100 finished with following result:
2019-10-05 10:15:28,988 - INFO - Average total reward over 100 test episodes: 0.363
2019-10-05 10:15:29,002 - INFO - Average scaled reward over 100 test episodes: 0.004
2019-10-05 10:15:29,002 - INFO - Cycle 5 - Testing for 100 episodes...
2019-10-05 10:16:07,193 - INFO - Testing of 100 finished with following result:
2019-10-05 10:16:07,194 - INFO - Average total reward over 100 test episodes: 0.367
2019-10-05 10:16:07,194 - INFO - Average scaled reward over 100 test episodes: 0.004
2019-10-05 10:16:07,194 - INFO - Cycle 6 - Testing for 100 episodes...
2019-10-05 10:16:47,122 - INFO - Testing of 100 finished with following result:
2019-10-05 10:16:47,123 - INFO - Average total reward over 100 test episodes: 0.338
2019-10-05 10:16:47,128 - INFO - Average scaled reward over 100 test episodes: 0.003
2019-10-05 10:16:47,128 - INFO - Cycle 7 - Testing for 100 episodes...
2019-10-05 10:17:23,722 - INFO - Testing of 100 finished with following result:
2019-10-05 10:17:23,723 - INFO - Average total reward over 100 test episodes: 0.361
2019-10-05 10:17:23,723 - INFO - Average scaled reward over 100 test episodes: 0.004
2019-10-05 10:17:23,723 - INFO - Cycle 8 - Testing for 100 episodes...
2019-10-05 10:18:02,801 - INFO - Testing of 100 finished with following result:
2019-10-05 10:18:02,801 - INFO - Average total reward over 100 test episodes: 0.367
2019-10-05 10:18:02,801 - INFO - Average scaled reward over 100 test episodes: 0.004
2019-10-05 10:18:02,801 - INFO - Cycle 9 - Testing for 100 episodes...
2019-10-05 10:18:44,603 - INFO - Testing of 100 finished with following result:
2019-10-05 10:18:44,603 - INFO - Average total reward over 100 test episodes: 0.399
2019-10-05 10:18:44,603 - INFO - Average scaled reward over 100 test episodes: 0.004
2019-10-05 10:18:44,603 - INFO - Cycle 10 - Testing for 100 episodes...
2019-10-05 10:19:26,111 - INFO - Testing of 100 finished with following result:
2019-10-05 10:19:26,111 - INFO - Average total reward over 100 test episodes: 0.335
2019-10-05 10:19:26,111 - INFO - Average scaled reward over 100 test episodes: 0.003
2019-10-05 10:19:26,111 - INFO - End of test
2019-10-05 10:19:26,112 - INFO - Average test total reward is 0.36 with 1500 training episodes
2019-10-05 10:19:26,112 - INFO - Average test scaled reward is 0.004 with 1500 training episodes
2019-10-05 10:19:26,112 - INFO - Max test total reward over 100 and 10 cycles is: 0.399
2019-10-05 10:19:26,112 - INFO - Max test scaled reward over 100 and 10 cycles is: 0.004
2019-10-05 10:19:26,112 - INFO - Saving plots...
2019-10-05 10:19:29,524 - INFO - Plots saved successfully
2019-10-05 10:19:29,524 - INFO - The experiment terminated successfully
