2019-10-23 17:41:58,893 - INFO - Data:

Proximal Policy Optimization with GAE buffer and early stopping
Three dense layer with 4096 neurons each using xavier initialization
Learning rate policy: 0.0003
Learning rate advantage: 0.001
Discount factor: 0.99
Value steps per update: 80
Policy steps per update: 80
Lambda parameter: 0.97
Clip ratio: 0.2
Target KL divergence: 0.01
Updates per training volley: 10
Success threshold: 0.35 average total reward on the validation set episodes
Episodic: yes
Episode length: 100
Max allowed steps for episode: 100
Seed states range [0, 0]
Acceptance value: none
Threshold value: 0.2

2019-10-23 17:41:58,893 - INFO - Setup of experiment experiment_1...
2019-10-23 17:41:58,893 - INFO - Environment setup...
2019-10-23 17:41:58,893 - INFO - Environment setup is successful!
2019-10-23 17:41:58,893 - INFO - Agent setup...
2019-10-23 17:41:58,893 - INFO - Setup of agent ppo_agent with scope experiment_1...
2019-10-23 17:41:58,894 - INFO - A Tensorboard summary for the agent will be updated during training of its internal model
2019-10-23 17:41:58,894 - INFO - Tensorboard summary path: ./experiments/rng_discrete_binary_ppo_e_s25_r127-128_ss_th_2019-10-23/experiment/1/summary
2019-10-23 17:41:58,894 - INFO - Generating model model with scope experiment_1/ppo_agent...
2019-10-23 17:41:58,894 - INFO - Model generation successful
2019-10-23 17:41:59,189 - INFO - Agent setup is successful!
2019-10-23 17:41:59,197 - INFO - Agent internal model will be saved after each train volley
2019-10-23 17:41:59,198 - INFO - Agent internal model metagraph save path: ./experiments/rng_discrete_binary_ppo_e_s25_r127-128_ss_th_2019-10-23/experiment/1/metagraph
2019-10-23 17:41:59,198 - INFO - Tensorflow configuration is successful!
2019-10-23 17:41:59,198 - INFO - Experiment setup is successful. Now can conduct the experiment
2019-10-23 17:41:59,198 - INFO - Conducting experiment experiment_1...
2019-10-23 17:42:01,648 - INFO - Model initialized to default state
2019-10-23 17:42:01,649 - INFO - Training for 1000 episodes...
2019-10-23 17:52:13,476 - INFO - Training of 1000 finished with following result:
2019-10-23 17:52:13,476 - INFO - Average total reward over 1000 training episodes after 1000 total training episodes: 0.002
2019-10-23 17:52:13,476 - INFO - Average scaled reward over 1000 training episodes after 1000 total training episodes: 0.0
2019-10-23 17:52:13,476 - INFO - Total environmental steps in training mode up to now: 100000
2019-10-23 17:52:13,476 - INFO - Saving the agent...
2019-10-23 17:52:13,713 - INFO - Validating for 1000 episodes...
2019-10-23 17:59:48,654 - INFO - Training of 1000 finished with following result:
2019-10-23 17:59:48,654 - INFO - Average total reward over 1000 validation episodes after 1000 total training episodes: 0.003
2019-10-23 17:59:48,654 - INFO - Average scaled reward over 1000 validation episodes after 1000 total training episodes: 0.0
2019-10-23 17:59:48,654 - INFO - Training for 1000 episodes...
2019-10-23 18:10:20,327 - INFO - Training of 1000 finished with following result:
2019-10-23 18:10:20,327 - INFO - Average total reward over 1000 training episodes after 2000 total training episodes: 0.006
2019-10-23 18:10:20,327 - INFO - Average scaled reward over 1000 training episodes after 2000 total training episodes: 0.0
2019-10-23 18:10:20,327 - INFO - Total environmental steps in training mode up to now: 200000
2019-10-23 18:10:20,327 - INFO - Saving the agent...
2019-10-23 18:10:22,188 - INFO - Validating for 1000 episodes...
2019-10-23 18:17:46,631 - INFO - Training of 1000 finished with following result:
2019-10-23 18:17:46,631 - INFO - Average total reward over 1000 validation episodes after 2000 total training episodes: 0.005
2019-10-23 18:17:46,631 - INFO - Average scaled reward over 1000 validation episodes after 2000 total training episodes: 0.0
2019-10-23 18:17:46,631 - INFO - Training for 1000 episodes...
2019-10-23 18:28:19,063 - INFO - Training of 1000 finished with following result:
2019-10-23 18:28:19,063 - INFO - Average total reward over 1000 training episodes after 3000 total training episodes: 0.002
2019-10-23 18:28:19,063 - INFO - Average scaled reward over 1000 training episodes after 3000 total training episodes: 0.0
2019-10-23 18:28:19,063 - INFO - Total environmental steps in training mode up to now: 300000
2019-10-23 18:28:19,063 - INFO - Saving the agent...
2019-10-23 18:28:20,891 - INFO - Validating for 1000 episodes...
2019-10-23 18:35:50,528 - INFO - Training of 1000 finished with following result:
2019-10-23 18:35:50,528 - INFO - Average total reward over 1000 validation episodes after 3000 total training episodes: 0.003
2019-10-23 18:35:50,528 - INFO - Average scaled reward over 1000 validation episodes after 3000 total training episodes: 0.0
2019-10-23 18:35:50,528 - INFO - Training for 1000 episodes...
2019-10-23 18:46:15,467 - INFO - Training of 1000 finished with following result:
2019-10-23 18:46:15,467 - INFO - Average total reward over 1000 training episodes after 4000 total training episodes: 0.001
2019-10-23 18:46:15,467 - INFO - Average scaled reward over 1000 training episodes after 4000 total training episodes: 0.0
2019-10-23 18:46:15,467 - INFO - Total environmental steps in training mode up to now: 400000
2019-10-23 18:46:15,467 - INFO - Saving the agent...
2019-10-23 18:46:17,315 - INFO - Validating for 1000 episodes...
2019-10-23 18:53:49,436 - INFO - Training of 1000 finished with following result:
2019-10-23 18:53:49,436 - INFO - Average total reward over 1000 validation episodes after 4000 total training episodes: 0.004
2019-10-23 18:53:49,436 - INFO - Average scaled reward over 1000 validation episodes after 4000 total training episodes: 0.0
2019-10-23 18:53:49,436 - INFO - Training for 1000 episodes...
2019-10-23 19:04:21,281 - INFO - Training of 1000 finished with following result:
2019-10-23 19:04:21,281 - INFO - Average total reward over 1000 training episodes after 5000 total training episodes: 0.004
2019-10-23 19:04:21,281 - INFO - Average scaled reward over 1000 training episodes after 5000 total training episodes: 0.0
2019-10-23 19:04:21,281 - INFO - Total environmental steps in training mode up to now: 500000
2019-10-23 19:04:21,281 - INFO - Saving the agent...
2019-10-23 19:04:23,113 - INFO - Validating for 1000 episodes...
2019-10-23 19:11:51,567 - INFO - Training of 1000 finished with following result:
2019-10-23 19:11:51,568 - INFO - Average total reward over 1000 validation episodes after 5000 total training episodes: 0.006
2019-10-23 19:11:51,568 - INFO - Average scaled reward over 1000 validation episodes after 5000 total training episodes: 0.0
2019-10-23 19:11:51,568 - INFO - Training for 1000 episodes...
2019-10-23 19:22:24,682 - INFO - Training of 1000 finished with following result:
2019-10-23 19:22:24,682 - INFO - Average total reward over 1000 training episodes after 6000 total training episodes: 0.004
2019-10-23 19:22:24,682 - INFO - Average scaled reward over 1000 training episodes after 6000 total training episodes: 0.0
2019-10-23 19:22:24,682 - INFO - Total environmental steps in training mode up to now: 600000
2019-10-23 19:22:24,682 - INFO - Saving the agent...
2019-10-23 19:22:26,519 - INFO - Validating for 1000 episodes...
2019-10-23 19:30:00,739 - INFO - Training of 1000 finished with following result:
2019-10-23 19:30:00,739 - INFO - Average total reward over 1000 validation episodes after 6000 total training episodes: 0.004
2019-10-23 19:30:00,739 - INFO - Average scaled reward over 1000 validation episodes after 6000 total training episodes: 0.0
2019-10-23 19:30:00,739 - INFO - Training for 1000 episodes...
2019-10-23 19:40:50,279 - INFO - Training of 1000 finished with following result:
2019-10-23 19:40:50,279 - INFO - Average total reward over 1000 training episodes after 7000 total training episodes: 0.001
2019-10-23 19:40:50,279 - INFO - Average scaled reward over 1000 training episodes after 7000 total training episodes: 0.0
2019-10-23 19:40:50,279 - INFO - Total environmental steps in training mode up to now: 700000
2019-10-23 19:40:50,279 - INFO - Saving the agent...
2019-10-23 19:40:52,115 - INFO - Validating for 1000 episodes...
2019-10-23 19:48:21,172 - INFO - Training of 1000 finished with following result:
2019-10-23 19:48:21,172 - INFO - Average total reward over 1000 validation episodes after 7000 total training episodes: 0.003
2019-10-23 19:48:21,172 - INFO - Average scaled reward over 1000 validation episodes after 7000 total training episodes: 0.0
2019-10-23 19:48:21,172 - INFO - Training for 1000 episodes...
2019-10-23 19:58:55,522 - INFO - Training of 1000 finished with following result:
2019-10-23 19:58:55,522 - INFO - Average total reward over 1000 training episodes after 8000 total training episodes: 0.003
2019-10-23 19:58:55,523 - INFO - Average scaled reward over 1000 training episodes after 8000 total training episodes: 0.0
2019-10-23 19:58:55,523 - INFO - Total environmental steps in training mode up to now: 800000
2019-10-23 19:58:55,523 - INFO - Saving the agent...
2019-10-23 19:58:57,365 - INFO - Validating for 1000 episodes...
2019-10-23 20:06:18,479 - INFO - Training of 1000 finished with following result:
2019-10-23 20:06:18,479 - INFO - Average total reward over 1000 validation episodes after 8000 total training episodes: 0.003
2019-10-23 20:06:18,479 - INFO - Average scaled reward over 1000 validation episodes after 8000 total training episodes: 0.0
2019-10-23 20:06:18,480 - INFO - Training for 1000 episodes...
2019-10-23 20:16:47,459 - INFO - Training of 1000 finished with following result:
2019-10-23 20:16:47,459 - INFO - Average total reward over 1000 training episodes after 9000 total training episodes: 0.003
2019-10-23 20:16:47,459 - INFO - Average scaled reward over 1000 training episodes after 9000 total training episodes: 0.0
2019-10-23 20:16:47,459 - INFO - Total environmental steps in training mode up to now: 900000
2019-10-23 20:16:47,459 - INFO - Saving the agent...
2019-10-23 20:16:49,288 - INFO - Validating for 1000 episodes...
2019-10-23 20:24:17,742 - INFO - Training of 1000 finished with following result:
2019-10-23 20:24:17,742 - INFO - Average total reward over 1000 validation episodes after 9000 total training episodes: 0.004
2019-10-23 20:24:17,742 - INFO - Average scaled reward over 1000 validation episodes after 9000 total training episodes: 0.0
2019-10-23 20:24:17,742 - INFO - Training for 1000 episodes...
2019-10-23 20:35:41,431 - INFO - Training of 1000 finished with following result:
2019-10-23 20:35:41,431 - INFO - Average total reward over 1000 training episodes after 10000 total training episodes: 0.002
2019-10-23 20:35:41,431 - INFO - Average scaled reward over 1000 training episodes after 10000 total training episodes: 0.0
2019-10-23 20:35:41,431 - INFO - Total environmental steps in training mode up to now: 1000000
2019-10-23 20:35:41,431 - INFO - Saving the agent...
2019-10-23 20:35:43,253 - INFO - Validating for 1000 episodes...
2019-10-23 20:43:18,723 - INFO - Training of 1000 finished with following result:
2019-10-23 20:43:18,723 - INFO - Average total reward over 1000 validation episodes after 10000 total training episodes: 0.002
2019-10-23 20:43:18,723 - INFO - Average scaled reward over 1000 validation episodes after 10000 total training episodes: 0.0
2019-10-23 20:43:18,723 - INFO - Training for 1000 episodes...
2019-10-23 20:55:24,274 - INFO - Training of 1000 finished with following result:
2019-10-23 20:55:24,275 - INFO - Average total reward over 1000 training episodes after 11000 total training episodes: 0.003
2019-10-23 20:55:24,275 - INFO - Average scaled reward over 1000 training episodes after 11000 total training episodes: 0.0
2019-10-23 20:55:24,275 - INFO - Total environmental steps in training mode up to now: 1100000
2019-10-23 20:55:24,275 - INFO - Saving the agent...
2019-10-23 20:55:26,121 - INFO - Validating for 1000 episodes...
2019-10-23 21:02:58,133 - INFO - Training of 1000 finished with following result:
2019-10-23 21:02:58,133 - INFO - Average total reward over 1000 validation episodes after 11000 total training episodes: 0.002
2019-10-23 21:02:58,133 - INFO - Average scaled reward over 1000 validation episodes after 11000 total training episodes: 0.0
2019-10-23 21:02:58,133 - INFO - Training for 1000 episodes...
2019-10-23 21:14:45,594 - INFO - Training of 1000 finished with following result:
2019-10-23 21:14:45,594 - INFO - Average total reward over 1000 training episodes after 12000 total training episodes: 0.002
2019-10-23 21:14:45,594 - INFO - Average scaled reward over 1000 training episodes after 12000 total training episodes: 0.0
2019-10-23 21:14:45,594 - INFO - Total environmental steps in training mode up to now: 1200000
2019-10-23 21:14:45,594 - INFO - Saving the agent...
2019-10-23 21:14:47,418 - INFO - Validating for 1000 episodes...
2019-10-23 21:22:20,094 - INFO - Training of 1000 finished with following result:
2019-10-23 21:22:20,094 - INFO - Average total reward over 1000 validation episodes after 12000 total training episodes: 0.002
2019-10-23 21:22:20,094 - INFO - Average scaled reward over 1000 validation episodes after 12000 total training episodes: 0.0
2019-10-23 21:22:20,094 - INFO - Training for 1000 episodes...
2019-10-23 21:33:29,532 - INFO - Training of 1000 finished with following result:
2019-10-23 21:33:29,532 - INFO - Average total reward over 1000 training episodes after 13000 total training episodes: 0.002
2019-10-23 21:33:29,532 - INFO - Average scaled reward over 1000 training episodes after 13000 total training episodes: 0.0
2019-10-23 21:33:29,532 - INFO - Total environmental steps in training mode up to now: 1300000
2019-10-23 21:33:29,532 - INFO - Saving the agent...
2019-10-23 21:33:31,378 - INFO - Validating for 1000 episodes...
2019-10-23 21:41:10,725 - INFO - Training of 1000 finished with following result:
2019-10-23 21:41:10,725 - INFO - Average total reward over 1000 validation episodes after 13000 total training episodes: 0.002
2019-10-23 21:41:10,725 - INFO - Average scaled reward over 1000 validation episodes after 13000 total training episodes: 0.0
2019-10-23 21:41:10,725 - INFO - Training for 1000 episodes...
2019-10-23 21:52:07,618 - INFO - Training of 1000 finished with following result:
2019-10-23 21:52:07,618 - INFO - Average total reward over 1000 training episodes after 14000 total training episodes: 0.003
2019-10-23 21:52:07,618 - INFO - Average scaled reward over 1000 training episodes after 14000 total training episodes: 0.0
2019-10-23 21:52:07,618 - INFO - Total environmental steps in training mode up to now: 1400000
2019-10-23 21:52:07,618 - INFO - Saving the agent...
2019-10-23 21:52:09,461 - INFO - Validating for 1000 episodes...
2019-10-23 21:59:41,590 - INFO - Training of 1000 finished with following result:
2019-10-23 21:59:41,590 - INFO - Average total reward over 1000 validation episodes after 14000 total training episodes: 0.002
2019-10-23 21:59:41,590 - INFO - Average scaled reward over 1000 validation episodes after 14000 total training episodes: 0.0
2019-10-23 21:59:41,590 - INFO - Training for 1000 episodes...
2019-10-23 22:13:16,840 - INFO - Training of 1000 finished with following result:
2019-10-23 22:13:16,840 - INFO - Average total reward over 1000 training episodes after 15000 total training episodes: 0.001
2019-10-23 22:13:16,840 - INFO - Average scaled reward over 1000 training episodes after 15000 total training episodes: 0.0
2019-10-23 22:13:16,840 - INFO - Total environmental steps in training mode up to now: 1500000
2019-10-23 22:13:16,840 - INFO - Saving the agent...
2019-10-23 22:13:18,695 - INFO - Validating for 1000 episodes...
2019-10-23 22:20:59,978 - INFO - Training of 1000 finished with following result:
2019-10-23 22:20:59,978 - INFO - Average total reward over 1000 validation episodes after 15000 total training episodes: 0.001
2019-10-23 22:20:59,978 - INFO - Average scaled reward over 1000 validation episodes after 15000 total training episodes: 0.0
2019-10-23 22:20:59,978 - INFO - Training for 1000 episodes...
2019-10-23 22:34:29,425 - INFO - Training of 1000 finished with following result:
2019-10-23 22:34:29,426 - INFO - Average total reward over 1000 training episodes after 16000 total training episodes: 0.001
2019-10-23 22:34:29,426 - INFO - Average scaled reward over 1000 training episodes after 16000 total training episodes: 0.0
2019-10-23 22:34:29,426 - INFO - Total environmental steps in training mode up to now: 1600000
2019-10-23 22:34:29,426 - INFO - Saving the agent...
2019-10-23 22:34:31,283 - INFO - Validating for 1000 episodes...
2019-10-23 22:42:09,026 - INFO - Training of 1000 finished with following result:
2019-10-23 22:42:09,027 - INFO - Average total reward over 1000 validation episodes after 16000 total training episodes: 0.002
2019-10-23 22:42:09,027 - INFO - Average scaled reward over 1000 validation episodes after 16000 total training episodes: 0.0
2019-10-23 22:42:09,027 - INFO - Training for 1000 episodes...
2019-10-23 22:55:34,316 - INFO - Training of 1000 finished with following result:
2019-10-23 22:55:34,316 - INFO - Average total reward over 1000 training episodes after 17000 total training episodes: 0.001
2019-10-23 22:55:34,316 - INFO - Average scaled reward over 1000 training episodes after 17000 total training episodes: 0.0
2019-10-23 22:55:34,316 - INFO - Total environmental steps in training mode up to now: 1700000
2019-10-23 22:55:34,316 - INFO - Saving the agent...
2019-10-23 22:55:36,139 - INFO - Validating for 1000 episodes...
2019-10-23 23:03:05,284 - INFO - Training of 1000 finished with following result:
2019-10-23 23:03:05,284 - INFO - Average total reward over 1000 validation episodes after 17000 total training episodes: 0.001
2019-10-23 23:03:05,284 - INFO - Average scaled reward over 1000 validation episodes after 17000 total training episodes: 0.0
2019-10-23 23:03:05,284 - INFO - Training for 1000 episodes...
2019-10-23 23:16:16,552 - INFO - Training of 1000 finished with following result:
2019-10-23 23:16:16,552 - INFO - Average total reward over 1000 training episodes after 18000 total training episodes: 0.001
2019-10-23 23:16:16,552 - INFO - Average scaled reward over 1000 training episodes after 18000 total training episodes: 0.0
2019-10-23 23:16:16,552 - INFO - Total environmental steps in training mode up to now: 1800000
2019-10-23 23:16:16,552 - INFO - Saving the agent...
2019-10-23 23:16:18,365 - INFO - Validating for 1000 episodes...
2019-10-23 23:23:52,255 - INFO - Training of 1000 finished with following result:
2019-10-23 23:23:52,255 - INFO - Average total reward over 1000 validation episodes after 18000 total training episodes: 0.002
2019-10-23 23:23:52,255 - INFO - Average scaled reward over 1000 validation episodes after 18000 total training episodes: 0.0
2019-10-23 23:23:52,255 - INFO - Training for 1000 episodes...
2019-10-23 23:36:48,125 - INFO - Training of 1000 finished with following result:
2019-10-23 23:36:48,125 - INFO - Average total reward over 1000 training episodes after 19000 total training episodes: 0.001
2019-10-23 23:36:48,125 - INFO - Average scaled reward over 1000 training episodes after 19000 total training episodes: 0.0
2019-10-23 23:36:48,126 - INFO - Total environmental steps in training mode up to now: 1900000
2019-10-23 23:36:48,126 - INFO - Saving the agent...
2019-10-23 23:36:50,002 - INFO - Validating for 1000 episodes...
2019-10-23 23:44:23,826 - INFO - Training of 1000 finished with following result:
2019-10-23 23:44:23,827 - INFO - Average total reward over 1000 validation episodes after 19000 total training episodes: 0.001
2019-10-23 23:44:23,827 - INFO - Average scaled reward over 1000 validation episodes after 19000 total training episodes: 0.0
2019-10-23 23:44:23,827 - INFO - Training for 1000 episodes...
2019-10-23 23:57:54,912 - INFO - Training of 1000 finished with following result:
2019-10-23 23:57:54,912 - INFO - Average total reward over 1000 training episodes after 20000 total training episodes: 0.001
2019-10-23 23:57:54,912 - INFO - Average scaled reward over 1000 training episodes after 20000 total training episodes: 0.0
2019-10-23 23:57:54,912 - INFO - Total environmental steps in training mode up to now: 2000000
2019-10-23 23:57:54,912 - INFO - Saving the agent...
2019-10-23 23:57:56,747 - INFO - Validating for 1000 episodes...
2019-10-24 00:05:30,308 - INFO - Training of 1000 finished with following result:
2019-10-24 00:05:30,309 - INFO - Average total reward over 1000 validation episodes after 20000 total training episodes: 0.001
2019-10-24 00:05:30,309 - INFO - Average scaled reward over 1000 validation episodes after 20000 total training episodes: 0.0
2019-10-24 00:05:30,309 - INFO - Training for 1000 episodes...
2019-10-24 00:18:55,159 - INFO - Training of 1000 finished with following result:
2019-10-24 00:18:55,159 - INFO - Average total reward over 1000 training episodes after 21000 total training episodes: 0.0
2019-10-24 00:18:55,159 - INFO - Average scaled reward over 1000 training episodes after 21000 total training episodes: 0.0
2019-10-24 00:18:55,159 - INFO - Total environmental steps in training mode up to now: 2100000
2019-10-24 00:18:55,159 - INFO - Saving the agent...
2019-10-24 00:18:57,034 - INFO - Validating for 1000 episodes...
2019-10-24 00:26:28,023 - INFO - Training of 1000 finished with following result:
2019-10-24 00:26:28,023 - INFO - Average total reward over 1000 validation episodes after 21000 total training episodes: 0.0
2019-10-24 00:26:28,023 - INFO - Average scaled reward over 1000 validation episodes after 21000 total training episodes: 0.0
2019-10-24 00:26:28,023 - INFO - Training for 1000 episodes...
2019-10-24 00:39:50,699 - INFO - Training of 1000 finished with following result:
2019-10-24 00:39:50,699 - INFO - Average total reward over 1000 training episodes after 22000 total training episodes: 0.001
2019-10-24 00:39:50,699 - INFO - Average scaled reward over 1000 training episodes after 22000 total training episodes: 0.0
2019-10-24 00:39:50,699 - INFO - Total environmental steps in training mode up to now: 2200000
2019-10-24 00:39:50,699 - INFO - Saving the agent...
2019-10-24 00:39:52,571 - INFO - Validating for 1000 episodes...
2019-10-24 00:47:27,266 - INFO - Training of 1000 finished with following result:
2019-10-24 00:47:27,266 - INFO - Average total reward over 1000 validation episodes after 22000 total training episodes: 0.001
2019-10-24 00:47:27,266 - INFO - Average scaled reward over 1000 validation episodes after 22000 total training episodes: 0.0
2019-10-24 00:47:27,266 - INFO - Training for 1000 episodes...
2019-10-24 01:00:58,821 - INFO - Training of 1000 finished with following result:
2019-10-24 01:00:58,822 - INFO - Average total reward over 1000 training episodes after 23000 total training episodes: 0.0
2019-10-24 01:00:58,822 - INFO - Average scaled reward over 1000 training episodes after 23000 total training episodes: 0.0
2019-10-24 01:00:58,822 - INFO - Total environmental steps in training mode up to now: 2300000
2019-10-24 01:00:58,822 - INFO - Saving the agent...
2019-10-24 01:01:00,667 - INFO - Validating for 1000 episodes...
2019-10-24 01:08:31,259 - INFO - Training of 1000 finished with following result:
2019-10-24 01:08:31,259 - INFO - Average total reward over 1000 validation episodes after 23000 total training episodes: 0.001
2019-10-24 01:08:31,259 - INFO - Average scaled reward over 1000 validation episodes after 23000 total training episodes: 0.0
2019-10-24 01:08:31,259 - INFO - Training for 1000 episodes...
2019-10-24 01:21:30,681 - INFO - Training of 1000 finished with following result:
2019-10-24 01:21:30,681 - INFO - Average total reward over 1000 training episodes after 24000 total training episodes: 0.001
2019-10-24 01:21:30,681 - INFO - Average scaled reward over 1000 training episodes after 24000 total training episodes: 0.0
2019-10-24 01:21:30,681 - INFO - Total environmental steps in training mode up to now: 2400000
2019-10-24 01:21:30,681 - INFO - Saving the agent...
2019-10-24 01:21:32,534 - INFO - Validating for 1000 episodes...
2019-10-24 01:29:13,406 - INFO - Training of 1000 finished with following result:
2019-10-24 01:29:13,406 - INFO - Average total reward over 1000 validation episodes after 24000 total training episodes: 0.001
2019-10-24 01:29:13,406 - INFO - Average scaled reward over 1000 validation episodes after 24000 total training episodes: 0.0
2019-10-24 01:29:13,406 - INFO - Training for 1000 episodes...
2019-10-24 01:42:38,026 - INFO - Training of 1000 finished with following result:
2019-10-24 01:42:38,026 - INFO - Average total reward over 1000 training episodes after 25000 total training episodes: 0.0
2019-10-24 01:42:38,026 - INFO - Average scaled reward over 1000 training episodes after 25000 total training episodes: 0.0
2019-10-24 01:42:38,026 - INFO - Total environmental steps in training mode up to now: 2500000
2019-10-24 01:42:38,026 - INFO - Saving the agent...
2019-10-24 01:42:39,901 - INFO - Validating for 1000 episodes...
2019-10-24 01:50:10,563 - INFO - Training of 1000 finished with following result:
2019-10-24 01:50:10,563 - INFO - Average total reward over 1000 validation episodes after 25000 total training episodes: 0.0
2019-10-24 01:50:10,563 - INFO - Average scaled reward over 1000 validation episodes after 25000 total training episodes: 0.0
2019-10-24 01:50:10,563 - INFO - End of training
2019-10-24 01:50:10,563 - INFO - Cycle 1 - Testing for 100 episodes...
2019-10-24 01:50:55,470 - INFO - Testing of 100 finished with following result:
2019-10-24 01:50:55,470 - INFO - Average total reward over 100 test episodes: 0.0
2019-10-24 01:50:55,470 - INFO - Average scaled reward over 100 test episodes: 0.0
2019-10-24 01:50:55,470 - INFO - Cycle 2 - Testing for 100 episodes...
2019-10-24 01:51:40,867 - INFO - Testing of 100 finished with following result:
2019-10-24 01:51:40,868 - INFO - Average total reward over 100 test episodes: 0.002
2019-10-24 01:51:40,868 - INFO - Average scaled reward over 100 test episodes: 0.0
2019-10-24 01:51:40,868 - INFO - Cycle 3 - Testing for 100 episodes...
2019-10-24 01:52:26,179 - INFO - Testing of 100 finished with following result:
2019-10-24 01:52:26,179 - INFO - Average total reward over 100 test episodes: 0.0
2019-10-24 01:52:26,179 - INFO - Average scaled reward over 100 test episodes: 0.0
2019-10-24 01:52:26,179 - INFO - Cycle 4 - Testing for 100 episodes...
2019-10-24 01:53:11,385 - INFO - Testing of 100 finished with following result:
2019-10-24 01:53:11,385 - INFO - Average total reward over 100 test episodes: 0.0
2019-10-24 01:53:11,385 - INFO - Average scaled reward over 100 test episodes: 0.0
2019-10-24 01:53:11,385 - INFO - Cycle 5 - Testing for 100 episodes...
2019-10-24 01:53:56,849 - INFO - Testing of 100 finished with following result:
2019-10-24 01:53:56,849 - INFO - Average total reward over 100 test episodes: 0.002
2019-10-24 01:53:56,850 - INFO - Average scaled reward over 100 test episodes: 0.0
2019-10-24 01:53:56,850 - INFO - Cycle 6 - Testing for 100 episodes...
2019-10-24 01:54:42,655 - INFO - Testing of 100 finished with following result:
2019-10-24 01:54:42,655 - INFO - Average total reward over 100 test episodes: 0.0
2019-10-24 01:54:42,655 - INFO - Average scaled reward over 100 test episodes: 0.0
2019-10-24 01:54:42,655 - INFO - Cycle 7 - Testing for 100 episodes...
2019-10-24 01:55:27,332 - INFO - Testing of 100 finished with following result:
2019-10-24 01:55:27,332 - INFO - Average total reward over 100 test episodes: 0.0
2019-10-24 01:55:27,332 - INFO - Average scaled reward over 100 test episodes: 0.0
2019-10-24 01:55:27,332 - INFO - Cycle 8 - Testing for 100 episodes...
2019-10-24 01:56:12,473 - INFO - Testing of 100 finished with following result:
2019-10-24 01:56:12,473 - INFO - Average total reward over 100 test episodes: 0.002
2019-10-24 01:56:12,473 - INFO - Average scaled reward over 100 test episodes: 0.0
2019-10-24 01:56:12,473 - INFO - Cycle 9 - Testing for 100 episodes...
2019-10-24 01:56:58,729 - INFO - Testing of 100 finished with following result:
2019-10-24 01:56:58,729 - INFO - Average total reward over 100 test episodes: 0.0
2019-10-24 01:56:58,729 - INFO - Average scaled reward over 100 test episodes: 0.0
2019-10-24 01:56:58,729 - INFO - Cycle 10 - Testing for 100 episodes...
2019-10-24 01:57:43,721 - INFO - Testing of 100 finished with following result:
2019-10-24 01:57:43,721 - INFO - Average total reward over 100 test episodes: 0.0
2019-10-24 01:57:43,721 - INFO - Average scaled reward over 100 test episodes: 0.0
2019-10-24 01:57:43,721 - INFO - End of test
2019-10-24 01:57:43,721 - INFO - Average test total reward is 0.001 with 25000 training episodes
2019-10-24 01:57:43,721 - INFO - Average test scaled reward is 0.0 with 25000 training episodes
2019-10-24 01:57:43,721 - INFO - Max test total reward over 100 and 10 cycles is: 0.002
2019-10-24 01:57:43,721 - INFO - Max test scaled reward over 100 and 10 cycles is: 0.0
2019-10-24 01:57:43,721 - INFO - Saving plots...
2019-10-24 01:57:46,095 - INFO - Plots saved successfully
2019-10-24 01:57:46,095 - INFO - The experiment terminated successfully
