2019-10-15 10:15:40,557 - INFO - Data:

Proximal Policy Optimization with GAE buffer and early stopping
Three dense layer with 4096 neurons each using xavier initialization
Learning rate policy: 0.0003
Learning rate advantage: 0.001
Discount factor: 0.99
Value steps per update: 80
Policy steps per update: 80
Lambda parameter: 0.97
Clip ratio: 0.2
Target KL divergence: 0.01
Updates per training volley: 10
Success threshold: 0.35 average total reward on the validation set episodes
Episodic: yes
Episode length: 100
Max allowed steps for episode: 100
Seed states range [0, 0]
Acceptance value: none
Threshold value: none

2019-10-15 10:15:40,557 - INFO - Setup of experiment experiment_0...
2019-10-15 10:15:40,557 - INFO - Environment setup...
2019-10-15 10:15:40,557 - INFO - Environment setup is successful!
2019-10-15 10:15:40,557 - INFO - Agent setup...
2019-10-15 10:15:40,558 - INFO - Setup of agent ppo_agent with scope experiment_0...
2019-10-15 10:15:40,559 - INFO - A Tensorboard summary for the agent will be updated during training of its internal model
2019-10-15 10:15:40,559 - INFO - Tensorboard summary path: ./experiments/rng_discrete_binary_ppo_e_s25_r127-128_ss_2019-10-15/experiment/0/summary
2019-10-15 10:15:40,559 - INFO - Generating model model with scope experiment_0/ppo_agent...
2019-10-15 10:15:40,559 - INFO - Model generation successful
2019-10-15 10:15:40,870 - INFO - Agent setup is successful!
2019-10-15 10:15:40,879 - INFO - Agent internal model will be saved after each train volley
2019-10-15 10:15:40,879 - INFO - Agent internal model metagraph save path: ./experiments/rng_discrete_binary_ppo_e_s25_r127-128_ss_2019-10-15/experiment/0/metagraph
2019-10-15 10:15:40,879 - INFO - Tensorflow configuration is successful!
2019-10-15 10:15:40,879 - INFO - Experiment setup is successful. Now can conduct the experiment
2019-10-15 10:15:40,883 - INFO - Conducting experiment experiment_0...
2019-10-15 10:15:43,820 - INFO - Model initialized to default state
2019-10-15 10:15:43,820 - INFO - Training for 1000 episodes...
2019-10-15 10:26:06,052 - INFO - Training of 1000 finished with following result:
2019-10-15 10:26:06,052 - INFO - Average total reward over 1000 training episodes after 1000 total training episodes: 0.069
2019-10-15 10:26:06,052 - INFO - Average scaled reward over 1000 training episodes after 1000 total training episodes: 0.001
2019-10-15 10:26:06,052 - INFO - Total environmental steps in training mode up to now: 100000
2019-10-15 10:26:06,052 - INFO - Saving the agent...
2019-10-15 10:26:06,432 - INFO - Validating for 1000 episodes...
2019-10-15 10:33:51,524 - INFO - Training of 1000 finished with following result:
2019-10-15 10:33:51,524 - INFO - Average total reward over 1000 validation episodes after 1000 total training episodes: 0.08
2019-10-15 10:33:51,524 - INFO - Average scaled reward over 1000 validation episodes after 1000 total training episodes: 0.001
2019-10-15 10:33:51,524 - INFO - Training for 1000 episodes...
2019-10-15 10:44:37,845 - INFO - Training of 1000 finished with following result:
2019-10-15 10:44:37,846 - INFO - Average total reward over 1000 training episodes after 2000 total training episodes: 0.081
2019-10-15 10:44:37,846 - INFO - Average scaled reward over 1000 training episodes after 2000 total training episodes: 0.001
2019-10-15 10:44:37,846 - INFO - Total environmental steps in training mode up to now: 200000
2019-10-15 10:44:37,846 - INFO - Saving the agent...
2019-10-15 10:44:41,352 - INFO - Validating for 1000 episodes...
2019-10-15 10:52:31,501 - INFO - Training of 1000 finished with following result:
2019-10-15 10:52:31,501 - INFO - Average total reward over 1000 validation episodes after 2000 total training episodes: 0.083
2019-10-15 10:52:31,501 - INFO - Average scaled reward over 1000 validation episodes after 2000 total training episodes: 0.001
2019-10-15 10:52:31,501 - INFO - Training for 1000 episodes...
2019-10-15 11:03:07,911 - INFO - Training of 1000 finished with following result:
2019-10-15 11:03:07,911 - INFO - Average total reward over 1000 training episodes after 3000 total training episodes: 0.084
2019-10-15 11:03:07,911 - INFO - Average scaled reward over 1000 training episodes after 3000 total training episodes: 0.001
2019-10-15 11:03:07,911 - INFO - Total environmental steps in training mode up to now: 300000
2019-10-15 11:03:07,911 - INFO - Saving the agent...
2019-10-15 11:03:10,695 - INFO - Validating for 1000 episodes...
2019-10-15 11:10:59,636 - INFO - Training of 1000 finished with following result:
2019-10-15 11:10:59,636 - INFO - Average total reward over 1000 validation episodes after 3000 total training episodes: 0.086
2019-10-15 11:10:59,636 - INFO - Average scaled reward over 1000 validation episodes after 3000 total training episodes: 0.001
2019-10-15 11:10:59,636 - INFO - Training for 1000 episodes...
2019-10-15 11:21:40,171 - INFO - Training of 1000 finished with following result:
2019-10-15 11:21:40,171 - INFO - Average total reward over 1000 training episodes after 4000 total training episodes: 0.09
2019-10-15 11:21:40,171 - INFO - Average scaled reward over 1000 training episodes after 4000 total training episodes: 0.001
2019-10-15 11:21:40,171 - INFO - Total environmental steps in training mode up to now: 400000
2019-10-15 11:21:40,171 - INFO - Saving the agent...
2019-10-15 11:21:44,090 - INFO - Validating for 1000 episodes...
2019-10-15 11:29:34,080 - INFO - Training of 1000 finished with following result:
2019-10-15 11:29:34,080 - INFO - Average total reward over 1000 validation episodes after 4000 total training episodes: 0.089
2019-10-15 11:29:34,080 - INFO - Average scaled reward over 1000 validation episodes after 4000 total training episodes: 0.001
2019-10-15 11:29:34,080 - INFO - Training for 1000 episodes...
2019-10-15 11:40:24,901 - INFO - Training of 1000 finished with following result:
2019-10-15 11:40:24,902 - INFO - Average total reward over 1000 training episodes after 5000 total training episodes: 0.09
2019-10-15 11:40:24,902 - INFO - Average scaled reward over 1000 training episodes after 5000 total training episodes: 0.001
2019-10-15 11:40:24,902 - INFO - Total environmental steps in training mode up to now: 500000
2019-10-15 11:40:24,902 - INFO - Saving the agent...
2019-10-15 11:40:27,503 - INFO - Validating for 1000 episodes...
2019-10-15 11:48:21,047 - INFO - Training of 1000 finished with following result:
2019-10-15 11:48:21,047 - INFO - Average total reward over 1000 validation episodes after 5000 total training episodes: 0.094
2019-10-15 11:48:21,047 - INFO - Average scaled reward over 1000 validation episodes after 5000 total training episodes: 0.001
2019-10-15 11:48:21,047 - INFO - Training for 1000 episodes...
2019-10-15 11:59:09,440 - INFO - Training of 1000 finished with following result:
2019-10-15 11:59:09,441 - INFO - Average total reward over 1000 training episodes after 6000 total training episodes: 0.104
2019-10-15 11:59:09,441 - INFO - Average scaled reward over 1000 training episodes after 6000 total training episodes: 0.001
2019-10-15 11:59:09,441 - INFO - Total environmental steps in training mode up to now: 600000
2019-10-15 11:59:09,441 - INFO - Saving the agent...
2019-10-15 11:59:13,220 - INFO - Validating for 1000 episodes...
2019-10-15 12:07:05,910 - INFO - Training of 1000 finished with following result:
2019-10-15 12:07:05,910 - INFO - Average total reward over 1000 validation episodes after 6000 total training episodes: 0.11
2019-10-15 12:07:05,910 - INFO - Average scaled reward over 1000 validation episodes after 6000 total training episodes: 0.001
2019-10-15 12:07:05,910 - INFO - Training for 1000 episodes...
2019-10-15 12:17:52,730 - INFO - Training of 1000 finished with following result:
2019-10-15 12:17:52,731 - INFO - Average total reward over 1000 training episodes after 7000 total training episodes: 0.113
2019-10-15 12:17:52,731 - INFO - Average scaled reward over 1000 training episodes after 7000 total training episodes: 0.001
2019-10-15 12:17:52,731 - INFO - Total environmental steps in training mode up to now: 700000
2019-10-15 12:17:52,731 - INFO - Saving the agent...
2019-10-15 12:17:56,309 - INFO - Validating for 1000 episodes...
2019-10-15 12:25:47,664 - INFO - Training of 1000 finished with following result:
2019-10-15 12:25:47,664 - INFO - Average total reward over 1000 validation episodes after 7000 total training episodes: 0.122
2019-10-15 12:25:47,664 - INFO - Average scaled reward over 1000 validation episodes after 7000 total training episodes: 0.001
2019-10-15 12:25:47,664 - INFO - Training for 1000 episodes...
2019-10-15 12:36:31,715 - INFO - Training of 1000 finished with following result:
2019-10-15 12:36:31,716 - INFO - Average total reward over 1000 training episodes after 8000 total training episodes: 0.115
2019-10-15 12:36:31,716 - INFO - Average scaled reward over 1000 training episodes after 8000 total training episodes: 0.001
2019-10-15 12:36:31,716 - INFO - Total environmental steps in training mode up to now: 800000
2019-10-15 12:36:31,716 - INFO - Saving the agent...
2019-10-15 12:36:34,720 - INFO - Validating for 1000 episodes...
2019-10-15 12:44:25,094 - INFO - Training of 1000 finished with following result:
2019-10-15 12:44:25,095 - INFO - Average total reward over 1000 validation episodes after 8000 total training episodes: 0.124
2019-10-15 12:44:25,095 - INFO - Average scaled reward over 1000 validation episodes after 8000 total training episodes: 0.001
2019-10-15 12:44:25,095 - INFO - Training for 1000 episodes...
2019-10-15 12:55:06,094 - INFO - Training of 1000 finished with following result:
2019-10-15 12:55:06,094 - INFO - Average total reward over 1000 training episodes after 9000 total training episodes: 0.123
2019-10-15 12:55:06,094 - INFO - Average scaled reward over 1000 training episodes after 9000 total training episodes: 0.001
2019-10-15 12:55:06,094 - INFO - Total environmental steps in training mode up to now: 900000
2019-10-15 12:55:06,094 - INFO - Saving the agent...
2019-10-15 12:55:09,404 - INFO - Validating for 1000 episodes...
2019-10-15 13:02:53,577 - INFO - Training of 1000 finished with following result:
2019-10-15 13:02:53,577 - INFO - Average total reward over 1000 validation episodes after 9000 total training episodes: 0.12
2019-10-15 13:02:53,577 - INFO - Average scaled reward over 1000 validation episodes after 9000 total training episodes: 0.001
2019-10-15 13:02:53,577 - INFO - Training for 1000 episodes...
2019-10-15 13:13:37,547 - INFO - Training of 1000 finished with following result:
2019-10-15 13:13:37,547 - INFO - Average total reward over 1000 training episodes after 10000 total training episodes: 0.117
2019-10-15 13:13:37,548 - INFO - Average scaled reward over 1000 training episodes after 10000 total training episodes: 0.001
2019-10-15 13:13:37,548 - INFO - Total environmental steps in training mode up to now: 1000000
2019-10-15 13:13:37,548 - INFO - Saving the agent...
2019-10-15 13:13:40,186 - INFO - Validating for 1000 episodes...
2019-10-15 13:21:53,178 - INFO - Training of 1000 finished with following result:
2019-10-15 13:21:53,178 - INFO - Average total reward over 1000 validation episodes after 10000 total training episodes: 0.126
2019-10-15 13:21:53,178 - INFO - Average scaled reward over 1000 validation episodes after 10000 total training episodes: 0.001
2019-10-15 13:21:53,178 - INFO - Training for 1000 episodes...
2019-10-15 13:34:20,405 - INFO - Training of 1000 finished with following result:
2019-10-15 13:34:20,406 - INFO - Average total reward over 1000 training episodes after 11000 total training episodes: 0.129
2019-10-15 13:34:20,406 - INFO - Average scaled reward over 1000 training episodes after 11000 total training episodes: 0.001
2019-10-15 13:34:20,406 - INFO - Total environmental steps in training mode up to now: 1100000
2019-10-15 13:34:20,406 - INFO - Saving the agent...
2019-10-15 13:34:23,586 - INFO - Validating for 1000 episodes...
2019-10-15 13:42:19,069 - INFO - Training of 1000 finished with following result:
2019-10-15 13:42:19,069 - INFO - Average total reward over 1000 validation episodes after 11000 total training episodes: 0.127
2019-10-15 13:42:19,069 - INFO - Average scaled reward over 1000 validation episodes after 11000 total training episodes: 0.001
2019-10-15 13:42:19,069 - INFO - Training for 1000 episodes...
2019-10-15 13:53:05,712 - INFO - Training of 1000 finished with following result:
2019-10-15 13:53:05,712 - INFO - Average total reward over 1000 training episodes after 12000 total training episodes: 0.134
2019-10-15 13:53:05,712 - INFO - Average scaled reward over 1000 training episodes after 12000 total training episodes: 0.001
2019-10-15 13:53:05,712 - INFO - Total environmental steps in training mode up to now: 1200000
2019-10-15 13:53:05,712 - INFO - Saving the agent...
2019-10-15 13:53:08,602 - INFO - Validating for 1000 episodes...
2019-10-15 14:01:05,329 - INFO - Training of 1000 finished with following result:
2019-10-15 14:01:05,329 - INFO - Average total reward over 1000 validation episodes after 12000 total training episodes: 0.132
2019-10-15 14:01:05,329 - INFO - Average scaled reward over 1000 validation episodes after 12000 total training episodes: 0.001
2019-10-15 14:01:05,329 - INFO - Training for 1000 episodes...
2019-10-15 14:11:50,743 - INFO - Training of 1000 finished with following result:
2019-10-15 14:11:50,743 - INFO - Average total reward over 1000 training episodes after 13000 total training episodes: 0.141
2019-10-15 14:11:50,743 - INFO - Average scaled reward over 1000 training episodes after 13000 total training episodes: 0.001
2019-10-15 14:11:50,743 - INFO - Total environmental steps in training mode up to now: 1300000
2019-10-15 14:11:50,743 - INFO - Saving the agent...
2019-10-15 14:11:53,507 - INFO - Validating for 1000 episodes...
2019-10-15 14:19:47,651 - INFO - Training of 1000 finished with following result:
2019-10-15 14:19:47,651 - INFO - Average total reward over 1000 validation episodes after 13000 total training episodes: 0.138
2019-10-15 14:19:47,651 - INFO - Average scaled reward over 1000 validation episodes after 13000 total training episodes: 0.001
2019-10-15 14:19:47,651 - INFO - Training for 1000 episodes...
2019-10-15 14:30:28,526 - INFO - Training of 1000 finished with following result:
2019-10-15 14:30:28,526 - INFO - Average total reward over 1000 training episodes after 14000 total training episodes: 0.138
2019-10-15 14:30:28,526 - INFO - Average scaled reward over 1000 training episodes after 14000 total training episodes: 0.001
2019-10-15 14:30:28,526 - INFO - Total environmental steps in training mode up to now: 1400000
2019-10-15 14:30:28,526 - INFO - Saving the agent...
2019-10-15 14:30:31,805 - INFO - Validating for 1000 episodes...
2019-10-15 14:38:19,897 - INFO - Training of 1000 finished with following result:
2019-10-15 14:38:19,897 - INFO - Average total reward over 1000 validation episodes after 14000 total training episodes: 0.142
2019-10-15 14:38:19,897 - INFO - Average scaled reward over 1000 validation episodes after 14000 total training episodes: 0.001
2019-10-15 14:38:19,897 - INFO - Training for 1000 episodes...
2019-10-15 14:49:05,721 - INFO - Training of 1000 finished with following result:
2019-10-15 14:49:05,721 - INFO - Average total reward over 1000 training episodes after 15000 total training episodes: 0.137
2019-10-15 14:49:05,721 - INFO - Average scaled reward over 1000 training episodes after 15000 total training episodes: 0.001
2019-10-15 14:49:05,721 - INFO - Total environmental steps in training mode up to now: 1500000
2019-10-15 14:49:05,721 - INFO - Saving the agent...
2019-10-15 14:49:08,615 - INFO - Validating for 1000 episodes...
2019-10-15 14:56:32,674 - INFO - Training of 1000 finished with following result:
2019-10-15 14:56:32,674 - INFO - Average total reward over 1000 validation episodes after 15000 total training episodes: 0.131
2019-10-15 14:56:32,674 - INFO - Average scaled reward over 1000 validation episodes after 15000 total training episodes: 0.001
2019-10-15 14:56:32,674 - INFO - Training for 1000 episodes...
2019-10-15 15:06:51,745 - INFO - Training of 1000 finished with following result:
2019-10-15 15:06:51,745 - INFO - Average total reward over 1000 training episodes after 16000 total training episodes: 0.139
2019-10-15 15:06:51,745 - INFO - Average scaled reward over 1000 training episodes after 16000 total training episodes: 0.001
2019-10-15 15:06:51,745 - INFO - Total environmental steps in training mode up to now: 1600000
2019-10-15 15:06:51,745 - INFO - Saving the agent...
2019-10-15 15:06:54,366 - INFO - Validating for 1000 episodes...
2019-10-15 15:14:18,101 - INFO - Training of 1000 finished with following result:
2019-10-15 15:14:18,101 - INFO - Average total reward over 1000 validation episodes after 16000 total training episodes: 0.142
2019-10-15 15:14:18,101 - INFO - Average scaled reward over 1000 validation episodes after 16000 total training episodes: 0.001
2019-10-15 15:14:18,101 - INFO - Training for 1000 episodes...
2019-10-15 15:24:25,579 - INFO - Training of 1000 finished with following result:
2019-10-15 15:24:25,579 - INFO - Average total reward over 1000 training episodes after 17000 total training episodes: 0.143
2019-10-15 15:24:25,579 - INFO - Average scaled reward over 1000 training episodes after 17000 total training episodes: 0.001
2019-10-15 15:24:25,579 - INFO - Total environmental steps in training mode up to now: 1700000
2019-10-15 15:24:25,579 - INFO - Saving the agent...
2019-10-15 15:24:28,388 - INFO - Validating for 1000 episodes...
2019-10-15 15:30:58,397 - INFO - Training of 1000 finished with following result:
2019-10-15 15:30:58,397 - INFO - Average total reward over 1000 validation episodes after 17000 total training episodes: 0.142
2019-10-15 15:30:58,397 - INFO - Average scaled reward over 1000 validation episodes after 17000 total training episodes: 0.001
2019-10-15 15:30:58,397 - INFO - Training for 1000 episodes...
2019-10-15 15:40:16,857 - INFO - Training of 1000 finished with following result:
2019-10-15 15:40:16,858 - INFO - Average total reward over 1000 training episodes after 18000 total training episodes: 0.142
2019-10-15 15:40:16,858 - INFO - Average scaled reward over 1000 training episodes after 18000 total training episodes: 0.001
2019-10-15 15:40:16,858 - INFO - Total environmental steps in training mode up to now: 1800000
2019-10-15 15:40:16,858 - INFO - Saving the agent...
2019-10-15 15:40:18,965 - INFO - Validating for 1000 episodes...
2019-10-15 15:46:52,330 - INFO - Training of 1000 finished with following result:
2019-10-15 15:46:52,330 - INFO - Average total reward over 1000 validation episodes after 18000 total training episodes: 0.147
2019-10-15 15:46:52,330 - INFO - Average scaled reward over 1000 validation episodes after 18000 total training episodes: 0.001
2019-10-15 15:46:52,330 - INFO - Training for 1000 episodes...
2019-10-15 15:57:02,702 - INFO - Training of 1000 finished with following result:
2019-10-15 15:57:02,703 - INFO - Average total reward over 1000 training episodes after 19000 total training episodes: 0.144
2019-10-15 15:57:02,703 - INFO - Average scaled reward over 1000 training episodes after 19000 total training episodes: 0.001
2019-10-15 15:57:02,703 - INFO - Total environmental steps in training mode up to now: 1900000
2019-10-15 15:57:02,703 - INFO - Saving the agent...
2019-10-15 15:57:04,844 - INFO - Validating for 1000 episodes...
2019-10-15 16:04:20,357 - INFO - Training of 1000 finished with following result:
2019-10-15 16:04:20,357 - INFO - Average total reward over 1000 validation episodes after 19000 total training episodes: 0.142
2019-10-15 16:04:20,357 - INFO - Average scaled reward over 1000 validation episodes after 19000 total training episodes: 0.001
2019-10-15 16:04:20,357 - INFO - Training for 1000 episodes...
2019-10-15 16:14:37,304 - INFO - Training of 1000 finished with following result:
2019-10-15 16:14:37,305 - INFO - Average total reward over 1000 training episodes after 20000 total training episodes: 0.138
2019-10-15 16:14:37,305 - INFO - Average scaled reward over 1000 training episodes after 20000 total training episodes: 0.001
2019-10-15 16:14:37,305 - INFO - Total environmental steps in training mode up to now: 2000000
2019-10-15 16:14:37,305 - INFO - Saving the agent...
2019-10-15 16:14:39,419 - INFO - Validating for 1000 episodes...
2019-10-15 16:22:03,547 - INFO - Training of 1000 finished with following result:
2019-10-15 16:22:03,547 - INFO - Average total reward over 1000 validation episodes after 20000 total training episodes: 0.14
2019-10-15 16:22:03,547 - INFO - Average scaled reward over 1000 validation episodes after 20000 total training episodes: 0.001
2019-10-15 16:22:03,547 - INFO - Training for 1000 episodes...
2019-10-15 16:32:21,916 - INFO - Training of 1000 finished with following result:
2019-10-15 16:32:21,916 - INFO - Average total reward over 1000 training episodes after 21000 total training episodes: 0.145
2019-10-15 16:32:21,916 - INFO - Average scaled reward over 1000 training episodes after 21000 total training episodes: 0.001
2019-10-15 16:32:21,916 - INFO - Total environmental steps in training mode up to now: 2100000
2019-10-15 16:32:21,916 - INFO - Saving the agent...
2019-10-15 16:32:24,009 - INFO - Validating for 1000 episodes...
2019-10-15 16:39:43,771 - INFO - Training of 1000 finished with following result:
2019-10-15 16:39:43,771 - INFO - Average total reward over 1000 validation episodes after 21000 total training episodes: 0.141
2019-10-15 16:39:43,771 - INFO - Average scaled reward over 1000 validation episodes after 21000 total training episodes: 0.001
2019-10-15 16:39:43,771 - INFO - Training for 1000 episodes...
2019-10-15 16:50:00,087 - INFO - Training of 1000 finished with following result:
2019-10-15 16:50:00,087 - INFO - Average total reward over 1000 training episodes after 22000 total training episodes: 0.142
2019-10-15 16:50:00,087 - INFO - Average scaled reward over 1000 training episodes after 22000 total training episodes: 0.001
2019-10-15 16:50:00,087 - INFO - Total environmental steps in training mode up to now: 2200000
2019-10-15 16:50:00,087 - INFO - Saving the agent...
2019-10-15 16:50:02,202 - INFO - Validating for 1000 episodes...
2019-10-15 16:57:24,908 - INFO - Training of 1000 finished with following result:
2019-10-15 16:57:24,908 - INFO - Average total reward over 1000 validation episodes after 22000 total training episodes: 0.145
2019-10-15 16:57:24,908 - INFO - Average scaled reward over 1000 validation episodes after 22000 total training episodes: 0.001
2019-10-15 16:57:24,908 - INFO - Training for 1000 episodes...
2019-10-15 17:07:42,695 - INFO - Training of 1000 finished with following result:
2019-10-15 17:07:42,695 - INFO - Average total reward over 1000 training episodes after 23000 total training episodes: 0.138
2019-10-15 17:07:42,695 - INFO - Average scaled reward over 1000 training episodes after 23000 total training episodes: 0.001
2019-10-15 17:07:42,695 - INFO - Total environmental steps in training mode up to now: 2300000
2019-10-15 17:07:42,695 - INFO - Saving the agent...
2019-10-15 17:07:44,795 - INFO - Validating for 1000 episodes...
2019-10-15 17:15:12,164 - INFO - Training of 1000 finished with following result:
2019-10-15 17:15:12,164 - INFO - Average total reward over 1000 validation episodes after 23000 total training episodes: 0.146
2019-10-15 17:15:12,164 - INFO - Average scaled reward over 1000 validation episodes after 23000 total training episodes: 0.001
2019-10-15 17:15:12,164 - INFO - Training for 1000 episodes...
2019-10-15 17:25:24,625 - INFO - Training of 1000 finished with following result:
2019-10-15 17:25:24,625 - INFO - Average total reward over 1000 training episodes after 24000 total training episodes: 0.145
2019-10-15 17:25:24,625 - INFO - Average scaled reward over 1000 training episodes after 24000 total training episodes: 0.001
2019-10-15 17:25:24,625 - INFO - Total environmental steps in training mode up to now: 2400000
2019-10-15 17:25:24,625 - INFO - Saving the agent...
2019-10-15 17:25:26,765 - INFO - Validating for 1000 episodes...
2019-10-15 17:32:48,954 - INFO - Training of 1000 finished with following result:
2019-10-15 17:32:48,954 - INFO - Average total reward over 1000 validation episodes after 24000 total training episodes: 0.144
2019-10-15 17:32:48,954 - INFO - Average scaled reward over 1000 validation episodes after 24000 total training episodes: 0.001
2019-10-15 17:32:48,954 - INFO - Training for 1000 episodes...
2019-10-15 17:43:06,448 - INFO - Training of 1000 finished with following result:
2019-10-15 17:43:06,448 - INFO - Average total reward over 1000 training episodes after 25000 total training episodes: 0.146
2019-10-15 17:43:06,448 - INFO - Average scaled reward over 1000 training episodes after 25000 total training episodes: 0.001
2019-10-15 17:43:06,448 - INFO - Total environmental steps in training mode up to now: 2500000
2019-10-15 17:43:06,448 - INFO - Saving the agent...
2019-10-15 17:43:08,793 - INFO - Validating for 1000 episodes...
2019-10-15 17:50:32,848 - INFO - Training of 1000 finished with following result:
2019-10-15 17:50:32,848 - INFO - Average total reward over 1000 validation episodes after 25000 total training episodes: 0.155
2019-10-15 17:50:32,848 - INFO - Average scaled reward over 1000 validation episodes after 25000 total training episodes: 0.002
2019-10-15 17:50:32,848 - INFO - Training for 1000 episodes...
2019-10-15 18:00:52,972 - INFO - Training of 1000 finished with following result:
2019-10-15 18:00:52,973 - INFO - Average total reward over 1000 training episodes after 26000 total training episodes: 0.148
2019-10-15 18:00:52,973 - INFO - Average scaled reward over 1000 training episodes after 26000 total training episodes: 0.001
2019-10-15 18:00:52,973 - INFO - Total environmental steps in training mode up to now: 2600000
2019-10-15 18:00:52,973 - INFO - Saving the agent...
2019-10-15 18:00:54,255 - INFO - Validating for 1000 episodes...
2019-10-15 18:08:22,741 - INFO - Training of 1000 finished with following result:
2019-10-15 18:08:22,741 - INFO - Average total reward over 1000 validation episodes after 26000 total training episodes: 0.152
2019-10-15 18:08:22,741 - INFO - Average scaled reward over 1000 validation episodes after 26000 total training episodes: 0.002
2019-10-15 18:08:22,741 - INFO - Training for 1000 episodes...
2019-10-15 18:18:37,580 - INFO - Training of 1000 finished with following result:
2019-10-15 18:18:37,581 - INFO - Average total reward over 1000 training episodes after 27000 total training episodes: 0.152
2019-10-15 18:18:37,581 - INFO - Average scaled reward over 1000 training episodes after 27000 total training episodes: 0.002
2019-10-15 18:18:37,581 - INFO - Total environmental steps in training mode up to now: 2700000
2019-10-15 18:18:37,581 - INFO - Saving the agent...
2019-10-15 18:18:38,877 - INFO - Validating for 1000 episodes...
2019-10-15 18:26:06,220 - INFO - Training of 1000 finished with following result:
2019-10-15 18:26:06,221 - INFO - Average total reward over 1000 validation episodes after 27000 total training episodes: 0.153
2019-10-15 18:26:06,221 - INFO - Average scaled reward over 1000 validation episodes after 27000 total training episodes: 0.002
2019-10-15 18:26:06,221 - INFO - Training for 1000 episodes...
2019-10-15 18:36:20,938 - INFO - Training of 1000 finished with following result:
2019-10-15 18:36:20,938 - INFO - Average total reward over 1000 training episodes after 28000 total training episodes: 0.154
2019-10-15 18:36:20,938 - INFO - Average scaled reward over 1000 training episodes after 28000 total training episodes: 0.002
2019-10-15 18:36:20,938 - INFO - Total environmental steps in training mode up to now: 2800000
2019-10-15 18:36:20,938 - INFO - Saving the agent...
2019-10-15 18:36:22,243 - INFO - Validating for 1000 episodes...
2019-10-15 18:43:43,221 - INFO - Training of 1000 finished with following result:
2019-10-15 18:43:43,221 - INFO - Average total reward over 1000 validation episodes after 28000 total training episodes: 0.151
2019-10-15 18:43:43,221 - INFO - Average scaled reward over 1000 validation episodes after 28000 total training episodes: 0.002
2019-10-15 18:43:43,221 - INFO - Training for 1000 episodes...
2019-10-15 18:53:59,341 - INFO - Training of 1000 finished with following result:
2019-10-15 18:53:59,341 - INFO - Average total reward over 1000 training episodes after 29000 total training episodes: 0.149
2019-10-15 18:53:59,341 - INFO - Average scaled reward over 1000 training episodes after 29000 total training episodes: 0.001
2019-10-15 18:53:59,341 - INFO - Total environmental steps in training mode up to now: 2900000
2019-10-15 18:53:59,342 - INFO - Saving the agent...
2019-10-15 18:54:00,626 - INFO - Validating for 1000 episodes...
2019-10-15 19:01:24,604 - INFO - Training of 1000 finished with following result:
2019-10-15 19:01:24,605 - INFO - Average total reward over 1000 validation episodes after 29000 total training episodes: 0.145
2019-10-15 19:01:24,605 - INFO - Average scaled reward over 1000 validation episodes after 29000 total training episodes: 0.001
2019-10-15 19:01:24,605 - INFO - Training for 1000 episodes...
2019-10-15 19:11:41,401 - INFO - Training of 1000 finished with following result:
2019-10-15 19:11:41,402 - INFO - Average total reward over 1000 training episodes after 30000 total training episodes: 0.149
2019-10-15 19:11:41,402 - INFO - Average scaled reward over 1000 training episodes after 30000 total training episodes: 0.001
2019-10-15 19:11:41,402 - INFO - Total environmental steps in training mode up to now: 3000000
2019-10-15 19:11:41,402 - INFO - Saving the agent...
2019-10-15 19:11:42,707 - INFO - Validating for 1000 episodes...
2019-10-15 19:19:06,763 - INFO - Training of 1000 finished with following result:
2019-10-15 19:19:06,763 - INFO - Average total reward over 1000 validation episodes after 30000 total training episodes: 0.148
2019-10-15 19:19:06,763 - INFO - Average scaled reward over 1000 validation episodes after 30000 total training episodes: 0.001
2019-10-15 19:19:06,763 - INFO - Training for 1000 episodes...
2019-10-15 19:29:26,120 - INFO - Training of 1000 finished with following result:
2019-10-15 19:29:26,120 - INFO - Average total reward over 1000 training episodes after 31000 total training episodes: 0.152
2019-10-15 19:29:26,120 - INFO - Average scaled reward over 1000 training episodes after 31000 total training episodes: 0.002
2019-10-15 19:29:26,120 - INFO - Total environmental steps in training mode up to now: 3100000
2019-10-15 19:29:26,120 - INFO - Saving the agent...
2019-10-15 19:29:27,434 - INFO - Validating for 1000 episodes...
2019-10-15 19:36:56,816 - INFO - Training of 1000 finished with following result:
2019-10-15 19:36:56,816 - INFO - Average total reward over 1000 validation episodes after 31000 total training episodes: 0.15
2019-10-15 19:36:56,816 - INFO - Average scaled reward over 1000 validation episodes after 31000 total training episodes: 0.001
2019-10-15 19:36:56,816 - INFO - Training for 1000 episodes...
2019-10-15 19:47:11,320 - INFO - Training of 1000 finished with following result:
2019-10-15 19:47:11,320 - INFO - Average total reward over 1000 training episodes after 32000 total training episodes: 0.153
2019-10-15 19:47:11,321 - INFO - Average scaled reward over 1000 training episodes after 32000 total training episodes: 0.002
2019-10-15 19:47:11,321 - INFO - Total environmental steps in training mode up to now: 3200000
2019-10-15 19:47:11,321 - INFO - Saving the agent...
2019-10-15 19:47:12,613 - INFO - Validating for 1000 episodes...
2019-10-15 19:54:34,066 - INFO - Training of 1000 finished with following result:
2019-10-15 19:54:34,066 - INFO - Average total reward over 1000 validation episodes after 32000 total training episodes: 0.149
2019-10-15 19:54:34,066 - INFO - Average scaled reward over 1000 validation episodes after 32000 total training episodes: 0.001
2019-10-15 19:54:34,066 - INFO - Training for 1000 episodes...
2019-10-15 20:04:48,725 - INFO - Training of 1000 finished with following result:
2019-10-15 20:04:48,725 - INFO - Average total reward over 1000 training episodes after 33000 total training episodes: 0.155
2019-10-15 20:04:48,725 - INFO - Average scaled reward over 1000 training episodes after 33000 total training episodes: 0.002
2019-10-15 20:04:48,725 - INFO - Total environmental steps in training mode up to now: 3300000
2019-10-15 20:04:48,725 - INFO - Saving the agent...
2019-10-15 20:04:50,036 - INFO - Validating for 1000 episodes...
2019-10-15 20:12:15,867 - INFO - Training of 1000 finished with following result:
2019-10-15 20:12:15,867 - INFO - Average total reward over 1000 validation episodes after 33000 total training episodes: 0.155
2019-10-15 20:12:15,867 - INFO - Average scaled reward over 1000 validation episodes after 33000 total training episodes: 0.002
2019-10-15 20:12:15,867 - INFO - Training for 1000 episodes...
2019-10-15 20:22:36,411 - INFO - Training of 1000 finished with following result:
2019-10-15 20:22:36,411 - INFO - Average total reward over 1000 training episodes after 34000 total training episodes: 0.153
2019-10-15 20:22:36,411 - INFO - Average scaled reward over 1000 training episodes after 34000 total training episodes: 0.002
2019-10-15 20:22:36,411 - INFO - Total environmental steps in training mode up to now: 3400000
2019-10-15 20:22:36,411 - INFO - Saving the agent...
2019-10-15 20:22:37,722 - INFO - Validating for 1000 episodes...
2019-10-15 20:30:04,445 - INFO - Training of 1000 finished with following result:
2019-10-15 20:30:04,445 - INFO - Average total reward over 1000 validation episodes after 34000 total training episodes: 0.156
2019-10-15 20:30:04,445 - INFO - Average scaled reward over 1000 validation episodes after 34000 total training episodes: 0.002
2019-10-15 20:30:04,445 - INFO - Training for 1000 episodes...
2019-10-15 20:40:24,480 - INFO - Training of 1000 finished with following result:
2019-10-15 20:40:24,480 - INFO - Average total reward over 1000 training episodes after 35000 total training episodes: 0.15
2019-10-15 20:40:24,480 - INFO - Average scaled reward over 1000 training episodes after 35000 total training episodes: 0.002
2019-10-15 20:40:24,480 - INFO - Total environmental steps in training mode up to now: 3500000
2019-10-15 20:40:24,480 - INFO - Saving the agent...
2019-10-15 20:40:25,757 - INFO - Validating for 1000 episodes...
2019-10-15 20:47:51,729 - INFO - Training of 1000 finished with following result:
2019-10-15 20:47:51,730 - INFO - Average total reward over 1000 validation episodes after 35000 total training episodes: 0.154
2019-10-15 20:47:51,730 - INFO - Average scaled reward over 1000 validation episodes after 35000 total training episodes: 0.002
2019-10-15 20:47:51,730 - INFO - Training for 1000 episodes...
2019-10-15 20:58:09,604 - INFO - Training of 1000 finished with following result:
2019-10-15 20:58:09,604 - INFO - Average total reward over 1000 training episodes after 36000 total training episodes: 0.152
2019-10-15 20:58:09,604 - INFO - Average scaled reward over 1000 training episodes after 36000 total training episodes: 0.002
2019-10-15 20:58:09,604 - INFO - Total environmental steps in training mode up to now: 3600000
2019-10-15 20:58:09,604 - INFO - Saving the agent...
2019-10-15 20:58:10,930 - INFO - Validating for 1000 episodes...
2019-10-15 21:05:28,886 - INFO - Training of 1000 finished with following result:
2019-10-15 21:05:28,886 - INFO - Average total reward over 1000 validation episodes after 36000 total training episodes: 0.151
2019-10-15 21:05:28,886 - INFO - Average scaled reward over 1000 validation episodes after 36000 total training episodes: 0.002
2019-10-15 21:05:28,886 - INFO - Training for 1000 episodes...
2019-10-15 21:15:41,662 - INFO - Training of 1000 finished with following result:
2019-10-15 21:15:41,662 - INFO - Average total reward over 1000 training episodes after 37000 total training episodes: 0.151
2019-10-15 21:15:41,662 - INFO - Average scaled reward over 1000 training episodes after 37000 total training episodes: 0.002
2019-10-15 21:15:41,662 - INFO - Total environmental steps in training mode up to now: 3700000
2019-10-15 21:15:41,662 - INFO - Saving the agent...
2019-10-15 21:15:42,936 - INFO - Validating for 1000 episodes...
2019-10-15 21:23:10,098 - INFO - Training of 1000 finished with following result:
2019-10-15 21:23:10,098 - INFO - Average total reward over 1000 validation episodes after 37000 total training episodes: 0.153
2019-10-15 21:23:10,098 - INFO - Average scaled reward over 1000 validation episodes after 37000 total training episodes: 0.002
2019-10-15 21:23:10,098 - INFO - Training for 1000 episodes...
2019-10-15 21:33:28,359 - INFO - Training of 1000 finished with following result:
2019-10-15 21:33:28,360 - INFO - Average total reward over 1000 training episodes after 38000 total training episodes: 0.153
2019-10-15 21:33:28,360 - INFO - Average scaled reward over 1000 training episodes after 38000 total training episodes: 0.002
2019-10-15 21:33:28,360 - INFO - Total environmental steps in training mode up to now: 3800000
2019-10-15 21:33:28,360 - INFO - Saving the agent...
2019-10-15 21:33:29,670 - INFO - Validating for 1000 episodes...
2019-10-15 21:40:58,411 - INFO - Training of 1000 finished with following result:
2019-10-15 21:40:58,412 - INFO - Average total reward over 1000 validation episodes after 38000 total training episodes: 0.157
2019-10-15 21:40:58,412 - INFO - Average scaled reward over 1000 validation episodes after 38000 total training episodes: 0.002
2019-10-15 21:40:58,412 - INFO - Training for 1000 episodes...
2019-10-15 21:51:17,585 - INFO - Training of 1000 finished with following result:
2019-10-15 21:51:17,585 - INFO - Average total reward over 1000 training episodes after 39000 total training episodes: 0.154
2019-10-15 21:51:17,585 - INFO - Average scaled reward over 1000 training episodes after 39000 total training episodes: 0.002
2019-10-15 21:51:17,585 - INFO - Total environmental steps in training mode up to now: 3900000
2019-10-15 21:51:17,585 - INFO - Saving the agent...
2019-10-15 21:51:18,919 - INFO - Validating for 1000 episodes...
2019-10-15 21:58:43,834 - INFO - Training of 1000 finished with following result:
2019-10-15 21:58:43,834 - INFO - Average total reward over 1000 validation episodes after 39000 total training episodes: 0.155
2019-10-15 21:58:43,834 - INFO - Average scaled reward over 1000 validation episodes after 39000 total training episodes: 0.002
2019-10-15 21:58:43,834 - INFO - Training for 1000 episodes...
2019-10-15 22:09:00,224 - INFO - Training of 1000 finished with following result:
2019-10-15 22:09:00,224 - INFO - Average total reward over 1000 training episodes after 40000 total training episodes: 0.154
2019-10-15 22:09:00,224 - INFO - Average scaled reward over 1000 training episodes after 40000 total training episodes: 0.002
2019-10-15 22:09:00,224 - INFO - Total environmental steps in training mode up to now: 4000000
2019-10-15 22:09:00,224 - INFO - Saving the agent...
2019-10-15 22:09:01,510 - INFO - Validating for 1000 episodes...
2019-10-15 22:16:17,513 - INFO - Training of 1000 finished with following result:
2019-10-15 22:16:17,513 - INFO - Average total reward over 1000 validation episodes after 40000 total training episodes: 0.159
2019-10-15 22:16:17,513 - INFO - Average scaled reward over 1000 validation episodes after 40000 total training episodes: 0.002
2019-10-15 22:16:17,513 - INFO - Training for 1000 episodes...
2019-10-15 22:26:30,962 - INFO - Training of 1000 finished with following result:
2019-10-15 22:26:30,963 - INFO - Average total reward over 1000 training episodes after 41000 total training episodes: 0.156
2019-10-15 22:26:30,963 - INFO - Average scaled reward over 1000 training episodes after 41000 total training episodes: 0.002
2019-10-15 22:26:30,963 - INFO - Total environmental steps in training mode up to now: 4100000
2019-10-15 22:26:30,963 - INFO - Saving the agent...
2019-10-15 22:26:32,234 - INFO - Validating for 1000 episodes...
2019-10-15 22:33:55,763 - INFO - Training of 1000 finished with following result:
2019-10-15 22:33:55,764 - INFO - Average total reward over 1000 validation episodes after 41000 total training episodes: 0.16
2019-10-15 22:33:55,764 - INFO - Average scaled reward over 1000 validation episodes after 41000 total training episodes: 0.002
2019-10-15 22:33:55,764 - INFO - Training for 1000 episodes...
2019-10-15 22:44:16,588 - INFO - Training of 1000 finished with following result:
2019-10-15 22:44:16,588 - INFO - Average total reward over 1000 training episodes after 42000 total training episodes: 0.156
2019-10-15 22:44:16,588 - INFO - Average scaled reward over 1000 training episodes after 42000 total training episodes: 0.002
2019-10-15 22:44:16,588 - INFO - Total environmental steps in training mode up to now: 4200000
2019-10-15 22:44:16,588 - INFO - Saving the agent...
2019-10-15 22:44:17,932 - INFO - Validating for 1000 episodes...
2019-10-15 22:51:43,784 - INFO - Training of 1000 finished with following result:
2019-10-15 22:51:43,785 - INFO - Average total reward over 1000 validation episodes after 42000 total training episodes: 0.153
2019-10-15 22:51:43,785 - INFO - Average scaled reward over 1000 validation episodes after 42000 total training episodes: 0.002
2019-10-15 22:51:43,785 - INFO - Training for 1000 episodes...
2019-10-15 23:02:03,305 - INFO - Training of 1000 finished with following result:
2019-10-15 23:02:03,305 - INFO - Average total reward over 1000 training episodes after 43000 total training episodes: 0.156
2019-10-15 23:02:03,305 - INFO - Average scaled reward over 1000 training episodes after 43000 total training episodes: 0.002
2019-10-15 23:02:03,306 - INFO - Total environmental steps in training mode up to now: 4300000
2019-10-15 23:02:03,306 - INFO - Saving the agent...
2019-10-15 23:02:04,613 - INFO - Validating for 1000 episodes...
2019-10-15 23:09:29,056 - INFO - Training of 1000 finished with following result:
2019-10-15 23:09:29,057 - INFO - Average total reward over 1000 validation episodes after 43000 total training episodes: 0.152
2019-10-15 23:09:29,057 - INFO - Average scaled reward over 1000 validation episodes after 43000 total training episodes: 0.002
2019-10-15 23:09:29,057 - INFO - Training for 1000 episodes...
2019-10-15 23:19:51,563 - INFO - Training of 1000 finished with following result:
2019-10-15 23:19:51,563 - INFO - Average total reward over 1000 training episodes after 44000 total training episodes: 0.154
2019-10-15 23:19:51,563 - INFO - Average scaled reward over 1000 training episodes after 44000 total training episodes: 0.002
2019-10-15 23:19:51,563 - INFO - Total environmental steps in training mode up to now: 4400000
2019-10-15 23:19:51,563 - INFO - Saving the agent...
2019-10-15 23:19:52,881 - INFO - Validating for 1000 episodes...
2019-10-15 23:27:17,167 - INFO - Training of 1000 finished with following result:
2019-10-15 23:27:17,167 - INFO - Average total reward over 1000 validation episodes after 44000 total training episodes: 0.153
2019-10-15 23:27:17,167 - INFO - Average scaled reward over 1000 validation episodes after 44000 total training episodes: 0.002
2019-10-15 23:27:17,167 - INFO - Training for 1000 episodes...
2019-10-15 23:37:32,202 - INFO - Training of 1000 finished with following result:
2019-10-15 23:37:32,202 - INFO - Average total reward over 1000 training episodes after 45000 total training episodes: 0.156
2019-10-15 23:37:32,202 - INFO - Average scaled reward over 1000 training episodes after 45000 total training episodes: 0.002
2019-10-15 23:37:32,202 - INFO - Total environmental steps in training mode up to now: 4500000
2019-10-15 23:37:32,202 - INFO - Saving the agent...
2019-10-15 23:37:33,503 - INFO - Validating for 1000 episodes...
2019-10-15 23:44:51,511 - INFO - Training of 1000 finished with following result:
2019-10-15 23:44:51,511 - INFO - Average total reward over 1000 validation episodes after 45000 total training episodes: 0.156
2019-10-15 23:44:51,511 - INFO - Average scaled reward over 1000 validation episodes after 45000 total training episodes: 0.002
2019-10-15 23:44:51,511 - INFO - Training for 1000 episodes...
2019-10-15 23:55:06,241 - INFO - Training of 1000 finished with following result:
2019-10-15 23:55:06,241 - INFO - Average total reward over 1000 training episodes after 46000 total training episodes: 0.159
2019-10-15 23:55:06,241 - INFO - Average scaled reward over 1000 training episodes after 46000 total training episodes: 0.002
2019-10-15 23:55:06,241 - INFO - Total environmental steps in training mode up to now: 4600000
2019-10-15 23:55:06,241 - INFO - Saving the agent...
2019-10-15 23:55:07,574 - INFO - Validating for 1000 episodes...
2019-10-16 00:02:34,651 - INFO - Training of 1000 finished with following result:
2019-10-16 00:02:34,652 - INFO - Average total reward over 1000 validation episodes after 46000 total training episodes: 0.154
2019-10-16 00:02:34,652 - INFO - Average scaled reward over 1000 validation episodes after 46000 total training episodes: 0.002
2019-10-16 00:02:34,652 - INFO - Training for 1000 episodes...
2019-10-16 00:12:56,092 - INFO - Training of 1000 finished with following result:
2019-10-16 00:12:56,092 - INFO - Average total reward over 1000 training episodes after 47000 total training episodes: 0.155
2019-10-16 00:12:56,092 - INFO - Average scaled reward over 1000 training episodes after 47000 total training episodes: 0.002
2019-10-16 00:12:56,092 - INFO - Total environmental steps in training mode up to now: 4700000
2019-10-16 00:12:56,093 - INFO - Saving the agent...
2019-10-16 00:12:57,378 - INFO - Validating for 1000 episodes...
2019-10-16 00:20:20,639 - INFO - Training of 1000 finished with following result:
2019-10-16 00:20:20,640 - INFO - Average total reward over 1000 validation episodes after 47000 total training episodes: 0.159
2019-10-16 00:20:20,640 - INFO - Average scaled reward over 1000 validation episodes after 47000 total training episodes: 0.002
2019-10-16 00:20:20,640 - INFO - Training for 1000 episodes...
2019-10-16 00:30:41,084 - INFO - Training of 1000 finished with following result:
2019-10-16 00:30:41,084 - INFO - Average total reward over 1000 training episodes after 48000 total training episodes: 0.158
2019-10-16 00:30:41,084 - INFO - Average scaled reward over 1000 training episodes after 48000 total training episodes: 0.002
2019-10-16 00:30:41,084 - INFO - Total environmental steps in training mode up to now: 4800000
2019-10-16 00:30:41,084 - INFO - Saving the agent...
2019-10-16 00:30:42,373 - INFO - Validating for 1000 episodes...
2019-10-16 00:38:08,846 - INFO - Training of 1000 finished with following result:
2019-10-16 00:38:08,846 - INFO - Average total reward over 1000 validation episodes after 48000 total training episodes: 0.161
2019-10-16 00:38:08,846 - INFO - Average scaled reward over 1000 validation episodes after 48000 total training episodes: 0.002
2019-10-16 00:38:08,846 - INFO - Training for 1000 episodes...
2019-10-16 00:48:29,121 - INFO - Training of 1000 finished with following result:
2019-10-16 00:48:29,121 - INFO - Average total reward over 1000 training episodes after 49000 total training episodes: 0.16
2019-10-16 00:48:29,121 - INFO - Average scaled reward over 1000 training episodes after 49000 total training episodes: 0.002
2019-10-16 00:48:29,121 - INFO - Total environmental steps in training mode up to now: 4900000
2019-10-16 00:48:29,121 - INFO - Saving the agent...
2019-10-16 00:48:30,436 - INFO - Validating for 1000 episodes...
2019-10-16 00:55:58,943 - INFO - Training of 1000 finished with following result:
2019-10-16 00:55:58,943 - INFO - Average total reward over 1000 validation episodes after 49000 total training episodes: 0.158
2019-10-16 00:55:58,943 - INFO - Average scaled reward over 1000 validation episodes after 49000 total training episodes: 0.002
2019-10-16 00:55:58,943 - INFO - Training for 1000 episodes...
2019-10-16 01:06:19,483 - INFO - Training of 1000 finished with following result:
2019-10-16 01:06:19,483 - INFO - Average total reward over 1000 training episodes after 50000 total training episodes: 0.161
2019-10-16 01:06:19,483 - INFO - Average scaled reward over 1000 training episodes after 50000 total training episodes: 0.002
2019-10-16 01:06:19,483 - INFO - Total environmental steps in training mode up to now: 5000000
2019-10-16 01:06:19,483 - INFO - Saving the agent...
2019-10-16 01:06:20,796 - INFO - Validating for 1000 episodes...
2019-10-16 01:13:40,993 - INFO - Training of 1000 finished with following result:
2019-10-16 01:13:40,993 - INFO - Average total reward over 1000 validation episodes after 50000 total training episodes: 0.167
2019-10-16 01:13:40,993 - INFO - Average scaled reward over 1000 validation episodes after 50000 total training episodes: 0.002
2019-10-16 01:13:40,993 - INFO - End of training
2019-10-16 01:13:40,993 - INFO - Cycle 1 - Testing for 100 episodes...
2019-10-16 01:14:26,323 - INFO - Testing of 100 finished with following result:
2019-10-16 01:14:26,323 - INFO - Average total reward over 100 test episodes: 0.166
2019-10-16 01:14:26,323 - INFO - Average scaled reward over 100 test episodes: 0.002
2019-10-16 01:14:26,323 - INFO - Cycle 2 - Testing for 100 episodes...
2019-10-16 01:15:10,675 - INFO - Testing of 100 finished with following result:
2019-10-16 01:15:10,675 - INFO - Average total reward over 100 test episodes: 0.172
2019-10-16 01:15:10,675 - INFO - Average scaled reward over 100 test episodes: 0.002
2019-10-16 01:15:10,675 - INFO - Cycle 3 - Testing for 100 episodes...
2019-10-16 01:15:54,581 - INFO - Testing of 100 finished with following result:
2019-10-16 01:15:54,581 - INFO - Average total reward over 100 test episodes: 0.164
2019-10-16 01:15:54,581 - INFO - Average scaled reward over 100 test episodes: 0.002
2019-10-16 01:15:54,581 - INFO - Cycle 4 - Testing for 100 episodes...
2019-10-16 01:16:38,639 - INFO - Testing of 100 finished with following result:
2019-10-16 01:16:38,639 - INFO - Average total reward over 100 test episodes: 0.169
2019-10-16 01:16:38,639 - INFO - Average scaled reward over 100 test episodes: 0.002
2019-10-16 01:16:38,639 - INFO - Cycle 5 - Testing for 100 episodes...
2019-10-16 01:17:22,042 - INFO - Testing of 100 finished with following result:
2019-10-16 01:17:22,043 - INFO - Average total reward over 100 test episodes: 0.166
2019-10-16 01:17:22,043 - INFO - Average scaled reward over 100 test episodes: 0.002
2019-10-16 01:17:22,043 - INFO - Cycle 6 - Testing for 100 episodes...
2019-10-16 01:18:05,647 - INFO - Testing of 100 finished with following result:
2019-10-16 01:18:05,647 - INFO - Average total reward over 100 test episodes: 0.168
2019-10-16 01:18:05,647 - INFO - Average scaled reward over 100 test episodes: 0.002
2019-10-16 01:18:05,647 - INFO - Cycle 7 - Testing for 100 episodes...
2019-10-16 01:18:49,604 - INFO - Testing of 100 finished with following result:
2019-10-16 01:18:49,604 - INFO - Average total reward over 100 test episodes: 0.151
2019-10-16 01:18:49,604 - INFO - Average scaled reward over 100 test episodes: 0.002
2019-10-16 01:18:49,604 - INFO - Cycle 8 - Testing for 100 episodes...
2019-10-16 01:19:34,019 - INFO - Testing of 100 finished with following result:
2019-10-16 01:19:34,019 - INFO - Average total reward over 100 test episodes: 0.166
2019-10-16 01:19:34,019 - INFO - Average scaled reward over 100 test episodes: 0.002
2019-10-16 01:19:34,019 - INFO - Cycle 9 - Testing for 100 episodes...
2019-10-16 01:20:18,906 - INFO - Testing of 100 finished with following result:
2019-10-16 01:20:18,906 - INFO - Average total reward over 100 test episodes: 0.16
2019-10-16 01:20:18,906 - INFO - Average scaled reward over 100 test episodes: 0.002
2019-10-16 01:20:18,906 - INFO - Cycle 10 - Testing for 100 episodes...
2019-10-16 01:21:03,387 - INFO - Testing of 100 finished with following result:
2019-10-16 01:21:03,387 - INFO - Average total reward over 100 test episodes: 0.155
2019-10-16 01:21:03,387 - INFO - Average scaled reward over 100 test episodes: 0.002
2019-10-16 01:21:03,387 - INFO - End of test
2019-10-16 01:21:03,387 - INFO - Average test total reward is 0.164 with 50000 training episodes
2019-10-16 01:21:03,387 - INFO - Average test scaled reward is 0.002 with 50000 training episodes
2019-10-16 01:21:03,387 - INFO - Max test total reward over 100 and 10 cycles is: 0.172
2019-10-16 01:21:03,387 - INFO - Max test scaled reward over 100 and 10 cycles is: 0.002
2019-10-16 01:21:03,387 - INFO - Saving plots...
2019-10-16 01:21:06,206 - INFO - Plots saved successfully
2019-10-16 01:21:06,207 - INFO - The experiment terminated successfully
