2019-10-05 08:38:40,423 - INFO - Data:

Vanilla Policy Gradient with GAE buffer
Three dense layer with 4096 neurons each using xavier initialization
Learning rate policy: 0.0003
Learning rate advantage: 0.0001
Discount factor: 0.99
Value steps per update: 10
Lambda parameter: 0.95
Updates per training volley: 2
Success threshold: 0.35 average total reward on the validation set episodes
Episodic: yes
Episode length: 100
Max allowed steps for episode: 100
Seed states range [0, 0]
Acceptance value: none

2019-10-05 08:38:40,432 - INFO - Setup of experiment experiment_0...
2019-10-05 08:38:40,433 - INFO - Environment setup...
2019-10-05 08:38:40,433 - INFO - Environment setup is successful!
2019-10-05 08:38:40,433 - INFO - Agent setup...
2019-10-05 08:38:40,433 - INFO - Setup of agent vpg_agent with scope experiment_0...
2019-10-05 08:38:40,453 - INFO - A Tensorboard summary for the agent will be updated during training of its internal model
2019-10-05 08:38:40,453 - INFO - Tensorboard summary path: ./experiments/rng_discrete_binary_vpg_e_s10_r127-128_ss_2019-10-05/experiment/0/summary
2019-10-05 08:38:40,453 - INFO - Generating model model with scope experiment_0/vpg_agent...
2019-10-05 08:38:40,453 - INFO - Model generation successful
2019-10-05 08:38:41,024 - INFO - Agent setup is successful!
2019-10-05 08:38:41,038 - INFO - Agent internal model will be saved after each train volley
2019-10-05 08:38:41,038 - INFO - Agent internal model metagraph save path: ./experiments/rng_discrete_binary_vpg_e_s10_r127-128_ss_2019-10-05/experiment/0/metagraph
2019-10-05 08:38:41,038 - INFO - Tensorflow configuration is successful!
2019-10-05 08:38:41,038 - INFO - Experiment setup is successful. Now can conduct the experiment
2019-10-05 08:38:41,040 - INFO - Conducting experiment experiment_0...
2019-10-05 08:38:46,041 - INFO - Model initialized to default state
2019-10-05 08:38:46,042 - INFO - Training for 100 episodes...
2019-10-05 08:39:30,141 - INFO - Training of 100 finished with following result:
2019-10-05 08:39:30,141 - INFO - Average total reward over 100 training episodes after 100 total training episodes: 0.226
2019-10-05 08:39:30,141 - INFO - Average scaled reward over 100 training episodes after 100 total training episodes: 0.002
2019-10-05 08:39:30,141 - INFO - Total environmental steps in training mode up to now: 10000
2019-10-05 08:39:30,141 - INFO - Saving the agent...
2019-10-05 08:39:30,841 - INFO - Validating for 100 episodes...
2019-10-05 08:40:12,032 - INFO - Training of 100 finished with following result:
2019-10-05 08:40:12,033 - INFO - Average total reward over 100 validation episodes after 100 total training episodes: 0.224
2019-10-05 08:40:12,033 - INFO - Average scaled reward over 100 validation episodes after 100 total training episodes: 0.002
2019-10-05 08:40:12,033 - INFO - Training for 100 episodes...
2019-10-05 08:40:57,880 - INFO - Training of 100 finished with following result:
2019-10-05 08:40:57,880 - INFO - Average total reward over 100 training episodes after 200 total training episodes: 0.235
2019-10-05 08:40:57,880 - INFO - Average scaled reward over 100 training episodes after 200 total training episodes: 0.002
2019-10-05 08:40:57,880 - INFO - Total environmental steps in training mode up to now: 20000
2019-10-05 08:40:57,880 - INFO - Saving the agent...
2019-10-05 08:41:00,666 - INFO - Validating for 100 episodes...
2019-10-05 08:41:45,307 - INFO - Training of 100 finished with following result:
2019-10-05 08:41:45,324 - INFO - Average total reward over 100 validation episodes after 200 total training episodes: 0.251
2019-10-05 08:41:45,324 - INFO - Average scaled reward over 100 validation episodes after 200 total training episodes: 0.003
2019-10-05 08:41:45,324 - INFO - Training for 100 episodes...
2019-10-05 08:42:31,331 - INFO - Training of 100 finished with following result:
2019-10-05 08:42:31,344 - INFO - Average total reward over 100 training episodes after 300 total training episodes: 0.217
2019-10-05 08:42:31,344 - INFO - Average scaled reward over 100 training episodes after 300 total training episodes: 0.002
2019-10-05 08:42:31,345 - INFO - Total environmental steps in training mode up to now: 30000
2019-10-05 08:42:31,345 - INFO - Saving the agent...
2019-10-05 08:42:33,672 - INFO - Validating for 100 episodes...
2019-10-05 08:43:15,402 - INFO - Training of 100 finished with following result:
2019-10-05 08:43:15,402 - INFO - Average total reward over 100 validation episodes after 300 total training episodes: 0.248
2019-10-05 08:43:15,402 - INFO - Average scaled reward over 100 validation episodes after 300 total training episodes: 0.002
2019-10-05 08:43:15,402 - INFO - Training for 100 episodes...
2019-10-05 08:44:00,526 - INFO - Training of 100 finished with following result:
2019-10-05 08:44:00,526 - INFO - Average total reward over 100 training episodes after 400 total training episodes: 0.238
2019-10-05 08:44:00,526 - INFO - Average scaled reward over 100 training episodes after 400 total training episodes: 0.002
2019-10-05 08:44:00,526 - INFO - Total environmental steps in training mode up to now: 40000
2019-10-05 08:44:00,526 - INFO - Saving the agent...
2019-10-05 08:44:02,791 - INFO - Validating for 100 episodes...
2019-10-05 08:44:41,271 - INFO - Training of 100 finished with following result:
2019-10-05 08:44:41,284 - INFO - Average total reward over 100 validation episodes after 400 total training episodes: 0.273
2019-10-05 08:44:41,300 - INFO - Average scaled reward over 100 validation episodes after 400 total training episodes: 0.003
2019-10-05 08:44:41,300 - INFO - Training for 100 episodes...
2019-10-05 08:45:23,434 - INFO - Training of 100 finished with following result:
2019-10-05 08:45:23,434 - INFO - Average total reward over 100 training episodes after 500 total training episodes: 0.289
2019-10-05 08:45:23,434 - INFO - Average scaled reward over 100 training episodes after 500 total training episodes: 0.003
2019-10-05 08:45:23,434 - INFO - Total environmental steps in training mode up to now: 50000
2019-10-05 08:45:23,434 - INFO - Saving the agent...
2019-10-05 08:45:25,811 - INFO - Validating for 100 episodes...
2019-10-05 08:46:04,955 - INFO - Training of 100 finished with following result:
2019-10-05 08:46:04,955 - INFO - Average total reward over 100 validation episodes after 500 total training episodes: 0.27
2019-10-05 08:46:04,955 - INFO - Average scaled reward over 100 validation episodes after 500 total training episodes: 0.003
2019-10-05 08:46:04,955 - INFO - Training for 100 episodes...
2019-10-05 08:46:48,241 - INFO - Training of 100 finished with following result:
2019-10-05 08:46:48,241 - INFO - Average total reward over 100 training episodes after 600 total training episodes: 0.31
2019-10-05 08:46:48,241 - INFO - Average scaled reward over 100 training episodes after 600 total training episodes: 0.003
2019-10-05 08:46:48,241 - INFO - Total environmental steps in training mode up to now: 60000
2019-10-05 08:46:48,241 - INFO - Saving the agent...
2019-10-05 08:46:50,899 - INFO - Validating for 100 episodes...
2019-10-05 08:47:32,972 - INFO - Training of 100 finished with following result:
2019-10-05 08:47:32,972 - INFO - Average total reward over 100 validation episodes after 600 total training episodes: 0.284
2019-10-05 08:47:32,972 - INFO - Average scaled reward over 100 validation episodes after 600 total training episodes: 0.003
2019-10-05 08:47:32,972 - INFO - Training for 100 episodes...
2019-10-05 08:48:17,723 - INFO - Training of 100 finished with following result:
2019-10-05 08:48:17,736 - INFO - Average total reward over 100 training episodes after 700 total training episodes: 0.25
2019-10-05 08:48:17,736 - INFO - Average scaled reward over 100 training episodes after 700 total training episodes: 0.002
2019-10-05 08:48:17,736 - INFO - Total environmental steps in training mode up to now: 70000
2019-10-05 08:48:17,736 - INFO - Saving the agent...
2019-10-05 08:48:19,993 - INFO - Validating for 100 episodes...
2019-10-05 08:49:01,213 - INFO - Training of 100 finished with following result:
2019-10-05 08:49:01,213 - INFO - Average total reward over 100 validation episodes after 700 total training episodes: 0.206
2019-10-05 08:49:01,213 - INFO - Average scaled reward over 100 validation episodes after 700 total training episodes: 0.002
2019-10-05 08:49:01,213 - INFO - Training for 100 episodes...
2019-10-05 08:49:44,901 - INFO - Training of 100 finished with following result:
2019-10-05 08:49:44,902 - INFO - Average total reward over 100 training episodes after 800 total training episodes: 0.26
2019-10-05 08:49:44,902 - INFO - Average scaled reward over 100 training episodes after 800 total training episodes: 0.003
2019-10-05 08:49:44,902 - INFO - Total environmental steps in training mode up to now: 80000
2019-10-05 08:49:44,902 - INFO - Saving the agent...
2019-10-05 08:49:47,261 - INFO - Validating for 100 episodes...
2019-10-05 08:50:27,061 - INFO - Training of 100 finished with following result:
2019-10-05 08:50:27,062 - INFO - Average total reward over 100 validation episodes after 800 total training episodes: 0.291
2019-10-05 08:50:27,062 - INFO - Average scaled reward over 100 validation episodes after 800 total training episodes: 0.003
2019-10-05 08:50:27,062 - INFO - Training for 100 episodes...
2019-10-05 08:51:11,222 - INFO - Training of 100 finished with following result:
2019-10-05 08:51:11,222 - INFO - Average total reward over 100 training episodes after 900 total training episodes: 0.275
2019-10-05 08:51:11,222 - INFO - Average scaled reward over 100 training episodes after 900 total training episodes: 0.003
2019-10-05 08:51:11,222 - INFO - Total environmental steps in training mode up to now: 90000
2019-10-05 08:51:11,223 - INFO - Saving the agent...
2019-10-05 08:51:13,659 - INFO - Validating for 100 episodes...
2019-10-05 08:51:52,381 - INFO - Training of 100 finished with following result:
2019-10-05 08:51:52,381 - INFO - Average total reward over 100 validation episodes after 900 total training episodes: 0.31
2019-10-05 08:51:52,381 - INFO - Average scaled reward over 100 validation episodes after 900 total training episodes: 0.003
2019-10-05 08:51:52,381 - INFO - Training for 100 episodes...
2019-10-05 08:52:35,598 - INFO - Training of 100 finished with following result:
2019-10-05 08:52:35,598 - INFO - Average total reward over 100 training episodes after 1000 total training episodes: 0.313
2019-10-05 08:52:35,598 - INFO - Average scaled reward over 100 training episodes after 1000 total training episodes: 0.003
2019-10-05 08:52:35,598 - INFO - Total environmental steps in training mode up to now: 100000
2019-10-05 08:52:35,598 - INFO - Saving the agent...
2019-10-05 08:52:37,766 - INFO - Validating for 100 episodes...
2019-10-05 08:53:17,973 - INFO - Training of 100 finished with following result:
2019-10-05 08:53:17,974 - INFO - Average total reward over 100 validation episodes after 1000 total training episodes: 0.306
2019-10-05 08:53:17,974 - INFO - Average scaled reward over 100 validation episodes after 1000 total training episodes: 0.003
2019-10-05 08:53:17,974 - INFO - Training for 100 episodes...
2019-10-05 08:54:02,885 - INFO - Training of 100 finished with following result:
2019-10-05 08:54:02,885 - INFO - Average total reward over 100 training episodes after 1100 total training episodes: 0.319
2019-10-05 08:54:02,885 - INFO - Average scaled reward over 100 training episodes after 1100 total training episodes: 0.003
2019-10-05 08:54:02,885 - INFO - Total environmental steps in training mode up to now: 110000
2019-10-05 08:54:02,886 - INFO - Saving the agent...
2019-10-05 08:54:05,346 - INFO - Validating for 100 episodes...
2019-10-05 08:54:46,675 - INFO - Training of 100 finished with following result:
2019-10-05 08:54:46,675 - INFO - Average total reward over 100 validation episodes after 1100 total training episodes: 0.321
2019-10-05 08:54:46,675 - INFO - Average scaled reward over 100 validation episodes after 1100 total training episodes: 0.003
2019-10-05 08:54:46,675 - INFO - Training for 100 episodes...
2019-10-05 08:55:28,486 - INFO - Training of 100 finished with following result:
2019-10-05 08:55:28,500 - INFO - Average total reward over 100 training episodes after 1200 total training episodes: 0.312
2019-10-05 08:55:28,500 - INFO - Average scaled reward over 100 training episodes after 1200 total training episodes: 0.003
2019-10-05 08:55:28,500 - INFO - Total environmental steps in training mode up to now: 120000
2019-10-05 08:55:28,500 - INFO - Saving the agent...
2019-10-05 08:55:30,987 - INFO - Validating for 100 episodes...
2019-10-05 08:56:13,593 - INFO - Training of 100 finished with following result:
2019-10-05 08:56:13,593 - INFO - Average total reward over 100 validation episodes after 1200 total training episodes: 0.315
2019-10-05 08:56:13,594 - INFO - Average scaled reward over 100 validation episodes after 1200 total training episodes: 0.003
2019-10-05 08:56:13,594 - INFO - Training for 100 episodes...
2019-10-05 08:56:58,649 - INFO - Training of 100 finished with following result:
2019-10-05 08:56:58,649 - INFO - Average total reward over 100 training episodes after 1300 total training episodes: 0.312
2019-10-05 08:56:58,649 - INFO - Average scaled reward over 100 training episodes after 1300 total training episodes: 0.003
2019-10-05 08:56:58,649 - INFO - Total environmental steps in training mode up to now: 130000
2019-10-05 08:56:58,650 - INFO - Saving the agent...
2019-10-05 08:57:01,127 - INFO - Validating for 100 episodes...
2019-10-05 08:57:42,542 - INFO - Training of 100 finished with following result:
2019-10-05 08:57:42,542 - INFO - Average total reward over 100 validation episodes after 1300 total training episodes: 0.339
2019-10-05 08:57:42,542 - INFO - Average scaled reward over 100 validation episodes after 1300 total training episodes: 0.003
2019-10-05 08:57:42,542 - INFO - Training for 100 episodes...
2019-10-05 08:58:26,331 - INFO - Training of 100 finished with following result:
2019-10-05 08:58:26,331 - INFO - Average total reward over 100 training episodes after 1400 total training episodes: 0.329
2019-10-05 08:58:26,331 - INFO - Average scaled reward over 100 training episodes after 1400 total training episodes: 0.003
2019-10-05 08:58:26,331 - INFO - Total environmental steps in training mode up to now: 140000
2019-10-05 08:58:26,331 - INFO - Saving the agent...
2019-10-05 08:58:28,593 - INFO - Validating for 100 episodes...
2019-10-05 08:59:10,860 - INFO - Training of 100 finished with following result:
2019-10-05 08:59:10,860 - INFO - Average total reward over 100 validation episodes after 1400 total training episodes: 0.337
2019-10-05 08:59:10,860 - INFO - Average scaled reward over 100 validation episodes after 1400 total training episodes: 0.003
2019-10-05 08:59:10,860 - INFO - Training for 100 episodes...
2019-10-05 08:59:54,062 - INFO - Training of 100 finished with following result:
2019-10-05 08:59:54,062 - INFO - Average total reward over 100 training episodes after 1500 total training episodes: 0.329
2019-10-05 08:59:54,068 - INFO - Average scaled reward over 100 training episodes after 1500 total training episodes: 0.003
2019-10-05 08:59:54,068 - INFO - Total environmental steps in training mode up to now: 150000
2019-10-05 08:59:54,068 - INFO - Saving the agent...
2019-10-05 08:59:56,595 - INFO - Validating for 100 episodes...
2019-10-05 09:00:37,786 - INFO - Training of 100 finished with following result:
2019-10-05 09:00:37,804 - INFO - Average total reward over 100 validation episodes after 1500 total training episodes: 0.334
2019-10-05 09:00:37,804 - INFO - Average scaled reward over 100 validation episodes after 1500 total training episodes: 0.003
2019-10-05 09:00:37,804 - INFO - Training for 100 episodes...
2019-10-05 09:01:21,459 - INFO - Training of 100 finished with following result:
2019-10-05 09:01:21,460 - INFO - Average total reward over 100 training episodes after 1600 total training episodes: 0.344
2019-10-05 09:01:21,460 - INFO - Average scaled reward over 100 training episodes after 1600 total training episodes: 0.003
2019-10-05 09:01:21,460 - INFO - Total environmental steps in training mode up to now: 160000
2019-10-05 09:01:21,460 - INFO - Saving the agent...
2019-10-05 09:01:23,912 - INFO - Validating for 100 episodes...
2019-10-05 09:02:03,831 - INFO - Training of 100 finished with following result:
2019-10-05 09:02:03,831 - INFO - Average total reward over 100 validation episodes after 1600 total training episodes: 0.346
2019-10-05 09:02:03,831 - INFO - Average scaled reward over 100 validation episodes after 1600 total training episodes: 0.003
2019-10-05 09:02:03,831 - INFO - Training for 100 episodes...
2019-10-05 09:02:48,770 - INFO - Training of 100 finished with following result:
2019-10-05 09:02:48,771 - INFO - Average total reward over 100 training episodes after 1700 total training episodes: 0.34
2019-10-05 09:02:48,771 - INFO - Average scaled reward over 100 training episodes after 1700 total training episodes: 0.003
2019-10-05 09:02:48,771 - INFO - Total environmental steps in training mode up to now: 170000
2019-10-05 09:02:48,771 - INFO - Saving the agent...
2019-10-05 09:02:51,127 - INFO - Validating for 100 episodes...
2019-10-05 09:03:32,828 - INFO - Training of 100 finished with following result:
2019-10-05 09:03:32,828 - INFO - Average total reward over 100 validation episodes after 1700 total training episodes: 0.341
2019-10-05 09:03:32,828 - INFO - Average scaled reward over 100 validation episodes after 1700 total training episodes: 0.003
2019-10-05 09:03:32,828 - INFO - Training for 100 episodes...
2019-10-05 09:04:17,833 - INFO - Training of 100 finished with following result:
2019-10-05 09:04:17,833 - INFO - Average total reward over 100 training episodes after 1800 total training episodes: 0.352
2019-10-05 09:04:17,833 - INFO - Average scaled reward over 100 training episodes after 1800 total training episodes: 0.004
2019-10-05 09:04:17,833 - INFO - Total environmental steps in training mode up to now: 180000
2019-10-05 09:04:17,833 - INFO - Saving the agent...
2019-10-05 09:04:20,142 - INFO - Validating for 100 episodes...
2019-10-05 09:05:02,841 - INFO - Training of 100 finished with following result:
2019-10-05 09:05:02,841 - INFO - Average total reward over 100 validation episodes after 1800 total training episodes: 0.325
2019-10-05 09:05:02,842 - INFO - Average scaled reward over 100 validation episodes after 1800 total training episodes: 0.003
2019-10-05 09:05:02,842 - INFO - Training for 100 episodes...
2019-10-05 09:05:46,131 - INFO - Training of 100 finished with following result:
2019-10-05 09:05:46,131 - INFO - Average total reward over 100 training episodes after 1900 total training episodes: 0.333
2019-10-05 09:05:46,131 - INFO - Average scaled reward over 100 training episodes after 1900 total training episodes: 0.003
2019-10-05 09:05:46,131 - INFO - Total environmental steps in training mode up to now: 190000
2019-10-05 09:05:46,131 - INFO - Saving the agent...
2019-10-05 09:05:48,559 - INFO - Validating for 100 episodes...
2019-10-05 09:06:30,290 - INFO - Training of 100 finished with following result:
2019-10-05 09:06:30,290 - INFO - Average total reward over 100 validation episodes after 1900 total training episodes: 0.335
2019-10-05 09:06:30,290 - INFO - Average scaled reward over 100 validation episodes after 1900 total training episodes: 0.003
2019-10-05 09:06:30,291 - INFO - Training for 100 episodes...
2019-10-05 09:07:15,885 - INFO - Training of 100 finished with following result:
2019-10-05 09:07:15,886 - INFO - Average total reward over 100 training episodes after 2000 total training episodes: 0.332
2019-10-05 09:07:15,886 - INFO - Average scaled reward over 100 training episodes after 2000 total training episodes: 0.003
2019-10-05 09:07:15,886 - INFO - Total environmental steps in training mode up to now: 200000
2019-10-05 09:07:15,886 - INFO - Saving the agent...
2019-10-05 09:07:18,363 - INFO - Validating for 100 episodes...
2019-10-05 09:07:57,624 - INFO - Training of 100 finished with following result:
2019-10-05 09:07:57,625 - INFO - Average total reward over 100 validation episodes after 2000 total training episodes: 0.335
2019-10-05 09:07:57,625 - INFO - Average scaled reward over 100 validation episodes after 2000 total training episodes: 0.003
2019-10-05 09:07:57,625 - INFO - Training for 100 episodes...
2019-10-05 09:08:42,883 - INFO - Training of 100 finished with following result:
2019-10-05 09:08:42,884 - INFO - Average total reward over 100 training episodes after 2100 total training episodes: 0.344
2019-10-05 09:08:42,884 - INFO - Average scaled reward over 100 training episodes after 2100 total training episodes: 0.003
2019-10-05 09:08:42,884 - INFO - Total environmental steps in training mode up to now: 210000
2019-10-05 09:08:42,884 - INFO - Saving the agent...
2019-10-05 09:08:45,199 - INFO - Validating for 100 episodes...
2019-10-05 09:09:27,588 - INFO - Training of 100 finished with following result:
2019-10-05 09:09:27,589 - INFO - Average total reward over 100 validation episodes after 2100 total training episodes: 0.333
2019-10-05 09:09:27,589 - INFO - Average scaled reward over 100 validation episodes after 2100 total training episodes: 0.003
2019-10-05 09:09:27,589 - INFO - Training for 100 episodes...
2019-10-05 09:10:12,527 - INFO - Training of 100 finished with following result:
2019-10-05 09:10:12,545 - INFO - Average total reward over 100 training episodes after 2200 total training episodes: 0.337
2019-10-05 09:10:12,546 - INFO - Average scaled reward over 100 training episodes after 2200 total training episodes: 0.003
2019-10-05 09:10:12,546 - INFO - Total environmental steps in training mode up to now: 220000
2019-10-05 09:10:12,546 - INFO - Saving the agent...
2019-10-05 09:10:14,849 - INFO - Validating for 100 episodes...
2019-10-05 09:10:57,804 - INFO - Training of 100 finished with following result:
2019-10-05 09:10:57,804 - INFO - Average total reward over 100 validation episodes after 2200 total training episodes: 0.331
2019-10-05 09:10:57,804 - INFO - Average scaled reward over 100 validation episodes after 2200 total training episodes: 0.003
2019-10-05 09:10:57,804 - INFO - Training for 100 episodes...
2019-10-05 09:11:42,926 - INFO - Training of 100 finished with following result:
2019-10-05 09:11:42,926 - INFO - Average total reward over 100 training episodes after 2300 total training episodes: 0.34
2019-10-05 09:11:42,926 - INFO - Average scaled reward over 100 training episodes after 2300 total training episodes: 0.003
2019-10-05 09:11:42,926 - INFO - Total environmental steps in training mode up to now: 230000
2019-10-05 09:11:42,926 - INFO - Saving the agent...
2019-10-05 09:11:45,322 - INFO - Validating for 100 episodes...
2019-10-05 09:12:26,194 - INFO - Training of 100 finished with following result:
2019-10-05 09:12:26,204 - INFO - Average total reward over 100 validation episodes after 2300 total training episodes: 0.337
2019-10-05 09:12:26,204 - INFO - Average scaled reward over 100 validation episodes after 2300 total training episodes: 0.003
2019-10-05 09:12:26,204 - INFO - Training for 100 episodes...
2019-10-05 09:13:09,329 - INFO - Training of 100 finished with following result:
2019-10-05 09:13:09,329 - INFO - Average total reward over 100 training episodes after 2400 total training episodes: 0.353
2019-10-05 09:13:09,329 - INFO - Average scaled reward over 100 training episodes after 2400 total training episodes: 0.004
2019-10-05 09:13:09,329 - INFO - Total environmental steps in training mode up to now: 240000
2019-10-05 09:13:09,329 - INFO - Saving the agent...
2019-10-05 09:13:11,926 - INFO - Validating for 100 episodes...
2019-10-05 09:13:53,074 - INFO - Training of 100 finished with following result:
2019-10-05 09:13:53,074 - INFO - Average total reward over 100 validation episodes after 2400 total training episodes: 0.355
2019-10-05 09:13:53,074 - INFO - Average scaled reward over 100 validation episodes after 2400 total training episodes: 0.004
2019-10-05 09:13:53,074 - INFO - Validation of the agent is successful
2019-10-05 09:13:53,074 - INFO - End of training
2019-10-05 09:13:53,074 - INFO - Cycle 1 - Testing for 100 episodes...
2019-10-05 09:14:33,191 - INFO - Testing of 100 finished with following result:
2019-10-05 09:14:33,191 - INFO - Average total reward over 100 test episodes: 0.328
2019-10-05 09:14:33,191 - INFO - Average scaled reward over 100 test episodes: 0.003
2019-10-05 09:14:33,191 - INFO - Cycle 2 - Testing for 100 episodes...
2019-10-05 09:15:15,320 - INFO - Testing of 100 finished with following result:
2019-10-05 09:15:15,320 - INFO - Average total reward over 100 test episodes: 0.343
2019-10-05 09:15:15,320 - INFO - Average scaled reward over 100 test episodes: 0.003
2019-10-05 09:15:15,320 - INFO - Cycle 3 - Testing for 100 episodes...
2019-10-05 09:15:56,258 - INFO - Testing of 100 finished with following result:
2019-10-05 09:15:56,258 - INFO - Average total reward over 100 test episodes: 0.355
2019-10-05 09:15:56,258 - INFO - Average scaled reward over 100 test episodes: 0.004
2019-10-05 09:15:56,258 - INFO - Cycle 4 - Testing for 100 episodes...
2019-10-05 09:16:36,557 - INFO - Testing of 100 finished with following result:
2019-10-05 09:16:36,558 - INFO - Average total reward over 100 test episodes: 0.351
2019-10-05 09:16:36,558 - INFO - Average scaled reward over 100 test episodes: 0.004
2019-10-05 09:16:36,558 - INFO - Cycle 5 - Testing for 100 episodes...
2019-10-05 09:17:15,323 - INFO - Testing of 100 finished with following result:
2019-10-05 09:17:15,340 - INFO - Average total reward over 100 test episodes: 0.346
2019-10-05 09:17:15,340 - INFO - Average scaled reward over 100 test episodes: 0.003
2019-10-05 09:17:15,340 - INFO - Cycle 6 - Testing for 100 episodes...
2019-10-05 09:17:58,415 - INFO - Testing of 100 finished with following result:
2019-10-05 09:17:58,415 - INFO - Average total reward over 100 test episodes: 0.352
2019-10-05 09:17:58,415 - INFO - Average scaled reward over 100 test episodes: 0.004
2019-10-05 09:17:58,415 - INFO - Cycle 7 - Testing for 100 episodes...
2019-10-05 09:18:40,783 - INFO - Testing of 100 finished with following result:
2019-10-05 09:18:40,784 - INFO - Average total reward over 100 test episodes: 0.324
2019-10-05 09:18:40,784 - INFO - Average scaled reward over 100 test episodes: 0.003
2019-10-05 09:18:40,784 - INFO - Cycle 8 - Testing for 100 episodes...
2019-10-05 09:19:17,020 - INFO - Testing of 100 finished with following result:
2019-10-05 09:19:17,020 - INFO - Average total reward over 100 test episodes: 0.35
2019-10-05 09:19:17,020 - INFO - Average scaled reward over 100 test episodes: 0.003
2019-10-05 09:19:17,020 - INFO - Cycle 9 - Testing for 100 episodes...
2019-10-05 09:19:55,569 - INFO - Testing of 100 finished with following result:
2019-10-05 09:19:55,569 - INFO - Average total reward over 100 test episodes: 0.346
2019-10-05 09:19:55,569 - INFO - Average scaled reward over 100 test episodes: 0.003
2019-10-05 09:19:55,569 - INFO - Cycle 10 - Testing for 100 episodes...
2019-10-05 09:20:34,760 - INFO - Testing of 100 finished with following result:
2019-10-05 09:20:34,760 - INFO - Average total reward over 100 test episodes: 0.351
2019-10-05 09:20:34,760 - INFO - Average scaled reward over 100 test episodes: 0.004
2019-10-05 09:20:34,761 - INFO - End of test
2019-10-05 09:20:34,761 - INFO - Average test total reward is 0.345 with 2400 training episodes
2019-10-05 09:20:34,761 - INFO - Average test scaled reward is 0.003 with 2400 training episodes
2019-10-05 09:20:34,761 - INFO - Max test total reward over 100 and 10 cycles is: 0.355
2019-10-05 09:20:34,761 - INFO - Max test scaled reward over 100 and 10 cycles is: 0.004
2019-10-05 09:20:34,761 - INFO - Saving plots...
2019-10-05 09:20:38,936 - INFO - Plots saved successfully
2019-10-05 09:20:38,937 - INFO - The experiment terminated successfully
