2019-09-22 11:04:21,293 - INFO - Dueling Double DQN with Prioritized Experience Replay (100000 buffer capacity)
Six dense layer with 2048 neurons each using xavier initialization
Learning rate: 0.000001
Discount factor: 0.60
Weight copy step interval: 1000
Batch size: 150
Boltzmann exploration policy with temperature decay: 0.00002 per episode
Success threshold: 0.25 scaled reward on average over last 20 steps among all the validation volleys episodes
Max allowed steps for episode: 30
Acceptance value: none

2019-09-22 11:04:21,294 - INFO - Setup of experiment b_experiment...
2019-09-22 11:04:21,294 - INFO - Environment setup...
2019-09-22 11:04:21,294 - INFO - Environment setup is successful!
2019-09-22 11:04:21,294 - INFO - Agent setup...
2019-09-22 11:04:21,294 - INFO - Setup of agent dddqn_boltzmann_agent with scope b_experiment...
2019-09-22 11:04:21,296 - INFO - A Tensorboard summary for the agent will be updated during training of its internal model
2019-09-22 11:04:21,296 - INFO - Tensorboard summary path: ./experiments/rng_discrete_dddql_s10_r5-5_2019-09-22/b_experiment/summary
2019-09-22 11:04:21,296 - INFO - Generating exploration policy...
2019-09-22 11:04:21,296 - INFO - Generating model model with scope b_experiment/dddqn_boltzmann_agent...
2019-09-22 11:04:21,296 - INFO - Model generation successful
2019-09-22 11:04:22,389 - INFO - Agent setup is successful!
2019-09-22 11:04:22,447 - INFO - Agent internal model will be saved after each train volley
2019-09-22 11:04:22,447 - INFO - Agent internal model metagraph save path: ./experiments/rng_discrete_dddql_s10_r5-5_2019-09-22/b_experiment/metagraph
2019-09-22 11:04:22,448 - INFO - Tensorflow configuration is successful!
2019-09-22 11:04:22,448 - INFO - Experiment setup is successful. Now can conduct the experiment
2019-09-22 11:04:22,448 - INFO - Conducting experiment b_experiment...
2019-09-22 11:04:27,219 - INFO - Model initialized to default state
2019-09-22 11:04:27,372 - INFO - Warming-up for 100000 episodes...
2019-09-22 11:21:33,854 - INFO - Training for 1000 episodes...
2019-09-22 11:54:45,705 - INFO - Training of 1000 finished with following result:
2019-09-22 11:54:45,705 - INFO - Average total reward over 1000 training episodes after 1000 total training episodes: 0.297
2019-09-22 11:54:45,705 - INFO - Average scaled reward over 1000 training episodes after 1000 total training episodes: 0.01
2019-09-22 11:54:45,705 - INFO - Total environmental steps in training mode up to now: 30000
2019-09-22 11:54:45,705 - INFO - Saving the agent...
2019-09-22 11:54:46,261 - INFO - Validating for 1000 episodes...
2019-09-22 11:56:42,782 - INFO - Training of 1000 finished with following result:
2019-09-22 11:56:42,783 - INFO - Average total reward over 1000 validation episodes after 1000 total training episodes: 3.637
2019-09-22 11:56:42,783 - INFO - Average scaled reward over 1000 validation episodes after 1000 total training episodes: 0.121
2019-09-22 11:56:42,821 - INFO - Average scaled reward of the last 20 steps over 1000 validation episodes: 0.152
2019-09-22 11:56:42,821 - INFO - Training for 1000 episodes...
2019-09-22 12:30:02,120 - INFO - Training of 1000 finished with following result:
2019-09-22 12:30:02,121 - INFO - Average total reward over 1000 training episodes after 2000 total training episodes: 0.326
2019-09-22 12:30:02,121 - INFO - Average scaled reward over 1000 training episodes after 2000 total training episodes: 0.011
2019-09-22 12:30:02,121 - INFO - Total environmental steps in training mode up to now: 60000
2019-09-22 12:30:02,121 - INFO - Saving the agent...
2019-09-22 12:30:03,803 - INFO - Validating for 1000 episodes...
2019-09-22 12:31:56,840 - INFO - Training of 1000 finished with following result:
2019-09-22 12:31:56,840 - INFO - Average total reward over 1000 validation episodes after 2000 total training episodes: 2.859
2019-09-22 12:31:56,840 - INFO - Average scaled reward over 1000 validation episodes after 2000 total training episodes: 0.095
2019-09-22 12:31:56,879 - INFO - Average scaled reward of the last 20 steps over 1000 validation episodes: 0.121
2019-09-22 12:31:56,879 - INFO - Training for 1000 episodes...
2019-09-22 13:05:18,471 - INFO - Training of 1000 finished with following result:
2019-09-22 13:05:18,471 - INFO - Average total reward over 1000 training episodes after 3000 total training episodes: 0.351
2019-09-22 13:05:18,472 - INFO - Average scaled reward over 1000 training episodes after 3000 total training episodes: 0.012
2019-09-22 13:05:18,472 - INFO - Total environmental steps in training mode up to now: 90000
2019-09-22 13:05:18,472 - INFO - Saving the agent...
2019-09-22 13:05:20,154 - INFO - Validating for 1000 episodes...
2019-09-22 13:07:10,919 - INFO - Training of 1000 finished with following result:
2019-09-22 13:07:10,919 - INFO - Average total reward over 1000 validation episodes after 3000 total training episodes: 2.904
2019-09-22 13:07:10,919 - INFO - Average scaled reward over 1000 validation episodes after 3000 total training episodes: 0.097
2019-09-22 13:07:10,957 - INFO - Average scaled reward of the last 20 steps over 1000 validation episodes: 0.118
2019-09-22 13:07:10,957 - INFO - Training for 1000 episodes...
2019-09-22 13:40:28,842 - INFO - Training of 1000 finished with following result:
2019-09-22 13:40:28,842 - INFO - Average total reward over 1000 training episodes after 4000 total training episodes: 0.379
2019-09-22 13:40:28,842 - INFO - Average scaled reward over 1000 training episodes after 4000 total training episodes: 0.013
2019-09-22 13:40:28,842 - INFO - Total environmental steps in training mode up to now: 120000
2019-09-22 13:40:28,842 - INFO - Saving the agent...
2019-09-22 13:40:30,454 - INFO - Validating for 1000 episodes...
2019-09-22 13:42:14,310 - INFO - Training of 1000 finished with following result:
2019-09-22 13:42:14,310 - INFO - Average total reward over 1000 validation episodes after 4000 total training episodes: 2.87
2019-09-22 13:42:14,310 - INFO - Average scaled reward over 1000 validation episodes after 4000 total training episodes: 0.096
2019-09-22 13:42:14,348 - INFO - Average scaled reward of the last 20 steps over 1000 validation episodes: 0.116
2019-09-22 13:42:14,348 - INFO - Training for 1000 episodes...
2019-09-22 14:15:31,965 - INFO - Training of 1000 finished with following result:
2019-09-22 14:15:31,966 - INFO - Average total reward over 1000 training episodes after 5000 total training episodes: 0.394
2019-09-22 14:15:31,966 - INFO - Average scaled reward over 1000 training episodes after 5000 total training episodes: 0.013
2019-09-22 14:15:31,966 - INFO - Total environmental steps in training mode up to now: 150000
2019-09-22 14:15:31,966 - INFO - Saving the agent...
2019-09-22 14:15:33,676 - INFO - Validating for 1000 episodes...
2019-09-22 14:17:22,114 - INFO - Training of 1000 finished with following result:
2019-09-22 14:17:22,114 - INFO - Average total reward over 1000 validation episodes after 5000 total training episodes: 3.047
2019-09-22 14:17:22,114 - INFO - Average scaled reward over 1000 validation episodes after 5000 total training episodes: 0.102
2019-09-22 14:17:22,154 - INFO - Average scaled reward of the last 20 steps over 1000 validation episodes: 0.125
2019-09-22 14:17:22,155 - INFO - Training for 1000 episodes...
2019-09-22 14:50:47,100 - INFO - Training of 1000 finished with following result:
2019-09-22 14:50:47,100 - INFO - Average total reward over 1000 training episodes after 6000 total training episodes: 0.379
2019-09-22 14:50:47,101 - INFO - Average scaled reward over 1000 training episodes after 6000 total training episodes: 0.013
2019-09-22 14:50:47,101 - INFO - Total environmental steps in training mode up to now: 180000
2019-09-22 14:50:47,101 - INFO - Saving the agent...
2019-09-22 14:50:48,632 - INFO - Validating for 1000 episodes...
2019-09-22 14:52:41,644 - INFO - Training of 1000 finished with following result:
2019-09-22 14:52:41,644 - INFO - Average total reward over 1000 validation episodes after 6000 total training episodes: 3.722
2019-09-22 14:52:41,644 - INFO - Average scaled reward over 1000 validation episodes after 6000 total training episodes: 0.124
2019-09-22 14:52:41,682 - INFO - Average scaled reward of the last 20 steps over 1000 validation episodes: 0.152
2019-09-22 14:52:41,683 - INFO - Training for 1000 episodes...
2019-09-22 15:26:02,993 - INFO - Training of 1000 finished with following result:
2019-09-22 15:26:02,993 - INFO - Average total reward over 1000 training episodes after 7000 total training episodes: 0.35
2019-09-22 15:26:02,993 - INFO - Average scaled reward over 1000 training episodes after 7000 total training episodes: 0.012
2019-09-22 15:26:02,993 - INFO - Total environmental steps in training mode up to now: 210000
2019-09-22 15:26:02,993 - INFO - Saving the agent...
2019-09-22 15:26:04,765 - INFO - Validating for 1000 episodes...
2019-09-22 15:27:53,755 - INFO - Training of 1000 finished with following result:
2019-09-22 15:27:53,755 - INFO - Average total reward over 1000 validation episodes after 7000 total training episodes: 3.128
2019-09-22 15:27:53,755 - INFO - Average scaled reward over 1000 validation episodes after 7000 total training episodes: 0.104
2019-09-22 15:27:53,793 - INFO - Average scaled reward of the last 20 steps over 1000 validation episodes: 0.129
2019-09-22 15:27:53,793 - INFO - Training for 1000 episodes...
2019-09-22 16:01:15,855 - INFO - Training of 1000 finished with following result:
2019-09-22 16:01:15,855 - INFO - Average total reward over 1000 training episodes after 8000 total training episodes: 0.35
2019-09-22 16:01:15,855 - INFO - Average scaled reward over 1000 training episodes after 8000 total training episodes: 0.012
2019-09-22 16:01:15,855 - INFO - Total environmental steps in training mode up to now: 240000
2019-09-22 16:01:15,855 - INFO - Saving the agent...
2019-09-22 16:01:17,443 - INFO - Validating for 1000 episodes...
2019-09-22 16:03:11,812 - INFO - Training of 1000 finished with following result:
2019-09-22 16:03:11,812 - INFO - Average total reward over 1000 validation episodes after 8000 total training episodes: 3.393
2019-09-22 16:03:11,812 - INFO - Average scaled reward over 1000 validation episodes after 8000 total training episodes: 0.113
2019-09-22 16:03:11,850 - INFO - Average scaled reward of the last 20 steps over 1000 validation episodes: 0.14
2019-09-22 16:03:11,850 - INFO - Training for 1000 episodes...
2019-09-22 16:36:32,817 - INFO - Training of 1000 finished with following result:
2019-09-22 16:36:32,817 - INFO - Average total reward over 1000 training episodes after 9000 total training episodes: 0.379
2019-09-22 16:36:32,817 - INFO - Average scaled reward over 1000 training episodes after 9000 total training episodes: 0.013
2019-09-22 16:36:32,817 - INFO - Total environmental steps in training mode up to now: 270000
2019-09-22 16:36:32,817 - INFO - Saving the agent...
2019-09-22 16:36:34,408 - INFO - Validating for 1000 episodes...
2019-09-22 16:38:18,419 - INFO - Training of 1000 finished with following result:
2019-09-22 16:38:18,419 - INFO - Average total reward over 1000 validation episodes after 9000 total training episodes: 2.591
2019-09-22 16:38:18,419 - INFO - Average scaled reward over 1000 validation episodes after 9000 total training episodes: 0.086
2019-09-22 16:38:18,458 - INFO - Average scaled reward of the last 20 steps over 1000 validation episodes: 0.106
2019-09-22 16:38:18,458 - INFO - Training for 1000 episodes...
2019-09-22 17:11:38,934 - INFO - Training of 1000 finished with following result:
2019-09-22 17:11:38,934 - INFO - Average total reward over 1000 training episodes after 10000 total training episodes: 0.342
2019-09-22 17:11:38,934 - INFO - Average scaled reward over 1000 training episodes after 10000 total training episodes: 0.011
2019-09-22 17:11:38,935 - INFO - Total environmental steps in training mode up to now: 300000
2019-09-22 17:11:38,935 - INFO - Saving the agent...
2019-09-22 17:11:40,467 - INFO - Validating for 1000 episodes...
2019-09-22 17:13:32,876 - INFO - Training of 1000 finished with following result:
2019-09-22 17:13:32,876 - INFO - Average total reward over 1000 validation episodes after 10000 total training episodes: 3.29
2019-09-22 17:13:32,876 - INFO - Average scaled reward over 1000 validation episodes after 10000 total training episodes: 0.11
2019-09-22 17:13:32,915 - INFO - Average scaled reward of the last 20 steps over 1000 validation episodes: 0.14
2019-09-22 17:13:32,915 - INFO - Training for 1000 episodes...
2019-09-22 17:46:51,468 - INFO - Training of 1000 finished with following result:
2019-09-22 17:46:51,468 - INFO - Average total reward over 1000 training episodes after 11000 total training episodes: 0.364
2019-09-22 17:46:51,468 - INFO - Average scaled reward over 1000 training episodes after 11000 total training episodes: 0.012
2019-09-22 17:46:51,468 - INFO - Total environmental steps in training mode up to now: 330000
2019-09-22 17:46:51,468 - INFO - Saving the agent...
2019-09-22 17:46:53,099 - INFO - Validating for 1000 episodes...
2019-09-22 17:48:42,821 - INFO - Training of 1000 finished with following result:
2019-09-22 17:48:42,821 - INFO - Average total reward over 1000 validation episodes after 11000 total training episodes: 3.606
2019-09-22 17:48:42,821 - INFO - Average scaled reward over 1000 validation episodes after 11000 total training episodes: 0.12
2019-09-22 17:48:42,861 - INFO - Average scaled reward of the last 20 steps over 1000 validation episodes: 0.152
2019-09-22 17:48:42,861 - INFO - Training for 1000 episodes...
2019-09-22 18:22:04,277 - INFO - Training of 1000 finished with following result:
2019-09-22 18:22:04,278 - INFO - Average total reward over 1000 training episodes after 12000 total training episodes: 0.38
2019-09-22 18:22:04,278 - INFO - Average scaled reward over 1000 training episodes after 12000 total training episodes: 0.013
2019-09-22 18:22:04,278 - INFO - Total environmental steps in training mode up to now: 360000
2019-09-22 18:22:04,278 - INFO - Saving the agent...
2019-09-22 18:22:05,943 - INFO - Validating for 1000 episodes...
2019-09-22 18:23:53,256 - INFO - Training of 1000 finished with following result:
2019-09-22 18:23:53,256 - INFO - Average total reward over 1000 validation episodes after 12000 total training episodes: 2.844
2019-09-22 18:23:53,256 - INFO - Average scaled reward over 1000 validation episodes after 12000 total training episodes: 0.095
2019-09-22 18:23:53,294 - INFO - Average scaled reward of the last 20 steps over 1000 validation episodes: 0.117
2019-09-22 18:23:53,294 - INFO - Training for 1000 episodes...
2019-09-22 18:57:15,892 - INFO - Training of 1000 finished with following result:
2019-09-22 18:57:15,893 - INFO - Average total reward over 1000 training episodes after 13000 total training episodes: 0.422
2019-09-22 18:57:15,893 - INFO - Average scaled reward over 1000 training episodes after 13000 total training episodes: 0.014
2019-09-22 18:57:15,893 - INFO - Total environmental steps in training mode up to now: 390000
2019-09-22 18:57:15,893 - INFO - Saving the agent...
2019-09-22 18:57:17,684 - INFO - Validating for 1000 episodes...
2019-09-22 18:59:15,074 - INFO - Training of 1000 finished with following result:
2019-09-22 18:59:15,075 - INFO - Average total reward over 1000 validation episodes after 13000 total training episodes: 3.304
2019-09-22 18:59:15,075 - INFO - Average scaled reward over 1000 validation episodes after 13000 total training episodes: 0.11
2019-09-22 18:59:15,114 - INFO - Average scaled reward of the last 20 steps over 1000 validation episodes: 0.137
2019-09-22 18:59:15,114 - INFO - Training for 1000 episodes...
2019-09-22 19:32:34,874 - INFO - Training of 1000 finished with following result:
2019-09-22 19:32:34,874 - INFO - Average total reward over 1000 training episodes after 14000 total training episodes: 0.388
2019-09-22 19:32:34,874 - INFO - Average scaled reward over 1000 training episodes after 14000 total training episodes: 0.013
2019-09-22 19:32:34,874 - INFO - Total environmental steps in training mode up to now: 420000
2019-09-22 19:32:34,874 - INFO - Saving the agent...
2019-09-22 19:32:36,513 - INFO - Validating for 1000 episodes...
2019-09-22 19:34:26,227 - INFO - Training of 1000 finished with following result:
2019-09-22 19:34:26,227 - INFO - Average total reward over 1000 validation episodes after 14000 total training episodes: 2.832
2019-09-22 19:34:26,227 - INFO - Average scaled reward over 1000 validation episodes after 14000 total training episodes: 0.094
2019-09-22 19:34:26,267 - INFO - Average scaled reward of the last 20 steps over 1000 validation episodes: 0.114
2019-09-22 19:34:26,267 - INFO - Training for 1000 episodes...
2019-09-22 20:07:48,980 - INFO - Training of 1000 finished with following result:
2019-09-22 20:07:48,980 - INFO - Average total reward over 1000 training episodes after 15000 total training episodes: 0.421
2019-09-22 20:07:48,980 - INFO - Average scaled reward over 1000 training episodes after 15000 total training episodes: 0.014
2019-09-22 20:07:48,980 - INFO - Total environmental steps in training mode up to now: 450000
2019-09-22 20:07:48,981 - INFO - Saving the agent...
2019-09-22 20:07:50,567 - INFO - Validating for 1000 episodes...
2019-09-22 20:09:45,004 - INFO - Training of 1000 finished with following result:
2019-09-22 20:09:45,004 - INFO - Average total reward over 1000 validation episodes after 15000 total training episodes: 3.81
2019-09-22 20:09:45,004 - INFO - Average scaled reward over 1000 validation episodes after 15000 total training episodes: 0.127
2019-09-22 20:09:45,045 - INFO - Average scaled reward of the last 20 steps over 1000 validation episodes: 0.164
2019-09-22 20:09:45,046 - INFO - Training for 1000 episodes...
2019-09-22 20:43:03,052 - INFO - Training of 1000 finished with following result:
2019-09-22 20:43:03,053 - INFO - Average total reward over 1000 training episodes after 16000 total training episodes: 0.404
2019-09-22 20:43:03,053 - INFO - Average scaled reward over 1000 training episodes after 16000 total training episodes: 0.013
2019-09-22 20:43:03,053 - INFO - Total environmental steps in training mode up to now: 480000
2019-09-22 20:43:03,053 - INFO - Saving the agent...
2019-09-22 20:43:04,841 - INFO - Validating for 1000 episodes...
2019-09-22 20:44:51,771 - INFO - Training of 1000 finished with following result:
2019-09-22 20:44:51,772 - INFO - Average total reward over 1000 validation episodes after 16000 total training episodes: 3.324
2019-09-22 20:44:51,772 - INFO - Average scaled reward over 1000 validation episodes after 16000 total training episodes: 0.111
2019-09-22 20:44:51,812 - INFO - Average scaled reward of the last 20 steps over 1000 validation episodes: 0.139
2019-09-22 20:44:51,812 - INFO - Training for 1000 episodes...
2019-09-22 21:18:14,708 - INFO - Training of 1000 finished with following result:
2019-09-22 21:18:14,708 - INFO - Average total reward over 1000 training episodes after 17000 total training episodes: 0.416
2019-09-22 21:18:14,709 - INFO - Average scaled reward over 1000 training episodes after 17000 total training episodes: 0.014
2019-09-22 21:18:14,709 - INFO - Total environmental steps in training mode up to now: 510000
2019-09-22 21:18:14,709 - INFO - Saving the agent...
2019-09-22 21:18:16,372 - INFO - Validating for 1000 episodes...
2019-09-22 21:20:09,105 - INFO - Training of 1000 finished with following result:
2019-09-22 21:20:09,106 - INFO - Average total reward over 1000 validation episodes after 17000 total training episodes: 3.721
2019-09-22 21:20:09,106 - INFO - Average scaled reward over 1000 validation episodes after 17000 total training episodes: 0.124
2019-09-22 21:20:09,147 - INFO - Average scaled reward of the last 20 steps over 1000 validation episodes: 0.151
2019-09-22 21:20:09,147 - INFO - Training for 1000 episodes...
2019-09-22 21:53:30,574 - INFO - Training of 1000 finished with following result:
2019-09-22 21:53:30,575 - INFO - Average total reward over 1000 training episodes after 18000 total training episodes: 0.381
2019-09-22 21:53:30,575 - INFO - Average scaled reward over 1000 training episodes after 18000 total training episodes: 0.013
2019-09-22 21:53:30,575 - INFO - Total environmental steps in training mode up to now: 540000
2019-09-22 21:53:30,575 - INFO - Saving the agent...
2019-09-22 21:53:32,138 - INFO - Validating for 1000 episodes...
2019-09-22 21:55:22,499 - INFO - Training of 1000 finished with following result:
2019-09-22 21:55:22,499 - INFO - Average total reward over 1000 validation episodes after 18000 total training episodes: 2.765
2019-09-22 21:55:22,499 - INFO - Average scaled reward over 1000 validation episodes after 18000 total training episodes: 0.092
2019-09-22 21:55:22,539 - INFO - Average scaled reward of the last 20 steps over 1000 validation episodes: 0.117
2019-09-22 21:55:22,539 - INFO - Training for 1000 episodes...
2019-09-22 22:28:45,573 - INFO - Training of 1000 finished with following result:
2019-09-22 22:28:45,573 - INFO - Average total reward over 1000 training episodes after 19000 total training episodes: 0.437
2019-09-22 22:28:45,573 - INFO - Average scaled reward over 1000 training episodes after 19000 total training episodes: 0.015
2019-09-22 22:28:45,573 - INFO - Total environmental steps in training mode up to now: 570000
2019-09-22 22:28:45,573 - INFO - Saving the agent...
2019-09-22 22:28:47,160 - INFO - Validating for 1000 episodes...
2019-09-22 22:30:42,438 - INFO - Training of 1000 finished with following result:
2019-09-22 22:30:42,438 - INFO - Average total reward over 1000 validation episodes after 19000 total training episodes: 3.775
2019-09-22 22:30:42,438 - INFO - Average scaled reward over 1000 validation episodes after 19000 total training episodes: 0.126
2019-09-22 22:30:42,476 - INFO - Average scaled reward of the last 20 steps over 1000 validation episodes: 0.161
2019-09-22 22:30:42,476 - INFO - Training for 1000 episodes...
2019-09-22 23:04:04,131 - INFO - Training of 1000 finished with following result:
2019-09-22 23:04:04,131 - INFO - Average total reward over 1000 training episodes after 20000 total training episodes: 0.4
2019-09-22 23:04:04,131 - INFO - Average scaled reward over 1000 training episodes after 20000 total training episodes: 0.013
2019-09-22 23:04:04,131 - INFO - Total environmental steps in training mode up to now: 600000
2019-09-22 23:04:04,131 - INFO - Saving the agent...
2019-09-22 23:04:05,794 - INFO - Validating for 1000 episodes...
2019-09-22 23:06:01,520 - INFO - Training of 1000 finished with following result:
2019-09-22 23:06:01,520 - INFO - Average total reward over 1000 validation episodes after 20000 total training episodes: 3.341
2019-09-22 23:06:01,521 - INFO - Average scaled reward over 1000 validation episodes after 20000 total training episodes: 0.111
2019-09-22 23:06:01,561 - INFO - Average scaled reward of the last 20 steps over 1000 validation episodes: 0.141
2019-09-22 23:06:01,561 - INFO - Training for 1000 episodes...
2019-09-22 23:39:23,425 - INFO - Training of 1000 finished with following result:
2019-09-22 23:39:23,425 - INFO - Average total reward over 1000 training episodes after 21000 total training episodes: 0.411
2019-09-22 23:39:23,425 - INFO - Average scaled reward over 1000 training episodes after 21000 total training episodes: 0.014
2019-09-22 23:39:23,426 - INFO - Total environmental steps in training mode up to now: 630000
2019-09-22 23:39:23,426 - INFO - Saving the agent...
2019-09-22 23:39:25,142 - INFO - Validating for 1000 episodes...
2019-09-22 23:41:22,565 - INFO - Training of 1000 finished with following result:
2019-09-22 23:41:22,565 - INFO - Average total reward over 1000 validation episodes after 21000 total training episodes: 3.612
2019-09-22 23:41:22,565 - INFO - Average scaled reward over 1000 validation episodes after 21000 total training episodes: 0.12
2019-09-22 23:41:22,604 - INFO - Average scaled reward of the last 20 steps over 1000 validation episodes: 0.151
2019-09-22 23:41:22,604 - INFO - Training for 1000 episodes...
2019-09-23 00:14:42,805 - INFO - Training of 1000 finished with following result:
2019-09-23 00:14:42,805 - INFO - Average total reward over 1000 training episodes after 22000 total training episodes: 0.414
2019-09-23 00:14:42,805 - INFO - Average scaled reward over 1000 training episodes after 22000 total training episodes: 0.014
2019-09-23 00:14:42,805 - INFO - Total environmental steps in training mode up to now: 660000
2019-09-23 00:14:42,805 - INFO - Saving the agent...
2019-09-23 00:14:44,447 - INFO - Validating for 1000 episodes...
2019-09-23 00:16:42,006 - INFO - Training of 1000 finished with following result:
2019-09-23 00:16:42,006 - INFO - Average total reward over 1000 validation episodes after 22000 total training episodes: 4.26
2019-09-23 00:16:42,006 - INFO - Average scaled reward over 1000 validation episodes after 22000 total training episodes: 0.142
2019-09-23 00:16:42,047 - INFO - Average scaled reward of the last 20 steps over 1000 validation episodes: 0.182
2019-09-23 00:16:42,047 - INFO - Training for 1000 episodes...
2019-09-23 00:50:00,441 - INFO - Training of 1000 finished with following result:
2019-09-23 00:50:00,442 - INFO - Average total reward over 1000 training episodes after 23000 total training episodes: 0.421
2019-09-23 00:50:00,442 - INFO - Average scaled reward over 1000 training episodes after 23000 total training episodes: 0.014
2019-09-23 00:50:00,442 - INFO - Total environmental steps in training mode up to now: 690000
2019-09-23 00:50:00,442 - INFO - Saving the agent...
2019-09-23 00:50:02,020 - INFO - Validating for 1000 episodes...
2019-09-23 00:51:53,226 - INFO - Training of 1000 finished with following result:
2019-09-23 00:51:53,227 - INFO - Average total reward over 1000 validation episodes after 23000 total training episodes: 3.48
2019-09-23 00:51:53,227 - INFO - Average scaled reward over 1000 validation episodes after 23000 total training episodes: 0.116
2019-09-23 00:51:53,266 - INFO - Average scaled reward of the last 20 steps over 1000 validation episodes: 0.144
2019-09-23 00:51:53,266 - INFO - Training for 1000 episodes...
2019-09-23 01:25:10,584 - INFO - Training of 1000 finished with following result:
2019-09-23 01:25:10,584 - INFO - Average total reward over 1000 training episodes after 24000 total training episodes: 0.454
2019-09-23 01:25:10,584 - INFO - Average scaled reward over 1000 training episodes after 24000 total training episodes: 0.015
2019-09-23 01:25:10,584 - INFO - Total environmental steps in training mode up to now: 720000
2019-09-23 01:25:10,584 - INFO - Saving the agent...
2019-09-23 01:25:12,463 - INFO - Validating for 1000 episodes...
2019-09-23 01:27:03,982 - INFO - Training of 1000 finished with following result:
2019-09-23 01:27:03,982 - INFO - Average total reward over 1000 validation episodes after 24000 total training episodes: 3.661
2019-09-23 01:27:03,982 - INFO - Average scaled reward over 1000 validation episodes after 24000 total training episodes: 0.122
2019-09-23 01:27:04,021 - INFO - Average scaled reward of the last 20 steps over 1000 validation episodes: 0.15
2019-09-23 01:27:04,021 - INFO - Training for 1000 episodes...
2019-09-23 02:00:23,186 - INFO - Training of 1000 finished with following result:
2019-09-23 02:00:23,186 - INFO - Average total reward over 1000 training episodes after 25000 total training episodes: 0.442
2019-09-23 02:00:23,187 - INFO - Average scaled reward over 1000 training episodes after 25000 total training episodes: 0.015
2019-09-23 02:00:23,187 - INFO - Total environmental steps in training mode up to now: 750000
2019-09-23 02:00:23,187 - INFO - Saving the agent...
2019-09-23 02:00:24,832 - INFO - Validating for 1000 episodes...
2019-09-23 02:02:21,766 - INFO - Training of 1000 finished with following result:
2019-09-23 02:02:21,766 - INFO - Average total reward over 1000 validation episodes after 25000 total training episodes: 3.904
2019-09-23 02:02:21,766 - INFO - Average scaled reward over 1000 validation episodes after 25000 total training episodes: 0.13
2019-09-23 02:02:21,806 - INFO - Average scaled reward of the last 20 steps over 1000 validation episodes: 0.162
2019-09-23 02:02:21,806 - INFO - Training for 1000 episodes...
2019-09-23 02:35:44,786 - INFO - Training of 1000 finished with following result:
2019-09-23 02:35:44,786 - INFO - Average total reward over 1000 training episodes after 26000 total training episodes: 0.481
2019-09-23 02:35:44,787 - INFO - Average scaled reward over 1000 training episodes after 26000 total training episodes: 0.016
2019-09-23 02:35:44,787 - INFO - Total environmental steps in training mode up to now: 780000
2019-09-23 02:35:44,787 - INFO - Saving the agent...
2019-09-23 02:35:46,416 - INFO - Validating for 1000 episodes...
2019-09-23 02:37:35,590 - INFO - Training of 1000 finished with following result:
2019-09-23 02:37:35,590 - INFO - Average total reward over 1000 validation episodes after 26000 total training episodes: 3.389
2019-09-23 02:37:35,590 - INFO - Average scaled reward over 1000 validation episodes after 26000 total training episodes: 0.113
2019-09-23 02:37:35,628 - INFO - Average scaled reward of the last 20 steps over 1000 validation episodes: 0.136
2019-09-23 02:37:35,629 - INFO - Training for 1000 episodes...
2019-09-23 03:10:54,698 - INFO - Training of 1000 finished with following result:
2019-09-23 03:10:54,698 - INFO - Average total reward over 1000 training episodes after 27000 total training episodes: 0.488
2019-09-23 03:10:54,698 - INFO - Average scaled reward over 1000 training episodes after 27000 total training episodes: 0.016
2019-09-23 03:10:54,698 - INFO - Total environmental steps in training mode up to now: 810000
2019-09-23 03:10:54,698 - INFO - Saving the agent...
2019-09-23 03:10:56,371 - INFO - Validating for 1000 episodes...
2019-09-23 03:12:42,584 - INFO - Training of 1000 finished with following result:
2019-09-23 03:12:42,584 - INFO - Average total reward over 1000 validation episodes after 27000 total training episodes: 3.073
2019-09-23 03:12:42,584 - INFO - Average scaled reward over 1000 validation episodes after 27000 total training episodes: 0.102
2019-09-23 03:12:42,622 - INFO - Average scaled reward of the last 20 steps over 1000 validation episodes: 0.125
2019-09-23 03:12:42,622 - INFO - Training for 1000 episodes...
2019-09-23 03:46:05,808 - INFO - Training of 1000 finished with following result:
2019-09-23 03:46:05,808 - INFO - Average total reward over 1000 training episodes after 28000 total training episodes: 0.502
2019-09-23 03:46:05,809 - INFO - Average scaled reward over 1000 training episodes after 28000 total training episodes: 0.017
2019-09-23 03:46:05,809 - INFO - Total environmental steps in training mode up to now: 840000
2019-09-23 03:46:05,809 - INFO - Saving the agent...
2019-09-23 03:46:07,508 - INFO - Validating for 1000 episodes...
2019-09-23 03:47:57,201 - INFO - Training of 1000 finished with following result:
2019-09-23 03:47:57,201 - INFO - Average total reward over 1000 validation episodes after 28000 total training episodes: 3.266
2019-09-23 03:47:57,201 - INFO - Average scaled reward over 1000 validation episodes after 28000 total training episodes: 0.109
2019-09-23 03:47:57,239 - INFO - Average scaled reward of the last 20 steps over 1000 validation episodes: 0.135
2019-09-23 03:47:57,240 - INFO - Training for 1000 episodes...
2019-09-23 04:21:19,966 - INFO - Training of 1000 finished with following result:
2019-09-23 04:21:19,966 - INFO - Average total reward over 1000 training episodes after 29000 total training episodes: 0.53
2019-09-23 04:21:19,966 - INFO - Average scaled reward over 1000 training episodes after 29000 total training episodes: 0.018
2019-09-23 04:21:19,966 - INFO - Total environmental steps in training mode up to now: 870000
2019-09-23 04:21:19,966 - INFO - Saving the agent...
2019-09-23 04:21:21,673 - INFO - Validating for 1000 episodes...
2019-09-23 04:23:16,514 - INFO - Training of 1000 finished with following result:
2019-09-23 04:23:16,514 - INFO - Average total reward over 1000 validation episodes after 29000 total training episodes: 3.462
2019-09-23 04:23:16,514 - INFO - Average scaled reward over 1000 validation episodes after 29000 total training episodes: 0.115
2019-09-23 04:23:16,553 - INFO - Average scaled reward of the last 20 steps over 1000 validation episodes: 0.143
2019-09-23 04:23:16,553 - INFO - Training for 1000 episodes...
2019-09-23 04:56:37,452 - INFO - Training of 1000 finished with following result:
2019-09-23 04:56:37,453 - INFO - Average total reward over 1000 training episodes after 30000 total training episodes: 0.526
2019-09-23 04:56:37,453 - INFO - Average scaled reward over 1000 training episodes after 30000 total training episodes: 0.018
2019-09-23 04:56:37,453 - INFO - Total environmental steps in training mode up to now: 900000
2019-09-23 04:56:37,453 - INFO - Saving the agent...
2019-09-23 04:56:39,262 - INFO - Validating for 1000 episodes...
2019-09-23 04:58:34,723 - INFO - Training of 1000 finished with following result:
2019-09-23 04:58:34,724 - INFO - Average total reward over 1000 validation episodes after 30000 total training episodes: 3.931
2019-09-23 04:58:34,724 - INFO - Average scaled reward over 1000 validation episodes after 30000 total training episodes: 0.131
2019-09-23 04:58:34,764 - INFO - Average scaled reward of the last 20 steps over 1000 validation episodes: 0.166
2019-09-23 04:58:34,764 - INFO - Training for 1000 episodes...
2019-09-23 05:31:51,844 - INFO - Training of 1000 finished with following result:
2019-09-23 05:31:51,844 - INFO - Average total reward over 1000 training episodes after 31000 total training episodes: 0.553
2019-09-23 05:31:51,844 - INFO - Average scaled reward over 1000 training episodes after 31000 total training episodes: 0.018
2019-09-23 05:31:51,844 - INFO - Total environmental steps in training mode up to now: 930000
2019-09-23 05:31:51,844 - INFO - Saving the agent...
2019-09-23 05:31:53,444 - INFO - Validating for 1000 episodes...
2019-09-23 05:33:47,694 - INFO - Training of 1000 finished with following result:
2019-09-23 05:33:47,694 - INFO - Average total reward over 1000 validation episodes after 31000 total training episodes: 3.2
2019-09-23 05:33:47,694 - INFO - Average scaled reward over 1000 validation episodes after 31000 total training episodes: 0.107
2019-09-23 05:33:47,734 - INFO - Average scaled reward of the last 20 steps over 1000 validation episodes: 0.13
2019-09-23 05:33:47,734 - INFO - Training for 1000 episodes...
2019-09-23 06:07:11,402 - INFO - Training of 1000 finished with following result:
2019-09-23 06:07:11,402 - INFO - Average total reward over 1000 training episodes after 32000 total training episodes: 0.487
2019-09-23 06:07:11,402 - INFO - Average scaled reward over 1000 training episodes after 32000 total training episodes: 0.016
2019-09-23 06:07:11,403 - INFO - Total environmental steps in training mode up to now: 960000
2019-09-23 06:07:11,403 - INFO - Saving the agent...
2019-09-23 06:07:12,976 - INFO - Validating for 1000 episodes...
2019-09-23 06:09:07,077 - INFO - Training of 1000 finished with following result:
2019-09-23 06:09:07,077 - INFO - Average total reward over 1000 validation episodes after 32000 total training episodes: 3.811
2019-09-23 06:09:07,077 - INFO - Average scaled reward over 1000 validation episodes after 32000 total training episodes: 0.127
2019-09-23 06:09:07,116 - INFO - Average scaled reward of the last 20 steps over 1000 validation episodes: 0.157
2019-09-23 06:09:07,117 - INFO - Training for 1000 episodes...
2019-09-23 06:42:27,354 - INFO - Training of 1000 finished with following result:
2019-09-23 06:42:27,354 - INFO - Average total reward over 1000 training episodes after 33000 total training episodes: 0.529
2019-09-23 06:42:27,354 - INFO - Average scaled reward over 1000 training episodes after 33000 total training episodes: 0.018
2019-09-23 06:42:27,354 - INFO - Total environmental steps in training mode up to now: 990000
2019-09-23 06:42:27,354 - INFO - Saving the agent...
2019-09-23 06:42:28,912 - INFO - Validating for 1000 episodes...
2019-09-23 06:44:31,650 - INFO - Training of 1000 finished with following result:
2019-09-23 06:44:31,650 - INFO - Average total reward over 1000 validation episodes after 33000 total training episodes: 3.851
2019-09-23 06:44:31,650 - INFO - Average scaled reward over 1000 validation episodes after 33000 total training episodes: 0.128
2019-09-23 06:44:31,689 - INFO - Average scaled reward of the last 20 steps over 1000 validation episodes: 0.159
2019-09-23 06:44:31,690 - INFO - Training for 1000 episodes...
2019-09-23 07:17:56,003 - INFO - Training of 1000 finished with following result:
2019-09-23 07:17:56,003 - INFO - Average total reward over 1000 training episodes after 34000 total training episodes: 0.612
2019-09-23 07:17:56,004 - INFO - Average scaled reward over 1000 training episodes after 34000 total training episodes: 0.02
2019-09-23 07:17:56,004 - INFO - Total environmental steps in training mode up to now: 1020000
2019-09-23 07:17:56,004 - INFO - Saving the agent...
2019-09-23 07:17:57,678 - INFO - Validating for 1000 episodes...
2019-09-23 07:19:48,559 - INFO - Training of 1000 finished with following result:
2019-09-23 07:19:48,560 - INFO - Average total reward over 1000 validation episodes after 34000 total training episodes: 3.155
2019-09-23 07:19:48,560 - INFO - Average scaled reward over 1000 validation episodes after 34000 total training episodes: 0.105
2019-09-23 07:19:48,598 - INFO - Average scaled reward of the last 20 steps over 1000 validation episodes: 0.134
2019-09-23 07:19:48,598 - INFO - Training for 1000 episodes...
2019-09-23 07:53:13,476 - INFO - Training of 1000 finished with following result:
2019-09-23 07:53:13,477 - INFO - Average total reward over 1000 training episodes after 35000 total training episodes: 0.518
2019-09-23 07:53:13,477 - INFO - Average scaled reward over 1000 training episodes after 35000 total training episodes: 0.017
2019-09-23 07:53:13,477 - INFO - Total environmental steps in training mode up to now: 1050000
2019-09-23 07:53:13,477 - INFO - Saving the agent...
2019-09-23 07:53:15,280 - INFO - Validating for 1000 episodes...
2019-09-23 07:55:14,588 - INFO - Training of 1000 finished with following result:
2019-09-23 07:55:14,589 - INFO - Average total reward over 1000 validation episodes after 35000 total training episodes: 4.208
2019-09-23 07:55:14,589 - INFO - Average scaled reward over 1000 validation episodes after 35000 total training episodes: 0.14
2019-09-23 07:55:14,628 - INFO - Average scaled reward of the last 20 steps over 1000 validation episodes: 0.179
2019-09-23 07:55:14,628 - INFO - Training for 1000 episodes...
2019-09-23 08:28:38,328 - INFO - Training of 1000 finished with following result:
2019-09-23 08:28:38,328 - INFO - Average total reward over 1000 training episodes after 36000 total training episodes: 0.647
2019-09-23 08:28:38,328 - INFO - Average scaled reward over 1000 training episodes after 36000 total training episodes: 0.022
2019-09-23 08:28:38,328 - INFO - Total environmental steps in training mode up to now: 1080000
2019-09-23 08:28:38,329 - INFO - Saving the agent...
2019-09-23 08:28:40,038 - INFO - Validating for 1000 episodes...
2019-09-23 08:30:40,530 - INFO - Training of 1000 finished with following result:
2019-09-23 08:30:40,530 - INFO - Average total reward over 1000 validation episodes after 36000 total training episodes: 3.653
2019-09-23 08:30:40,530 - INFO - Average scaled reward over 1000 validation episodes after 36000 total training episodes: 0.122
2019-09-23 08:30:40,570 - INFO - Average scaled reward of the last 20 steps over 1000 validation episodes: 0.15
2019-09-23 08:30:40,570 - INFO - Training for 1000 episodes...
2019-09-23 09:04:05,708 - INFO - Training of 1000 finished with following result:
2019-09-23 09:04:05,708 - INFO - Average total reward over 1000 training episodes after 37000 total training episodes: 0.644
2019-09-23 09:04:05,709 - INFO - Average scaled reward over 1000 training episodes after 37000 total training episodes: 0.021
2019-09-23 09:04:05,709 - INFO - Total environmental steps in training mode up to now: 1110000
2019-09-23 09:04:05,709 - INFO - Saving the agent...
2019-09-23 09:04:07,322 - INFO - Validating for 1000 episodes...
2019-09-23 09:06:04,363 - INFO - Training of 1000 finished with following result:
2019-09-23 09:06:04,363 - INFO - Average total reward over 1000 validation episodes after 37000 total training episodes: 3.283
2019-09-23 09:06:04,363 - INFO - Average scaled reward over 1000 validation episodes after 37000 total training episodes: 0.109
2019-09-23 09:06:04,401 - INFO - Average scaled reward of the last 20 steps over 1000 validation episodes: 0.14
2019-09-23 09:06:04,401 - INFO - Training for 1000 episodes...
2019-09-23 09:39:27,124 - INFO - Training of 1000 finished with following result:
2019-09-23 09:39:27,125 - INFO - Average total reward over 1000 training episodes after 38000 total training episodes: 0.675
2019-09-23 09:39:27,125 - INFO - Average scaled reward over 1000 training episodes after 38000 total training episodes: 0.022
2019-09-23 09:39:27,125 - INFO - Total environmental steps in training mode up to now: 1140000
2019-09-23 09:39:27,125 - INFO - Saving the agent...
2019-09-23 09:39:28,804 - INFO - Validating for 1000 episodes...
2019-09-23 09:41:26,392 - INFO - Training of 1000 finished with following result:
2019-09-23 09:41:26,392 - INFO - Average total reward over 1000 validation episodes after 38000 total training episodes: 4.301
2019-09-23 09:41:26,392 - INFO - Average scaled reward over 1000 validation episodes after 38000 total training episodes: 0.143
2019-09-23 09:41:26,433 - INFO - Average scaled reward of the last 20 steps over 1000 validation episodes: 0.186
2019-09-23 09:41:26,433 - INFO - Training for 1000 episodes...
2019-09-23 10:14:50,218 - INFO - Training of 1000 finished with following result:
2019-09-23 10:14:50,218 - INFO - Average total reward over 1000 training episodes after 39000 total training episodes: 0.683
2019-09-23 10:14:50,218 - INFO - Average scaled reward over 1000 training episodes after 39000 total training episodes: 0.023
2019-09-23 10:14:50,218 - INFO - Total environmental steps in training mode up to now: 1170000
2019-09-23 10:14:50,218 - INFO - Saving the agent...
2019-09-23 10:14:51,856 - INFO - Validating for 1000 episodes...
2019-09-23 10:16:48,834 - INFO - Training of 1000 finished with following result:
2019-09-23 10:16:48,835 - INFO - Average total reward over 1000 validation episodes after 39000 total training episodes: 3.898
2019-09-23 10:16:48,835 - INFO - Average scaled reward over 1000 validation episodes after 39000 total training episodes: 0.13
2019-09-23 10:16:48,873 - INFO - Average scaled reward of the last 20 steps over 1000 validation episodes: 0.164
2019-09-23 10:16:48,873 - INFO - Training for 1000 episodes...
2019-09-23 10:50:16,920 - INFO - Training of 1000 finished with following result:
2019-09-23 10:50:16,920 - INFO - Average total reward over 1000 training episodes after 40000 total training episodes: 0.705
2019-09-23 10:50:16,921 - INFO - Average scaled reward over 1000 training episodes after 40000 total training episodes: 0.023
2019-09-23 10:50:16,921 - INFO - Total environmental steps in training mode up to now: 1200000
2019-09-23 10:50:16,921 - INFO - Saving the agent...
2019-09-23 10:50:18,574 - INFO - Validating for 1000 episodes...
2019-09-23 10:52:21,824 - INFO - Training of 1000 finished with following result:
2019-09-23 10:52:21,824 - INFO - Average total reward over 1000 validation episodes after 40000 total training episodes: 4.076
2019-09-23 10:52:21,825 - INFO - Average scaled reward over 1000 validation episodes after 40000 total training episodes: 0.136
2019-09-23 10:52:21,864 - INFO - Average scaled reward of the last 20 steps over 1000 validation episodes: 0.173
2019-09-23 10:52:21,864 - INFO - Training for 1000 episodes...
2019-09-23 11:25:51,383 - INFO - Training of 1000 finished with following result:
2019-09-23 11:25:51,383 - INFO - Average total reward over 1000 training episodes after 41000 total training episodes: 0.746
2019-09-23 11:25:51,383 - INFO - Average scaled reward over 1000 training episodes after 41000 total training episodes: 0.025
2019-09-23 11:25:51,384 - INFO - Total environmental steps in training mode up to now: 1230000
2019-09-23 11:25:51,384 - INFO - Saving the agent...
2019-09-23 11:25:53,029 - INFO - Validating for 1000 episodes...
2019-09-23 11:27:48,698 - INFO - Training of 1000 finished with following result:
2019-09-23 11:27:48,698 - INFO - Average total reward over 1000 validation episodes after 41000 total training episodes: 3.749
2019-09-23 11:27:48,698 - INFO - Average scaled reward over 1000 validation episodes after 41000 total training episodes: 0.125
2019-09-23 11:27:48,739 - INFO - Average scaled reward of the last 20 steps over 1000 validation episodes: 0.155
2019-09-23 11:27:48,739 - INFO - Training for 1000 episodes...
2019-09-23 12:01:20,398 - INFO - Training of 1000 finished with following result:
2019-09-23 12:01:20,398 - INFO - Average total reward over 1000 training episodes after 42000 total training episodes: 0.811
2019-09-23 12:01:20,399 - INFO - Average scaled reward over 1000 training episodes after 42000 total training episodes: 0.027
2019-09-23 12:01:20,399 - INFO - Total environmental steps in training mode up to now: 1260000
2019-09-23 12:01:20,399 - INFO - Saving the agent...
2019-09-23 12:01:22,231 - INFO - Validating for 1000 episodes...
2019-09-23 12:03:20,189 - INFO - Training of 1000 finished with following result:
2019-09-23 12:03:20,189 - INFO - Average total reward over 1000 validation episodes after 42000 total training episodes: 3.723
2019-09-23 12:03:20,189 - INFO - Average scaled reward over 1000 validation episodes after 42000 total training episodes: 0.124
2019-09-23 12:03:20,231 - INFO - Average scaled reward of the last 20 steps over 1000 validation episodes: 0.155
2019-09-23 12:03:20,231 - INFO - Training for 1000 episodes...
2019-09-23 12:36:56,548 - INFO - Training of 1000 finished with following result:
2019-09-23 12:36:56,548 - INFO - Average total reward over 1000 training episodes after 43000 total training episodes: 0.992
2019-09-23 12:36:56,548 - INFO - Average scaled reward over 1000 training episodes after 43000 total training episodes: 0.033
2019-09-23 12:36:56,548 - INFO - Total environmental steps in training mode up to now: 1290000
2019-09-23 12:36:56,548 - INFO - Saving the agent...
2019-09-23 12:36:58,306 - INFO - Validating for 1000 episodes...
2019-09-23 12:38:57,329 - INFO - Training of 1000 finished with following result:
2019-09-23 12:38:57,329 - INFO - Average total reward over 1000 validation episodes after 43000 total training episodes: 3.933
2019-09-23 12:38:57,329 - INFO - Average scaled reward over 1000 validation episodes after 43000 total training episodes: 0.131
2019-09-23 12:38:57,370 - INFO - Average scaled reward of the last 20 steps over 1000 validation episodes: 0.166
2019-09-23 12:38:57,370 - INFO - Training for 1000 episodes...
2019-09-23 13:12:31,684 - INFO - Training of 1000 finished with following result:
2019-09-23 13:12:31,684 - INFO - Average total reward over 1000 training episodes after 44000 total training episodes: 1.001
2019-09-23 13:12:31,684 - INFO - Average scaled reward over 1000 training episodes after 44000 total training episodes: 0.033
2019-09-23 13:12:31,684 - INFO - Total environmental steps in training mode up to now: 1320000
2019-09-23 13:12:31,684 - INFO - Saving the agent...
2019-09-23 13:12:33,432 - INFO - Validating for 1000 episodes...
2019-09-23 13:14:24,038 - INFO - Training of 1000 finished with following result:
2019-09-23 13:14:24,038 - INFO - Average total reward over 1000 validation episodes after 44000 total training episodes: 3.865
2019-09-23 13:14:24,038 - INFO - Average scaled reward over 1000 validation episodes after 44000 total training episodes: 0.129
2019-09-23 13:14:24,078 - INFO - Average scaled reward of the last 20 steps over 1000 validation episodes: 0.164
2019-09-23 13:14:24,078 - INFO - Training for 1000 episodes...
2019-09-23 13:47:56,470 - INFO - Training of 1000 finished with following result:
2019-09-23 13:47:56,470 - INFO - Average total reward over 1000 training episodes after 45000 total training episodes: 1.158
2019-09-23 13:47:56,470 - INFO - Average scaled reward over 1000 training episodes after 45000 total training episodes: 0.039
2019-09-23 13:47:56,470 - INFO - Total environmental steps in training mode up to now: 1350000
2019-09-23 13:47:56,470 - INFO - Saving the agent...
2019-09-23 13:47:58,288 - INFO - Validating for 1000 episodes...
2019-09-23 13:49:59,035 - INFO - Training of 1000 finished with following result:
2019-09-23 13:49:59,035 - INFO - Average total reward over 1000 validation episodes after 45000 total training episodes: 4.486
2019-09-23 13:49:59,035 - INFO - Average scaled reward over 1000 validation episodes after 45000 total training episodes: 0.15
2019-09-23 13:49:59,076 - INFO - Average scaled reward of the last 20 steps over 1000 validation episodes: 0.19
2019-09-23 13:49:59,076 - INFO - Training for 1000 episodes...
2019-09-23 14:23:32,054 - INFO - Training of 1000 finished with following result:
2019-09-23 14:23:32,054 - INFO - Average total reward over 1000 training episodes after 46000 total training episodes: 1.246
2019-09-23 14:23:32,055 - INFO - Average scaled reward over 1000 training episodes after 46000 total training episodes: 0.042
2019-09-23 14:23:32,055 - INFO - Total environmental steps in training mode up to now: 1380000
2019-09-23 14:23:32,055 - INFO - Saving the agent...
2019-09-23 14:23:33,869 - INFO - Validating for 1000 episodes...
2019-09-23 14:25:34,493 - INFO - Training of 1000 finished with following result:
2019-09-23 14:25:34,493 - INFO - Average total reward over 1000 validation episodes after 46000 total training episodes: 4.402
2019-09-23 14:25:34,493 - INFO - Average scaled reward over 1000 validation episodes after 46000 total training episodes: 0.147
2019-09-23 14:25:34,532 - INFO - Average scaled reward of the last 20 steps over 1000 validation episodes: 0.182
2019-09-23 14:25:34,532 - INFO - Training for 1000 episodes...
2019-09-23 14:59:07,680 - INFO - Training of 1000 finished with following result:
2019-09-23 14:59:07,680 - INFO - Average total reward over 1000 training episodes after 47000 total training episodes: 1.287
2019-09-23 14:59:07,680 - INFO - Average scaled reward over 1000 training episodes after 47000 total training episodes: 0.043
2019-09-23 14:59:07,680 - INFO - Total environmental steps in training mode up to now: 1410000
2019-09-23 14:59:07,680 - INFO - Saving the agent...
2019-09-23 14:59:09,487 - INFO - Validating for 1000 episodes...
2019-09-23 15:01:08,110 - INFO - Training of 1000 finished with following result:
2019-09-23 15:01:08,111 - INFO - Average total reward over 1000 validation episodes after 47000 total training episodes: 4.446
2019-09-23 15:01:08,111 - INFO - Average scaled reward over 1000 validation episodes after 47000 total training episodes: 0.148
2019-09-23 15:01:08,152 - INFO - Average scaled reward of the last 20 steps over 1000 validation episodes: 0.189
2019-09-23 15:01:08,152 - INFO - Training for 1000 episodes...
2019-09-23 15:34:42,352 - INFO - Training of 1000 finished with following result:
2019-09-23 15:34:42,352 - INFO - Average total reward over 1000 training episodes after 48000 total training episodes: 1.353
2019-09-23 15:34:42,352 - INFO - Average scaled reward over 1000 training episodes after 48000 total training episodes: 0.045
2019-09-23 15:34:42,352 - INFO - Total environmental steps in training mode up to now: 1440000
2019-09-23 15:34:42,352 - INFO - Saving the agent...
2019-09-23 15:34:44,134 - INFO - Validating for 1000 episodes...
2019-09-23 15:36:43,295 - INFO - Training of 1000 finished with following result:
2019-09-23 15:36:43,295 - INFO - Average total reward over 1000 validation episodes after 48000 total training episodes: 4.183
2019-09-23 15:36:43,295 - INFO - Average scaled reward over 1000 validation episodes after 48000 total training episodes: 0.139
2019-09-23 15:36:43,336 - INFO - Average scaled reward of the last 20 steps over 1000 validation episodes: 0.176
2019-09-23 15:36:43,336 - INFO - Training for 1000 episodes...
2019-09-23 16:10:13,708 - INFO - Training of 1000 finished with following result:
2019-09-23 16:10:13,708 - INFO - Average total reward over 1000 training episodes after 49000 total training episodes: 1.335
2019-09-23 16:10:13,708 - INFO - Average scaled reward over 1000 training episodes after 49000 total training episodes: 0.044
2019-09-23 16:10:13,708 - INFO - Total environmental steps in training mode up to now: 1470000
2019-09-23 16:10:13,708 - INFO - Saving the agent...
2019-09-23 16:10:15,441 - INFO - Validating for 1000 episodes...
2019-09-23 16:12:12,756 - INFO - Training of 1000 finished with following result:
2019-09-23 16:12:12,756 - INFO - Average total reward over 1000 validation episodes after 49000 total training episodes: 3.986
2019-09-23 16:12:12,756 - INFO - Average scaled reward over 1000 validation episodes after 49000 total training episodes: 0.133
2019-09-23 16:12:12,795 - INFO - Average scaled reward of the last 20 steps over 1000 validation episodes: 0.166
2019-09-23 16:12:12,795 - INFO - Training for 1000 episodes...
2019-09-23 16:45:42,140 - INFO - Training of 1000 finished with following result:
2019-09-23 16:45:42,140 - INFO - Average total reward over 1000 training episodes after 50000 total training episodes: 1.257
2019-09-23 16:45:42,140 - INFO - Average scaled reward over 1000 training episodes after 50000 total training episodes: 0.042
2019-09-23 16:45:42,140 - INFO - Total environmental steps in training mode up to now: 1500000
2019-09-23 16:45:42,140 - INFO - Saving the agent...
2019-09-23 16:45:43,947 - INFO - Validating for 1000 episodes...
2019-09-23 16:47:46,287 - INFO - Training of 1000 finished with following result:
2019-09-23 16:47:46,287 - INFO - Average total reward over 1000 validation episodes after 50000 total training episodes: 4.646
2019-09-23 16:47:46,288 - INFO - Average scaled reward over 1000 validation episodes after 50000 total training episodes: 0.155
2019-09-23 16:47:46,328 - INFO - Average scaled reward of the last 20 steps over 1000 validation episodes: 0.2
2019-09-23 16:47:46,328 - INFO - Training for 1000 episodes...
2019-09-23 17:21:16,256 - INFO - Training of 1000 finished with following result:
2019-09-23 17:21:16,256 - INFO - Average total reward over 1000 training episodes after 51000 total training episodes: 1.296
2019-09-23 17:21:16,256 - INFO - Average scaled reward over 1000 training episodes after 51000 total training episodes: 0.043
2019-09-23 17:21:16,257 - INFO - Total environmental steps in training mode up to now: 1530000
2019-09-23 17:21:16,257 - INFO - Saving the agent...
2019-09-23 17:21:17,980 - INFO - Validating for 1000 episodes...
2019-09-23 17:23:14,306 - INFO - Training of 1000 finished with following result:
2019-09-23 17:23:14,306 - INFO - Average total reward over 1000 validation episodes after 51000 total training episodes: 4.103
2019-09-23 17:23:14,307 - INFO - Average scaled reward over 1000 validation episodes after 51000 total training episodes: 0.137
2019-09-23 17:23:14,347 - INFO - Average scaled reward of the last 20 steps over 1000 validation episodes: 0.173
2019-09-23 17:23:14,347 - INFO - Training for 1000 episodes...
2019-09-23 17:56:47,287 - INFO - Training of 1000 finished with following result:
2019-09-23 17:56:47,288 - INFO - Average total reward over 1000 training episodes after 52000 total training episodes: 1.311
2019-09-23 17:56:47,288 - INFO - Average scaled reward over 1000 training episodes after 52000 total training episodes: 0.044
2019-09-23 17:56:47,288 - INFO - Total environmental steps in training mode up to now: 1560000
2019-09-23 17:56:47,288 - INFO - Saving the agent...
2019-09-23 17:56:48,976 - INFO - Validating for 1000 episodes...
2019-09-23 17:58:54,119 - INFO - Training of 1000 finished with following result:
2019-09-23 17:58:54,119 - INFO - Average total reward over 1000 validation episodes after 52000 total training episodes: 4.713
2019-09-23 17:58:54,120 - INFO - Average scaled reward over 1000 validation episodes after 52000 total training episodes: 0.157
2019-09-23 17:58:54,159 - INFO - Average scaled reward of the last 20 steps over 1000 validation episodes: 0.2
2019-09-23 17:58:54,159 - INFO - Training for 1000 episodes...
2019-09-23 18:32:28,523 - INFO - Training of 1000 finished with following result:
2019-09-23 18:32:28,523 - INFO - Average total reward over 1000 training episodes after 53000 total training episodes: 1.402
2019-09-23 18:32:28,523 - INFO - Average scaled reward over 1000 training episodes after 53000 total training episodes: 0.047
2019-09-23 18:32:28,523 - INFO - Total environmental steps in training mode up to now: 1590000
2019-09-23 18:32:28,523 - INFO - Saving the agent...
2019-09-23 18:32:30,393 - INFO - Validating for 1000 episodes...
2019-09-23 18:34:34,604 - INFO - Training of 1000 finished with following result:
2019-09-23 18:34:34,605 - INFO - Average total reward over 1000 validation episodes after 53000 total training episodes: 4.855
2019-09-23 18:34:34,605 - INFO - Average scaled reward over 1000 validation episodes after 53000 total training episodes: 0.162
2019-09-23 18:34:34,645 - INFO - Average scaled reward of the last 20 steps over 1000 validation episodes: 0.208
2019-09-23 18:34:34,645 - INFO - Training for 1000 episodes...
2019-09-23 19:08:09,578 - INFO - Training of 1000 finished with following result:
2019-09-23 19:08:09,578 - INFO - Average total reward over 1000 training episodes after 54000 total training episodes: 1.309
2019-09-23 19:08:09,578 - INFO - Average scaled reward over 1000 training episodes after 54000 total training episodes: 0.044
2019-09-23 19:08:09,578 - INFO - Total environmental steps in training mode up to now: 1620000
2019-09-23 19:08:09,578 - INFO - Saving the agent...
2019-09-23 19:08:11,188 - INFO - Validating for 1000 episodes...
2019-09-23 19:10:17,549 - INFO - Training of 1000 finished with following result:
2019-09-23 19:10:17,550 - INFO - Average total reward over 1000 validation episodes after 54000 total training episodes: 4.579
2019-09-23 19:10:17,550 - INFO - Average scaled reward over 1000 validation episodes after 54000 total training episodes: 0.153
2019-09-23 19:10:17,589 - INFO - Average scaled reward of the last 20 steps over 1000 validation episodes: 0.196
2019-09-23 19:10:17,589 - INFO - Training for 1000 episodes...
2019-09-23 19:43:51,592 - INFO - Training of 1000 finished with following result:
2019-09-23 19:43:51,592 - INFO - Average total reward over 1000 training episodes after 55000 total training episodes: 1.329
2019-09-23 19:43:51,592 - INFO - Average scaled reward over 1000 training episodes after 55000 total training episodes: 0.044
2019-09-23 19:43:51,592 - INFO - Total environmental steps in training mode up to now: 1650000
2019-09-23 19:43:51,592 - INFO - Saving the agent...
2019-09-23 19:43:53,245 - INFO - Validating for 1000 episodes...
2019-09-23 19:45:46,227 - INFO - Training of 1000 finished with following result:
2019-09-23 19:45:46,227 - INFO - Average total reward over 1000 validation episodes after 55000 total training episodes: 3.717
2019-09-23 19:45:46,227 - INFO - Average scaled reward over 1000 validation episodes after 55000 total training episodes: 0.124
2019-09-23 19:45:46,268 - INFO - Average scaled reward of the last 20 steps over 1000 validation episodes: 0.157
2019-09-23 19:45:46,268 - INFO - Training for 1000 episodes...
2019-09-23 20:19:22,476 - INFO - Training of 1000 finished with following result:
2019-09-23 20:19:22,476 - INFO - Average total reward over 1000 training episodes after 56000 total training episodes: 1.4
2019-09-23 20:19:22,477 - INFO - Average scaled reward over 1000 training episodes after 56000 total training episodes: 0.047
2019-09-23 20:19:22,477 - INFO - Total environmental steps in training mode up to now: 1680000
2019-09-23 20:19:22,477 - INFO - Saving the agent...
2019-09-23 20:19:24,069 - INFO - Validating for 1000 episodes...
2019-09-23 20:21:20,019 - INFO - Training of 1000 finished with following result:
2019-09-23 20:21:20,019 - INFO - Average total reward over 1000 validation episodes after 56000 total training episodes: 4.168
2019-09-23 20:21:20,019 - INFO - Average scaled reward over 1000 validation episodes after 56000 total training episodes: 0.139
2019-09-23 20:21:20,058 - INFO - Average scaled reward of the last 20 steps over 1000 validation episodes: 0.173
2019-09-23 20:21:20,058 - INFO - Training for 1000 episodes...
2019-09-23 20:54:50,107 - INFO - Training of 1000 finished with following result:
2019-09-23 20:54:50,108 - INFO - Average total reward over 1000 training episodes after 57000 total training episodes: 1.366
2019-09-23 20:54:50,108 - INFO - Average scaled reward over 1000 training episodes after 57000 total training episodes: 0.046
2019-09-23 20:54:50,108 - INFO - Total environmental steps in training mode up to now: 1710000
2019-09-23 20:54:50,108 - INFO - Saving the agent...
2019-09-23 20:54:51,691 - INFO - Validating for 1000 episodes...
2019-09-23 20:56:47,933 - INFO - Training of 1000 finished with following result:
2019-09-23 20:56:47,933 - INFO - Average total reward over 1000 validation episodes after 57000 total training episodes: 4.07
2019-09-23 20:56:47,933 - INFO - Average scaled reward over 1000 validation episodes after 57000 total training episodes: 0.136
2019-09-23 20:56:47,972 - INFO - Average scaled reward of the last 20 steps over 1000 validation episodes: 0.168
2019-09-23 20:56:47,972 - INFO - Training for 1000 episodes...
2019-09-23 21:30:22,852 - INFO - Training of 1000 finished with following result:
2019-09-23 21:30:22,852 - INFO - Average total reward over 1000 training episodes after 58000 total training episodes: 1.325
2019-09-23 21:30:22,852 - INFO - Average scaled reward over 1000 training episodes after 58000 total training episodes: 0.044
2019-09-23 21:30:22,852 - INFO - Total environmental steps in training mode up to now: 1740000
2019-09-23 21:30:22,852 - INFO - Saving the agent...
2019-09-23 21:30:24,653 - INFO - Validating for 1000 episodes...
2019-09-23 21:32:23,175 - INFO - Training of 1000 finished with following result:
2019-09-23 21:32:23,175 - INFO - Average total reward over 1000 validation episodes after 58000 total training episodes: 4.049
2019-09-23 21:32:23,175 - INFO - Average scaled reward over 1000 validation episodes after 58000 total training episodes: 0.135
2019-09-23 21:32:23,215 - INFO - Average scaled reward of the last 20 steps over 1000 validation episodes: 0.167
2019-09-23 21:32:23,215 - INFO - Training for 1000 episodes...
2019-09-23 22:05:57,485 - INFO - Training of 1000 finished with following result:
2019-09-23 22:05:57,486 - INFO - Average total reward over 1000 training episodes after 59000 total training episodes: 1.368
2019-09-23 22:05:57,486 - INFO - Average scaled reward over 1000 training episodes after 59000 total training episodes: 0.046
2019-09-23 22:05:57,486 - INFO - Total environmental steps in training mode up to now: 1770000
2019-09-23 22:05:57,486 - INFO - Saving the agent...
2019-09-23 22:05:59,194 - INFO - Validating for 1000 episodes...
2019-09-23 22:08:01,504 - INFO - Training of 1000 finished with following result:
2019-09-23 22:08:01,505 - INFO - Average total reward over 1000 validation episodes after 59000 total training episodes: 4.271
2019-09-23 22:08:01,505 - INFO - Average scaled reward over 1000 validation episodes after 59000 total training episodes: 0.142
2019-09-23 22:08:01,542 - INFO - Average scaled reward of the last 20 steps over 1000 validation episodes: 0.182
2019-09-23 22:08:01,542 - INFO - Training for 1000 episodes...
2019-09-23 22:41:35,813 - INFO - Training of 1000 finished with following result:
2019-09-23 22:41:35,814 - INFO - Average total reward over 1000 training episodes after 60000 total training episodes: 1.46
2019-09-23 22:41:35,814 - INFO - Average scaled reward over 1000 training episodes after 60000 total training episodes: 0.049
2019-09-23 22:41:35,814 - INFO - Total environmental steps in training mode up to now: 1800000
2019-09-23 22:41:35,814 - INFO - Saving the agent...
2019-09-23 22:41:37,420 - INFO - Validating for 1000 episodes...
2019-09-23 22:43:30,305 - INFO - Training of 1000 finished with following result:
2019-09-23 22:43:30,305 - INFO - Average total reward over 1000 validation episodes after 60000 total training episodes: 4.0
2019-09-23 22:43:30,306 - INFO - Average scaled reward over 1000 validation episodes after 60000 total training episodes: 0.133
2019-09-23 22:43:30,344 - INFO - Average scaled reward of the last 20 steps over 1000 validation episodes: 0.165
2019-09-23 22:43:30,344 - INFO - Training for 1000 episodes...
2019-09-23 23:17:03,720 - INFO - Training of 1000 finished with following result:
2019-09-23 23:17:03,720 - INFO - Average total reward over 1000 training episodes after 61000 total training episodes: 1.377
2019-09-23 23:17:03,720 - INFO - Average scaled reward over 1000 training episodes after 61000 total training episodes: 0.046
2019-09-23 23:17:03,720 - INFO - Total environmental steps in training mode up to now: 1830000
2019-09-23 23:17:03,721 - INFO - Saving the agent...
2019-09-23 23:17:05,372 - INFO - Validating for 1000 episodes...
2019-09-23 23:19:01,195 - INFO - Training of 1000 finished with following result:
2019-09-23 23:19:01,196 - INFO - Average total reward over 1000 validation episodes after 61000 total training episodes: 4.229
2019-09-23 23:19:01,196 - INFO - Average scaled reward over 1000 validation episodes after 61000 total training episodes: 0.141
2019-09-23 23:19:01,234 - INFO - Average scaled reward of the last 20 steps over 1000 validation episodes: 0.176
2019-09-23 23:19:01,234 - INFO - Training for 1000 episodes...
2019-09-23 23:52:35,323 - INFO - Training of 1000 finished with following result:
2019-09-23 23:52:35,323 - INFO - Average total reward over 1000 training episodes after 62000 total training episodes: 1.332
2019-09-23 23:52:35,323 - INFO - Average scaled reward over 1000 training episodes after 62000 total training episodes: 0.044
2019-09-23 23:52:35,323 - INFO - Total environmental steps in training mode up to now: 1860000
2019-09-23 23:52:35,324 - INFO - Saving the agent...
2019-09-23 23:52:37,030 - INFO - Validating for 1000 episodes...
2019-09-23 23:54:35,867 - INFO - Training of 1000 finished with following result:
2019-09-23 23:54:35,867 - INFO - Average total reward over 1000 validation episodes after 62000 total training episodes: 4.103
2019-09-23 23:54:35,868 - INFO - Average scaled reward over 1000 validation episodes after 62000 total training episodes: 0.137
2019-09-23 23:54:35,908 - INFO - Average scaled reward of the last 20 steps over 1000 validation episodes: 0.169
2019-09-23 23:54:35,908 - INFO - Training for 1000 episodes...
2019-09-24 00:28:09,855 - INFO - Training of 1000 finished with following result:
2019-09-24 00:28:09,855 - INFO - Average total reward over 1000 training episodes after 63000 total training episodes: 1.448
2019-09-24 00:28:09,855 - INFO - Average scaled reward over 1000 training episodes after 63000 total training episodes: 0.048
2019-09-24 00:28:09,855 - INFO - Total environmental steps in training mode up to now: 1890000
2019-09-24 00:28:09,855 - INFO - Saving the agent...
2019-09-24 00:28:11,479 - INFO - Validating for 1000 episodes...
2019-09-24 00:30:15,991 - INFO - Training of 1000 finished with following result:
2019-09-24 00:30:15,991 - INFO - Average total reward over 1000 validation episodes after 63000 total training episodes: 4.611
2019-09-24 00:30:15,991 - INFO - Average scaled reward over 1000 validation episodes after 63000 total training episodes: 0.154
2019-09-24 00:30:16,031 - INFO - Average scaled reward of the last 20 steps over 1000 validation episodes: 0.193
2019-09-24 00:30:16,031 - INFO - Training for 1000 episodes...
2019-09-24 01:03:44,610 - INFO - Training of 1000 finished with following result:
2019-09-24 01:03:44,610 - INFO - Average total reward over 1000 training episodes after 64000 total training episodes: 1.269
2019-09-24 01:03:44,610 - INFO - Average scaled reward over 1000 training episodes after 64000 total training episodes: 0.042
2019-09-24 01:03:44,610 - INFO - Total environmental steps in training mode up to now: 1920000
2019-09-24 01:03:44,610 - INFO - Saving the agent...
2019-09-24 01:03:46,246 - INFO - Validating for 1000 episodes...
2019-09-24 01:05:46,714 - INFO - Training of 1000 finished with following result:
2019-09-24 01:05:46,714 - INFO - Average total reward over 1000 validation episodes after 64000 total training episodes: 4.349
2019-09-24 01:05:46,714 - INFO - Average scaled reward over 1000 validation episodes after 64000 total training episodes: 0.145
2019-09-24 01:05:46,753 - INFO - Average scaled reward of the last 20 steps over 1000 validation episodes: 0.185
2019-09-24 01:05:46,753 - INFO - Training for 1000 episodes...
2019-09-24 01:39:20,523 - INFO - Training of 1000 finished with following result:
2019-09-24 01:39:20,523 - INFO - Average total reward over 1000 training episodes after 65000 total training episodes: 1.582
2019-09-24 01:39:20,523 - INFO - Average scaled reward over 1000 training episodes after 65000 total training episodes: 0.053
2019-09-24 01:39:20,524 - INFO - Total environmental steps in training mode up to now: 1950000
2019-09-24 01:39:20,524 - INFO - Saving the agent...
2019-09-24 01:39:22,142 - INFO - Validating for 1000 episodes...
2019-09-24 01:41:17,123 - INFO - Training of 1000 finished with following result:
2019-09-24 01:41:17,123 - INFO - Average total reward over 1000 validation episodes after 65000 total training episodes: 3.88
2019-09-24 01:41:17,123 - INFO - Average scaled reward over 1000 validation episodes after 65000 total training episodes: 0.129
2019-09-24 01:41:17,161 - INFO - Average scaled reward of the last 20 steps over 1000 validation episodes: 0.161
2019-09-24 01:41:17,161 - INFO - Training for 1000 episodes...
2019-09-24 02:14:51,498 - INFO - Training of 1000 finished with following result:
2019-09-24 02:14:51,498 - INFO - Average total reward over 1000 training episodes after 66000 total training episodes: 1.448
2019-09-24 02:14:51,498 - INFO - Average scaled reward over 1000 training episodes after 66000 total training episodes: 0.048
2019-09-24 02:14:51,498 - INFO - Total environmental steps in training mode up to now: 1980000
2019-09-24 02:14:51,498 - INFO - Saving the agent...
2019-09-24 02:14:53,159 - INFO - Validating for 1000 episodes...
2019-09-24 02:16:54,589 - INFO - Training of 1000 finished with following result:
2019-09-24 02:16:54,589 - INFO - Average total reward over 1000 validation episodes after 66000 total training episodes: 4.188
2019-09-24 02:16:54,589 - INFO - Average scaled reward over 1000 validation episodes after 66000 total training episodes: 0.14
2019-09-24 02:16:54,630 - INFO - Average scaled reward of the last 20 steps over 1000 validation episodes: 0.175
2019-09-24 02:16:54,631 - INFO - Training for 1000 episodes...
2019-09-24 02:50:30,900 - INFO - Training of 1000 finished with following result:
2019-09-24 02:50:30,901 - INFO - Average total reward over 1000 training episodes after 67000 total training episodes: 1.36
2019-09-24 02:50:30,901 - INFO - Average scaled reward over 1000 training episodes after 67000 total training episodes: 0.045
2019-09-24 02:50:30,901 - INFO - Total environmental steps in training mode up to now: 2010000
2019-09-24 02:50:30,901 - INFO - Saving the agent...
2019-09-24 02:50:32,526 - INFO - Validating for 1000 episodes...
2019-09-24 02:52:33,108 - INFO - Training of 1000 finished with following result:
2019-09-24 02:52:33,108 - INFO - Average total reward over 1000 validation episodes after 67000 total training episodes: 4.031
2019-09-24 02:52:33,108 - INFO - Average scaled reward over 1000 validation episodes after 67000 total training episodes: 0.134
2019-09-24 02:52:33,147 - INFO - Average scaled reward of the last 20 steps over 1000 validation episodes: 0.168
2019-09-24 02:52:33,147 - INFO - Training for 1000 episodes...
2019-09-24 03:26:06,687 - INFO - Training of 1000 finished with following result:
2019-09-24 03:26:06,687 - INFO - Average total reward over 1000 training episodes after 68000 total training episodes: 1.338
2019-09-24 03:26:06,687 - INFO - Average scaled reward over 1000 training episodes after 68000 total training episodes: 0.045
2019-09-24 03:26:06,687 - INFO - Total environmental steps in training mode up to now: 2040000
2019-09-24 03:26:06,687 - INFO - Saving the agent...
2019-09-24 03:26:08,312 - INFO - Validating for 1000 episodes...
2019-09-24 03:28:02,547 - INFO - Training of 1000 finished with following result:
2019-09-24 03:28:02,548 - INFO - Average total reward over 1000 validation episodes after 68000 total training episodes: 3.703
2019-09-24 03:28:02,548 - INFO - Average scaled reward over 1000 validation episodes after 68000 total training episodes: 0.123
2019-09-24 03:28:02,587 - INFO - Average scaled reward of the last 20 steps over 1000 validation episodes: 0.152
2019-09-24 03:28:02,587 - INFO - Training for 1000 episodes...
2019-09-24 04:01:38,230 - INFO - Training of 1000 finished with following result:
2019-09-24 04:01:38,230 - INFO - Average total reward over 1000 training episodes after 69000 total training episodes: 1.416
2019-09-24 04:01:38,230 - INFO - Average scaled reward over 1000 training episodes after 69000 total training episodes: 0.047
2019-09-24 04:01:38,231 - INFO - Total environmental steps in training mode up to now: 2070000
2019-09-24 04:01:38,231 - INFO - Saving the agent...
2019-09-24 04:01:40,022 - INFO - Validating for 1000 episodes...
2019-09-24 04:03:33,944 - INFO - Training of 1000 finished with following result:
2019-09-24 04:03:33,945 - INFO - Average total reward over 1000 validation episodes after 69000 total training episodes: 3.97
2019-09-24 04:03:33,945 - INFO - Average scaled reward over 1000 validation episodes after 69000 total training episodes: 0.132
2019-09-24 04:03:33,985 - INFO - Average scaled reward of the last 20 steps over 1000 validation episodes: 0.162
2019-09-24 04:03:33,985 - INFO - Training for 1000 episodes...
2019-09-24 04:37:10,174 - INFO - Training of 1000 finished with following result:
2019-09-24 04:37:10,174 - INFO - Average total reward over 1000 training episodes after 70000 total training episodes: 1.379
2019-09-24 04:37:10,174 - INFO - Average scaled reward over 1000 training episodes after 70000 total training episodes: 0.046
2019-09-24 04:37:10,174 - INFO - Total environmental steps in training mode up to now: 2100000
2019-09-24 04:37:10,174 - INFO - Saving the agent...
2019-09-24 04:37:11,771 - INFO - Validating for 1000 episodes...
2019-09-24 04:39:13,434 - INFO - Training of 1000 finished with following result:
2019-09-24 04:39:13,434 - INFO - Average total reward over 1000 validation episodes after 70000 total training episodes: 4.37
2019-09-24 04:39:13,434 - INFO - Average scaled reward over 1000 validation episodes after 70000 total training episodes: 0.146
2019-09-24 04:39:13,474 - INFO - Average scaled reward of the last 20 steps over 1000 validation episodes: 0.181
2019-09-24 04:39:13,474 - INFO - Training for 1000 episodes...
2019-09-24 05:12:47,989 - INFO - Training of 1000 finished with following result:
2019-09-24 05:12:47,989 - INFO - Average total reward over 1000 training episodes after 71000 total training episodes: 1.484
2019-09-24 05:12:47,989 - INFO - Average scaled reward over 1000 training episodes after 71000 total training episodes: 0.049
2019-09-24 05:12:47,989 - INFO - Total environmental steps in training mode up to now: 2130000
2019-09-24 05:12:47,989 - INFO - Saving the agent...
2019-09-24 05:12:49,563 - INFO - Validating for 1000 episodes...
2019-09-24 05:14:47,522 - INFO - Training of 1000 finished with following result:
2019-09-24 05:14:47,522 - INFO - Average total reward over 1000 validation episodes after 71000 total training episodes: 3.868
2019-09-24 05:14:47,522 - INFO - Average scaled reward over 1000 validation episodes after 71000 total training episodes: 0.129
2019-09-24 05:14:47,563 - INFO - Average scaled reward of the last 20 steps over 1000 validation episodes: 0.16
2019-09-24 05:14:47,564 - INFO - Training for 1000 episodes...
2019-09-24 05:48:18,359 - INFO - Training of 1000 finished with following result:
2019-09-24 05:48:18,360 - INFO - Average total reward over 1000 training episodes after 72000 total training episodes: 1.32
2019-09-24 05:48:18,360 - INFO - Average scaled reward over 1000 training episodes after 72000 total training episodes: 0.044
2019-09-24 05:48:18,360 - INFO - Total environmental steps in training mode up to now: 2160000
2019-09-24 05:48:18,360 - INFO - Saving the agent...
2019-09-24 05:48:20,084 - INFO - Validating for 1000 episodes...
2019-09-24 05:50:18,164 - INFO - Training of 1000 finished with following result:
2019-09-24 05:50:18,164 - INFO - Average total reward over 1000 validation episodes after 72000 total training episodes: 4.462
2019-09-24 05:50:18,164 - INFO - Average scaled reward over 1000 validation episodes after 72000 total training episodes: 0.149
2019-09-24 05:50:18,205 - INFO - Average scaled reward of the last 20 steps over 1000 validation episodes: 0.184
2019-09-24 05:50:18,205 - INFO - Training for 1000 episodes...
2019-09-24 06:23:46,593 - INFO - Training of 1000 finished with following result:
2019-09-24 06:23:46,594 - INFO - Average total reward over 1000 training episodes after 73000 total training episodes: 1.252
2019-09-24 06:23:46,594 - INFO - Average scaled reward over 1000 training episodes after 73000 total training episodes: 0.042
2019-09-24 06:23:46,594 - INFO - Total environmental steps in training mode up to now: 2190000
2019-09-24 06:23:46,594 - INFO - Saving the agent...
2019-09-24 06:23:48,273 - INFO - Validating for 1000 episodes...
2019-09-24 06:25:40,550 - INFO - Training of 1000 finished with following result:
2019-09-24 06:25:40,551 - INFO - Average total reward over 1000 validation episodes after 73000 total training episodes: 3.791
2019-09-24 06:25:40,551 - INFO - Average scaled reward over 1000 validation episodes after 73000 total training episodes: 0.126
2019-09-24 06:25:40,590 - INFO - Average scaled reward of the last 20 steps over 1000 validation episodes: 0.152
2019-09-24 06:25:40,590 - INFO - Training for 1000 episodes...
2019-09-24 06:59:10,731 - INFO - Training of 1000 finished with following result:
2019-09-24 06:59:10,731 - INFO - Average total reward over 1000 training episodes after 74000 total training episodes: 1.402
2019-09-24 06:59:10,731 - INFO - Average scaled reward over 1000 training episodes after 74000 total training episodes: 0.047
2019-09-24 06:59:10,731 - INFO - Total environmental steps in training mode up to now: 2220000
2019-09-24 06:59:10,731 - INFO - Saving the agent...
2019-09-24 06:59:12,360 - INFO - Validating for 1000 episodes...
2019-09-24 07:01:12,404 - INFO - Training of 1000 finished with following result:
2019-09-24 07:01:12,405 - INFO - Average total reward over 1000 validation episodes after 74000 total training episodes: 4.516
2019-09-24 07:01:12,405 - INFO - Average scaled reward over 1000 validation episodes after 74000 total training episodes: 0.151
2019-09-24 07:01:12,444 - INFO - Average scaled reward of the last 20 steps over 1000 validation episodes: 0.19
2019-09-24 07:01:12,444 - INFO - Training for 1000 episodes...
2019-09-24 07:34:41,116 - INFO - Training of 1000 finished with following result:
2019-09-24 07:34:41,116 - INFO - Average total reward over 1000 training episodes after 75000 total training episodes: 1.417
2019-09-24 07:34:41,116 - INFO - Average scaled reward over 1000 training episodes after 75000 total training episodes: 0.047
2019-09-24 07:34:41,117 - INFO - Total environmental steps in training mode up to now: 2250000
2019-09-24 07:34:41,117 - INFO - Saving the agent...
2019-09-24 07:34:42,836 - INFO - Validating for 1000 episodes...
2019-09-24 07:36:44,728 - INFO - Training of 1000 finished with following result:
2019-09-24 07:36:44,728 - INFO - Average total reward over 1000 validation episodes after 75000 total training episodes: 4.518
2019-09-24 07:36:44,728 - INFO - Average scaled reward over 1000 validation episodes after 75000 total training episodes: 0.151
2019-09-24 07:36:44,770 - INFO - Average scaled reward of the last 20 steps over 1000 validation episodes: 0.192
2019-09-24 07:36:44,770 - INFO - End of training
2019-09-24 07:36:44,770 - INFO - Cycle 1 - Testing for 100 episodes...
2019-09-24 07:36:57,113 - INFO - Average scaled reward of the last 20 steps over last test cycles 0.199
2019-09-24 07:36:57,114 - INFO - Testing of 100 finished with following result:
2019-09-24 07:36:57,114 - INFO - Average total reward over 100 test episodes: 4.635
2019-09-24 07:36:57,114 - INFO - Average scaled reward over 100 test episodes: 0.154
2019-09-24 07:36:57,114 - INFO - Cycle 2 - Testing for 100 episodes...
2019-09-24 07:37:09,964 - INFO - Average scaled reward of the last 20 steps over last test cycles 0.209
2019-09-24 07:37:09,964 - INFO - Testing of 100 finished with following result:
2019-09-24 07:37:09,964 - INFO - Average total reward over 100 test episodes: 4.897
2019-09-24 07:37:09,964 - INFO - Average scaled reward over 100 test episodes: 0.163
2019-09-24 07:37:09,964 - INFO - Cycle 3 - Testing for 100 episodes...
2019-09-24 07:37:22,199 - INFO - Average scaled reward of the last 20 steps over last test cycles 0.192
2019-09-24 07:37:22,199 - INFO - Testing of 100 finished with following result:
2019-09-24 07:37:22,199 - INFO - Average total reward over 100 test episodes: 4.466
2019-09-24 07:37:22,199 - INFO - Average scaled reward over 100 test episodes: 0.149
2019-09-24 07:37:22,200 - INFO - Cycle 4 - Testing for 100 episodes...
2019-09-24 07:37:33,999 - INFO - Average scaled reward of the last 20 steps over last test cycles 0.173
2019-09-24 07:37:33,999 - INFO - Testing of 100 finished with following result:
2019-09-24 07:37:34,000 - INFO - Average total reward over 100 test episodes: 4.052
2019-09-24 07:37:34,000 - INFO - Average scaled reward over 100 test episodes: 0.135
2019-09-24 07:37:34,000 - INFO - Cycle 5 - Testing for 100 episodes...
2019-09-24 07:37:46,188 - INFO - Average scaled reward of the last 20 steps over last test cycles 0.186
2019-09-24 07:37:46,189 - INFO - Testing of 100 finished with following result:
2019-09-24 07:37:46,189 - INFO - Average total reward over 100 test episodes: 4.435
2019-09-24 07:37:46,189 - INFO - Average scaled reward over 100 test episodes: 0.148
2019-09-24 07:37:46,189 - INFO - Cycle 6 - Testing for 100 episodes...
2019-09-24 07:37:58,680 - INFO - Average scaled reward of the last 20 steps over last test cycles 0.195
2019-09-24 07:37:58,681 - INFO - Testing of 100 finished with following result:
2019-09-24 07:37:58,681 - INFO - Average total reward over 100 test episodes: 4.542
2019-09-24 07:37:58,681 - INFO - Average scaled reward over 100 test episodes: 0.151
2019-09-24 07:37:58,681 - INFO - Cycle 7 - Testing for 100 episodes...
2019-09-24 07:38:11,211 - INFO - Average scaled reward of the last 20 steps over last test cycles 0.193
2019-09-24 07:38:11,211 - INFO - Testing of 100 finished with following result:
2019-09-24 07:38:11,211 - INFO - Average total reward over 100 test episodes: 4.543
2019-09-24 07:38:11,211 - INFO - Average scaled reward over 100 test episodes: 0.151
2019-09-24 07:38:11,211 - INFO - Cycle 8 - Testing for 100 episodes...
2019-09-24 07:38:23,299 - INFO - Average scaled reward of the last 20 steps over last test cycles 0.184
2019-09-24 07:38:23,299 - INFO - Testing of 100 finished with following result:
2019-09-24 07:38:23,299 - INFO - Average total reward over 100 test episodes: 4.36
2019-09-24 07:38:23,299 - INFO - Average scaled reward over 100 test episodes: 0.145
2019-09-24 07:38:23,299 - INFO - Cycle 9 - Testing for 100 episodes...
2019-09-24 07:38:35,336 - INFO - Average scaled reward of the last 20 steps over last test cycles 0.191
2019-09-24 07:38:35,336 - INFO - Testing of 100 finished with following result:
2019-09-24 07:38:35,336 - INFO - Average total reward over 100 test episodes: 4.455
2019-09-24 07:38:35,336 - INFO - Average scaled reward over 100 test episodes: 0.149
2019-09-24 07:38:35,336 - INFO - Cycle 10 - Testing for 100 episodes...
2019-09-24 07:38:47,923 - INFO - Average scaled reward of the last 20 steps over last test cycles 0.202
2019-09-24 07:38:47,923 - INFO - Testing of 100 finished with following result:
2019-09-24 07:38:47,923 - INFO - Average total reward over 100 test episodes: 4.719
2019-09-24 07:38:47,923 - INFO - Average scaled reward over 100 test episodes: 0.157
2019-09-24 07:38:47,923 - INFO - End of test
2019-09-24 07:38:47,924 - INFO - Average test total reward is 4.51 with 75000 training episodes
2019-09-24 07:38:47,924 - INFO - Average test scaled reward is 0.15 with 75000 training episodes
2019-09-24 07:38:47,924 - INFO - Max test total reward over 100 and 10 cycles is: 4.897
2019-09-24 07:38:47,924 - INFO - Max test scaled reward over 100 and 10 cycles is: 0.163
2019-09-24 07:38:47,924 - INFO - Saving plots...
2019-09-24 07:39:12,069 - INFO - Plots saved successfully
2019-09-24 07:39:12,069 - INFO - Saving RNG experiment specific plots...
2019-09-24 07:39:27,938 - INFO - RNG experiment specific plots saved successfully
2019-09-24 07:39:27,938 - INFO - The experiment terminated successfully
