2019-10-09 22:04:54,581 - INFO - Data:

Vanilla Policy Gradient with GAE buffer
Three dense layer with 4096 neurons each using xavier initialization
Learning rate policy: 0.0003
Learning rate advantage: 0.0001
Discount factor: 0.99
Value steps per update: 10
Lambda parameter: 0.95
Updates per training volley: 2
Success threshold: 0.35 average total reward on the validation set episodes
Episodic: yes
Episode length: 100
Max allowed steps for episode: 100
Seed states range [-128, 127]
Acceptance value: none

2019-10-09 22:04:54,581 - INFO - Setup of experiment experiment_2...
2019-10-09 22:04:54,581 - INFO - Environment setup...
2019-10-09 22:04:54,581 - INFO - Environment setup is successful!
2019-10-09 22:04:54,581 - INFO - Agent setup...
2019-10-09 22:04:54,582 - INFO - Setup of agent vpg_agent with scope experiment_2...
2019-10-09 22:04:54,583 - INFO - A Tensorboard summary for the agent will be updated during training of its internal model
2019-10-09 22:04:54,583 - INFO - Tensorboard summary path: ./experiments/rng_discrete_binary_vpg_e_s10_r127-128_2019-10-08/experiment/2/summary
2019-10-09 22:04:54,583 - INFO - Generating model model with scope experiment_2/vpg_agent...
2019-10-09 22:04:54,583 - INFO - Model generation successful
2019-10-09 22:04:55,205 - INFO - Agent setup is successful!
2019-10-09 22:04:55,228 - INFO - Agent internal model will be saved after each train volley
2019-10-09 22:04:55,228 - INFO - Agent internal model metagraph save path: ./experiments/rng_discrete_binary_vpg_e_s10_r127-128_2019-10-08/experiment/2/metagraph
2019-10-09 22:04:55,228 - INFO - Tensorflow configuration is successful!
2019-10-09 22:04:55,228 - INFO - Experiment setup is successful. Now can conduct the experiment
2019-10-09 22:04:55,228 - INFO - Conducting experiment experiment_2...
2019-10-09 22:04:58,510 - INFO - Model initialized to default state
2019-10-09 22:04:58,510 - INFO - Training for 1000 episodes...
2019-10-09 22:15:29,578 - INFO - Training of 1000 finished with following result:
2019-10-09 22:15:29,578 - INFO - Average total reward over 1000 training episodes after 1000 total training episodes: 0.273
2019-10-09 22:15:29,578 - INFO - Average scaled reward over 1000 training episodes after 1000 total training episodes: 0.003
2019-10-09 22:15:29,578 - INFO - Total environmental steps in training mode up to now: 100000
2019-10-09 22:15:29,578 - INFO - Saving the agent...
2019-10-09 22:15:29,878 - INFO - Validating for 1000 episodes...
2019-10-09 22:24:50,663 - INFO - Training of 1000 finished with following result:
2019-10-09 22:24:50,663 - INFO - Average total reward over 1000 validation episodes after 1000 total training episodes: 0.248
2019-10-09 22:24:50,663 - INFO - Average scaled reward over 1000 validation episodes after 1000 total training episodes: 0.002
2019-10-09 22:24:50,663 - INFO - Training for 1000 episodes...
2019-10-09 22:35:23,923 - INFO - Training of 1000 finished with following result:
2019-10-09 22:35:23,923 - INFO - Average total reward over 1000 training episodes after 2000 total training episodes: 0.236
2019-10-09 22:35:23,923 - INFO - Average scaled reward over 1000 training episodes after 2000 total training episodes: 0.002
2019-10-09 22:35:23,923 - INFO - Total environmental steps in training mode up to now: 200000
2019-10-09 22:35:23,924 - INFO - Saving the agent...
2019-10-09 22:35:24,908 - INFO - Validating for 1000 episodes...
2019-10-09 22:44:45,969 - INFO - Training of 1000 finished with following result:
2019-10-09 22:44:45,970 - INFO - Average total reward over 1000 validation episodes after 2000 total training episodes: 0.214
2019-10-09 22:44:45,970 - INFO - Average scaled reward over 1000 validation episodes after 2000 total training episodes: 0.002
2019-10-09 22:44:45,970 - INFO - Training for 1000 episodes...
2019-10-09 22:55:19,456 - INFO - Training of 1000 finished with following result:
2019-10-09 22:55:19,456 - INFO - Average total reward over 1000 training episodes after 3000 total training episodes: 0.222
2019-10-09 22:55:19,456 - INFO - Average scaled reward over 1000 training episodes after 3000 total training episodes: 0.002
2019-10-09 22:55:19,457 - INFO - Total environmental steps in training mode up to now: 300000
2019-10-09 22:55:19,457 - INFO - Saving the agent...
2019-10-09 22:55:20,438 - INFO - Validating for 1000 episodes...
2019-10-09 23:04:42,391 - INFO - Training of 1000 finished with following result:
2019-10-09 23:04:42,391 - INFO - Average total reward over 1000 validation episodes after 3000 total training episodes: 0.221
2019-10-09 23:04:42,391 - INFO - Average scaled reward over 1000 validation episodes after 3000 total training episodes: 0.002
2019-10-09 23:04:42,391 - INFO - Training for 1000 episodes...
2019-10-09 23:15:14,171 - INFO - Training of 1000 finished with following result:
2019-10-09 23:15:14,171 - INFO - Average total reward over 1000 training episodes after 4000 total training episodes: 0.213
2019-10-09 23:15:14,171 - INFO - Average scaled reward over 1000 training episodes after 4000 total training episodes: 0.002
2019-10-09 23:15:14,171 - INFO - Total environmental steps in training mode up to now: 400000
2019-10-09 23:15:14,171 - INFO - Saving the agent...
2019-10-09 23:15:15,161 - INFO - Validating for 1000 episodes...
2019-10-09 23:24:35,650 - INFO - Training of 1000 finished with following result:
2019-10-09 23:24:35,650 - INFO - Average total reward over 1000 validation episodes after 4000 total training episodes: 0.22
2019-10-09 23:24:35,650 - INFO - Average scaled reward over 1000 validation episodes after 4000 total training episodes: 0.002
2019-10-09 23:24:35,650 - INFO - Training for 1000 episodes...
2019-10-09 23:35:08,547 - INFO - Training of 1000 finished with following result:
2019-10-09 23:35:08,547 - INFO - Average total reward over 1000 training episodes after 5000 total training episodes: 0.224
2019-10-09 23:35:08,547 - INFO - Average scaled reward over 1000 training episodes after 5000 total training episodes: 0.002
2019-10-09 23:35:08,547 - INFO - Total environmental steps in training mode up to now: 500000
2019-10-09 23:35:08,547 - INFO - Saving the agent...
2019-10-09 23:35:09,552 - INFO - Validating for 1000 episodes...
2019-10-09 23:44:31,205 - INFO - Training of 1000 finished with following result:
2019-10-09 23:44:31,205 - INFO - Average total reward over 1000 validation episodes after 5000 total training episodes: 0.222
2019-10-09 23:44:31,205 - INFO - Average scaled reward over 1000 validation episodes after 5000 total training episodes: 0.002
2019-10-09 23:44:31,205 - INFO - Training for 1000 episodes...
2019-10-09 23:55:05,109 - INFO - Training of 1000 finished with following result:
2019-10-09 23:55:05,109 - INFO - Average total reward over 1000 training episodes after 6000 total training episodes: 0.209
2019-10-09 23:55:05,109 - INFO - Average scaled reward over 1000 training episodes after 6000 total training episodes: 0.002
2019-10-09 23:55:05,109 - INFO - Total environmental steps in training mode up to now: 600000
2019-10-09 23:55:05,109 - INFO - Saving the agent...
2019-10-09 23:55:06,118 - INFO - Validating for 1000 episodes...
2019-10-10 00:04:27,963 - INFO - Training of 1000 finished with following result:
2019-10-10 00:04:27,963 - INFO - Average total reward over 1000 validation episodes after 6000 total training episodes: 0.233
2019-10-10 00:04:27,964 - INFO - Average scaled reward over 1000 validation episodes after 6000 total training episodes: 0.002
2019-10-10 00:04:27,964 - INFO - Training for 1000 episodes...
2019-10-10 00:15:01,279 - INFO - Training of 1000 finished with following result:
2019-10-10 00:15:01,279 - INFO - Average total reward over 1000 training episodes after 7000 total training episodes: 0.222
2019-10-10 00:15:01,279 - INFO - Average scaled reward over 1000 training episodes after 7000 total training episodes: 0.002
2019-10-10 00:15:01,279 - INFO - Total environmental steps in training mode up to now: 700000
2019-10-10 00:15:01,279 - INFO - Saving the agent...
2019-10-10 00:15:02,284 - INFO - Validating for 1000 episodes...
2019-10-10 00:24:24,224 - INFO - Training of 1000 finished with following result:
2019-10-10 00:24:24,224 - INFO - Average total reward over 1000 validation episodes after 7000 total training episodes: 0.23
2019-10-10 00:24:24,224 - INFO - Average scaled reward over 1000 validation episodes after 7000 total training episodes: 0.002
2019-10-10 00:24:24,224 - INFO - Training for 1000 episodes...
2019-10-10 00:34:58,344 - INFO - Training of 1000 finished with following result:
2019-10-10 00:34:58,344 - INFO - Average total reward over 1000 training episodes after 8000 total training episodes: 0.227
2019-10-10 00:34:58,344 - INFO - Average scaled reward over 1000 training episodes after 8000 total training episodes: 0.002
2019-10-10 00:34:58,345 - INFO - Total environmental steps in training mode up to now: 800000
2019-10-10 00:34:58,345 - INFO - Saving the agent...
2019-10-10 00:34:59,349 - INFO - Validating for 1000 episodes...
2019-10-10 00:44:20,447 - INFO - Training of 1000 finished with following result:
2019-10-10 00:44:20,447 - INFO - Average total reward over 1000 validation episodes after 8000 total training episodes: 0.22
2019-10-10 00:44:20,447 - INFO - Average scaled reward over 1000 validation episodes after 8000 total training episodes: 0.002
2019-10-10 00:44:20,447 - INFO - Training for 1000 episodes...
2019-10-10 00:54:53,539 - INFO - Training of 1000 finished with following result:
2019-10-10 00:54:53,539 - INFO - Average total reward over 1000 training episodes after 9000 total training episodes: 0.224
2019-10-10 00:54:53,539 - INFO - Average scaled reward over 1000 training episodes after 9000 total training episodes: 0.002
2019-10-10 00:54:53,539 - INFO - Total environmental steps in training mode up to now: 900000
2019-10-10 00:54:53,539 - INFO - Saving the agent...
2019-10-10 00:54:54,548 - INFO - Validating for 1000 episodes...
2019-10-10 01:04:17,135 - INFO - Training of 1000 finished with following result:
2019-10-10 01:04:17,135 - INFO - Average total reward over 1000 validation episodes after 9000 total training episodes: 0.217
2019-10-10 01:04:17,135 - INFO - Average scaled reward over 1000 validation episodes after 9000 total training episodes: 0.002
2019-10-10 01:04:17,135 - INFO - Training for 1000 episodes...
2019-10-10 01:14:49,840 - INFO - Training of 1000 finished with following result:
2019-10-10 01:14:49,840 - INFO - Average total reward over 1000 training episodes after 10000 total training episodes: 0.209
2019-10-10 01:14:49,840 - INFO - Average scaled reward over 1000 training episodes after 10000 total training episodes: 0.002
2019-10-10 01:14:49,840 - INFO - Total environmental steps in training mode up to now: 1000000
2019-10-10 01:14:49,840 - INFO - Saving the agent...
2019-10-10 01:14:50,842 - INFO - Validating for 1000 episodes...
2019-10-10 01:24:13,780 - INFO - Training of 1000 finished with following result:
2019-10-10 01:24:13,781 - INFO - Average total reward over 1000 validation episodes after 10000 total training episodes: 0.22
2019-10-10 01:24:13,781 - INFO - Average scaled reward over 1000 validation episodes after 10000 total training episodes: 0.002
2019-10-10 01:24:13,781 - INFO - Training for 1000 episodes...
2019-10-10 01:34:45,982 - INFO - Training of 1000 finished with following result:
2019-10-10 01:34:45,982 - INFO - Average total reward over 1000 training episodes after 11000 total training episodes: 0.204
2019-10-10 01:34:45,982 - INFO - Average scaled reward over 1000 training episodes after 11000 total training episodes: 0.002
2019-10-10 01:34:45,982 - INFO - Total environmental steps in training mode up to now: 1100000
2019-10-10 01:34:45,983 - INFO - Saving the agent...
2019-10-10 01:34:46,944 - INFO - Validating for 1000 episodes...
2019-10-10 01:44:07,620 - INFO - Training of 1000 finished with following result:
2019-10-10 01:44:07,621 - INFO - Average total reward over 1000 validation episodes after 11000 total training episodes: 0.223
2019-10-10 01:44:07,621 - INFO - Average scaled reward over 1000 validation episodes after 11000 total training episodes: 0.002
2019-10-10 01:44:07,621 - INFO - Training for 1000 episodes...
2019-10-10 01:54:40,355 - INFO - Training of 1000 finished with following result:
2019-10-10 01:54:40,356 - INFO - Average total reward over 1000 training episodes after 12000 total training episodes: 0.22
2019-10-10 01:54:40,356 - INFO - Average scaled reward over 1000 training episodes after 12000 total training episodes: 0.002
2019-10-10 01:54:40,356 - INFO - Total environmental steps in training mode up to now: 1200000
2019-10-10 01:54:40,356 - INFO - Saving the agent...
2019-10-10 01:54:41,363 - INFO - Validating for 1000 episodes...
2019-10-10 02:04:03,817 - INFO - Training of 1000 finished with following result:
2019-10-10 02:04:03,817 - INFO - Average total reward over 1000 validation episodes after 12000 total training episodes: 0.227
2019-10-10 02:04:03,817 - INFO - Average scaled reward over 1000 validation episodes after 12000 total training episodes: 0.002
2019-10-10 02:04:03,818 - INFO - Training for 1000 episodes...
2019-10-10 02:14:36,840 - INFO - Training of 1000 finished with following result:
2019-10-10 02:14:36,840 - INFO - Average total reward over 1000 training episodes after 13000 total training episodes: 0.215
2019-10-10 02:14:36,841 - INFO - Average scaled reward over 1000 training episodes after 13000 total training episodes: 0.002
2019-10-10 02:14:36,841 - INFO - Total environmental steps in training mode up to now: 1300000
2019-10-10 02:14:36,841 - INFO - Saving the agent...
2019-10-10 02:14:37,837 - INFO - Validating for 1000 episodes...
2019-10-10 02:23:59,357 - INFO - Training of 1000 finished with following result:
2019-10-10 02:23:59,357 - INFO - Average total reward over 1000 validation episodes after 13000 total training episodes: 0.215
2019-10-10 02:23:59,357 - INFO - Average scaled reward over 1000 validation episodes after 13000 total training episodes: 0.002
2019-10-10 02:23:59,357 - INFO - Training for 1000 episodes...
2019-10-10 02:34:32,539 - INFO - Training of 1000 finished with following result:
2019-10-10 02:34:32,540 - INFO - Average total reward over 1000 training episodes after 14000 total training episodes: 0.211
2019-10-10 02:34:32,540 - INFO - Average scaled reward over 1000 training episodes after 14000 total training episodes: 0.002
2019-10-10 02:34:32,540 - INFO - Total environmental steps in training mode up to now: 1400000
2019-10-10 02:34:32,540 - INFO - Saving the agent...
2019-10-10 02:34:33,651 - INFO - Validating for 1000 episodes...
2019-10-10 02:43:55,970 - INFO - Training of 1000 finished with following result:
2019-10-10 02:43:55,970 - INFO - Average total reward over 1000 validation episodes after 14000 total training episodes: 0.215
2019-10-10 02:43:55,970 - INFO - Average scaled reward over 1000 validation episodes after 14000 total training episodes: 0.002
2019-10-10 02:43:55,970 - INFO - Training for 1000 episodes...
2019-10-10 02:54:28,436 - INFO - Training of 1000 finished with following result:
2019-10-10 02:54:28,436 - INFO - Average total reward over 1000 training episodes after 15000 total training episodes: 0.224
2019-10-10 02:54:28,436 - INFO - Average scaled reward over 1000 training episodes after 15000 total training episodes: 0.002
2019-10-10 02:54:28,437 - INFO - Total environmental steps in training mode up to now: 1500000
2019-10-10 02:54:28,437 - INFO - Saving the agent...
2019-10-10 02:54:29,457 - INFO - Validating for 1000 episodes...
2019-10-10 03:03:50,644 - INFO - Training of 1000 finished with following result:
2019-10-10 03:03:50,644 - INFO - Average total reward over 1000 validation episodes after 15000 total training episodes: 0.219
2019-10-10 03:03:50,644 - INFO - Average scaled reward over 1000 validation episodes after 15000 total training episodes: 0.002
2019-10-10 03:03:50,644 - INFO - Training for 1000 episodes...
2019-10-10 03:14:23,063 - INFO - Training of 1000 finished with following result:
2019-10-10 03:14:23,063 - INFO - Average total reward over 1000 training episodes after 16000 total training episodes: 0.206
2019-10-10 03:14:23,063 - INFO - Average scaled reward over 1000 training episodes after 16000 total training episodes: 0.002
2019-10-10 03:14:23,064 - INFO - Total environmental steps in training mode up to now: 1600000
2019-10-10 03:14:23,064 - INFO - Saving the agent...
2019-10-10 03:14:24,062 - INFO - Validating for 1000 episodes...
2019-10-10 03:23:46,745 - INFO - Training of 1000 finished with following result:
2019-10-10 03:23:46,745 - INFO - Average total reward over 1000 validation episodes after 16000 total training episodes: 0.23
2019-10-10 03:23:46,746 - INFO - Average scaled reward over 1000 validation episodes after 16000 total training episodes: 0.002
2019-10-10 03:23:46,746 - INFO - Training for 1000 episodes...
2019-10-10 03:34:21,228 - INFO - Training of 1000 finished with following result:
2019-10-10 03:34:21,228 - INFO - Average total reward over 1000 training episodes after 17000 total training episodes: 0.225
2019-10-10 03:34:21,228 - INFO - Average scaled reward over 1000 training episodes after 17000 total training episodes: 0.002
2019-10-10 03:34:21,229 - INFO - Total environmental steps in training mode up to now: 1700000
2019-10-10 03:34:21,229 - INFO - Saving the agent...
2019-10-10 03:34:22,255 - INFO - Validating for 1000 episodes...
2019-10-10 03:43:43,907 - INFO - Training of 1000 finished with following result:
2019-10-10 03:43:43,907 - INFO - Average total reward over 1000 validation episodes after 17000 total training episodes: 0.221
2019-10-10 03:43:43,907 - INFO - Average scaled reward over 1000 validation episodes after 17000 total training episodes: 0.002
2019-10-10 03:43:43,907 - INFO - Training for 1000 episodes...
2019-10-10 03:54:17,838 - INFO - Training of 1000 finished with following result:
2019-10-10 03:54:17,838 - INFO - Average total reward over 1000 training episodes after 18000 total training episodes: 0.244
2019-10-10 03:54:17,838 - INFO - Average scaled reward over 1000 training episodes after 18000 total training episodes: 0.002
2019-10-10 03:54:17,838 - INFO - Total environmental steps in training mode up to now: 1800000
2019-10-10 03:54:17,838 - INFO - Saving the agent...
2019-10-10 03:54:18,844 - INFO - Validating for 1000 episodes...
2019-10-10 04:03:39,307 - INFO - Training of 1000 finished with following result:
2019-10-10 04:03:39,308 - INFO - Average total reward over 1000 validation episodes after 18000 total training episodes: 0.309
2019-10-10 04:03:39,308 - INFO - Average scaled reward over 1000 validation episodes after 18000 total training episodes: 0.003
2019-10-10 04:03:39,308 - INFO - Training for 1000 episodes...
2019-10-10 04:14:11,057 - INFO - Training of 1000 finished with following result:
2019-10-10 04:14:11,057 - INFO - Average total reward over 1000 training episodes after 19000 total training episodes: 0.298
2019-10-10 04:14:11,057 - INFO - Average scaled reward over 1000 training episodes after 19000 total training episodes: 0.003
2019-10-10 04:14:11,057 - INFO - Total environmental steps in training mode up to now: 1900000
2019-10-10 04:14:11,057 - INFO - Saving the agent...
2019-10-10 04:14:12,087 - INFO - Validating for 1000 episodes...
2019-10-10 04:23:32,234 - INFO - Training of 1000 finished with following result:
2019-10-10 04:23:32,234 - INFO - Average total reward over 1000 validation episodes after 19000 total training episodes: 0.304
2019-10-10 04:23:32,234 - INFO - Average scaled reward over 1000 validation episodes after 19000 total training episodes: 0.003
2019-10-10 04:23:32,234 - INFO - Training for 1000 episodes...
2019-10-10 04:34:04,213 - INFO - Training of 1000 finished with following result:
2019-10-10 04:34:04,213 - INFO - Average total reward over 1000 training episodes after 20000 total training episodes: 0.299
2019-10-10 04:34:04,214 - INFO - Average scaled reward over 1000 training episodes after 20000 total training episodes: 0.003
2019-10-10 04:34:04,214 - INFO - Total environmental steps in training mode up to now: 2000000
2019-10-10 04:34:04,214 - INFO - Saving the agent...
2019-10-10 04:34:05,315 - INFO - Validating for 1000 episodes...
2019-10-10 04:43:27,137 - INFO - Training of 1000 finished with following result:
2019-10-10 04:43:27,137 - INFO - Average total reward over 1000 validation episodes after 20000 total training episodes: 0.303
2019-10-10 04:43:27,137 - INFO - Average scaled reward over 1000 validation episodes after 20000 total training episodes: 0.003
2019-10-10 04:43:27,137 - INFO - Training for 1000 episodes...
2019-10-10 04:54:00,231 - INFO - Training of 1000 finished with following result:
2019-10-10 04:54:00,231 - INFO - Average total reward over 1000 training episodes after 21000 total training episodes: 0.287
2019-10-10 04:54:00,231 - INFO - Average scaled reward over 1000 training episodes after 21000 total training episodes: 0.003
2019-10-10 04:54:00,231 - INFO - Total environmental steps in training mode up to now: 2100000
2019-10-10 04:54:00,231 - INFO - Saving the agent...
2019-10-10 04:54:01,237 - INFO - Validating for 1000 episodes...
2019-10-10 05:03:21,838 - INFO - Training of 1000 finished with following result:
2019-10-10 05:03:21,838 - INFO - Average total reward over 1000 validation episodes after 21000 total training episodes: 0.293
2019-10-10 05:03:21,838 - INFO - Average scaled reward over 1000 validation episodes after 21000 total training episodes: 0.003
2019-10-10 05:03:21,838 - INFO - Training for 1000 episodes...
2019-10-10 05:13:54,374 - INFO - Training of 1000 finished with following result:
2019-10-10 05:13:54,375 - INFO - Average total reward over 1000 training episodes after 22000 total training episodes: 0.268
2019-10-10 05:13:54,375 - INFO - Average scaled reward over 1000 training episodes after 22000 total training episodes: 0.003
2019-10-10 05:13:54,375 - INFO - Total environmental steps in training mode up to now: 2200000
2019-10-10 05:13:54,375 - INFO - Saving the agent...
2019-10-10 05:13:55,516 - INFO - Validating for 1000 episodes...
2019-10-10 05:23:16,541 - INFO - Training of 1000 finished with following result:
2019-10-10 05:23:16,541 - INFO - Average total reward over 1000 validation episodes after 22000 total training episodes: 0.214
2019-10-10 05:23:16,542 - INFO - Average scaled reward over 1000 validation episodes after 22000 total training episodes: 0.002
2019-10-10 05:23:16,542 - INFO - Training for 1000 episodes...
2019-10-10 05:33:49,296 - INFO - Training of 1000 finished with following result:
2019-10-10 05:33:49,296 - INFO - Average total reward over 1000 training episodes after 23000 total training episodes: 0.216
2019-10-10 05:33:49,296 - INFO - Average scaled reward over 1000 training episodes after 23000 total training episodes: 0.002
2019-10-10 05:33:49,296 - INFO - Total environmental steps in training mode up to now: 2300000
2019-10-10 05:33:49,296 - INFO - Saving the agent...
2019-10-10 05:33:50,320 - INFO - Validating for 1000 episodes...
2019-10-10 05:43:11,497 - INFO - Training of 1000 finished with following result:
2019-10-10 05:43:11,497 - INFO - Average total reward over 1000 validation episodes after 23000 total training episodes: 0.231
2019-10-10 05:43:11,497 - INFO - Average scaled reward over 1000 validation episodes after 23000 total training episodes: 0.002
2019-10-10 05:43:11,497 - INFO - Training for 1000 episodes...
2019-10-10 05:53:43,357 - INFO - Training of 1000 finished with following result:
2019-10-10 05:53:43,357 - INFO - Average total reward over 1000 training episodes after 24000 total training episodes: 0.226
2019-10-10 05:53:43,357 - INFO - Average scaled reward over 1000 training episodes after 24000 total training episodes: 0.002
2019-10-10 05:53:43,357 - INFO - Total environmental steps in training mode up to now: 2400000
2019-10-10 05:53:43,357 - INFO - Saving the agent...
2019-10-10 05:53:44,491 - INFO - Validating for 1000 episodes...
2019-10-10 06:03:06,262 - INFO - Training of 1000 finished with following result:
2019-10-10 06:03:06,263 - INFO - Average total reward over 1000 validation episodes after 24000 total training episodes: 0.217
2019-10-10 06:03:06,263 - INFO - Average scaled reward over 1000 validation episodes after 24000 total training episodes: 0.002
2019-10-10 06:03:06,263 - INFO - Training for 1000 episodes...
2019-10-10 06:13:37,970 - INFO - Training of 1000 finished with following result:
2019-10-10 06:13:37,970 - INFO - Average total reward over 1000 training episodes after 25000 total training episodes: 0.206
2019-10-10 06:13:37,970 - INFO - Average scaled reward over 1000 training episodes after 25000 total training episodes: 0.002
2019-10-10 06:13:37,970 - INFO - Total environmental steps in training mode up to now: 2500000
2019-10-10 06:13:37,971 - INFO - Saving the agent...
2019-10-10 06:13:38,944 - INFO - Validating for 1000 episodes...
2019-10-10 06:23:00,530 - INFO - Training of 1000 finished with following result:
2019-10-10 06:23:00,530 - INFO - Average total reward over 1000 validation episodes after 25000 total training episodes: 0.216
2019-10-10 06:23:00,530 - INFO - Average scaled reward over 1000 validation episodes after 25000 total training episodes: 0.002
2019-10-10 06:23:00,530 - INFO - Training for 1000 episodes...
2019-10-10 06:33:32,271 - INFO - Training of 1000 finished with following result:
2019-10-10 06:33:32,272 - INFO - Average total reward over 1000 training episodes after 26000 total training episodes: 0.215
2019-10-10 06:33:32,272 - INFO - Average scaled reward over 1000 training episodes after 26000 total training episodes: 0.002
2019-10-10 06:33:32,272 - INFO - Total environmental steps in training mode up to now: 2600000
2019-10-10 06:33:32,272 - INFO - Saving the agent...
2019-10-10 06:33:33,254 - INFO - Validating for 1000 episodes...
2019-10-10 06:42:55,447 - INFO - Training of 1000 finished with following result:
2019-10-10 06:42:55,447 - INFO - Average total reward over 1000 validation episodes after 26000 total training episodes: 0.212
2019-10-10 06:42:55,447 - INFO - Average scaled reward over 1000 validation episodes after 26000 total training episodes: 0.002
2019-10-10 06:42:55,447 - INFO - Training for 1000 episodes...
2019-10-10 06:53:28,847 - INFO - Training of 1000 finished with following result:
2019-10-10 06:53:28,847 - INFO - Average total reward over 1000 training episodes after 27000 total training episodes: 0.21
2019-10-10 06:53:28,847 - INFO - Average scaled reward over 1000 training episodes after 27000 total training episodes: 0.002
2019-10-10 06:53:28,847 - INFO - Total environmental steps in training mode up to now: 2700000
2019-10-10 06:53:28,847 - INFO - Saving the agent...
2019-10-10 06:53:29,833 - INFO - Validating for 1000 episodes...
2019-10-10 07:02:50,708 - INFO - Training of 1000 finished with following result:
2019-10-10 07:02:50,708 - INFO - Average total reward over 1000 validation episodes after 27000 total training episodes: 0.206
2019-10-10 07:02:50,708 - INFO - Average scaled reward over 1000 validation episodes after 27000 total training episodes: 0.002
2019-10-10 07:02:50,708 - INFO - Training for 1000 episodes...
2019-10-10 07:13:22,217 - INFO - Training of 1000 finished with following result:
2019-10-10 07:13:22,217 - INFO - Average total reward over 1000 training episodes after 28000 total training episodes: 0.21
2019-10-10 07:13:22,217 - INFO - Average scaled reward over 1000 training episodes after 28000 total training episodes: 0.002
2019-10-10 07:13:22,217 - INFO - Total environmental steps in training mode up to now: 2800000
2019-10-10 07:13:22,217 - INFO - Saving the agent...
2019-10-10 07:13:23,301 - INFO - Validating for 1000 episodes...
2019-10-10 07:22:45,487 - INFO - Training of 1000 finished with following result:
2019-10-10 07:22:45,488 - INFO - Average total reward over 1000 validation episodes after 28000 total training episodes: 0.216
2019-10-10 07:22:45,488 - INFO - Average scaled reward over 1000 validation episodes after 28000 total training episodes: 0.002
2019-10-10 07:22:45,488 - INFO - Training for 1000 episodes...
2019-10-10 07:33:17,881 - INFO - Training of 1000 finished with following result:
2019-10-10 07:33:17,881 - INFO - Average total reward over 1000 training episodes after 29000 total training episodes: 0.218
2019-10-10 07:33:17,881 - INFO - Average scaled reward over 1000 training episodes after 29000 total training episodes: 0.002
2019-10-10 07:33:17,881 - INFO - Total environmental steps in training mode up to now: 2900000
2019-10-10 07:33:17,881 - INFO - Saving the agent...
2019-10-10 07:33:18,864 - INFO - Validating for 1000 episodes...
2019-10-10 07:42:40,882 - INFO - Training of 1000 finished with following result:
2019-10-10 07:42:40,882 - INFO - Average total reward over 1000 validation episodes after 29000 total training episodes: 0.218
2019-10-10 07:42:40,883 - INFO - Average scaled reward over 1000 validation episodes after 29000 total training episodes: 0.002
2019-10-10 07:42:40,883 - INFO - Training for 1000 episodes...
2019-10-10 07:53:13,750 - INFO - Training of 1000 finished with following result:
2019-10-10 07:53:13,750 - INFO - Average total reward over 1000 training episodes after 30000 total training episodes: 0.211
2019-10-10 07:53:13,750 - INFO - Average scaled reward over 1000 training episodes after 30000 total training episodes: 0.002
2019-10-10 07:53:13,750 - INFO - Total environmental steps in training mode up to now: 3000000
2019-10-10 07:53:13,750 - INFO - Saving the agent...
2019-10-10 07:53:14,780 - INFO - Validating for 1000 episodes...
2019-10-10 08:02:36,784 - INFO - Training of 1000 finished with following result:
2019-10-10 08:02:36,785 - INFO - Average total reward over 1000 validation episodes after 30000 total training episodes: 0.205
2019-10-10 08:02:36,785 - INFO - Average scaled reward over 1000 validation episodes after 30000 total training episodes: 0.002
2019-10-10 08:02:36,785 - INFO - Training for 1000 episodes...
2019-10-10 08:13:08,595 - INFO - Training of 1000 finished with following result:
2019-10-10 08:13:08,595 - INFO - Average total reward over 1000 training episodes after 31000 total training episodes: 0.213
2019-10-10 08:13:08,595 - INFO - Average scaled reward over 1000 training episodes after 31000 total training episodes: 0.002
2019-10-10 08:13:08,595 - INFO - Total environmental steps in training mode up to now: 3100000
2019-10-10 08:13:08,595 - INFO - Saving the agent...
2019-10-10 08:13:09,584 - INFO - Validating for 1000 episodes...
2019-10-10 08:22:31,860 - INFO - Training of 1000 finished with following result:
2019-10-10 08:22:31,860 - INFO - Average total reward over 1000 validation episodes after 31000 total training episodes: 0.214
2019-10-10 08:22:31,860 - INFO - Average scaled reward over 1000 validation episodes after 31000 total training episodes: 0.002
2019-10-10 08:22:31,860 - INFO - Training for 1000 episodes...
2019-10-10 08:33:04,591 - INFO - Training of 1000 finished with following result:
2019-10-10 08:33:04,591 - INFO - Average total reward over 1000 training episodes after 32000 total training episodes: 0.206
2019-10-10 08:33:04,592 - INFO - Average scaled reward over 1000 training episodes after 32000 total training episodes: 0.002
2019-10-10 08:33:04,592 - INFO - Total environmental steps in training mode up to now: 3200000
2019-10-10 08:33:04,592 - INFO - Saving the agent...
2019-10-10 08:33:05,718 - INFO - Validating for 1000 episodes...
2019-10-10 08:42:26,695 - INFO - Training of 1000 finished with following result:
2019-10-10 08:42:26,696 - INFO - Average total reward over 1000 validation episodes after 32000 total training episodes: 0.214
2019-10-10 08:42:26,696 - INFO - Average scaled reward over 1000 validation episodes after 32000 total training episodes: 0.002
2019-10-10 08:42:26,696 - INFO - Training for 1000 episodes...
2019-10-10 08:52:59,058 - INFO - Training of 1000 finished with following result:
2019-10-10 08:52:59,058 - INFO - Average total reward over 1000 training episodes after 33000 total training episodes: 0.214
2019-10-10 08:52:59,059 - INFO - Average scaled reward over 1000 training episodes after 33000 total training episodes: 0.002
2019-10-10 08:52:59,059 - INFO - Total environmental steps in training mode up to now: 3300000
2019-10-10 08:52:59,059 - INFO - Saving the agent...
2019-10-10 08:53:00,092 - INFO - Validating for 1000 episodes...
2019-10-10 09:02:22,152 - INFO - Training of 1000 finished with following result:
2019-10-10 09:02:22,152 - INFO - Average total reward over 1000 validation episodes after 33000 total training episodes: 0.212
2019-10-10 09:02:22,152 - INFO - Average scaled reward over 1000 validation episodes after 33000 total training episodes: 0.002
2019-10-10 09:02:22,152 - INFO - Training for 1000 episodes...
2019-10-10 09:12:54,210 - INFO - Training of 1000 finished with following result:
2019-10-10 09:12:54,210 - INFO - Average total reward over 1000 training episodes after 34000 total training episodes: 0.214
2019-10-10 09:12:54,211 - INFO - Average scaled reward over 1000 training episodes after 34000 total training episodes: 0.002
2019-10-10 09:12:54,211 - INFO - Total environmental steps in training mode up to now: 3400000
2019-10-10 09:12:54,211 - INFO - Saving the agent...
2019-10-10 09:12:55,170 - INFO - Validating for 1000 episodes...
2019-10-10 09:22:18,113 - INFO - Training of 1000 finished with following result:
2019-10-10 09:22:18,113 - INFO - Average total reward over 1000 validation episodes after 34000 total training episodes: 0.216
2019-10-10 09:22:18,113 - INFO - Average scaled reward over 1000 validation episodes after 34000 total training episodes: 0.002
2019-10-10 09:22:18,113 - INFO - Training for 1000 episodes...
2019-10-10 09:32:50,713 - INFO - Training of 1000 finished with following result:
2019-10-10 09:32:50,714 - INFO - Average total reward over 1000 training episodes after 35000 total training episodes: 0.218
2019-10-10 09:32:50,714 - INFO - Average scaled reward over 1000 training episodes after 35000 total training episodes: 0.002
2019-10-10 09:32:50,714 - INFO - Total environmental steps in training mode up to now: 3500000
2019-10-10 09:32:50,714 - INFO - Saving the agent...
2019-10-10 09:32:51,713 - INFO - Validating for 1000 episodes...
2019-10-10 09:42:13,237 - INFO - Training of 1000 finished with following result:
2019-10-10 09:42:13,237 - INFO - Average total reward over 1000 validation episodes after 35000 total training episodes: 0.212
2019-10-10 09:42:13,237 - INFO - Average scaled reward over 1000 validation episodes after 35000 total training episodes: 0.002
2019-10-10 09:42:13,238 - INFO - Training for 1000 episodes...
2019-10-10 09:52:45,609 - INFO - Training of 1000 finished with following result:
2019-10-10 09:52:45,609 - INFO - Average total reward over 1000 training episodes after 36000 total training episodes: 0.202
2019-10-10 09:52:45,609 - INFO - Average scaled reward over 1000 training episodes after 36000 total training episodes: 0.002
2019-10-10 09:52:45,609 - INFO - Total environmental steps in training mode up to now: 3600000
2019-10-10 09:52:45,609 - INFO - Saving the agent...
2019-10-10 09:52:46,628 - INFO - Validating for 1000 episodes...
2019-10-10 10:02:07,718 - INFO - Training of 1000 finished with following result:
2019-10-10 10:02:07,718 - INFO - Average total reward over 1000 validation episodes after 36000 total training episodes: 0.221
2019-10-10 10:02:07,718 - INFO - Average scaled reward over 1000 validation episodes after 36000 total training episodes: 0.002
2019-10-10 10:02:07,718 - INFO - Training for 1000 episodes...
2019-10-10 10:12:39,404 - INFO - Training of 1000 finished with following result:
2019-10-10 10:12:39,404 - INFO - Average total reward over 1000 training episodes after 37000 total training episodes: 0.216
2019-10-10 10:12:39,404 - INFO - Average scaled reward over 1000 training episodes after 37000 total training episodes: 0.002
2019-10-10 10:12:39,404 - INFO - Total environmental steps in training mode up to now: 3700000
2019-10-10 10:12:39,405 - INFO - Saving the agent...
2019-10-10 10:12:40,579 - INFO - Validating for 1000 episodes...
2019-10-10 10:22:02,434 - INFO - Training of 1000 finished with following result:
2019-10-10 10:22:02,434 - INFO - Average total reward over 1000 validation episodes after 37000 total training episodes: 0.211
2019-10-10 10:22:02,434 - INFO - Average scaled reward over 1000 validation episodes after 37000 total training episodes: 0.002
2019-10-10 10:22:02,434 - INFO - Training for 1000 episodes...
2019-10-10 10:32:35,473 - INFO - Training of 1000 finished with following result:
2019-10-10 10:32:35,473 - INFO - Average total reward over 1000 training episodes after 38000 total training episodes: 0.21
2019-10-10 10:32:35,473 - INFO - Average scaled reward over 1000 training episodes after 38000 total training episodes: 0.002
2019-10-10 10:32:35,473 - INFO - Total environmental steps in training mode up to now: 3800000
2019-10-10 10:32:35,473 - INFO - Saving the agent...
2019-10-10 10:32:36,451 - INFO - Validating for 1000 episodes...
2019-10-10 10:41:58,754 - INFO - Training of 1000 finished with following result:
2019-10-10 10:41:58,754 - INFO - Average total reward over 1000 validation episodes after 38000 total training episodes: 0.211
2019-10-10 10:41:58,754 - INFO - Average scaled reward over 1000 validation episodes after 38000 total training episodes: 0.002
2019-10-10 10:41:58,755 - INFO - Training for 1000 episodes...
2019-10-10 10:52:32,300 - INFO - Training of 1000 finished with following result:
2019-10-10 10:52:32,300 - INFO - Average total reward over 1000 training episodes after 39000 total training episodes: 0.221
2019-10-10 10:52:32,300 - INFO - Average scaled reward over 1000 training episodes after 39000 total training episodes: 0.002
2019-10-10 10:52:32,300 - INFO - Total environmental steps in training mode up to now: 3900000
2019-10-10 10:52:32,300 - INFO - Saving the agent...
2019-10-10 10:52:33,311 - INFO - Validating for 1000 episodes...
2019-10-10 11:01:54,082 - INFO - Training of 1000 finished with following result:
2019-10-10 11:01:54,082 - INFO - Average total reward over 1000 validation episodes after 39000 total training episodes: 0.214
2019-10-10 11:01:54,082 - INFO - Average scaled reward over 1000 validation episodes after 39000 total training episodes: 0.002
2019-10-10 11:01:54,082 - INFO - Training for 1000 episodes...
2019-10-10 11:12:26,467 - INFO - Training of 1000 finished with following result:
2019-10-10 11:12:26,468 - INFO - Average total reward over 1000 training episodes after 40000 total training episodes: 0.213
2019-10-10 11:12:26,468 - INFO - Average scaled reward over 1000 training episodes after 40000 total training episodes: 0.002
2019-10-10 11:12:26,468 - INFO - Total environmental steps in training mode up to now: 4000000
2019-10-10 11:12:26,468 - INFO - Saving the agent...
2019-10-10 11:12:27,537 - INFO - Validating for 1000 episodes...
2019-10-10 11:21:50,211 - INFO - Training of 1000 finished with following result:
2019-10-10 11:21:50,212 - INFO - Average total reward over 1000 validation episodes after 40000 total training episodes: 0.208
2019-10-10 11:21:50,212 - INFO - Average scaled reward over 1000 validation episodes after 40000 total training episodes: 0.002
2019-10-10 11:21:50,212 - INFO - Training for 1000 episodes...
2019-10-10 11:32:22,837 - INFO - Training of 1000 finished with following result:
2019-10-10 11:32:22,838 - INFO - Average total reward over 1000 training episodes after 41000 total training episodes: 0.22
2019-10-10 11:32:22,838 - INFO - Average scaled reward over 1000 training episodes after 41000 total training episodes: 0.002
2019-10-10 11:32:22,838 - INFO - Total environmental steps in training mode up to now: 4100000
2019-10-10 11:32:22,838 - INFO - Saving the agent...
2019-10-10 11:32:24,043 - INFO - Validating for 1000 episodes...
2019-10-10 11:41:45,753 - INFO - Training of 1000 finished with following result:
2019-10-10 11:41:45,753 - INFO - Average total reward over 1000 validation episodes after 41000 total training episodes: 0.215
2019-10-10 11:41:45,753 - INFO - Average scaled reward over 1000 validation episodes after 41000 total training episodes: 0.002
2019-10-10 11:41:45,753 - INFO - Training for 1000 episodes...
2019-10-10 11:52:17,949 - INFO - Training of 1000 finished with following result:
2019-10-10 11:52:17,949 - INFO - Average total reward over 1000 training episodes after 42000 total training episodes: 0.211
2019-10-10 11:52:17,949 - INFO - Average scaled reward over 1000 training episodes after 42000 total training episodes: 0.002
2019-10-10 11:52:17,949 - INFO - Total environmental steps in training mode up to now: 4200000
2019-10-10 11:52:17,950 - INFO - Saving the agent...
2019-10-10 11:52:19,023 - INFO - Validating for 1000 episodes...
2019-10-10 12:01:39,586 - INFO - Training of 1000 finished with following result:
2019-10-10 12:01:39,586 - INFO - Average total reward over 1000 validation episodes after 42000 total training episodes: 0.207
2019-10-10 12:01:39,586 - INFO - Average scaled reward over 1000 validation episodes after 42000 total training episodes: 0.002
2019-10-10 12:01:39,586 - INFO - Training for 1000 episodes...
2019-10-10 12:12:11,095 - INFO - Training of 1000 finished with following result:
2019-10-10 12:12:11,095 - INFO - Average total reward over 1000 training episodes after 43000 total training episodes: 0.211
2019-10-10 12:12:11,095 - INFO - Average scaled reward over 1000 training episodes after 43000 total training episodes: 0.002
2019-10-10 12:12:11,095 - INFO - Total environmental steps in training mode up to now: 4300000
2019-10-10 12:12:11,095 - INFO - Saving the agent...
2019-10-10 12:12:12,177 - INFO - Validating for 1000 episodes...
2019-10-10 12:21:34,910 - INFO - Training of 1000 finished with following result:
2019-10-10 12:21:34,911 - INFO - Average total reward over 1000 validation episodes after 43000 total training episodes: 0.215
2019-10-10 12:21:34,911 - INFO - Average scaled reward over 1000 validation episodes after 43000 total training episodes: 0.002
2019-10-10 12:21:34,911 - INFO - Training for 1000 episodes...
2019-10-10 12:32:07,317 - INFO - Training of 1000 finished with following result:
2019-10-10 12:32:07,317 - INFO - Average total reward over 1000 training episodes after 44000 total training episodes: 0.204
2019-10-10 12:32:07,318 - INFO - Average scaled reward over 1000 training episodes after 44000 total training episodes: 0.002
2019-10-10 12:32:07,318 - INFO - Total environmental steps in training mode up to now: 4400000
2019-10-10 12:32:07,318 - INFO - Saving the agent...
2019-10-10 12:32:08,409 - INFO - Validating for 1000 episodes...
2019-10-10 12:41:29,578 - INFO - Training of 1000 finished with following result:
2019-10-10 12:41:29,578 - INFO - Average total reward over 1000 validation episodes after 44000 total training episodes: 0.213
2019-10-10 12:41:29,578 - INFO - Average scaled reward over 1000 validation episodes after 44000 total training episodes: 0.002
2019-10-10 12:41:29,578 - INFO - Training for 1000 episodes...
2019-10-10 12:52:01,300 - INFO - Training of 1000 finished with following result:
2019-10-10 12:52:01,300 - INFO - Average total reward over 1000 training episodes after 45000 total training episodes: 0.208
2019-10-10 12:52:01,301 - INFO - Average scaled reward over 1000 training episodes after 45000 total training episodes: 0.002
2019-10-10 12:52:01,301 - INFO - Total environmental steps in training mode up to now: 4500000
2019-10-10 12:52:01,301 - INFO - Saving the agent...
2019-10-10 12:52:02,380 - INFO - Validating for 1000 episodes...
2019-10-10 13:01:23,852 - INFO - Training of 1000 finished with following result:
2019-10-10 13:01:23,852 - INFO - Average total reward over 1000 validation episodes after 45000 total training episodes: 0.215
2019-10-10 13:01:23,853 - INFO - Average scaled reward over 1000 validation episodes after 45000 total training episodes: 0.002
2019-10-10 13:01:23,853 - INFO - Training for 1000 episodes...
2019-10-10 13:11:55,658 - INFO - Training of 1000 finished with following result:
2019-10-10 13:11:55,658 - INFO - Average total reward over 1000 training episodes after 46000 total training episodes: 0.217
2019-10-10 13:11:55,658 - INFO - Average scaled reward over 1000 training episodes after 46000 total training episodes: 0.002
2019-10-10 13:11:55,659 - INFO - Total environmental steps in training mode up to now: 4600000
2019-10-10 13:11:55,659 - INFO - Saving the agent...
2019-10-10 13:11:56,669 - INFO - Validating for 1000 episodes...
2019-10-10 13:21:17,780 - INFO - Training of 1000 finished with following result:
2019-10-10 13:21:17,781 - INFO - Average total reward over 1000 validation episodes after 46000 total training episodes: 0.208
2019-10-10 13:21:17,781 - INFO - Average scaled reward over 1000 validation episodes after 46000 total training episodes: 0.002
2019-10-10 13:21:17,781 - INFO - Training for 1000 episodes...
2019-10-10 13:31:50,178 - INFO - Training of 1000 finished with following result:
2019-10-10 13:31:50,178 - INFO - Average total reward over 1000 training episodes after 47000 total training episodes: 0.22
2019-10-10 13:31:50,178 - INFO - Average scaled reward over 1000 training episodes after 47000 total training episodes: 0.002
2019-10-10 13:31:50,178 - INFO - Total environmental steps in training mode up to now: 4700000
2019-10-10 13:31:50,178 - INFO - Saving the agent...
2019-10-10 13:31:51,208 - INFO - Validating for 1000 episodes...
2019-10-10 13:41:12,463 - INFO - Training of 1000 finished with following result:
2019-10-10 13:41:12,464 - INFO - Average total reward over 1000 validation episodes after 47000 total training episodes: 0.214
2019-10-10 13:41:12,464 - INFO - Average scaled reward over 1000 validation episodes after 47000 total training episodes: 0.002
2019-10-10 13:41:12,464 - INFO - Training for 1000 episodes...
2019-10-10 13:51:44,741 - INFO - Training of 1000 finished with following result:
2019-10-10 13:51:44,741 - INFO - Average total reward over 1000 training episodes after 48000 total training episodes: 0.223
2019-10-10 13:51:44,741 - INFO - Average scaled reward over 1000 training episodes after 48000 total training episodes: 0.002
2019-10-10 13:51:44,741 - INFO - Total environmental steps in training mode up to now: 4800000
2019-10-10 13:51:44,741 - INFO - Saving the agent...
2019-10-10 13:51:45,737 - INFO - Validating for 1000 episodes...
2019-10-10 14:01:06,324 - INFO - Training of 1000 finished with following result:
2019-10-10 14:01:06,324 - INFO - Average total reward over 1000 validation episodes after 48000 total training episodes: 0.213
2019-10-10 14:01:06,324 - INFO - Average scaled reward over 1000 validation episodes after 48000 total training episodes: 0.002
2019-10-10 14:01:06,324 - INFO - Training for 1000 episodes...
2019-10-10 14:11:37,837 - INFO - Training of 1000 finished with following result:
2019-10-10 14:11:37,837 - INFO - Average total reward over 1000 training episodes after 49000 total training episodes: 0.22
2019-10-10 14:11:37,837 - INFO - Average scaled reward over 1000 training episodes after 49000 total training episodes: 0.002
2019-10-10 14:11:37,838 - INFO - Total environmental steps in training mode up to now: 4900000
2019-10-10 14:11:37,838 - INFO - Saving the agent...
2019-10-10 14:11:38,790 - INFO - Validating for 1000 episodes...
2019-10-10 14:21:00,313 - INFO - Training of 1000 finished with following result:
2019-10-10 14:21:00,313 - INFO - Average total reward over 1000 validation episodes after 49000 total training episodes: 0.207
2019-10-10 14:21:00,313 - INFO - Average scaled reward over 1000 validation episodes after 49000 total training episodes: 0.002
2019-10-10 14:21:00,313 - INFO - Training for 1000 episodes...
2019-10-10 14:31:32,117 - INFO - Training of 1000 finished with following result:
2019-10-10 14:31:32,117 - INFO - Average total reward over 1000 training episodes after 50000 total training episodes: 0.216
2019-10-10 14:31:32,117 - INFO - Average scaled reward over 1000 training episodes after 50000 total training episodes: 0.002
2019-10-10 14:31:32,118 - INFO - Total environmental steps in training mode up to now: 5000000
2019-10-10 14:31:32,118 - INFO - Saving the agent...
2019-10-10 14:31:33,127 - INFO - Validating for 1000 episodes...
2019-10-10 14:40:55,356 - INFO - Training of 1000 finished with following result:
2019-10-10 14:40:55,356 - INFO - Average total reward over 1000 validation episodes after 50000 total training episodes: 0.216
2019-10-10 14:40:55,356 - INFO - Average scaled reward over 1000 validation episodes after 50000 total training episodes: 0.002
2019-10-10 14:40:55,356 - INFO - End of training
2019-10-10 14:40:55,356 - INFO - Cycle 1 - Testing for 100 episodes...
2019-10-10 14:41:51,376 - INFO - Testing of 100 finished with following result:
2019-10-10 14:41:51,376 - INFO - Average total reward over 100 test episodes: 0.212
2019-10-10 14:41:51,376 - INFO - Average scaled reward over 100 test episodes: 0.002
2019-10-10 14:41:51,376 - INFO - Cycle 2 - Testing for 100 episodes...
2019-10-10 14:42:47,476 - INFO - Testing of 100 finished with following result:
2019-10-10 14:42:47,476 - INFO - Average total reward over 100 test episodes: 0.219
2019-10-10 14:42:47,477 - INFO - Average scaled reward over 100 test episodes: 0.002
2019-10-10 14:42:47,477 - INFO - Cycle 3 - Testing for 100 episodes...
2019-10-10 14:43:43,722 - INFO - Testing of 100 finished with following result:
2019-10-10 14:43:43,723 - INFO - Average total reward over 100 test episodes: 0.229
2019-10-10 14:43:43,723 - INFO - Average scaled reward over 100 test episodes: 0.002
2019-10-10 14:43:43,723 - INFO - Cycle 4 - Testing for 100 episodes...
2019-10-10 14:44:39,787 - INFO - Testing of 100 finished with following result:
2019-10-10 14:44:39,787 - INFO - Average total reward over 100 test episodes: 0.229
2019-10-10 14:44:39,787 - INFO - Average scaled reward over 100 test episodes: 0.002
2019-10-10 14:44:39,787 - INFO - Cycle 5 - Testing for 100 episodes...
2019-10-10 14:45:35,875 - INFO - Testing of 100 finished with following result:
2019-10-10 14:45:35,875 - INFO - Average total reward over 100 test episodes: 0.203
2019-10-10 14:45:35,875 - INFO - Average scaled reward over 100 test episodes: 0.002
2019-10-10 14:45:35,875 - INFO - Cycle 6 - Testing for 100 episodes...
2019-10-10 14:46:32,170 - INFO - Testing of 100 finished with following result:
2019-10-10 14:46:32,171 - INFO - Average total reward over 100 test episodes: 0.2
2019-10-10 14:46:32,171 - INFO - Average scaled reward over 100 test episodes: 0.002
2019-10-10 14:46:32,171 - INFO - Cycle 7 - Testing for 100 episodes...
2019-10-10 14:47:28,444 - INFO - Testing of 100 finished with following result:
2019-10-10 14:47:28,444 - INFO - Average total reward over 100 test episodes: 0.242
2019-10-10 14:47:28,444 - INFO - Average scaled reward over 100 test episodes: 0.002
2019-10-10 14:47:28,444 - INFO - Cycle 8 - Testing for 100 episodes...
2019-10-10 14:48:24,663 - INFO - Testing of 100 finished with following result:
2019-10-10 14:48:24,664 - INFO - Average total reward over 100 test episodes: 0.228
2019-10-10 14:48:24,664 - INFO - Average scaled reward over 100 test episodes: 0.002
2019-10-10 14:48:24,664 - INFO - Cycle 9 - Testing for 100 episodes...
2019-10-10 14:49:20,785 - INFO - Testing of 100 finished with following result:
2019-10-10 14:49:20,785 - INFO - Average total reward over 100 test episodes: 0.2
2019-10-10 14:49:20,785 - INFO - Average scaled reward over 100 test episodes: 0.002
2019-10-10 14:49:20,785 - INFO - Cycle 10 - Testing for 100 episodes...
2019-10-10 14:50:17,210 - INFO - Testing of 100 finished with following result:
2019-10-10 14:50:17,210 - INFO - Average total reward over 100 test episodes: 0.235
2019-10-10 14:50:17,211 - INFO - Average scaled reward over 100 test episodes: 0.002
2019-10-10 14:50:17,211 - INFO - End of test
2019-10-10 14:50:17,211 - INFO - Average test total reward is 0.22 with 50000 training episodes
2019-10-10 14:50:17,211 - INFO - Average test scaled reward is 0.002 with 50000 training episodes
2019-10-10 14:50:17,211 - INFO - Max test total reward over 100 and 10 cycles is: 0.242
2019-10-10 14:50:17,211 - INFO - Max test scaled reward over 100 and 10 cycles is: 0.002
2019-10-10 14:50:17,211 - INFO - Saving plots...
2019-10-10 14:50:21,491 - INFO - Plots saved successfully
2019-10-10 14:50:21,491 - INFO - The experiment terminated successfully
