2019-10-05 09:20:38,965 - INFO - Data:

Vanilla Policy Gradient with GAE buffer
Three dense layer with 4096 neurons each using xavier initialization
Learning rate policy: 0.0003
Learning rate advantage: 0.0001
Discount factor: 0.99
Value steps per update: 10
Lambda parameter: 0.95
Updates per training volley: 2
Success threshold: 0.35 average total reward on the validation set episodes
Episodic: yes
Episode length: 100
Max allowed steps for episode: 100
Seed states range [0, 0]
Acceptance value: none

2019-10-05 09:20:38,965 - INFO - Setup of experiment experiment_1...
2019-10-05 09:20:38,965 - INFO - Environment setup...
2019-10-05 09:20:38,965 - INFO - Environment setup is successful!
2019-10-05 09:20:38,965 - INFO - Agent setup...
2019-10-05 09:20:38,965 - INFO - Setup of agent vpg_agent with scope experiment_1...
2019-10-05 09:20:38,976 - INFO - A Tensorboard summary for the agent will be updated during training of its internal model
2019-10-05 09:20:38,977 - INFO - Tensorboard summary path: ./experiments/rng_discrete_binary_vpg_e_s10_r127-128_ss_2019-10-05/experiment/1/summary
2019-10-05 09:20:38,977 - INFO - Generating model model with scope experiment_1/vpg_agent...
2019-10-05 09:20:38,977 - INFO - Model generation successful
2019-10-05 09:20:40,029 - INFO - Agent setup is successful!
2019-10-05 09:20:40,042 - INFO - Agent internal model will be saved after each train volley
2019-10-05 09:20:40,043 - INFO - Agent internal model metagraph save path: ./experiments/rng_discrete_binary_vpg_e_s10_r127-128_ss_2019-10-05/experiment/1/metagraph
2019-10-05 09:20:40,043 - INFO - Tensorflow configuration is successful!
2019-10-05 09:20:40,043 - INFO - Experiment setup is successful. Now can conduct the experiment
2019-10-05 09:20:40,043 - INFO - Conducting experiment experiment_1...
2019-10-05 09:20:44,012 - INFO - Model initialized to default state
2019-10-05 09:20:44,012 - INFO - Training for 100 episodes...
2019-10-05 09:21:28,384 - INFO - Training of 100 finished with following result:
2019-10-05 09:21:28,384 - INFO - Average total reward over 100 training episodes after 100 total training episodes: 0.22
2019-10-05 09:21:28,384 - INFO - Average scaled reward over 100 training episodes after 100 total training episodes: 0.002
2019-10-05 09:21:28,384 - INFO - Total environmental steps in training mode up to now: 10000
2019-10-05 09:21:28,384 - INFO - Saving the agent...
2019-10-05 09:21:28,632 - INFO - Validating for 100 episodes...
2019-10-05 09:22:10,952 - INFO - Training of 100 finished with following result:
2019-10-05 09:22:10,952 - INFO - Average total reward over 100 validation episodes after 100 total training episodes: 0.224
2019-10-05 09:22:10,953 - INFO - Average scaled reward over 100 validation episodes after 100 total training episodes: 0.002
2019-10-05 09:22:10,953 - INFO - Training for 100 episodes...
2019-10-05 09:22:55,881 - INFO - Training of 100 finished with following result:
2019-10-05 09:22:55,881 - INFO - Average total reward over 100 training episodes after 200 total training episodes: 0.208
2019-10-05 09:22:55,882 - INFO - Average scaled reward over 100 training episodes after 200 total training episodes: 0.002
2019-10-05 09:22:55,882 - INFO - Total environmental steps in training mode up to now: 20000
2019-10-05 09:22:55,882 - INFO - Saving the agent...
2019-10-05 09:22:58,465 - INFO - Validating for 100 episodes...
2019-10-05 09:23:42,741 - INFO - Training of 100 finished with following result:
2019-10-05 09:23:42,741 - INFO - Average total reward over 100 validation episodes after 200 total training episodes: 0.216
2019-10-05 09:23:42,741 - INFO - Average scaled reward over 100 validation episodes after 200 total training episodes: 0.002
2019-10-05 09:23:42,741 - INFO - Training for 100 episodes...
2019-10-05 09:24:26,803 - INFO - Training of 100 finished with following result:
2019-10-05 09:24:26,803 - INFO - Average total reward over 100 training episodes after 300 total training episodes: 0.238
2019-10-05 09:24:26,803 - INFO - Average scaled reward over 100 training episodes after 300 total training episodes: 0.002
2019-10-05 09:24:26,803 - INFO - Total environmental steps in training mode up to now: 30000
2019-10-05 09:24:26,803 - INFO - Saving the agent...
2019-10-05 09:24:29,079 - INFO - Validating for 100 episodes...
2019-10-05 09:25:09,675 - INFO - Training of 100 finished with following result:
2019-10-05 09:25:09,676 - INFO - Average total reward over 100 validation episodes after 300 total training episodes: 0.242
2019-10-05 09:25:09,676 - INFO - Average scaled reward over 100 validation episodes after 300 total training episodes: 0.002
2019-10-05 09:25:09,676 - INFO - Training for 100 episodes...
2019-10-05 09:25:53,743 - INFO - Training of 100 finished with following result:
2019-10-05 09:25:53,743 - INFO - Average total reward over 100 training episodes after 400 total training episodes: 0.268
2019-10-05 09:25:53,743 - INFO - Average scaled reward over 100 training episodes after 400 total training episodes: 0.003
2019-10-05 09:25:53,743 - INFO - Total environmental steps in training mode up to now: 40000
2019-10-05 09:25:53,743 - INFO - Saving the agent...
2019-10-05 09:25:56,428 - INFO - Validating for 100 episodes...
2019-10-05 09:26:36,795 - INFO - Training of 100 finished with following result:
2019-10-05 09:26:36,795 - INFO - Average total reward over 100 validation episodes after 400 total training episodes: 0.254
2019-10-05 09:26:36,799 - INFO - Average scaled reward over 100 validation episodes after 400 total training episodes: 0.003
2019-10-05 09:26:36,799 - INFO - Training for 100 episodes...
2019-10-05 09:27:18,355 - INFO - Training of 100 finished with following result:
2019-10-05 09:27:18,355 - INFO - Average total reward over 100 training episodes after 500 total training episodes: 0.276
2019-10-05 09:27:18,355 - INFO - Average scaled reward over 100 training episodes after 500 total training episodes: 0.003
2019-10-05 09:27:18,356 - INFO - Total environmental steps in training mode up to now: 50000
2019-10-05 09:27:18,356 - INFO - Saving the agent...
2019-10-05 09:27:20,610 - INFO - Validating for 100 episodes...
2019-10-05 09:27:59,217 - INFO - Training of 100 finished with following result:
2019-10-05 09:27:59,217 - INFO - Average total reward over 100 validation episodes after 500 total training episodes: 0.291
2019-10-05 09:27:59,217 - INFO - Average scaled reward over 100 validation episodes after 500 total training episodes: 0.003
2019-10-05 09:27:59,217 - INFO - Training for 100 episodes...
2019-10-05 09:28:43,318 - INFO - Training of 100 finished with following result:
2019-10-05 09:28:43,319 - INFO - Average total reward over 100 training episodes after 600 total training episodes: 0.289
2019-10-05 09:28:43,328 - INFO - Average scaled reward over 100 training episodes after 600 total training episodes: 0.003
2019-10-05 09:28:43,328 - INFO - Total environmental steps in training mode up to now: 60000
2019-10-05 09:28:43,328 - INFO - Saving the agent...
2019-10-05 09:28:45,833 - INFO - Validating for 100 episodes...
2019-10-05 09:29:28,718 - INFO - Training of 100 finished with following result:
2019-10-05 09:29:28,718 - INFO - Average total reward over 100 validation episodes after 600 total training episodes: 0.272
2019-10-05 09:29:28,718 - INFO - Average scaled reward over 100 validation episodes after 600 total training episodes: 0.003
2019-10-05 09:29:28,718 - INFO - Training for 100 episodes...
2019-10-05 09:30:13,145 - INFO - Training of 100 finished with following result:
2019-10-05 09:30:13,145 - INFO - Average total reward over 100 training episodes after 700 total training episodes: 0.267
2019-10-05 09:30:13,145 - INFO - Average scaled reward over 100 training episodes after 700 total training episodes: 0.003
2019-10-05 09:30:13,146 - INFO - Total environmental steps in training mode up to now: 70000
2019-10-05 09:30:13,146 - INFO - Saving the agent...
2019-10-05 09:30:15,534 - INFO - Validating for 100 episodes...
2019-10-05 09:30:58,916 - INFO - Training of 100 finished with following result:
2019-10-05 09:30:58,916 - INFO - Average total reward over 100 validation episodes after 700 total training episodes: 0.283
2019-10-05 09:30:58,932 - INFO - Average scaled reward over 100 validation episodes after 700 total training episodes: 0.003
2019-10-05 09:30:58,932 - INFO - Training for 100 episodes...
2019-10-05 09:31:44,762 - INFO - Training of 100 finished with following result:
2019-10-05 09:31:44,762 - INFO - Average total reward over 100 training episodes after 800 total training episodes: 0.289
2019-10-05 09:31:44,763 - INFO - Average scaled reward over 100 training episodes after 800 total training episodes: 0.003
2019-10-05 09:31:44,763 - INFO - Total environmental steps in training mode up to now: 80000
2019-10-05 09:31:44,763 - INFO - Saving the agent...
2019-10-05 09:31:46,994 - INFO - Validating for 100 episodes...
2019-10-05 09:32:28,843 - INFO - Training of 100 finished with following result:
2019-10-05 09:32:28,860 - INFO - Average total reward over 100 validation episodes after 800 total training episodes: 0.293
2019-10-05 09:32:28,860 - INFO - Average scaled reward over 100 validation episodes after 800 total training episodes: 0.003
2019-10-05 09:32:28,860 - INFO - Training for 100 episodes...
2019-10-05 09:33:13,841 - INFO - Training of 100 finished with following result:
2019-10-05 09:33:13,841 - INFO - Average total reward over 100 training episodes after 900 total training episodes: 0.321
2019-10-05 09:33:13,841 - INFO - Average scaled reward over 100 training episodes after 900 total training episodes: 0.003
2019-10-05 09:33:13,841 - INFO - Total environmental steps in training mode up to now: 90000
2019-10-05 09:33:13,841 - INFO - Saving the agent...
2019-10-05 09:33:16,134 - INFO - Validating for 100 episodes...
2019-10-05 09:33:55,642 - INFO - Training of 100 finished with following result:
2019-10-05 09:33:55,642 - INFO - Average total reward over 100 validation episodes after 900 total training episodes: 0.328
2019-10-05 09:33:55,642 - INFO - Average scaled reward over 100 validation episodes after 900 total training episodes: 0.003
2019-10-05 09:33:55,642 - INFO - Training for 100 episodes...
2019-10-05 09:34:36,978 - INFO - Training of 100 finished with following result:
2019-10-05 09:34:36,978 - INFO - Average total reward over 100 training episodes after 1000 total training episodes: 0.347
2019-10-05 09:34:36,992 - INFO - Average scaled reward over 100 training episodes after 1000 total training episodes: 0.003
2019-10-05 09:34:36,992 - INFO - Total environmental steps in training mode up to now: 100000
2019-10-05 09:34:36,992 - INFO - Saving the agent...
2019-10-05 09:34:39,413 - INFO - Validating for 100 episodes...
2019-10-05 09:35:20,858 - INFO - Training of 100 finished with following result:
2019-10-05 09:35:20,858 - INFO - Average total reward over 100 validation episodes after 1000 total training episodes: 0.344
2019-10-05 09:35:20,858 - INFO - Average scaled reward over 100 validation episodes after 1000 total training episodes: 0.003
2019-10-05 09:35:20,858 - INFO - Training for 100 episodes...
2019-10-05 09:36:04,372 - INFO - Training of 100 finished with following result:
2019-10-05 09:36:04,373 - INFO - Average total reward over 100 training episodes after 1100 total training episodes: 0.338
2019-10-05 09:36:04,373 - INFO - Average scaled reward over 100 training episodes after 1100 total training episodes: 0.003
2019-10-05 09:36:04,373 - INFO - Total environmental steps in training mode up to now: 110000
2019-10-05 09:36:04,373 - INFO - Saving the agent...
2019-10-05 09:36:06,880 - INFO - Validating for 100 episodes...
2019-10-05 09:36:47,945 - INFO - Training of 100 finished with following result:
2019-10-05 09:36:47,946 - INFO - Average total reward over 100 validation episodes after 1100 total training episodes: 0.327
2019-10-05 09:36:47,946 - INFO - Average scaled reward over 100 validation episodes after 1100 total training episodes: 0.003
2019-10-05 09:36:47,946 - INFO - Training for 100 episodes...
2019-10-05 09:37:33,246 - INFO - Training of 100 finished with following result:
2019-10-05 09:37:33,247 - INFO - Average total reward over 100 training episodes after 1200 total training episodes: 0.33
2019-10-05 09:37:33,247 - INFO - Average scaled reward over 100 training episodes after 1200 total training episodes: 0.003
2019-10-05 09:37:33,247 - INFO - Total environmental steps in training mode up to now: 120000
2019-10-05 09:37:33,247 - INFO - Saving the agent...
2019-10-05 09:37:35,510 - INFO - Validating for 100 episodes...
2019-10-05 09:38:14,514 - INFO - Training of 100 finished with following result:
2019-10-05 09:38:14,515 - INFO - Average total reward over 100 validation episodes after 1200 total training episodes: 0.338
2019-10-05 09:38:14,515 - INFO - Average scaled reward over 100 validation episodes after 1200 total training episodes: 0.003
2019-10-05 09:38:14,515 - INFO - Training for 100 episodes...
2019-10-05 09:38:56,574 - INFO - Training of 100 finished with following result:
2019-10-05 09:38:56,574 - INFO - Average total reward over 100 training episodes after 1300 total training episodes: 0.331
2019-10-05 09:38:56,574 - INFO - Average scaled reward over 100 training episodes after 1300 total training episodes: 0.003
2019-10-05 09:38:56,574 - INFO - Total environmental steps in training mode up to now: 130000
2019-10-05 09:38:56,574 - INFO - Saving the agent...
2019-10-05 09:38:59,133 - INFO - Validating for 100 episodes...
2019-10-05 09:39:40,602 - INFO - Training of 100 finished with following result:
2019-10-05 09:39:40,602 - INFO - Average total reward over 100 validation episodes after 1300 total training episodes: 0.299
2019-10-05 09:39:40,602 - INFO - Average scaled reward over 100 validation episodes after 1300 total training episodes: 0.003
2019-10-05 09:39:40,602 - INFO - Training for 100 episodes...
2019-10-05 09:40:26,556 - INFO - Training of 100 finished with following result:
2019-10-05 09:40:26,556 - INFO - Average total reward over 100 training episodes after 1400 total training episodes: 0.307
2019-10-05 09:40:26,556 - INFO - Average scaled reward over 100 training episodes after 1400 total training episodes: 0.003
2019-10-05 09:40:26,556 - INFO - Total environmental steps in training mode up to now: 140000
2019-10-05 09:40:26,556 - INFO - Saving the agent...
2019-10-05 09:40:29,124 - INFO - Validating for 100 episodes...
2019-10-05 09:41:10,887 - INFO - Training of 100 finished with following result:
2019-10-05 09:41:10,887 - INFO - Average total reward over 100 validation episodes after 1400 total training episodes: 0.323
2019-10-05 09:41:10,887 - INFO - Average scaled reward over 100 validation episodes after 1400 total training episodes: 0.003
2019-10-05 09:41:10,887 - INFO - Training for 100 episodes...
2019-10-05 09:41:52,403 - INFO - Training of 100 finished with following result:
2019-10-05 09:41:52,403 - INFO - Average total reward over 100 training episodes after 1500 total training episodes: 0.313
2019-10-05 09:41:52,403 - INFO - Average scaled reward over 100 training episodes after 1500 total training episodes: 0.003
2019-10-05 09:41:52,403 - INFO - Total environmental steps in training mode up to now: 150000
2019-10-05 09:41:52,403 - INFO - Saving the agent...
2019-10-05 09:41:54,820 - INFO - Validating for 100 episodes...
2019-10-05 09:42:31,680 - INFO - Training of 100 finished with following result:
2019-10-05 09:42:31,680 - INFO - Average total reward over 100 validation episodes after 1500 total training episodes: 0.334
2019-10-05 09:42:31,680 - INFO - Average scaled reward over 100 validation episodes after 1500 total training episodes: 0.003
2019-10-05 09:42:31,680 - INFO - Training for 100 episodes...
2019-10-05 09:43:11,901 - INFO - Training of 100 finished with following result:
2019-10-05 09:43:11,901 - INFO - Average total reward over 100 training episodes after 1600 total training episodes: 0.353
2019-10-05 09:43:11,901 - INFO - Average scaled reward over 100 training episodes after 1600 total training episodes: 0.004
2019-10-05 09:43:11,901 - INFO - Total environmental steps in training mode up to now: 160000
2019-10-05 09:43:11,901 - INFO - Saving the agent...
2019-10-05 09:43:14,264 - INFO - Validating for 100 episodes...
2019-10-05 09:43:53,173 - INFO - Training of 100 finished with following result:
2019-10-05 09:43:53,188 - INFO - Average total reward over 100 validation episodes after 1600 total training episodes: 0.37
2019-10-05 09:43:53,188 - INFO - Average scaled reward over 100 validation episodes after 1600 total training episodes: 0.004
2019-10-05 09:43:53,188 - INFO - Validation of the agent is successful
2019-10-05 09:43:53,188 - INFO - End of training
2019-10-05 09:43:53,188 - INFO - Cycle 1 - Testing for 100 episodes...
2019-10-05 09:44:36,547 - INFO - Testing of 100 finished with following result:
2019-10-05 09:44:36,547 - INFO - Average total reward over 100 test episodes: 0.338
2019-10-05 09:44:36,548 - INFO - Average scaled reward over 100 test episodes: 0.003
2019-10-05 09:44:36,548 - INFO - Cycle 2 - Testing for 100 episodes...
2019-10-05 09:45:17,681 - INFO - Testing of 100 finished with following result:
2019-10-05 09:45:17,681 - INFO - Average total reward over 100 test episodes: 0.342
2019-10-05 09:45:17,681 - INFO - Average scaled reward over 100 test episodes: 0.003
2019-10-05 09:45:17,681 - INFO - Cycle 3 - Testing for 100 episodes...
2019-10-05 09:45:59,097 - INFO - Testing of 100 finished with following result:
2019-10-05 09:45:59,097 - INFO - Average total reward over 100 test episodes: 0.339
2019-10-05 09:45:59,112 - INFO - Average scaled reward over 100 test episodes: 0.003
2019-10-05 09:45:59,112 - INFO - Cycle 4 - Testing for 100 episodes...
2019-10-05 09:46:39,799 - INFO - Testing of 100 finished with following result:
2019-10-05 09:46:39,812 - INFO - Average total reward over 100 test episodes: 0.356
2019-10-05 09:46:39,812 - INFO - Average scaled reward over 100 test episodes: 0.004
2019-10-05 09:46:39,812 - INFO - Cycle 5 - Testing for 100 episodes...
2019-10-05 09:47:16,555 - INFO - Testing of 100 finished with following result:
2019-10-05 09:47:16,572 - INFO - Average total reward over 100 test episodes: 0.36
2019-10-05 09:47:16,572 - INFO - Average scaled reward over 100 test episodes: 0.004
2019-10-05 09:47:16,572 - INFO - Cycle 6 - Testing for 100 episodes...
2019-10-05 09:47:58,508 - INFO - Testing of 100 finished with following result:
2019-10-05 09:47:58,508 - INFO - Average total reward over 100 test episodes: 0.353
2019-10-05 09:47:58,508 - INFO - Average scaled reward over 100 test episodes: 0.004
2019-10-05 09:47:58,508 - INFO - Cycle 7 - Testing for 100 episodes...
2019-10-05 09:48:37,987 - INFO - Testing of 100 finished with following result:
2019-10-05 09:48:37,987 - INFO - Average total reward over 100 test episodes: 0.347
2019-10-05 09:48:37,987 - INFO - Average scaled reward over 100 test episodes: 0.003
2019-10-05 09:48:37,987 - INFO - Cycle 8 - Testing for 100 episodes...
2019-10-05 09:49:19,812 - INFO - Testing of 100 finished with following result:
2019-10-05 09:49:19,813 - INFO - Average total reward over 100 test episodes: 0.349
2019-10-05 09:49:19,813 - INFO - Average scaled reward over 100 test episodes: 0.003
2019-10-05 09:49:19,813 - INFO - Cycle 9 - Testing for 100 episodes...
2019-10-05 09:50:00,805 - INFO - Testing of 100 finished with following result:
2019-10-05 09:50:00,806 - INFO - Average total reward over 100 test episodes: 0.357
2019-10-05 09:50:00,806 - INFO - Average scaled reward over 100 test episodes: 0.004
2019-10-05 09:50:00,806 - INFO - Cycle 10 - Testing for 100 episodes...
2019-10-05 09:50:42,231 - INFO - Testing of 100 finished with following result:
2019-10-05 09:50:42,231 - INFO - Average total reward over 100 test episodes: 0.363
2019-10-05 09:50:42,231 - INFO - Average scaled reward over 100 test episodes: 0.004
2019-10-05 09:50:42,231 - INFO - End of test
2019-10-05 09:50:42,231 - INFO - Average test total reward is 0.35 with 1600 training episodes
2019-10-05 09:50:42,231 - INFO - Average test scaled reward is 0.004 with 1600 training episodes
2019-10-05 09:50:42,231 - INFO - Max test total reward over 100 and 10 cycles is: 0.363
2019-10-05 09:50:42,231 - INFO - Max test scaled reward over 100 and 10 cycles is: 0.004
2019-10-05 09:50:42,231 - INFO - Saving plots...
2019-10-05 09:50:46,292 - INFO - Plots saved successfully
2019-10-05 09:50:46,292 - INFO - The experiment terminated successfully
