2019-10-11 08:48:12,408 - INFO - Data:

Vanilla Policy Gradient with GAE buffer
Three dense layer with 4096 neurons each using xavier initialization
Learning rate policy: 0.0003
Learning rate advantage: 0.0001
Discount factor: 0.99
Value steps per update: 10
Lambda parameter: 0.95
Updates per training volley: 2
Success threshold: 0.35 average total reward on the validation set episodes
Episodic: yes
Episode length: 100
Max allowed steps for episode: 100
Seed states range [-128, 127]
Acceptance value: none
Threshold value: 0.2

2019-10-11 08:48:12,408 - INFO - Setup of experiment experiment_0...
2019-10-11 08:48:12,408 - INFO - Environment setup...
2019-10-11 08:48:12,408 - INFO - Environment setup is successful!
2019-10-11 08:48:12,408 - INFO - Agent setup...
2019-10-11 08:48:12,408 - INFO - Setup of agent vpg_agent with scope experiment_0...
2019-10-11 08:48:12,410 - INFO - A Tensorboard summary for the agent will be updated during training of its internal model
2019-10-11 08:48:12,410 - INFO - Tensorboard summary path: ./experiments/rng_discrete_binary_vpg_e_s10_r127-128_2019-10-11/experiment/0/summary
2019-10-11 08:48:12,410 - INFO - Generating model model with scope experiment_0/vpg_agent...
2019-10-11 08:48:12,410 - INFO - Model generation successful
2019-10-11 08:48:12,678 - INFO - Agent setup is successful!
2019-10-11 08:48:12,687 - INFO - Agent internal model will be saved after each train volley
2019-10-11 08:48:12,687 - INFO - Agent internal model metagraph save path: ./experiments/rng_discrete_binary_vpg_e_s10_r127-128_2019-10-11/experiment/0/metagraph
2019-10-11 08:48:12,687 - INFO - Tensorflow configuration is successful!
2019-10-11 08:48:12,687 - INFO - Experiment setup is successful. Now can conduct the experiment
2019-10-11 08:48:12,689 - INFO - Conducting experiment experiment_0...
2019-10-11 08:48:15,371 - INFO - Model initialized to default state
2019-10-11 08:48:15,371 - INFO - Training for 1000 episodes...
2019-10-11 08:54:35,564 - INFO - Training of 1000 finished with following result:
2019-10-11 08:54:35,564 - INFO - Average total reward over 1000 training episodes after 1000 total training episodes: 0.286
2019-10-11 08:54:35,564 - INFO - Average scaled reward over 1000 training episodes after 1000 total training episodes: 0.003
2019-10-11 08:54:35,564 - INFO - Total environmental steps in training mode up to now: 100000
2019-10-11 08:54:35,564 - INFO - Saving the agent...
2019-10-11 08:54:35,924 - INFO - Validating for 1000 episodes...
2019-10-11 09:00:50,510 - INFO - Training of 1000 finished with following result:
2019-10-11 09:00:50,510 - INFO - Average total reward over 1000 validation episodes after 1000 total training episodes: 0.282
2019-10-11 09:00:50,510 - INFO - Average scaled reward over 1000 validation episodes after 1000 total training episodes: 0.003
2019-10-11 09:00:50,510 - INFO - Training for 1000 episodes...
2019-10-11 09:07:23,751 - INFO - Training of 1000 finished with following result:
2019-10-11 09:07:23,751 - INFO - Average total reward over 1000 training episodes after 2000 total training episodes: 0.286
2019-10-11 09:07:23,751 - INFO - Average scaled reward over 1000 training episodes after 2000 total training episodes: 0.003
2019-10-11 09:07:23,751 - INFO - Total environmental steps in training mode up to now: 200000
2019-10-11 09:07:23,751 - INFO - Saving the agent...
2019-10-11 09:07:25,084 - INFO - Validating for 1000 episodes...
2019-10-11 09:13:32,741 - INFO - Training of 1000 finished with following result:
2019-10-11 09:13:32,742 - INFO - Average total reward over 1000 validation episodes after 2000 total training episodes: 0.281
2019-10-11 09:13:32,742 - INFO - Average scaled reward over 1000 validation episodes after 2000 total training episodes: 0.003
2019-10-11 09:13:32,742 - INFO - Training for 1000 episodes...
2019-10-11 09:20:09,028 - INFO - Training of 1000 finished with following result:
2019-10-11 09:20:09,028 - INFO - Average total reward over 1000 training episodes after 3000 total training episodes: 0.274
2019-10-11 09:20:09,028 - INFO - Average scaled reward over 1000 training episodes after 3000 total training episodes: 0.003
2019-10-11 09:20:09,028 - INFO - Total environmental steps in training mode up to now: 300000
2019-10-11 09:20:09,028 - INFO - Saving the agent...
2019-10-11 09:20:10,371 - INFO - Validating for 1000 episodes...
2019-10-11 09:26:28,957 - INFO - Training of 1000 finished with following result:
2019-10-11 09:26:28,957 - INFO - Average total reward over 1000 validation episodes after 3000 total training episodes: 0.276
2019-10-11 09:26:28,957 - INFO - Average scaled reward over 1000 validation episodes after 3000 total training episodes: 0.003
2019-10-11 09:26:28,957 - INFO - Training for 1000 episodes...
2019-10-11 09:33:50,329 - INFO - Training of 1000 finished with following result:
2019-10-11 09:33:50,329 - INFO - Average total reward over 1000 training episodes after 4000 total training episodes: 0.274
2019-10-11 09:33:50,329 - INFO - Average scaled reward over 1000 training episodes after 4000 total training episodes: 0.003
2019-10-11 09:33:50,329 - INFO - Total environmental steps in training mode up to now: 400000
2019-10-11 09:33:50,329 - INFO - Saving the agent...
2019-10-11 09:33:51,651 - INFO - Validating for 1000 episodes...
2019-10-11 09:40:48,719 - INFO - Training of 1000 finished with following result:
2019-10-11 09:40:48,719 - INFO - Average total reward over 1000 validation episodes after 4000 total training episodes: 0.258
2019-10-11 09:40:48,719 - INFO - Average scaled reward over 1000 validation episodes after 4000 total training episodes: 0.003
2019-10-11 09:40:48,719 - INFO - Training for 1000 episodes...
2019-10-11 09:47:35,076 - INFO - Training of 1000 finished with following result:
2019-10-11 09:47:35,076 - INFO - Average total reward over 1000 training episodes after 5000 total training episodes: 0.264
2019-10-11 09:47:35,076 - INFO - Average scaled reward over 1000 training episodes after 5000 total training episodes: 0.003
2019-10-11 09:47:35,076 - INFO - Total environmental steps in training mode up to now: 500000
2019-10-11 09:47:35,076 - INFO - Saving the agent...
2019-10-11 09:47:36,371 - INFO - Validating for 1000 episodes...
2019-10-11 09:54:24,540 - INFO - Training of 1000 finished with following result:
2019-10-11 09:54:24,540 - INFO - Average total reward over 1000 validation episodes after 5000 total training episodes: 0.268
2019-10-11 09:54:24,540 - INFO - Average scaled reward over 1000 validation episodes after 5000 total training episodes: 0.003
2019-10-11 09:54:24,540 - INFO - Training for 1000 episodes...
2019-10-11 10:00:57,732 - INFO - Training of 1000 finished with following result:
2019-10-11 10:00:57,732 - INFO - Average total reward over 1000 training episodes after 6000 total training episodes: 0.251
2019-10-11 10:00:57,732 - INFO - Average scaled reward over 1000 training episodes after 6000 total training episodes: 0.003
2019-10-11 10:00:57,732 - INFO - Total environmental steps in training mode up to now: 600000
2019-10-11 10:00:57,732 - INFO - Saving the agent...
2019-10-11 10:00:59,042 - INFO - Validating for 1000 episodes...
2019-10-11 10:07:04,913 - INFO - Training of 1000 finished with following result:
2019-10-11 10:07:04,914 - INFO - Average total reward over 1000 validation episodes after 6000 total training episodes: 0.256
2019-10-11 10:07:04,914 - INFO - Average scaled reward over 1000 validation episodes after 6000 total training episodes: 0.003
2019-10-11 10:07:04,914 - INFO - Training for 1000 episodes...
2019-10-11 10:13:39,112 - INFO - Training of 1000 finished with following result:
2019-10-11 10:13:39,113 - INFO - Average total reward over 1000 training episodes after 7000 total training episodes: 0.269
2019-10-11 10:13:39,113 - INFO - Average scaled reward over 1000 training episodes after 7000 total training episodes: 0.003
2019-10-11 10:13:39,113 - INFO - Total environmental steps in training mode up to now: 700000
2019-10-11 10:13:39,113 - INFO - Saving the agent...
2019-10-11 10:13:40,447 - INFO - Validating for 1000 episodes...
2019-10-11 10:19:50,171 - INFO - Training of 1000 finished with following result:
2019-10-11 10:19:50,171 - INFO - Average total reward over 1000 validation episodes after 7000 total training episodes: 0.266
2019-10-11 10:19:50,172 - INFO - Average scaled reward over 1000 validation episodes after 7000 total training episodes: 0.003
2019-10-11 10:19:50,172 - INFO - Training for 1000 episodes...
2019-10-11 10:26:25,145 - INFO - Training of 1000 finished with following result:
2019-10-11 10:26:25,145 - INFO - Average total reward over 1000 training episodes after 8000 total training episodes: 0.267
2019-10-11 10:26:25,146 - INFO - Average scaled reward over 1000 training episodes after 8000 total training episodes: 0.003
2019-10-11 10:26:25,146 - INFO - Total environmental steps in training mode up to now: 800000
2019-10-11 10:26:25,146 - INFO - Saving the agent...
2019-10-11 10:26:26,466 - INFO - Validating for 1000 episodes...
2019-10-11 10:32:33,419 - INFO - Training of 1000 finished with following result:
2019-10-11 10:32:33,420 - INFO - Average total reward over 1000 validation episodes after 8000 total training episodes: 0.259
2019-10-11 10:32:33,420 - INFO - Average scaled reward over 1000 validation episodes after 8000 total training episodes: 0.003
2019-10-11 10:32:33,420 - INFO - Training for 1000 episodes...
2019-10-11 10:39:08,487 - INFO - Training of 1000 finished with following result:
2019-10-11 10:39:08,487 - INFO - Average total reward over 1000 training episodes after 9000 total training episodes: 0.251
2019-10-11 10:39:08,488 - INFO - Average scaled reward over 1000 training episodes after 9000 total training episodes: 0.003
2019-10-11 10:39:08,488 - INFO - Total environmental steps in training mode up to now: 900000
2019-10-11 10:39:08,488 - INFO - Saving the agent...
2019-10-11 10:39:09,896 - INFO - Validating for 1000 episodes...
2019-10-11 10:45:17,227 - INFO - Training of 1000 finished with following result:
2019-10-11 10:45:17,227 - INFO - Average total reward over 1000 validation episodes after 9000 total training episodes: 0.246
2019-10-11 10:45:17,227 - INFO - Average scaled reward over 1000 validation episodes after 9000 total training episodes: 0.002
2019-10-11 10:45:17,227 - INFO - Training for 1000 episodes...
2019-10-11 10:51:50,061 - INFO - Training of 1000 finished with following result:
2019-10-11 10:51:50,061 - INFO - Average total reward over 1000 training episodes after 10000 total training episodes: 0.203
2019-10-11 10:51:50,061 - INFO - Average scaled reward over 1000 training episodes after 10000 total training episodes: 0.002
2019-10-11 10:51:50,061 - INFO - Total environmental steps in training mode up to now: 1000000
2019-10-11 10:51:50,061 - INFO - Saving the agent...
2019-10-11 10:51:51,410 - INFO - Validating for 1000 episodes...
2019-10-11 10:57:57,525 - INFO - Training of 1000 finished with following result:
2019-10-11 10:57:57,525 - INFO - Average total reward over 1000 validation episodes after 10000 total training episodes: 0.189
2019-10-11 10:57:57,525 - INFO - Average scaled reward over 1000 validation episodes after 10000 total training episodes: 0.002
2019-10-11 10:57:57,525 - INFO - Training for 1000 episodes...
2019-10-11 11:04:30,465 - INFO - Training of 1000 finished with following result:
2019-10-11 11:04:30,465 - INFO - Average total reward over 1000 training episodes after 11000 total training episodes: 0.176
2019-10-11 11:04:30,465 - INFO - Average scaled reward over 1000 training episodes after 11000 total training episodes: 0.002
2019-10-11 11:04:30,466 - INFO - Total environmental steps in training mode up to now: 1100000
2019-10-11 11:04:30,466 - INFO - Saving the agent...
2019-10-11 11:04:31,799 - INFO - Validating for 1000 episodes...
2019-10-11 11:10:37,012 - INFO - Training of 1000 finished with following result:
2019-10-11 11:10:37,012 - INFO - Average total reward over 1000 validation episodes after 11000 total training episodes: 0.16
2019-10-11 11:10:37,012 - INFO - Average scaled reward over 1000 validation episodes after 11000 total training episodes: 0.002
2019-10-11 11:10:37,012 - INFO - Training for 1000 episodes...
2019-10-11 11:17:11,081 - INFO - Training of 1000 finished with following result:
2019-10-11 11:17:11,081 - INFO - Average total reward over 1000 training episodes after 12000 total training episodes: 0.157
2019-10-11 11:17:11,081 - INFO - Average scaled reward over 1000 training episodes after 12000 total training episodes: 0.002
2019-10-11 11:17:11,081 - INFO - Total environmental steps in training mode up to now: 1200000
2019-10-11 11:17:11,081 - INFO - Saving the agent...
2019-10-11 11:17:12,370 - INFO - Validating for 1000 episodes...
2019-10-11 11:23:20,720 - INFO - Training of 1000 finished with following result:
2019-10-11 11:23:20,720 - INFO - Average total reward over 1000 validation episodes after 12000 total training episodes: 0.15
2019-10-11 11:23:20,720 - INFO - Average scaled reward over 1000 validation episodes after 12000 total training episodes: 0.002
2019-10-11 11:23:20,720 - INFO - Training for 1000 episodes...
2019-10-11 11:29:55,292 - INFO - Training of 1000 finished with following result:
2019-10-11 11:29:55,292 - INFO - Average total reward over 1000 training episodes after 13000 total training episodes: 0.163
2019-10-11 11:29:55,292 - INFO - Average scaled reward over 1000 training episodes after 13000 total training episodes: 0.002
2019-10-11 11:29:55,292 - INFO - Total environmental steps in training mode up to now: 1300000
2019-10-11 11:29:55,292 - INFO - Saving the agent...
2019-10-11 11:29:56,657 - INFO - Validating for 1000 episodes...
2019-10-11 11:36:06,981 - INFO - Training of 1000 finished with following result:
2019-10-11 11:36:06,981 - INFO - Average total reward over 1000 validation episodes after 13000 total training episodes: 0.124
2019-10-11 11:36:06,981 - INFO - Average scaled reward over 1000 validation episodes after 13000 total training episodes: 0.001
2019-10-11 11:36:06,981 - INFO - Training for 1000 episodes...
2019-10-11 11:42:41,568 - INFO - Training of 1000 finished with following result:
2019-10-11 11:42:41,568 - INFO - Average total reward over 1000 training episodes after 14000 total training episodes: 0.154
2019-10-11 11:42:41,568 - INFO - Average scaled reward over 1000 training episodes after 14000 total training episodes: 0.002
2019-10-11 11:42:41,568 - INFO - Total environmental steps in training mode up to now: 1400000
2019-10-11 11:42:41,568 - INFO - Saving the agent...
2019-10-11 11:42:42,877 - INFO - Validating for 1000 episodes...
2019-10-11 11:48:53,966 - INFO - Training of 1000 finished with following result:
2019-10-11 11:48:53,966 - INFO - Average total reward over 1000 validation episodes after 14000 total training episodes: 0.146
2019-10-11 11:48:53,966 - INFO - Average scaled reward over 1000 validation episodes after 14000 total training episodes: 0.001
2019-10-11 11:48:53,966 - INFO - Training for 1000 episodes...
2019-10-11 11:55:28,781 - INFO - Training of 1000 finished with following result:
2019-10-11 11:55:28,781 - INFO - Average total reward over 1000 training episodes after 15000 total training episodes: 0.136
2019-10-11 11:55:28,781 - INFO - Average scaled reward over 1000 training episodes after 15000 total training episodes: 0.001
2019-10-11 11:55:28,781 - INFO - Total environmental steps in training mode up to now: 1500000
2019-10-11 11:55:28,781 - INFO - Saving the agent...
2019-10-11 11:55:30,107 - INFO - Validating for 1000 episodes...
2019-10-11 12:01:37,964 - INFO - Training of 1000 finished with following result:
2019-10-11 12:01:37,965 - INFO - Average total reward over 1000 validation episodes after 15000 total training episodes: 0.148
2019-10-11 12:01:37,965 - INFO - Average scaled reward over 1000 validation episodes after 15000 total training episodes: 0.001
2019-10-11 12:01:37,965 - INFO - Training for 1000 episodes...
2019-10-11 12:08:11,915 - INFO - Training of 1000 finished with following result:
2019-10-11 12:08:11,915 - INFO - Average total reward over 1000 training episodes after 16000 total training episodes: 0.134
2019-10-11 12:08:11,915 - INFO - Average scaled reward over 1000 training episodes after 16000 total training episodes: 0.001
2019-10-11 12:08:11,915 - INFO - Total environmental steps in training mode up to now: 1600000
2019-10-11 12:08:11,915 - INFO - Saving the agent...
2019-10-11 12:08:13,267 - INFO - Validating for 1000 episodes...
2019-10-11 12:14:22,451 - INFO - Training of 1000 finished with following result:
2019-10-11 12:14:22,452 - INFO - Average total reward over 1000 validation episodes after 16000 total training episodes: 0.128
2019-10-11 12:14:22,452 - INFO - Average scaled reward over 1000 validation episodes after 16000 total training episodes: 0.001
2019-10-11 12:14:22,452 - INFO - Training for 1000 episodes...
2019-10-11 12:20:56,445 - INFO - Training of 1000 finished with following result:
2019-10-11 12:20:56,445 - INFO - Average total reward over 1000 training episodes after 17000 total training episodes: 0.145
2019-10-11 12:20:56,445 - INFO - Average scaled reward over 1000 training episodes after 17000 total training episodes: 0.001
2019-10-11 12:20:56,445 - INFO - Total environmental steps in training mode up to now: 1700000
2019-10-11 12:20:56,445 - INFO - Saving the agent...
2019-10-11 12:20:57,765 - INFO - Validating for 1000 episodes...
2019-10-11 12:27:06,632 - INFO - Training of 1000 finished with following result:
2019-10-11 12:27:06,632 - INFO - Average total reward over 1000 validation episodes after 17000 total training episodes: 0.139
2019-10-11 12:27:06,632 - INFO - Average scaled reward over 1000 validation episodes after 17000 total training episodes: 0.001
2019-10-11 12:27:06,632 - INFO - Training for 1000 episodes...
2019-10-11 12:33:41,363 - INFO - Training of 1000 finished with following result:
2019-10-11 12:33:41,363 - INFO - Average total reward over 1000 training episodes after 18000 total training episodes: 0.129
2019-10-11 12:33:41,363 - INFO - Average scaled reward over 1000 training episodes after 18000 total training episodes: 0.001
2019-10-11 12:33:41,363 - INFO - Total environmental steps in training mode up to now: 1800000
2019-10-11 12:33:41,363 - INFO - Saving the agent...
2019-10-11 12:33:42,683 - INFO - Validating for 1000 episodes...
2019-10-11 12:39:51,000 - INFO - Training of 1000 finished with following result:
2019-10-11 12:39:51,001 - INFO - Average total reward over 1000 validation episodes after 18000 total training episodes: 0.146
2019-10-11 12:39:51,001 - INFO - Average scaled reward over 1000 validation episodes after 18000 total training episodes: 0.001
2019-10-11 12:39:51,001 - INFO - Training for 1000 episodes...
2019-10-11 12:46:26,477 - INFO - Training of 1000 finished with following result:
2019-10-11 12:46:26,477 - INFO - Average total reward over 1000 training episodes after 19000 total training episodes: 0.143
2019-10-11 12:46:26,477 - INFO - Average scaled reward over 1000 training episodes after 19000 total training episodes: 0.001
2019-10-11 12:46:26,477 - INFO - Total environmental steps in training mode up to now: 1900000
2019-10-11 12:46:26,477 - INFO - Saving the agent...
2019-10-11 12:46:27,788 - INFO - Validating for 1000 episodes...
2019-10-11 12:52:37,102 - INFO - Training of 1000 finished with following result:
2019-10-11 12:52:37,102 - INFO - Average total reward over 1000 validation episodes after 19000 total training episodes: 0.143
2019-10-11 12:52:37,102 - INFO - Average scaled reward over 1000 validation episodes after 19000 total training episodes: 0.001
2019-10-11 12:52:37,102 - INFO - Training for 1000 episodes...
2019-10-11 12:59:11,357 - INFO - Training of 1000 finished with following result:
2019-10-11 12:59:11,357 - INFO - Average total reward over 1000 training episodes after 20000 total training episodes: 0.142
2019-10-11 12:59:11,357 - INFO - Average scaled reward over 1000 training episodes after 20000 total training episodes: 0.001
2019-10-11 12:59:11,357 - INFO - Total environmental steps in training mode up to now: 2000000
2019-10-11 12:59:11,357 - INFO - Saving the agent...
2019-10-11 12:59:12,686 - INFO - Validating for 1000 episodes...
2019-10-11 13:05:20,602 - INFO - Training of 1000 finished with following result:
2019-10-11 13:05:20,602 - INFO - Average total reward over 1000 validation episodes after 20000 total training episodes: 0.133
2019-10-11 13:05:20,602 - INFO - Average scaled reward over 1000 validation episodes after 20000 total training episodes: 0.001
2019-10-11 13:05:20,602 - INFO - Training for 1000 episodes...
2019-10-11 13:11:55,623 - INFO - Training of 1000 finished with following result:
2019-10-11 13:11:55,623 - INFO - Average total reward over 1000 training episodes after 21000 total training episodes: 0.15
2019-10-11 13:11:55,623 - INFO - Average scaled reward over 1000 training episodes after 21000 total training episodes: 0.001
2019-10-11 13:11:55,623 - INFO - Total environmental steps in training mode up to now: 2100000
2019-10-11 13:11:55,623 - INFO - Saving the agent...
2019-10-11 13:11:56,882 - INFO - Validating for 1000 episodes...
2019-10-11 13:18:06,152 - INFO - Training of 1000 finished with following result:
2019-10-11 13:18:06,152 - INFO - Average total reward over 1000 validation episodes after 21000 total training episodes: 0.152
2019-10-11 13:18:06,152 - INFO - Average scaled reward over 1000 validation episodes after 21000 total training episodes: 0.002
2019-10-11 13:18:06,152 - INFO - Training for 1000 episodes...
2019-10-11 13:24:38,420 - INFO - Training of 1000 finished with following result:
2019-10-11 13:24:38,420 - INFO - Average total reward over 1000 training episodes after 22000 total training episodes: 0.147
2019-10-11 13:24:38,420 - INFO - Average scaled reward over 1000 training episodes after 22000 total training episodes: 0.001
2019-10-11 13:24:38,420 - INFO - Total environmental steps in training mode up to now: 2200000
2019-10-11 13:24:38,420 - INFO - Saving the agent...
2019-10-11 13:24:39,727 - INFO - Validating for 1000 episodes...
2019-10-11 13:30:46,725 - INFO - Training of 1000 finished with following result:
2019-10-11 13:30:46,725 - INFO - Average total reward over 1000 validation episodes after 22000 total training episodes: 0.147
2019-10-11 13:30:46,725 - INFO - Average scaled reward over 1000 validation episodes after 22000 total training episodes: 0.001
2019-10-11 13:30:46,725 - INFO - Training for 1000 episodes...
2019-10-11 13:37:21,229 - INFO - Training of 1000 finished with following result:
2019-10-11 13:37:21,230 - INFO - Average total reward over 1000 training episodes after 23000 total training episodes: 0.157
2019-10-11 13:37:21,230 - INFO - Average scaled reward over 1000 training episodes after 23000 total training episodes: 0.002
2019-10-11 13:37:21,230 - INFO - Total environmental steps in training mode up to now: 2300000
2019-10-11 13:37:21,230 - INFO - Saving the agent...
2019-10-11 13:37:22,549 - INFO - Validating for 1000 episodes...
2019-10-11 13:43:28,505 - INFO - Training of 1000 finished with following result:
2019-10-11 13:43:28,505 - INFO - Average total reward over 1000 validation episodes after 23000 total training episodes: 0.146
2019-10-11 13:43:28,505 - INFO - Average scaled reward over 1000 validation episodes after 23000 total training episodes: 0.001
2019-10-11 13:43:28,505 - INFO - Training for 1000 episodes...
2019-10-11 13:50:01,069 - INFO - Training of 1000 finished with following result:
2019-10-11 13:50:01,069 - INFO - Average total reward over 1000 training episodes after 24000 total training episodes: 0.141
2019-10-11 13:50:01,070 - INFO - Average scaled reward over 1000 training episodes after 24000 total training episodes: 0.001
2019-10-11 13:50:01,070 - INFO - Total environmental steps in training mode up to now: 2400000
2019-10-11 13:50:01,070 - INFO - Saving the agent...
2019-10-11 13:50:02,561 - INFO - Validating for 1000 episodes...
2019-10-11 13:56:13,899 - INFO - Training of 1000 finished with following result:
2019-10-11 13:56:13,899 - INFO - Average total reward over 1000 validation episodes after 24000 total training episodes: 0.148
2019-10-11 13:56:13,899 - INFO - Average scaled reward over 1000 validation episodes after 24000 total training episodes: 0.001
2019-10-11 13:56:13,899 - INFO - Training for 1000 episodes...
2019-10-11 14:02:50,739 - INFO - Training of 1000 finished with following result:
2019-10-11 14:02:50,739 - INFO - Average total reward over 1000 training episodes after 25000 total training episodes: 0.143
2019-10-11 14:02:50,739 - INFO - Average scaled reward over 1000 training episodes after 25000 total training episodes: 0.001
2019-10-11 14:02:50,739 - INFO - Total environmental steps in training mode up to now: 2500000
2019-10-11 14:02:50,739 - INFO - Saving the agent...
2019-10-11 14:02:52,039 - INFO - Validating for 1000 episodes...
2019-10-11 14:09:00,062 - INFO - Training of 1000 finished with following result:
2019-10-11 14:09:00,063 - INFO - Average total reward over 1000 validation episodes after 25000 total training episodes: 0.141
2019-10-11 14:09:00,063 - INFO - Average scaled reward over 1000 validation episodes after 25000 total training episodes: 0.001
2019-10-11 14:09:00,063 - INFO - Training for 1000 episodes...
2019-10-11 14:15:34,971 - INFO - Training of 1000 finished with following result:
2019-10-11 14:15:34,971 - INFO - Average total reward over 1000 training episodes after 26000 total training episodes: 0.143
2019-10-11 14:15:34,971 - INFO - Average scaled reward over 1000 training episodes after 26000 total training episodes: 0.001
2019-10-11 14:15:34,971 - INFO - Total environmental steps in training mode up to now: 2600000
2019-10-11 14:15:34,971 - INFO - Saving the agent...
2019-10-11 14:15:36,797 - INFO - Validating for 1000 episodes...
2019-10-11 14:21:44,494 - INFO - Training of 1000 finished with following result:
2019-10-11 14:21:44,494 - INFO - Average total reward over 1000 validation episodes after 26000 total training episodes: 0.152
2019-10-11 14:21:44,494 - INFO - Average scaled reward over 1000 validation episodes after 26000 total training episodes: 0.002
2019-10-11 14:21:44,494 - INFO - Training for 1000 episodes...
2019-10-11 14:28:17,009 - INFO - Training of 1000 finished with following result:
2019-10-11 14:28:17,009 - INFO - Average total reward over 1000 training episodes after 27000 total training episodes: 0.139
2019-10-11 14:28:17,009 - INFO - Average scaled reward over 1000 training episodes after 27000 total training episodes: 0.001
2019-10-11 14:28:17,009 - INFO - Total environmental steps in training mode up to now: 2700000
2019-10-11 14:28:17,009 - INFO - Saving the agent...
2019-10-11 14:28:18,607 - INFO - Validating for 1000 episodes...
2019-10-11 14:34:27,358 - INFO - Training of 1000 finished with following result:
2019-10-11 14:34:27,358 - INFO - Average total reward over 1000 validation episodes after 27000 total training episodes: 0.149
2019-10-11 14:34:27,358 - INFO - Average scaled reward over 1000 validation episodes after 27000 total training episodes: 0.001
2019-10-11 14:34:27,358 - INFO - Training for 1000 episodes...
2019-10-11 14:41:02,730 - INFO - Training of 1000 finished with following result:
2019-10-11 14:41:02,731 - INFO - Average total reward over 1000 training episodes after 28000 total training episodes: 0.134
2019-10-11 14:41:02,731 - INFO - Average scaled reward over 1000 training episodes after 28000 total training episodes: 0.001
2019-10-11 14:41:02,731 - INFO - Total environmental steps in training mode up to now: 2800000
2019-10-11 14:41:02,731 - INFO - Saving the agent...
2019-10-11 14:41:04,050 - INFO - Validating for 1000 episodes...
2019-10-11 14:47:10,577 - INFO - Training of 1000 finished with following result:
2019-10-11 14:47:10,577 - INFO - Average total reward over 1000 validation episodes after 28000 total training episodes: 0.144
2019-10-11 14:47:10,577 - INFO - Average scaled reward over 1000 validation episodes after 28000 total training episodes: 0.001
2019-10-11 14:47:10,577 - INFO - Training for 1000 episodes...
2019-10-11 14:53:44,917 - INFO - Training of 1000 finished with following result:
2019-10-11 14:53:44,917 - INFO - Average total reward over 1000 training episodes after 29000 total training episodes: 0.151
2019-10-11 14:53:44,917 - INFO - Average scaled reward over 1000 training episodes after 29000 total training episodes: 0.002
2019-10-11 14:53:44,917 - INFO - Total environmental steps in training mode up to now: 2900000
2019-10-11 14:53:44,917 - INFO - Saving the agent...
2019-10-11 14:53:46,229 - INFO - Validating for 1000 episodes...
2019-10-11 14:59:55,496 - INFO - Training of 1000 finished with following result:
2019-10-11 14:59:55,496 - INFO - Average total reward over 1000 validation episodes after 29000 total training episodes: 0.144
2019-10-11 14:59:55,496 - INFO - Average scaled reward over 1000 validation episodes after 29000 total training episodes: 0.001
2019-10-11 14:59:55,496 - INFO - Training for 1000 episodes...
2019-10-11 15:06:28,540 - INFO - Training of 1000 finished with following result:
2019-10-11 15:06:28,540 - INFO - Average total reward over 1000 training episodes after 30000 total training episodes: 0.142
2019-10-11 15:06:28,540 - INFO - Average scaled reward over 1000 training episodes after 30000 total training episodes: 0.001
2019-10-11 15:06:28,540 - INFO - Total environmental steps in training mode up to now: 3000000
2019-10-11 15:06:28,540 - INFO - Saving the agent...
2019-10-11 15:06:29,960 - INFO - Validating for 1000 episodes...
2019-10-11 15:12:40,524 - INFO - Training of 1000 finished with following result:
2019-10-11 15:12:40,524 - INFO - Average total reward over 1000 validation episodes after 30000 total training episodes: 0.15
2019-10-11 15:12:40,524 - INFO - Average scaled reward over 1000 validation episodes after 30000 total training episodes: 0.001
2019-10-11 15:12:40,524 - INFO - Training for 1000 episodes...
2019-10-11 15:19:13,317 - INFO - Training of 1000 finished with following result:
2019-10-11 15:19:13,317 - INFO - Average total reward over 1000 training episodes after 31000 total training episodes: 0.137
2019-10-11 15:19:13,317 - INFO - Average scaled reward over 1000 training episodes after 31000 total training episodes: 0.001
2019-10-11 15:19:13,317 - INFO - Total environmental steps in training mode up to now: 3100000
2019-10-11 15:19:13,317 - INFO - Saving the agent...
2019-10-11 15:19:14,698 - INFO - Validating for 1000 episodes...
2019-10-11 15:25:22,574 - INFO - Training of 1000 finished with following result:
2019-10-11 15:25:22,575 - INFO - Average total reward over 1000 validation episodes after 31000 total training episodes: 0.151
2019-10-11 15:25:22,575 - INFO - Average scaled reward over 1000 validation episodes after 31000 total training episodes: 0.002
2019-10-11 15:25:22,575 - INFO - Training for 1000 episodes...
2019-10-11 15:31:57,355 - INFO - Training of 1000 finished with following result:
2019-10-11 15:31:57,355 - INFO - Average total reward over 1000 training episodes after 32000 total training episodes: 0.133
2019-10-11 15:31:57,356 - INFO - Average scaled reward over 1000 training episodes after 32000 total training episodes: 0.001
2019-10-11 15:31:57,356 - INFO - Total environmental steps in training mode up to now: 3200000
2019-10-11 15:31:57,356 - INFO - Saving the agent...
2019-10-11 15:31:58,707 - INFO - Validating for 1000 episodes...
2019-10-11 15:38:04,184 - INFO - Training of 1000 finished with following result:
2019-10-11 15:38:04,184 - INFO - Average total reward over 1000 validation episodes after 32000 total training episodes: 0.141
2019-10-11 15:38:04,184 - INFO - Average scaled reward over 1000 validation episodes after 32000 total training episodes: 0.001
2019-10-11 15:38:04,184 - INFO - Training for 1000 episodes...
2019-10-11 15:44:38,094 - INFO - Training of 1000 finished with following result:
2019-10-11 15:44:38,094 - INFO - Average total reward over 1000 training episodes after 33000 total training episodes: 0.131
2019-10-11 15:44:38,094 - INFO - Average scaled reward over 1000 training episodes after 33000 total training episodes: 0.001
2019-10-11 15:44:38,094 - INFO - Total environmental steps in training mode up to now: 3300000
2019-10-11 15:44:38,094 - INFO - Saving the agent...
2019-10-11 15:44:39,435 - INFO - Validating for 1000 episodes...
2019-10-11 15:50:47,853 - INFO - Training of 1000 finished with following result:
2019-10-11 15:50:47,853 - INFO - Average total reward over 1000 validation episodes after 33000 total training episodes: 0.142
2019-10-11 15:50:47,853 - INFO - Average scaled reward over 1000 validation episodes after 33000 total training episodes: 0.001
2019-10-11 15:50:47,853 - INFO - Training for 1000 episodes...
2019-10-11 15:57:21,470 - INFO - Training of 1000 finished with following result:
2019-10-11 15:57:21,470 - INFO - Average total reward over 1000 training episodes after 34000 total training episodes: 0.134
2019-10-11 15:57:21,470 - INFO - Average scaled reward over 1000 training episodes after 34000 total training episodes: 0.001
2019-10-11 15:57:21,470 - INFO - Total environmental steps in training mode up to now: 3400000
2019-10-11 15:57:21,470 - INFO - Saving the agent...
2019-10-11 15:57:24,115 - INFO - Validating for 1000 episodes...
2019-10-11 16:03:32,458 - INFO - Training of 1000 finished with following result:
2019-10-11 16:03:32,459 - INFO - Average total reward over 1000 validation episodes after 34000 total training episodes: 0.136
2019-10-11 16:03:32,459 - INFO - Average scaled reward over 1000 validation episodes after 34000 total training episodes: 0.001
2019-10-11 16:03:32,459 - INFO - Training for 1000 episodes...
2019-10-11 16:10:05,459 - INFO - Training of 1000 finished with following result:
2019-10-11 16:10:05,459 - INFO - Average total reward over 1000 training episodes after 35000 total training episodes: 0.148
2019-10-11 16:10:05,459 - INFO - Average scaled reward over 1000 training episodes after 35000 total training episodes: 0.001
2019-10-11 16:10:05,459 - INFO - Total environmental steps in training mode up to now: 3500000
2019-10-11 16:10:05,459 - INFO - Saving the agent...
2019-10-11 16:10:06,819 - INFO - Validating for 1000 episodes...
2019-10-11 16:16:13,116 - INFO - Training of 1000 finished with following result:
2019-10-11 16:16:13,116 - INFO - Average total reward over 1000 validation episodes after 35000 total training episodes: 0.143
2019-10-11 16:16:13,116 - INFO - Average scaled reward over 1000 validation episodes after 35000 total training episodes: 0.001
2019-10-11 16:16:13,116 - INFO - Training for 1000 episodes...
2019-10-11 16:22:45,421 - INFO - Training of 1000 finished with following result:
2019-10-11 16:22:45,421 - INFO - Average total reward over 1000 training episodes after 36000 total training episodes: 0.152
2019-10-11 16:22:45,421 - INFO - Average scaled reward over 1000 training episodes after 36000 total training episodes: 0.002
2019-10-11 16:22:45,421 - INFO - Total environmental steps in training mode up to now: 3600000
2019-10-11 16:22:45,421 - INFO - Saving the agent...
2019-10-11 16:22:46,781 - INFO - Validating for 1000 episodes...
2019-10-11 16:28:55,432 - INFO - Training of 1000 finished with following result:
2019-10-11 16:28:55,432 - INFO - Average total reward over 1000 validation episodes after 36000 total training episodes: 0.133
2019-10-11 16:28:55,432 - INFO - Average scaled reward over 1000 validation episodes after 36000 total training episodes: 0.001
2019-10-11 16:28:55,432 - INFO - Training for 1000 episodes...
2019-10-11 16:35:28,758 - INFO - Training of 1000 finished with following result:
2019-10-11 16:35:28,758 - INFO - Average total reward over 1000 training episodes after 37000 total training episodes: 0.141
2019-10-11 16:35:28,758 - INFO - Average scaled reward over 1000 training episodes after 37000 total training episodes: 0.001
2019-10-11 16:35:28,758 - INFO - Total environmental steps in training mode up to now: 3700000
2019-10-11 16:35:28,758 - INFO - Saving the agent...
2019-10-11 16:35:30,146 - INFO - Validating for 1000 episodes...
2019-10-11 16:41:39,048 - INFO - Training of 1000 finished with following result:
2019-10-11 16:41:39,048 - INFO - Average total reward over 1000 validation episodes after 37000 total training episodes: 0.14
2019-10-11 16:41:39,048 - INFO - Average scaled reward over 1000 validation episodes after 37000 total training episodes: 0.001
2019-10-11 16:41:39,048 - INFO - Training for 1000 episodes...
2019-10-11 16:48:12,049 - INFO - Training of 1000 finished with following result:
2019-10-11 16:48:12,050 - INFO - Average total reward over 1000 training episodes after 38000 total training episodes: 0.152
2019-10-11 16:48:12,050 - INFO - Average scaled reward over 1000 training episodes after 38000 total training episodes: 0.002
2019-10-11 16:48:12,050 - INFO - Total environmental steps in training mode up to now: 3800000
2019-10-11 16:48:12,050 - INFO - Saving the agent...
2019-10-11 16:48:13,389 - INFO - Validating for 1000 episodes...
2019-10-11 16:54:21,294 - INFO - Training of 1000 finished with following result:
2019-10-11 16:54:21,294 - INFO - Average total reward over 1000 validation episodes after 38000 total training episodes: 0.135
2019-10-11 16:54:21,294 - INFO - Average scaled reward over 1000 validation episodes after 38000 total training episodes: 0.001
2019-10-11 16:54:21,294 - INFO - Training for 1000 episodes...
2019-10-11 17:00:55,484 - INFO - Training of 1000 finished with following result:
2019-10-11 17:00:55,484 - INFO - Average total reward over 1000 training episodes after 39000 total training episodes: 0.147
2019-10-11 17:00:55,484 - INFO - Average scaled reward over 1000 training episodes after 39000 total training episodes: 0.001
2019-10-11 17:00:55,484 - INFO - Total environmental steps in training mode up to now: 3900000
2019-10-11 17:00:55,484 - INFO - Saving the agent...
2019-10-11 17:00:56,817 - INFO - Validating for 1000 episodes...
2019-10-11 17:07:06,435 - INFO - Training of 1000 finished with following result:
2019-10-11 17:07:06,435 - INFO - Average total reward over 1000 validation episodes after 39000 total training episodes: 0.146
2019-10-11 17:07:06,435 - INFO - Average scaled reward over 1000 validation episodes after 39000 total training episodes: 0.001
2019-10-11 17:07:06,435 - INFO - Training for 1000 episodes...
2019-10-11 17:13:38,695 - INFO - Training of 1000 finished with following result:
2019-10-11 17:13:38,695 - INFO - Average total reward over 1000 training episodes after 40000 total training episodes: 0.141
2019-10-11 17:13:38,695 - INFO - Average scaled reward over 1000 training episodes after 40000 total training episodes: 0.001
2019-10-11 17:13:38,696 - INFO - Total environmental steps in training mode up to now: 4000000
2019-10-11 17:13:38,696 - INFO - Saving the agent...
2019-10-11 17:13:39,972 - INFO - Validating for 1000 episodes...
2019-10-11 17:19:47,947 - INFO - Training of 1000 finished with following result:
2019-10-11 17:19:47,947 - INFO - Average total reward over 1000 validation episodes after 40000 total training episodes: 0.158
2019-10-11 17:19:47,947 - INFO - Average scaled reward over 1000 validation episodes after 40000 total training episodes: 0.002
2019-10-11 17:19:47,947 - INFO - Training for 1000 episodes...
2019-10-11 17:26:20,234 - INFO - Training of 1000 finished with following result:
2019-10-11 17:26:20,234 - INFO - Average total reward over 1000 training episodes after 41000 total training episodes: 0.149
2019-10-11 17:26:20,234 - INFO - Average scaled reward over 1000 training episodes after 41000 total training episodes: 0.001
2019-10-11 17:26:20,234 - INFO - Total environmental steps in training mode up to now: 4100000
2019-10-11 17:26:20,234 - INFO - Saving the agent...
2019-10-11 17:26:21,495 - INFO - Validating for 1000 episodes...
2019-10-11 17:32:28,427 - INFO - Training of 1000 finished with following result:
2019-10-11 17:32:28,428 - INFO - Average total reward over 1000 validation episodes after 41000 total training episodes: 0.144
2019-10-11 17:32:28,428 - INFO - Average scaled reward over 1000 validation episodes after 41000 total training episodes: 0.001
2019-10-11 17:32:28,428 - INFO - Training for 1000 episodes...
2019-10-11 17:39:01,107 - INFO - Training of 1000 finished with following result:
2019-10-11 17:39:01,108 - INFO - Average total reward over 1000 training episodes after 42000 total training episodes: 0.14
2019-10-11 17:39:01,108 - INFO - Average scaled reward over 1000 training episodes after 42000 total training episodes: 0.001
2019-10-11 17:39:01,108 - INFO - Total environmental steps in training mode up to now: 4200000
2019-10-11 17:39:01,108 - INFO - Saving the agent...
2019-10-11 17:39:02,419 - INFO - Validating for 1000 episodes...
2019-10-11 17:45:09,356 - INFO - Training of 1000 finished with following result:
2019-10-11 17:45:09,357 - INFO - Average total reward over 1000 validation episodes after 42000 total training episodes: 0.145
2019-10-11 17:45:09,357 - INFO - Average scaled reward over 1000 validation episodes after 42000 total training episodes: 0.001
2019-10-11 17:45:09,357 - INFO - Training for 1000 episodes...
2019-10-11 17:51:45,471 - INFO - Training of 1000 finished with following result:
2019-10-11 17:51:45,472 - INFO - Average total reward over 1000 training episodes after 43000 total training episodes: 0.141
2019-10-11 17:51:45,472 - INFO - Average scaled reward over 1000 training episodes after 43000 total training episodes: 0.001
2019-10-11 17:51:45,472 - INFO - Total environmental steps in training mode up to now: 4300000
2019-10-11 17:51:45,472 - INFO - Saving the agent...
2019-10-11 17:51:46,813 - INFO - Validating for 1000 episodes...
2019-10-11 17:57:56,111 - INFO - Training of 1000 finished with following result:
2019-10-11 17:57:56,111 - INFO - Average total reward over 1000 validation episodes after 43000 total training episodes: 0.139
2019-10-11 17:57:56,111 - INFO - Average scaled reward over 1000 validation episodes after 43000 total training episodes: 0.001
2019-10-11 17:57:56,111 - INFO - Training for 1000 episodes...
2019-10-11 18:04:29,581 - INFO - Training of 1000 finished with following result:
2019-10-11 18:04:29,581 - INFO - Average total reward over 1000 training episodes after 44000 total training episodes: 0.138
2019-10-11 18:04:29,581 - INFO - Average scaled reward over 1000 training episodes after 44000 total training episodes: 0.001
2019-10-11 18:04:29,581 - INFO - Total environmental steps in training mode up to now: 4400000
2019-10-11 18:04:29,581 - INFO - Saving the agent...
2019-10-11 18:04:30,881 - INFO - Validating for 1000 episodes...
2019-10-11 18:10:40,080 - INFO - Training of 1000 finished with following result:
2019-10-11 18:10:40,080 - INFO - Average total reward over 1000 validation episodes after 44000 total training episodes: 0.15
2019-10-11 18:10:40,080 - INFO - Average scaled reward over 1000 validation episodes after 44000 total training episodes: 0.001
2019-10-11 18:10:40,080 - INFO - Training for 1000 episodes...
2019-10-11 18:17:12,188 - INFO - Training of 1000 finished with following result:
2019-10-11 18:17:12,188 - INFO - Average total reward over 1000 training episodes after 45000 total training episodes: 0.145
2019-10-11 18:17:12,188 - INFO - Average scaled reward over 1000 training episodes after 45000 total training episodes: 0.001
2019-10-11 18:17:12,188 - INFO - Total environmental steps in training mode up to now: 4500000
2019-10-11 18:17:12,188 - INFO - Saving the agent...
2019-10-11 18:17:13,477 - INFO - Validating for 1000 episodes...
2019-10-11 18:23:22,125 - INFO - Training of 1000 finished with following result:
2019-10-11 18:23:22,125 - INFO - Average total reward over 1000 validation episodes after 45000 total training episodes: 0.146
2019-10-11 18:23:22,125 - INFO - Average scaled reward over 1000 validation episodes after 45000 total training episodes: 0.001
2019-10-11 18:23:22,125 - INFO - Training for 1000 episodes...
2019-10-11 18:29:57,404 - INFO - Training of 1000 finished with following result:
2019-10-11 18:29:57,404 - INFO - Average total reward over 1000 training episodes after 46000 total training episodes: 0.143
2019-10-11 18:29:57,404 - INFO - Average scaled reward over 1000 training episodes after 46000 total training episodes: 0.001
2019-10-11 18:29:57,404 - INFO - Total environmental steps in training mode up to now: 4600000
2019-10-11 18:29:57,404 - INFO - Saving the agent...
2019-10-11 18:29:58,732 - INFO - Validating for 1000 episodes...
2019-10-11 18:36:10,479 - INFO - Training of 1000 finished with following result:
2019-10-11 18:36:10,479 - INFO - Average total reward over 1000 validation episodes after 46000 total training episodes: 0.146
2019-10-11 18:36:10,479 - INFO - Average scaled reward over 1000 validation episodes after 46000 total training episodes: 0.001
2019-10-11 18:36:10,479 - INFO - Training for 1000 episodes...
2019-10-11 18:42:45,777 - INFO - Training of 1000 finished with following result:
2019-10-11 18:42:45,777 - INFO - Average total reward over 1000 training episodes after 47000 total training episodes: 0.136
2019-10-11 18:42:45,777 - INFO - Average scaled reward over 1000 training episodes after 47000 total training episodes: 0.001
2019-10-11 18:42:45,777 - INFO - Total environmental steps in training mode up to now: 4700000
2019-10-11 18:42:45,777 - INFO - Saving the agent...
2019-10-11 18:42:47,098 - INFO - Validating for 1000 episodes...
2019-10-11 18:48:53,561 - INFO - Training of 1000 finished with following result:
2019-10-11 18:48:53,562 - INFO - Average total reward over 1000 validation episodes after 47000 total training episodes: 0.156
2019-10-11 18:48:53,562 - INFO - Average scaled reward over 1000 validation episodes after 47000 total training episodes: 0.002
2019-10-11 18:48:53,562 - INFO - Training for 1000 episodes...
2019-10-11 18:55:30,847 - INFO - Training of 1000 finished with following result:
2019-10-11 18:55:30,848 - INFO - Average total reward over 1000 training episodes after 48000 total training episodes: 0.147
2019-10-11 18:55:30,848 - INFO - Average scaled reward over 1000 training episodes after 48000 total training episodes: 0.001
2019-10-11 18:55:30,848 - INFO - Total environmental steps in training mode up to now: 4800000
2019-10-11 18:55:30,848 - INFO - Saving the agent...
2019-10-11 18:55:32,166 - INFO - Validating for 1000 episodes...
2019-10-11 19:01:41,930 - INFO - Training of 1000 finished with following result:
2019-10-11 19:01:41,930 - INFO - Average total reward over 1000 validation episodes after 48000 total training episodes: 0.148
2019-10-11 19:01:41,931 - INFO - Average scaled reward over 1000 validation episodes after 48000 total training episodes: 0.001
2019-10-11 19:01:41,931 - INFO - Training for 1000 episodes...
2019-10-11 19:08:16,701 - INFO - Training of 1000 finished with following result:
2019-10-11 19:08:16,701 - INFO - Average total reward over 1000 training episodes after 49000 total training episodes: 0.151
2019-10-11 19:08:16,701 - INFO - Average scaled reward over 1000 training episodes after 49000 total training episodes: 0.002
2019-10-11 19:08:16,701 - INFO - Total environmental steps in training mode up to now: 4900000
2019-10-11 19:08:16,701 - INFO - Saving the agent...
2019-10-11 19:08:18,053 - INFO - Validating for 1000 episodes...
2019-10-11 19:14:24,495 - INFO - Training of 1000 finished with following result:
2019-10-11 19:14:24,495 - INFO - Average total reward over 1000 validation episodes after 49000 total training episodes: 0.133
2019-10-11 19:14:24,495 - INFO - Average scaled reward over 1000 validation episodes after 49000 total training episodes: 0.001
2019-10-11 19:14:24,495 - INFO - Training for 1000 episodes...
2019-10-11 19:20:59,272 - INFO - Training of 1000 finished with following result:
2019-10-11 19:20:59,272 - INFO - Average total reward over 1000 training episodes after 50000 total training episodes: 0.149
2019-10-11 19:20:59,272 - INFO - Average scaled reward over 1000 training episodes after 50000 total training episodes: 0.001
2019-10-11 19:20:59,272 - INFO - Total environmental steps in training mode up to now: 5000000
2019-10-11 19:20:59,272 - INFO - Saving the agent...
2019-10-11 19:21:00,615 - INFO - Validating for 1000 episodes...
2019-10-11 19:27:07,558 - INFO - Training of 1000 finished with following result:
2019-10-11 19:27:07,558 - INFO - Average total reward over 1000 validation episodes after 50000 total training episodes: 0.149
2019-10-11 19:27:07,558 - INFO - Average scaled reward over 1000 validation episodes after 50000 total training episodes: 0.001
2019-10-11 19:27:07,558 - INFO - End of training
2019-10-11 19:27:07,558 - INFO - Cycle 1 - Testing for 100 episodes...
2019-10-11 19:27:44,139 - INFO - Testing of 100 finished with following result:
2019-10-11 19:27:44,139 - INFO - Average total reward over 100 test episodes: 0.115
2019-10-11 19:27:44,139 - INFO - Average scaled reward over 100 test episodes: 0.001
2019-10-11 19:27:44,139 - INFO - Cycle 2 - Testing for 100 episodes...
2019-10-11 19:28:21,362 - INFO - Testing of 100 finished with following result:
2019-10-11 19:28:21,362 - INFO - Average total reward over 100 test episodes: 0.133
2019-10-11 19:28:21,362 - INFO - Average scaled reward over 100 test episodes: 0.001
2019-10-11 19:28:21,362 - INFO - Cycle 3 - Testing for 100 episodes...
2019-10-11 19:28:57,831 - INFO - Testing of 100 finished with following result:
2019-10-11 19:28:57,831 - INFO - Average total reward over 100 test episodes: 0.147
2019-10-11 19:28:57,831 - INFO - Average scaled reward over 100 test episodes: 0.001
2019-10-11 19:28:57,831 - INFO - Cycle 4 - Testing for 100 episodes...
2019-10-11 19:29:34,720 - INFO - Testing of 100 finished with following result:
2019-10-11 19:29:34,720 - INFO - Average total reward over 100 test episodes: 0.189
2019-10-11 19:29:34,720 - INFO - Average scaled reward over 100 test episodes: 0.002
2019-10-11 19:29:34,720 - INFO - Cycle 5 - Testing for 100 episodes...
2019-10-11 19:30:12,567 - INFO - Testing of 100 finished with following result:
2019-10-11 19:30:12,568 - INFO - Average total reward over 100 test episodes: 0.147
2019-10-11 19:30:12,568 - INFO - Average scaled reward over 100 test episodes: 0.001
2019-10-11 19:30:12,568 - INFO - Cycle 6 - Testing for 100 episodes...
2019-10-11 19:30:49,599 - INFO - Testing of 100 finished with following result:
2019-10-11 19:30:49,599 - INFO - Average total reward over 100 test episodes: 0.178
2019-10-11 19:30:49,599 - INFO - Average scaled reward over 100 test episodes: 0.002
2019-10-11 19:30:49,599 - INFO - Cycle 7 - Testing for 100 episodes...
2019-10-11 19:31:26,834 - INFO - Testing of 100 finished with following result:
2019-10-11 19:31:26,834 - INFO - Average total reward over 100 test episodes: 0.124
2019-10-11 19:31:26,834 - INFO - Average scaled reward over 100 test episodes: 0.001
2019-10-11 19:31:26,835 - INFO - Cycle 8 - Testing for 100 episodes...
2019-10-11 19:32:04,336 - INFO - Testing of 100 finished with following result:
2019-10-11 19:32:04,336 - INFO - Average total reward over 100 test episodes: 0.143
2019-10-11 19:32:04,336 - INFO - Average scaled reward over 100 test episodes: 0.001
2019-10-11 19:32:04,336 - INFO - Cycle 9 - Testing for 100 episodes...
2019-10-11 19:32:41,197 - INFO - Testing of 100 finished with following result:
2019-10-11 19:32:41,197 - INFO - Average total reward over 100 test episodes: 0.164
2019-10-11 19:32:41,197 - INFO - Average scaled reward over 100 test episodes: 0.002
2019-10-11 19:32:41,197 - INFO - Cycle 10 - Testing for 100 episodes...
2019-10-11 19:33:17,949 - INFO - Testing of 100 finished with following result:
2019-10-11 19:33:17,949 - INFO - Average total reward over 100 test episodes: 0.167
2019-10-11 19:33:17,949 - INFO - Average scaled reward over 100 test episodes: 0.002
2019-10-11 19:33:17,949 - INFO - End of test
2019-10-11 19:33:17,949 - INFO - Average test total reward is 0.151 with 50000 training episodes
2019-10-11 19:33:17,949 - INFO - Average test scaled reward is 0.001 with 50000 training episodes
2019-10-11 19:33:17,949 - INFO - Max test total reward over 100 and 10 cycles is: 0.189
2019-10-11 19:33:17,949 - INFO - Max test scaled reward over 100 and 10 cycles is: 0.002
2019-10-11 19:33:17,949 - INFO - Saving plots...
2019-10-11 19:33:20,786 - INFO - Plots saved successfully
2019-10-11 19:33:20,786 - INFO - The experiment terminated successfully
