experiment:
Data:

Proximal Policy Optimization with GAE buffer and early stopping
Three dense layer with 4096 neurons each using xavier initialization
Learning rate policy: 0.0003
Learning rate advantage: 0.001
Discount factor: 0.99
Value steps per update: 80
Policy steps per update: 80
Lambda parameter: 0.97
Clip ratio: 0.2
Target KL divergence: 0.01
Updates per training volley: 10
Success threshold: 0.9 average total reward on the validation set episodes
Episodic: yes
Episode length: 100
Max allowed steps for episode: 100
Seed states range [0, 0]
Acceptance value: none
Threshold value: none


Results:

                     Success  Average total reward  Max total reward  Average scaled reward  Max scaled reward  Trained episodes
Experiment iteration                                                                                                            
0                        YES                 0.282             0.337                  0.003              0.004            100000
1                        YES                 0.332             0.383                  0.004              0.005            100000
2                        YES                 0.251             0.290                  0.003              0.004            100000
3                        YES                 0.280             0.359                  0.003              0.004            100000
4                        YES                 0.272             0.308                  0.003              0.004            100000
5                        YES                 0.220             0.244                  0.003              0.003            100000
6                        YES                 0.259             0.286                  0.003              0.004            100000
7                        YES                 0.257             0.301                  0.003              0.004            100000
8                        YES                 0.265             0.293                  0.003              0.004            100000
9                        YES                 0.258             0.297                  0.003              0.004            100000



Maximum average total reward over all 1000 test episodes: 0.332 at experiment number 1
Maximum max total score over 100 test episodes: 0.383 at experiment number 1
Maximum average scaled reward over all 1000 test episodes: 0.004 at experiment number 1
Maximum max scaled score over 100 test episodes: 0.005 at experiment number 1
Minimum training episodes for validation: 100000 at experiment number 0
Average of average total reward over all experiments 0.268
Average of max total reward over all experiments: 0.310
Average of average scaled reward over all experiments 0.003
Average of max scaled reward over all experiments: 0.004
Average of training episodes over all experiments: 100000.000
Success percentage over all experiments: 100.00
Standard deviation of average total reward over all experiments: 0.027, which is a 10.13% of the average
Standard deviation of max total reward over all experiments 0.038, which is a 12.22% of the average
Standard deviation of average scaled reward over all experiments: 0.000, which is a 9.68% of the average
Standard deviation of max scaled reward over all experiments 0.000, which is a 11.18% of the average
Standard deviation of training episodes over all experiments: 0.000, which is a 0.00% of the average
