experiment:
Data:

Vanilla Policy Gradient with GAE buffer
Three dense layer with 4096 neurons each using xavier initialization
Learning rate policy: 0.0003
Learning rate advantage: 0.0001
Discount factor: 0.99
Value steps per update: 10
Lambda parameter: 0.95
Updates per training volley: 2
Success threshold: 0.35 average total reward on the validation set episodes
Episodic: yes
Episode length: 100
Max allowed steps for episode: 100
Seed states range [-128, 127]
Acceptance value: none


Results:

                     Success  Average total reward  Max total reward  Average scaled reward  Max scaled reward  Trained episodes
Experiment iteration                                                                                                            
0                        YES                 0.209             0.242                  0.002              0.002             50000
1                        YES                 0.237             0.257                  0.002              0.003             50000
2                        YES                 0.220             0.242                  0.002              0.002             50000



Maximum average total reward over all 1000 test episodes: 0.237 at experiment number 1
Maximum max total score over 100 test episodes: 0.257 at experiment number 1
Maximum average scaled reward over all 1000 test episodes: 0.002 at experiment number 0
Maximum max scaled score over 100 test episodes: 0.003 at experiment number 1
Minimum training episodes for validation: 50000 at experiment number 0
Average of average total reward over all experiments 0.222
Average of max total reward over all experiments: 0.247
Average of average scaled reward over all experiments 0.002
Average of max scaled reward over all experiments: 0.002
Average of training episodes over all experiments: 50000.000
Success percentage over all experiments: 100.00
Standard deviation of average total reward over all experiments: 0.012, which is a 5.19% of the average
Standard deviation of max total reward over all experiments 0.007, which is a 2.86% of the average
Standard deviation of average scaled reward over all experiments: 0.000, which is a 0.00% of the average
Standard deviation of max scaled reward over all experiments 0.000, which is a 20.20% of the average
Standard deviation of training episodes over all experiments: 0.000, which is a 0.00% of the average
