2019-10-09 05:18:19,454 - INFO - Data:

Vanilla Policy Gradient with GAE buffer
Three dense layer with 4096 neurons each using xavier initialization
Learning rate policy: 0.0003
Learning rate advantage: 0.0001
Discount factor: 0.99
Value steps per update: 10
Lambda parameter: 0.95
Updates per training volley: 2
Success threshold: 0.35 average total reward on the validation set episodes
Episodic: yes
Episode length: 100
Max allowed steps for episode: 100
Seed states range [-128, 127]
Acceptance value: none

2019-10-09 05:18:19,454 - INFO - Setup of experiment experiment_1...
2019-10-09 05:18:19,454 - INFO - Environment setup...
2019-10-09 05:18:19,454 - INFO - Environment setup is successful!
2019-10-09 05:18:19,454 - INFO - Agent setup...
2019-10-09 05:18:19,454 - INFO - Setup of agent vpg_agent with scope experiment_1...
2019-10-09 05:18:19,456 - INFO - A Tensorboard summary for the agent will be updated during training of its internal model
2019-10-09 05:18:19,456 - INFO - Tensorboard summary path: ./experiments/rng_discrete_binary_vpg_e_s10_r127-128_2019-10-08/experiment/1/summary
2019-10-09 05:18:19,456 - INFO - Generating model model with scope experiment_1/vpg_agent...
2019-10-09 05:18:19,456 - INFO - Model generation successful
2019-10-09 05:18:19,961 - INFO - Agent setup is successful!
2019-10-09 05:18:19,982 - INFO - Agent internal model will be saved after each train volley
2019-10-09 05:18:19,982 - INFO - Agent internal model metagraph save path: ./experiments/rng_discrete_binary_vpg_e_s10_r127-128_2019-10-08/experiment/1/metagraph
2019-10-09 05:18:19,982 - INFO - Tensorflow configuration is successful!
2019-10-09 05:18:19,982 - INFO - Experiment setup is successful. Now can conduct the experiment
2019-10-09 05:18:19,983 - INFO - Conducting experiment experiment_1...
2019-10-09 05:18:23,260 - INFO - Model initialized to default state
2019-10-09 05:18:23,260 - INFO - Training for 1000 episodes...
2019-10-09 05:28:53,303 - INFO - Training of 1000 finished with following result:
2019-10-09 05:28:53,304 - INFO - Average total reward over 1000 training episodes after 1000 total training episodes: 0.261
2019-10-09 05:28:53,304 - INFO - Average scaled reward over 1000 training episodes after 1000 total training episodes: 0.003
2019-10-09 05:28:53,304 - INFO - Total environmental steps in training mode up to now: 100000
2019-10-09 05:28:53,304 - INFO - Saving the agent...
2019-10-09 05:28:53,618 - INFO - Validating for 1000 episodes...
2019-10-09 05:38:17,357 - INFO - Training of 1000 finished with following result:
2019-10-09 05:38:17,357 - INFO - Average total reward over 1000 validation episodes after 1000 total training episodes: 0.218
2019-10-09 05:38:17,357 - INFO - Average scaled reward over 1000 validation episodes after 1000 total training episodes: 0.002
2019-10-09 05:38:17,357 - INFO - Training for 1000 episodes...
2019-10-09 05:48:52,204 - INFO - Training of 1000 finished with following result:
2019-10-09 05:48:52,205 - INFO - Average total reward over 1000 training episodes after 2000 total training episodes: 0.23
2019-10-09 05:48:52,205 - INFO - Average scaled reward over 1000 training episodes after 2000 total training episodes: 0.002
2019-10-09 05:48:52,205 - INFO - Total environmental steps in training mode up to now: 200000
2019-10-09 05:48:52,205 - INFO - Saving the agent...
2019-10-09 05:48:53,218 - INFO - Validating for 1000 episodes...
2019-10-09 05:58:14,816 - INFO - Training of 1000 finished with following result:
2019-10-09 05:58:14,816 - INFO - Average total reward over 1000 validation episodes after 2000 total training episodes: 0.215
2019-10-09 05:58:14,816 - INFO - Average scaled reward over 1000 validation episodes after 2000 total training episodes: 0.002
2019-10-09 05:58:14,816 - INFO - Training for 1000 episodes...
2019-10-09 06:08:49,759 - INFO - Training of 1000 finished with following result:
2019-10-09 06:08:49,759 - INFO - Average total reward over 1000 training episodes after 3000 total training episodes: 0.218
2019-10-09 06:08:49,759 - INFO - Average scaled reward over 1000 training episodes after 3000 total training episodes: 0.002
2019-10-09 06:08:49,759 - INFO - Total environmental steps in training mode up to now: 300000
2019-10-09 06:08:49,760 - INFO - Saving the agent...
2019-10-09 06:08:50,762 - INFO - Validating for 1000 episodes...
2019-10-09 06:18:12,880 - INFO - Training of 1000 finished with following result:
2019-10-09 06:18:12,881 - INFO - Average total reward over 1000 validation episodes after 3000 total training episodes: 0.217
2019-10-09 06:18:12,881 - INFO - Average scaled reward over 1000 validation episodes after 3000 total training episodes: 0.002
2019-10-09 06:18:12,881 - INFO - Training for 1000 episodes...
2019-10-09 06:28:48,416 - INFO - Training of 1000 finished with following result:
2019-10-09 06:28:48,417 - INFO - Average total reward over 1000 training episodes after 4000 total training episodes: 0.217
2019-10-09 06:28:48,417 - INFO - Average scaled reward over 1000 training episodes after 4000 total training episodes: 0.002
2019-10-09 06:28:48,417 - INFO - Total environmental steps in training mode up to now: 400000
2019-10-09 06:28:48,417 - INFO - Saving the agent...
2019-10-09 06:28:49,409 - INFO - Validating for 1000 episodes...
2019-10-09 06:38:13,018 - INFO - Training of 1000 finished with following result:
2019-10-09 06:38:13,018 - INFO - Average total reward over 1000 validation episodes after 4000 total training episodes: 0.208
2019-10-09 06:38:13,018 - INFO - Average scaled reward over 1000 validation episodes after 4000 total training episodes: 0.002
2019-10-09 06:38:13,018 - INFO - Training for 1000 episodes...
2019-10-09 06:48:47,207 - INFO - Training of 1000 finished with following result:
2019-10-09 06:48:47,207 - INFO - Average total reward over 1000 training episodes after 5000 total training episodes: 0.23
2019-10-09 06:48:47,208 - INFO - Average scaled reward over 1000 training episodes after 5000 total training episodes: 0.002
2019-10-09 06:48:47,208 - INFO - Total environmental steps in training mode up to now: 500000
2019-10-09 06:48:47,208 - INFO - Saving the agent...
2019-10-09 06:48:48,207 - INFO - Validating for 1000 episodes...
2019-10-09 06:58:09,269 - INFO - Training of 1000 finished with following result:
2019-10-09 06:58:09,269 - INFO - Average total reward over 1000 validation episodes after 5000 total training episodes: 0.212
2019-10-09 06:58:09,269 - INFO - Average scaled reward over 1000 validation episodes after 5000 total training episodes: 0.002
2019-10-09 06:58:09,269 - INFO - Training for 1000 episodes...
2019-10-09 07:08:45,243 - INFO - Training of 1000 finished with following result:
2019-10-09 07:08:45,243 - INFO - Average total reward over 1000 training episodes after 6000 total training episodes: 0.217
2019-10-09 07:08:45,243 - INFO - Average scaled reward over 1000 training episodes after 6000 total training episodes: 0.002
2019-10-09 07:08:45,244 - INFO - Total environmental steps in training mode up to now: 600000
2019-10-09 07:08:45,244 - INFO - Saving the agent...
2019-10-09 07:08:46,219 - INFO - Validating for 1000 episodes...
2019-10-09 07:18:07,765 - INFO - Training of 1000 finished with following result:
2019-10-09 07:18:07,766 - INFO - Average total reward over 1000 validation episodes after 6000 total training episodes: 0.22
2019-10-09 07:18:07,766 - INFO - Average scaled reward over 1000 validation episodes after 6000 total training episodes: 0.002
2019-10-09 07:18:07,766 - INFO - Training for 1000 episodes...
2019-10-09 07:28:42,257 - INFO - Training of 1000 finished with following result:
2019-10-09 07:28:42,258 - INFO - Average total reward over 1000 training episodes after 7000 total training episodes: 0.228
2019-10-09 07:28:42,258 - INFO - Average scaled reward over 1000 training episodes after 7000 total training episodes: 0.002
2019-10-09 07:28:42,258 - INFO - Total environmental steps in training mode up to now: 700000
2019-10-09 07:28:42,258 - INFO - Saving the agent...
2019-10-09 07:28:43,241 - INFO - Validating for 1000 episodes...
2019-10-09 07:38:05,885 - INFO - Training of 1000 finished with following result:
2019-10-09 07:38:05,885 - INFO - Average total reward over 1000 validation episodes after 7000 total training episodes: 0.215
2019-10-09 07:38:05,885 - INFO - Average scaled reward over 1000 validation episodes after 7000 total training episodes: 0.002
2019-10-09 07:38:05,885 - INFO - Training for 1000 episodes...
2019-10-09 07:48:40,416 - INFO - Training of 1000 finished with following result:
2019-10-09 07:48:40,417 - INFO - Average total reward over 1000 training episodes after 8000 total training episodes: 0.214
2019-10-09 07:48:40,417 - INFO - Average scaled reward over 1000 training episodes after 8000 total training episodes: 0.002
2019-10-09 07:48:40,417 - INFO - Total environmental steps in training mode up to now: 800000
2019-10-09 07:48:40,417 - INFO - Saving the agent...
2019-10-09 07:48:41,396 - INFO - Validating for 1000 episodes...
2019-10-09 07:58:04,459 - INFO - Training of 1000 finished with following result:
2019-10-09 07:58:04,460 - INFO - Average total reward over 1000 validation episodes after 8000 total training episodes: 0.216
2019-10-09 07:58:04,460 - INFO - Average scaled reward over 1000 validation episodes after 8000 total training episodes: 0.002
2019-10-09 07:58:04,460 - INFO - Training for 1000 episodes...
2019-10-09 08:08:38,986 - INFO - Training of 1000 finished with following result:
2019-10-09 08:08:38,986 - INFO - Average total reward over 1000 training episodes after 9000 total training episodes: 0.218
2019-10-09 08:08:38,986 - INFO - Average scaled reward over 1000 training episodes after 9000 total training episodes: 0.002
2019-10-09 08:08:38,986 - INFO - Total environmental steps in training mode up to now: 900000
2019-10-09 08:08:38,987 - INFO - Saving the agent...
2019-10-09 08:08:39,986 - INFO - Validating for 1000 episodes...
2019-10-09 08:18:01,729 - INFO - Training of 1000 finished with following result:
2019-10-09 08:18:01,729 - INFO - Average total reward over 1000 validation episodes after 9000 total training episodes: 0.213
2019-10-09 08:18:01,729 - INFO - Average scaled reward over 1000 validation episodes after 9000 total training episodes: 0.002
2019-10-09 08:18:01,729 - INFO - Training for 1000 episodes...
2019-10-09 08:28:34,851 - INFO - Training of 1000 finished with following result:
2019-10-09 08:28:34,851 - INFO - Average total reward over 1000 training episodes after 10000 total training episodes: 0.211
2019-10-09 08:28:34,852 - INFO - Average scaled reward over 1000 training episodes after 10000 total training episodes: 0.002
2019-10-09 08:28:34,852 - INFO - Total environmental steps in training mode up to now: 1000000
2019-10-09 08:28:34,852 - INFO - Saving the agent...
2019-10-09 08:28:35,836 - INFO - Validating for 1000 episodes...
2019-10-09 08:37:58,320 - INFO - Training of 1000 finished with following result:
2019-10-09 08:37:58,320 - INFO - Average total reward over 1000 validation episodes after 10000 total training episodes: 0.225
2019-10-09 08:37:58,320 - INFO - Average scaled reward over 1000 validation episodes after 10000 total training episodes: 0.002
2019-10-09 08:37:58,321 - INFO - Training for 1000 episodes...
2019-10-09 08:48:32,038 - INFO - Training of 1000 finished with following result:
2019-10-09 08:48:32,038 - INFO - Average total reward over 1000 training episodes after 11000 total training episodes: 0.215
2019-10-09 08:48:32,038 - INFO - Average scaled reward over 1000 training episodes after 11000 total training episodes: 0.002
2019-10-09 08:48:32,038 - INFO - Total environmental steps in training mode up to now: 1100000
2019-10-09 08:48:32,038 - INFO - Saving the agent...
2019-10-09 08:48:33,066 - INFO - Validating for 1000 episodes...
2019-10-09 08:57:54,520 - INFO - Training of 1000 finished with following result:
2019-10-09 08:57:54,521 - INFO - Average total reward over 1000 validation episodes after 11000 total training episodes: 0.222
2019-10-09 08:57:54,521 - INFO - Average scaled reward over 1000 validation episodes after 11000 total training episodes: 0.002
2019-10-09 08:57:54,521 - INFO - Training for 1000 episodes...
2019-10-09 09:08:29,733 - INFO - Training of 1000 finished with following result:
2019-10-09 09:08:29,734 - INFO - Average total reward over 1000 training episodes after 12000 total training episodes: 0.208
2019-10-09 09:08:29,734 - INFO - Average scaled reward over 1000 training episodes after 12000 total training episodes: 0.002
2019-10-09 09:08:29,734 - INFO - Total environmental steps in training mode up to now: 1200000
2019-10-09 09:08:29,734 - INFO - Saving the agent...
2019-10-09 09:08:30,767 - INFO - Validating for 1000 episodes...
2019-10-09 09:17:54,281 - INFO - Training of 1000 finished with following result:
2019-10-09 09:17:54,281 - INFO - Average total reward over 1000 validation episodes after 12000 total training episodes: 0.223
2019-10-09 09:17:54,281 - INFO - Average scaled reward over 1000 validation episodes after 12000 total training episodes: 0.002
2019-10-09 09:17:54,281 - INFO - Training for 1000 episodes...
2019-10-09 09:28:26,547 - INFO - Training of 1000 finished with following result:
2019-10-09 09:28:26,548 - INFO - Average total reward over 1000 training episodes after 13000 total training episodes: 0.229
2019-10-09 09:28:26,548 - INFO - Average scaled reward over 1000 training episodes after 13000 total training episodes: 0.002
2019-10-09 09:28:26,548 - INFO - Total environmental steps in training mode up to now: 1300000
2019-10-09 09:28:26,548 - INFO - Saving the agent...
2019-10-09 09:28:27,595 - INFO - Validating for 1000 episodes...
2019-10-09 09:37:50,222 - INFO - Training of 1000 finished with following result:
2019-10-09 09:37:50,223 - INFO - Average total reward over 1000 validation episodes after 13000 total training episodes: 0.301
2019-10-09 09:37:50,223 - INFO - Average scaled reward over 1000 validation episodes after 13000 total training episodes: 0.003
2019-10-09 09:37:50,223 - INFO - Training for 1000 episodes...
2019-10-09 09:48:24,645 - INFO - Training of 1000 finished with following result:
2019-10-09 09:48:24,645 - INFO - Average total reward over 1000 training episodes after 14000 total training episodes: 0.263
2019-10-09 09:48:24,645 - INFO - Average scaled reward over 1000 training episodes after 14000 total training episodes: 0.003
2019-10-09 09:48:24,645 - INFO - Total environmental steps in training mode up to now: 1400000
2019-10-09 09:48:24,645 - INFO - Saving the agent...
2019-10-09 09:48:25,638 - INFO - Validating for 1000 episodes...
2019-10-09 09:57:47,781 - INFO - Training of 1000 finished with following result:
2019-10-09 09:57:47,781 - INFO - Average total reward over 1000 validation episodes after 14000 total training episodes: 0.218
2019-10-09 09:57:47,781 - INFO - Average scaled reward over 1000 validation episodes after 14000 total training episodes: 0.002
2019-10-09 09:57:47,781 - INFO - Training for 1000 episodes...
2019-10-09 10:08:22,093 - INFO - Training of 1000 finished with following result:
2019-10-09 10:08:22,093 - INFO - Average total reward over 1000 training episodes after 15000 total training episodes: 0.246
2019-10-09 10:08:22,094 - INFO - Average scaled reward over 1000 training episodes after 15000 total training episodes: 0.002
2019-10-09 10:08:22,094 - INFO - Total environmental steps in training mode up to now: 1500000
2019-10-09 10:08:22,094 - INFO - Saving the agent...
2019-10-09 10:08:23,069 - INFO - Validating for 1000 episodes...
2019-10-09 10:17:44,976 - INFO - Training of 1000 finished with following result:
2019-10-09 10:17:44,976 - INFO - Average total reward over 1000 validation episodes after 15000 total training episodes: 0.237
2019-10-09 10:17:44,976 - INFO - Average scaled reward over 1000 validation episodes after 15000 total training episodes: 0.002
2019-10-09 10:17:44,976 - INFO - Training for 1000 episodes...
2019-10-09 10:28:18,487 - INFO - Training of 1000 finished with following result:
2019-10-09 10:28:18,488 - INFO - Average total reward over 1000 training episodes after 16000 total training episodes: 0.242
2019-10-09 10:28:18,488 - INFO - Average scaled reward over 1000 training episodes after 16000 total training episodes: 0.002
2019-10-09 10:28:18,488 - INFO - Total environmental steps in training mode up to now: 1600000
2019-10-09 10:28:18,488 - INFO - Saving the agent...
2019-10-09 10:28:19,496 - INFO - Validating for 1000 episodes...
2019-10-09 10:37:42,637 - INFO - Training of 1000 finished with following result:
2019-10-09 10:37:42,637 - INFO - Average total reward over 1000 validation episodes after 16000 total training episodes: 0.235
2019-10-09 10:37:42,637 - INFO - Average scaled reward over 1000 validation episodes after 16000 total training episodes: 0.002
2019-10-09 10:37:42,637 - INFO - Training for 1000 episodes...
2019-10-09 10:48:16,378 - INFO - Training of 1000 finished with following result:
2019-10-09 10:48:16,378 - INFO - Average total reward over 1000 training episodes after 17000 total training episodes: 0.246
2019-10-09 10:48:16,379 - INFO - Average scaled reward over 1000 training episodes after 17000 total training episodes: 0.002
2019-10-09 10:48:16,379 - INFO - Total environmental steps in training mode up to now: 1700000
2019-10-09 10:48:16,379 - INFO - Saving the agent...
2019-10-09 10:48:17,381 - INFO - Validating for 1000 episodes...
2019-10-09 10:57:38,562 - INFO - Training of 1000 finished with following result:
2019-10-09 10:57:38,562 - INFO - Average total reward over 1000 validation episodes after 17000 total training episodes: 0.235
2019-10-09 10:57:38,562 - INFO - Average scaled reward over 1000 validation episodes after 17000 total training episodes: 0.002
2019-10-09 10:57:38,562 - INFO - Training for 1000 episodes...
2019-10-09 11:08:12,675 - INFO - Training of 1000 finished with following result:
2019-10-09 11:08:12,675 - INFO - Average total reward over 1000 training episodes after 18000 total training episodes: 0.25
2019-10-09 11:08:12,675 - INFO - Average scaled reward over 1000 training episodes after 18000 total training episodes: 0.002
2019-10-09 11:08:12,675 - INFO - Total environmental steps in training mode up to now: 1800000
2019-10-09 11:08:12,675 - INFO - Saving the agent...
2019-10-09 11:08:13,692 - INFO - Validating for 1000 episodes...
2019-10-09 11:17:34,096 - INFO - Training of 1000 finished with following result:
2019-10-09 11:17:34,096 - INFO - Average total reward over 1000 validation episodes after 18000 total training episodes: 0.237
2019-10-09 11:17:34,096 - INFO - Average scaled reward over 1000 validation episodes after 18000 total training episodes: 0.002
2019-10-09 11:17:34,096 - INFO - Training for 1000 episodes...
2019-10-09 11:28:07,162 - INFO - Training of 1000 finished with following result:
2019-10-09 11:28:07,162 - INFO - Average total reward over 1000 training episodes after 19000 total training episodes: 0.24
2019-10-09 11:28:07,162 - INFO - Average scaled reward over 1000 training episodes after 19000 total training episodes: 0.002
2019-10-09 11:28:07,162 - INFO - Total environmental steps in training mode up to now: 1900000
2019-10-09 11:28:07,162 - INFO - Saving the agent...
2019-10-09 11:28:08,192 - INFO - Validating for 1000 episodes...
2019-10-09 11:37:31,266 - INFO - Training of 1000 finished with following result:
2019-10-09 11:37:31,266 - INFO - Average total reward over 1000 validation episodes after 19000 total training episodes: 0.23
2019-10-09 11:37:31,266 - INFO - Average scaled reward over 1000 validation episodes after 19000 total training episodes: 0.002
2019-10-09 11:37:31,266 - INFO - Training for 1000 episodes...
2019-10-09 11:48:05,087 - INFO - Training of 1000 finished with following result:
2019-10-09 11:48:05,087 - INFO - Average total reward over 1000 training episodes after 20000 total training episodes: 0.248
2019-10-09 11:48:05,087 - INFO - Average scaled reward over 1000 training episodes after 20000 total training episodes: 0.002
2019-10-09 11:48:05,087 - INFO - Total environmental steps in training mode up to now: 2000000
2019-10-09 11:48:05,088 - INFO - Saving the agent...
2019-10-09 11:48:06,112 - INFO - Validating for 1000 episodes...
2019-10-09 11:57:27,571 - INFO - Training of 1000 finished with following result:
2019-10-09 11:57:27,572 - INFO - Average total reward over 1000 validation episodes after 20000 total training episodes: 0.245
2019-10-09 11:57:27,572 - INFO - Average scaled reward over 1000 validation episodes after 20000 total training episodes: 0.002
2019-10-09 11:57:27,572 - INFO - Training for 1000 episodes...
2019-10-09 12:08:01,179 - INFO - Training of 1000 finished with following result:
2019-10-09 12:08:01,180 - INFO - Average total reward over 1000 training episodes after 21000 total training episodes: 0.242
2019-10-09 12:08:01,180 - INFO - Average scaled reward over 1000 training episodes after 21000 total training episodes: 0.002
2019-10-09 12:08:01,180 - INFO - Total environmental steps in training mode up to now: 2100000
2019-10-09 12:08:01,180 - INFO - Saving the agent...
2019-10-09 12:08:02,208 - INFO - Validating for 1000 episodes...
2019-10-09 12:17:24,652 - INFO - Training of 1000 finished with following result:
2019-10-09 12:17:24,652 - INFO - Average total reward over 1000 validation episodes after 21000 total training episodes: 0.238
2019-10-09 12:17:24,652 - INFO - Average scaled reward over 1000 validation episodes after 21000 total training episodes: 0.002
2019-10-09 12:17:24,652 - INFO - Training for 1000 episodes...
2019-10-09 12:27:58,908 - INFO - Training of 1000 finished with following result:
2019-10-09 12:27:58,908 - INFO - Average total reward over 1000 training episodes after 22000 total training episodes: 0.244
2019-10-09 12:27:58,908 - INFO - Average scaled reward over 1000 training episodes after 22000 total training episodes: 0.002
2019-10-09 12:27:58,908 - INFO - Total environmental steps in training mode up to now: 2200000
2019-10-09 12:27:58,908 - INFO - Saving the agent...
2019-10-09 12:27:59,843 - INFO - Validating for 1000 episodes...
2019-10-09 12:37:20,691 - INFO - Training of 1000 finished with following result:
2019-10-09 12:37:20,691 - INFO - Average total reward over 1000 validation episodes after 22000 total training episodes: 0.231
2019-10-09 12:37:20,691 - INFO - Average scaled reward over 1000 validation episodes after 22000 total training episodes: 0.002
2019-10-09 12:37:20,692 - INFO - Training for 1000 episodes...
2019-10-09 12:47:54,317 - INFO - Training of 1000 finished with following result:
2019-10-09 12:47:54,317 - INFO - Average total reward over 1000 training episodes after 23000 total training episodes: 0.248
2019-10-09 12:47:54,317 - INFO - Average scaled reward over 1000 training episodes after 23000 total training episodes: 0.002
2019-10-09 12:47:54,317 - INFO - Total environmental steps in training mode up to now: 2300000
2019-10-09 12:47:54,317 - INFO - Saving the agent...
2019-10-09 12:47:55,333 - INFO - Validating for 1000 episodes...
2019-10-09 12:57:17,726 - INFO - Training of 1000 finished with following result:
2019-10-09 12:57:17,726 - INFO - Average total reward over 1000 validation episodes after 23000 total training episodes: 0.244
2019-10-09 12:57:17,727 - INFO - Average scaled reward over 1000 validation episodes after 23000 total training episodes: 0.002
2019-10-09 12:57:17,727 - INFO - Training for 1000 episodes...
2019-10-09 13:07:51,167 - INFO - Training of 1000 finished with following result:
2019-10-09 13:07:51,167 - INFO - Average total reward over 1000 training episodes after 24000 total training episodes: 0.232
2019-10-09 13:07:51,167 - INFO - Average scaled reward over 1000 training episodes after 24000 total training episodes: 0.002
2019-10-09 13:07:51,167 - INFO - Total environmental steps in training mode up to now: 2400000
2019-10-09 13:07:51,167 - INFO - Saving the agent...
2019-10-09 13:07:52,168 - INFO - Validating for 1000 episodes...
2019-10-09 13:17:14,651 - INFO - Training of 1000 finished with following result:
2019-10-09 13:17:14,651 - INFO - Average total reward over 1000 validation episodes after 24000 total training episodes: 0.239
2019-10-09 13:17:14,651 - INFO - Average scaled reward over 1000 validation episodes after 24000 total training episodes: 0.002
2019-10-09 13:17:14,651 - INFO - Training for 1000 episodes...
2019-10-09 13:27:47,296 - INFO - Training of 1000 finished with following result:
2019-10-09 13:27:47,296 - INFO - Average total reward over 1000 training episodes after 25000 total training episodes: 0.241
2019-10-09 13:27:47,296 - INFO - Average scaled reward over 1000 training episodes after 25000 total training episodes: 0.002
2019-10-09 13:27:47,296 - INFO - Total environmental steps in training mode up to now: 2500000
2019-10-09 13:27:47,296 - INFO - Saving the agent...
2019-10-09 13:27:48,341 - INFO - Validating for 1000 episodes...
2019-10-09 13:37:10,962 - INFO - Training of 1000 finished with following result:
2019-10-09 13:37:10,962 - INFO - Average total reward over 1000 validation episodes after 25000 total training episodes: 0.247
2019-10-09 13:37:10,962 - INFO - Average scaled reward over 1000 validation episodes after 25000 total training episodes: 0.002
2019-10-09 13:37:10,962 - INFO - Training for 1000 episodes...
2019-10-09 13:47:44,947 - INFO - Training of 1000 finished with following result:
2019-10-09 13:47:44,948 - INFO - Average total reward over 1000 training episodes after 26000 total training episodes: 0.242
2019-10-09 13:47:44,948 - INFO - Average scaled reward over 1000 training episodes after 26000 total training episodes: 0.002
2019-10-09 13:47:44,948 - INFO - Total environmental steps in training mode up to now: 2600000
2019-10-09 13:47:44,948 - INFO - Saving the agent...
2019-10-09 13:47:45,950 - INFO - Validating for 1000 episodes...
2019-10-09 13:57:08,512 - INFO - Training of 1000 finished with following result:
2019-10-09 13:57:08,512 - INFO - Average total reward over 1000 validation episodes after 26000 total training episodes: 0.235
2019-10-09 13:57:08,512 - INFO - Average scaled reward over 1000 validation episodes after 26000 total training episodes: 0.002
2019-10-09 13:57:08,512 - INFO - Training for 1000 episodes...
2019-10-09 14:07:43,013 - INFO - Training of 1000 finished with following result:
2019-10-09 14:07:43,014 - INFO - Average total reward over 1000 training episodes after 27000 total training episodes: 0.244
2019-10-09 14:07:43,014 - INFO - Average scaled reward over 1000 training episodes after 27000 total training episodes: 0.002
2019-10-09 14:07:43,014 - INFO - Total environmental steps in training mode up to now: 2700000
2019-10-09 14:07:43,014 - INFO - Saving the agent...
2019-10-09 14:07:44,048 - INFO - Validating for 1000 episodes...
2019-10-09 14:17:05,827 - INFO - Training of 1000 finished with following result:
2019-10-09 14:17:05,827 - INFO - Average total reward over 1000 validation episodes after 27000 total training episodes: 0.247
2019-10-09 14:17:05,827 - INFO - Average scaled reward over 1000 validation episodes after 27000 total training episodes: 0.002
2019-10-09 14:17:05,827 - INFO - Training for 1000 episodes...
2019-10-09 14:27:39,275 - INFO - Training of 1000 finished with following result:
2019-10-09 14:27:39,275 - INFO - Average total reward over 1000 training episodes after 28000 total training episodes: 0.243
2019-10-09 14:27:39,276 - INFO - Average scaled reward over 1000 training episodes after 28000 total training episodes: 0.002
2019-10-09 14:27:39,276 - INFO - Total environmental steps in training mode up to now: 2800000
2019-10-09 14:27:39,276 - INFO - Saving the agent...
2019-10-09 14:27:40,278 - INFO - Validating for 1000 episodes...
2019-10-09 14:37:01,940 - INFO - Training of 1000 finished with following result:
2019-10-09 14:37:01,940 - INFO - Average total reward over 1000 validation episodes after 28000 total training episodes: 0.237
2019-10-09 14:37:01,940 - INFO - Average scaled reward over 1000 validation episodes after 28000 total training episodes: 0.002
2019-10-09 14:37:01,940 - INFO - Training for 1000 episodes...
2019-10-09 14:47:35,180 - INFO - Training of 1000 finished with following result:
2019-10-09 14:47:35,180 - INFO - Average total reward over 1000 training episodes after 29000 total training episodes: 0.236
2019-10-09 14:47:35,180 - INFO - Average scaled reward over 1000 training episodes after 29000 total training episodes: 0.002
2019-10-09 14:47:35,181 - INFO - Total environmental steps in training mode up to now: 2900000
2019-10-09 14:47:35,181 - INFO - Saving the agent...
2019-10-09 14:47:36,188 - INFO - Validating for 1000 episodes...
2019-10-09 14:56:58,769 - INFO - Training of 1000 finished with following result:
2019-10-09 14:56:58,769 - INFO - Average total reward over 1000 validation episodes after 29000 total training episodes: 0.234
2019-10-09 14:56:58,769 - INFO - Average scaled reward over 1000 validation episodes after 29000 total training episodes: 0.002
2019-10-09 14:56:58,769 - INFO - Training for 1000 episodes...
2019-10-09 15:07:32,576 - INFO - Training of 1000 finished with following result:
2019-10-09 15:07:32,577 - INFO - Average total reward over 1000 training episodes after 30000 total training episodes: 0.236
2019-10-09 15:07:32,577 - INFO - Average scaled reward over 1000 training episodes after 30000 total training episodes: 0.002
2019-10-09 15:07:32,577 - INFO - Total environmental steps in training mode up to now: 3000000
2019-10-09 15:07:32,577 - INFO - Saving the agent...
2019-10-09 15:07:33,582 - INFO - Validating for 1000 episodes...
2019-10-09 15:16:55,366 - INFO - Training of 1000 finished with following result:
2019-10-09 15:16:55,366 - INFO - Average total reward over 1000 validation episodes after 30000 total training episodes: 0.241
2019-10-09 15:16:55,366 - INFO - Average scaled reward over 1000 validation episodes after 30000 total training episodes: 0.002
2019-10-09 15:16:55,366 - INFO - Training for 1000 episodes...
2019-10-09 15:27:28,034 - INFO - Training of 1000 finished with following result:
2019-10-09 15:27:28,035 - INFO - Average total reward over 1000 training episodes after 31000 total training episodes: 0.235
2019-10-09 15:27:28,035 - INFO - Average scaled reward over 1000 training episodes after 31000 total training episodes: 0.002
2019-10-09 15:27:28,035 - INFO - Total environmental steps in training mode up to now: 3100000
2019-10-09 15:27:28,035 - INFO - Saving the agent...
2019-10-09 15:27:29,063 - INFO - Validating for 1000 episodes...
2019-10-09 15:36:51,770 - INFO - Training of 1000 finished with following result:
2019-10-09 15:36:51,770 - INFO - Average total reward over 1000 validation episodes after 31000 total training episodes: 0.232
2019-10-09 15:36:51,770 - INFO - Average scaled reward over 1000 validation episodes after 31000 total training episodes: 0.002
2019-10-09 15:36:51,770 - INFO - Training for 1000 episodes...
2019-10-09 15:47:25,103 - INFO - Training of 1000 finished with following result:
2019-10-09 15:47:25,103 - INFO - Average total reward over 1000 training episodes after 32000 total training episodes: 0.238
2019-10-09 15:47:25,103 - INFO - Average scaled reward over 1000 training episodes after 32000 total training episodes: 0.002
2019-10-09 15:47:25,103 - INFO - Total environmental steps in training mode up to now: 3200000
2019-10-09 15:47:25,103 - INFO - Saving the agent...
2019-10-09 15:47:26,085 - INFO - Validating for 1000 episodes...
2019-10-09 15:56:47,373 - INFO - Training of 1000 finished with following result:
2019-10-09 15:56:47,373 - INFO - Average total reward over 1000 validation episodes after 32000 total training episodes: 0.254
2019-10-09 15:56:47,373 - INFO - Average scaled reward over 1000 validation episodes after 32000 total training episodes: 0.003
2019-10-09 15:56:47,373 - INFO - Training for 1000 episodes...
2019-10-09 16:07:21,752 - INFO - Training of 1000 finished with following result:
2019-10-09 16:07:21,752 - INFO - Average total reward over 1000 training episodes after 33000 total training episodes: 0.243
2019-10-09 16:07:21,752 - INFO - Average scaled reward over 1000 training episodes after 33000 total training episodes: 0.002
2019-10-09 16:07:21,752 - INFO - Total environmental steps in training mode up to now: 3300000
2019-10-09 16:07:21,752 - INFO - Saving the agent...
2019-10-09 16:07:22,776 - INFO - Validating for 1000 episodes...
2019-10-09 16:16:43,945 - INFO - Training of 1000 finished with following result:
2019-10-09 16:16:43,945 - INFO - Average total reward over 1000 validation episodes after 33000 total training episodes: 0.236
2019-10-09 16:16:43,945 - INFO - Average scaled reward over 1000 validation episodes after 33000 total training episodes: 0.002
2019-10-09 16:16:43,945 - INFO - Training for 1000 episodes...
2019-10-09 16:27:16,409 - INFO - Training of 1000 finished with following result:
2019-10-09 16:27:16,410 - INFO - Average total reward over 1000 training episodes after 34000 total training episodes: 0.236
2019-10-09 16:27:16,410 - INFO - Average scaled reward over 1000 training episodes after 34000 total training episodes: 0.002
2019-10-09 16:27:16,410 - INFO - Total environmental steps in training mode up to now: 3400000
2019-10-09 16:27:16,410 - INFO - Saving the agent...
2019-10-09 16:27:17,445 - INFO - Validating for 1000 episodes...
2019-10-09 16:36:40,301 - INFO - Training of 1000 finished with following result:
2019-10-09 16:36:40,301 - INFO - Average total reward over 1000 validation episodes after 34000 total training episodes: 0.237
2019-10-09 16:36:40,302 - INFO - Average scaled reward over 1000 validation episodes after 34000 total training episodes: 0.002
2019-10-09 16:36:40,302 - INFO - Training for 1000 episodes...
2019-10-09 16:47:13,154 - INFO - Training of 1000 finished with following result:
2019-10-09 16:47:13,154 - INFO - Average total reward over 1000 training episodes after 35000 total training episodes: 0.236
2019-10-09 16:47:13,154 - INFO - Average scaled reward over 1000 training episodes after 35000 total training episodes: 0.002
2019-10-09 16:47:13,155 - INFO - Total environmental steps in training mode up to now: 3500000
2019-10-09 16:47:13,155 - INFO - Saving the agent...
2019-10-09 16:47:14,225 - INFO - Validating for 1000 episodes...
2019-10-09 16:56:36,588 - INFO - Training of 1000 finished with following result:
2019-10-09 16:56:36,588 - INFO - Average total reward over 1000 validation episodes after 35000 total training episodes: 0.243
2019-10-09 16:56:36,588 - INFO - Average scaled reward over 1000 validation episodes after 35000 total training episodes: 0.002
2019-10-09 16:56:36,588 - INFO - Training for 1000 episodes...
2019-10-09 17:07:10,043 - INFO - Training of 1000 finished with following result:
2019-10-09 17:07:10,044 - INFO - Average total reward over 1000 training episodes after 36000 total training episodes: 0.247
2019-10-09 17:07:10,044 - INFO - Average scaled reward over 1000 training episodes after 36000 total training episodes: 0.002
2019-10-09 17:07:10,044 - INFO - Total environmental steps in training mode up to now: 3600000
2019-10-09 17:07:10,044 - INFO - Saving the agent...
2019-10-09 17:07:11,011 - INFO - Validating for 1000 episodes...
2019-10-09 17:16:33,408 - INFO - Training of 1000 finished with following result:
2019-10-09 17:16:33,408 - INFO - Average total reward over 1000 validation episodes after 36000 total training episodes: 0.227
2019-10-09 17:16:33,408 - INFO - Average scaled reward over 1000 validation episodes after 36000 total training episodes: 0.002
2019-10-09 17:16:33,409 - INFO - Training for 1000 episodes...
2019-10-09 17:27:05,723 - INFO - Training of 1000 finished with following result:
2019-10-09 17:27:05,723 - INFO - Average total reward over 1000 training episodes after 37000 total training episodes: 0.241
2019-10-09 17:27:05,723 - INFO - Average scaled reward over 1000 training episodes after 37000 total training episodes: 0.002
2019-10-09 17:27:05,723 - INFO - Total environmental steps in training mode up to now: 3700000
2019-10-09 17:27:05,723 - INFO - Saving the agent...
2019-10-09 17:27:06,697 - INFO - Validating for 1000 episodes...
2019-10-09 17:36:27,739 - INFO - Training of 1000 finished with following result:
2019-10-09 17:36:27,739 - INFO - Average total reward over 1000 validation episodes after 37000 total training episodes: 0.236
2019-10-09 17:36:27,739 - INFO - Average scaled reward over 1000 validation episodes after 37000 total training episodes: 0.002
2019-10-09 17:36:27,739 - INFO - Training for 1000 episodes...
2019-10-09 17:47:01,380 - INFO - Training of 1000 finished with following result:
2019-10-09 17:47:01,380 - INFO - Average total reward over 1000 training episodes after 38000 total training episodes: 0.236
2019-10-09 17:47:01,380 - INFO - Average scaled reward over 1000 training episodes after 38000 total training episodes: 0.002
2019-10-09 17:47:01,380 - INFO - Total environmental steps in training mode up to now: 3800000
2019-10-09 17:47:01,380 - INFO - Saving the agent...
2019-10-09 17:47:02,425 - INFO - Validating for 1000 episodes...
2019-10-09 17:56:24,033 - INFO - Training of 1000 finished with following result:
2019-10-09 17:56:24,033 - INFO - Average total reward over 1000 validation episodes after 38000 total training episodes: 0.232
2019-10-09 17:56:24,033 - INFO - Average scaled reward over 1000 validation episodes after 38000 total training episodes: 0.002
2019-10-09 17:56:24,034 - INFO - Training for 1000 episodes...
2019-10-09 18:06:57,724 - INFO - Training of 1000 finished with following result:
2019-10-09 18:06:57,724 - INFO - Average total reward over 1000 training episodes after 39000 total training episodes: 0.223
2019-10-09 18:06:57,725 - INFO - Average scaled reward over 1000 training episodes after 39000 total training episodes: 0.002
2019-10-09 18:06:57,725 - INFO - Total environmental steps in training mode up to now: 3900000
2019-10-09 18:06:57,725 - INFO - Saving the agent...
2019-10-09 18:06:58,704 - INFO - Validating for 1000 episodes...
2019-10-09 18:16:20,550 - INFO - Training of 1000 finished with following result:
2019-10-09 18:16:20,550 - INFO - Average total reward over 1000 validation episodes after 39000 total training episodes: 0.241
2019-10-09 18:16:20,550 - INFO - Average scaled reward over 1000 validation episodes after 39000 total training episodes: 0.002
2019-10-09 18:16:20,551 - INFO - Training for 1000 episodes...
2019-10-09 18:26:52,060 - INFO - Training of 1000 finished with following result:
2019-10-09 18:26:52,060 - INFO - Average total reward over 1000 training episodes after 40000 total training episodes: 0.234
2019-10-09 18:26:52,061 - INFO - Average scaled reward over 1000 training episodes after 40000 total training episodes: 0.002
2019-10-09 18:26:52,061 - INFO - Total environmental steps in training mode up to now: 4000000
2019-10-09 18:26:52,061 - INFO - Saving the agent...
2019-10-09 18:26:53,036 - INFO - Validating for 1000 episodes...
2019-10-09 18:36:15,316 - INFO - Training of 1000 finished with following result:
2019-10-09 18:36:15,316 - INFO - Average total reward over 1000 validation episodes after 40000 total training episodes: 0.245
2019-10-09 18:36:15,316 - INFO - Average scaled reward over 1000 validation episodes after 40000 total training episodes: 0.002
2019-10-09 18:36:15,316 - INFO - Training for 1000 episodes...
2019-10-09 18:46:48,408 - INFO - Training of 1000 finished with following result:
2019-10-09 18:46:48,408 - INFO - Average total reward over 1000 training episodes after 41000 total training episodes: 0.236
2019-10-09 18:46:48,408 - INFO - Average scaled reward over 1000 training episodes after 41000 total training episodes: 0.002
2019-10-09 18:46:48,408 - INFO - Total environmental steps in training mode up to now: 4100000
2019-10-09 18:46:48,408 - INFO - Saving the agent...
2019-10-09 18:46:49,406 - INFO - Validating for 1000 episodes...
2019-10-09 18:56:10,295 - INFO - Training of 1000 finished with following result:
2019-10-09 18:56:10,295 - INFO - Average total reward over 1000 validation episodes after 41000 total training episodes: 0.225
2019-10-09 18:56:10,295 - INFO - Average scaled reward over 1000 validation episodes after 41000 total training episodes: 0.002
2019-10-09 18:56:10,295 - INFO - Training for 1000 episodes...
2019-10-09 19:06:43,664 - INFO - Training of 1000 finished with following result:
2019-10-09 19:06:43,665 - INFO - Average total reward over 1000 training episodes after 42000 total training episodes: 0.236
2019-10-09 19:06:43,665 - INFO - Average scaled reward over 1000 training episodes after 42000 total training episodes: 0.002
2019-10-09 19:06:43,665 - INFO - Total environmental steps in training mode up to now: 4200000
2019-10-09 19:06:43,665 - INFO - Saving the agent...
2019-10-09 19:06:44,642 - INFO - Validating for 1000 episodes...
2019-10-09 19:16:06,971 - INFO - Training of 1000 finished with following result:
2019-10-09 19:16:06,971 - INFO - Average total reward over 1000 validation episodes after 42000 total training episodes: 0.236
2019-10-09 19:16:06,971 - INFO - Average scaled reward over 1000 validation episodes after 42000 total training episodes: 0.002
2019-10-09 19:16:06,971 - INFO - Training for 1000 episodes...
2019-10-09 19:26:40,003 - INFO - Training of 1000 finished with following result:
2019-10-09 19:26:40,004 - INFO - Average total reward over 1000 training episodes after 43000 total training episodes: 0.236
2019-10-09 19:26:40,004 - INFO - Average scaled reward over 1000 training episodes after 43000 total training episodes: 0.002
2019-10-09 19:26:40,004 - INFO - Total environmental steps in training mode up to now: 4300000
2019-10-09 19:26:40,004 - INFO - Saving the agent...
2019-10-09 19:26:41,067 - INFO - Validating for 1000 episodes...
2019-10-09 19:36:01,946 - INFO - Training of 1000 finished with following result:
2019-10-09 19:36:01,946 - INFO - Average total reward over 1000 validation episodes after 43000 total training episodes: 0.239
2019-10-09 19:36:01,946 - INFO - Average scaled reward over 1000 validation episodes after 43000 total training episodes: 0.002
2019-10-09 19:36:01,946 - INFO - Training for 1000 episodes...
2019-10-09 19:46:35,110 - INFO - Training of 1000 finished with following result:
2019-10-09 19:46:35,110 - INFO - Average total reward over 1000 training episodes after 44000 total training episodes: 0.241
2019-10-09 19:46:35,110 - INFO - Average scaled reward over 1000 training episodes after 44000 total training episodes: 0.002
2019-10-09 19:46:35,110 - INFO - Total environmental steps in training mode up to now: 4400000
2019-10-09 19:46:35,110 - INFO - Saving the agent...
2019-10-09 19:46:36,112 - INFO - Validating for 1000 episodes...
2019-10-09 19:55:57,447 - INFO - Training of 1000 finished with following result:
2019-10-09 19:55:57,447 - INFO - Average total reward over 1000 validation episodes after 44000 total training episodes: 0.232
2019-10-09 19:55:57,447 - INFO - Average scaled reward over 1000 validation episodes after 44000 total training episodes: 0.002
2019-10-09 19:55:57,447 - INFO - Training for 1000 episodes...
2019-10-09 20:06:30,550 - INFO - Training of 1000 finished with following result:
2019-10-09 20:06:30,550 - INFO - Average total reward over 1000 training episodes after 45000 total training episodes: 0.227
2019-10-09 20:06:30,551 - INFO - Average scaled reward over 1000 training episodes after 45000 total training episodes: 0.002
2019-10-09 20:06:30,551 - INFO - Total environmental steps in training mode up to now: 4500000
2019-10-09 20:06:30,551 - INFO - Saving the agent...
2019-10-09 20:06:31,598 - INFO - Validating for 1000 episodes...
2019-10-09 20:15:52,740 - INFO - Training of 1000 finished with following result:
2019-10-09 20:15:52,740 - INFO - Average total reward over 1000 validation episodes after 45000 total training episodes: 0.248
2019-10-09 20:15:52,740 - INFO - Average scaled reward over 1000 validation episodes after 45000 total training episodes: 0.002
2019-10-09 20:15:52,741 - INFO - Training for 1000 episodes...
2019-10-09 20:26:25,655 - INFO - Training of 1000 finished with following result:
2019-10-09 20:26:25,655 - INFO - Average total reward over 1000 training episodes after 46000 total training episodes: 0.231
2019-10-09 20:26:25,655 - INFO - Average scaled reward over 1000 training episodes after 46000 total training episodes: 0.002
2019-10-09 20:26:25,655 - INFO - Total environmental steps in training mode up to now: 4600000
2019-10-09 20:26:25,655 - INFO - Saving the agent...
2019-10-09 20:26:26,785 - INFO - Validating for 1000 episodes...
2019-10-09 20:35:47,949 - INFO - Training of 1000 finished with following result:
2019-10-09 20:35:47,949 - INFO - Average total reward over 1000 validation episodes after 46000 total training episodes: 0.235
2019-10-09 20:35:47,950 - INFO - Average scaled reward over 1000 validation episodes after 46000 total training episodes: 0.002
2019-10-09 20:35:47,950 - INFO - Training for 1000 episodes...
2019-10-09 20:46:21,390 - INFO - Training of 1000 finished with following result:
2019-10-09 20:46:21,391 - INFO - Average total reward over 1000 training episodes after 47000 total training episodes: 0.244
2019-10-09 20:46:21,391 - INFO - Average scaled reward over 1000 training episodes after 47000 total training episodes: 0.002
2019-10-09 20:46:21,391 - INFO - Total environmental steps in training mode up to now: 4700000
2019-10-09 20:46:21,391 - INFO - Saving the agent...
2019-10-09 20:46:22,398 - INFO - Validating for 1000 episodes...
2019-10-09 20:55:43,354 - INFO - Training of 1000 finished with following result:
2019-10-09 20:55:43,354 - INFO - Average total reward over 1000 validation episodes after 47000 total training episodes: 0.229
2019-10-09 20:55:43,355 - INFO - Average scaled reward over 1000 validation episodes after 47000 total training episodes: 0.002
2019-10-09 20:55:43,355 - INFO - Training for 1000 episodes...
2019-10-09 21:06:17,327 - INFO - Training of 1000 finished with following result:
2019-10-09 21:06:17,328 - INFO - Average total reward over 1000 training episodes after 48000 total training episodes: 0.229
2019-10-09 21:06:17,328 - INFO - Average scaled reward over 1000 training episodes after 48000 total training episodes: 0.002
2019-10-09 21:06:17,328 - INFO - Total environmental steps in training mode up to now: 4800000
2019-10-09 21:06:17,328 - INFO - Saving the agent...
2019-10-09 21:06:18,342 - INFO - Validating for 1000 episodes...
2019-10-09 21:15:40,217 - INFO - Training of 1000 finished with following result:
2019-10-09 21:15:40,217 - INFO - Average total reward over 1000 validation episodes after 48000 total training episodes: 0.232
2019-10-09 21:15:40,217 - INFO - Average scaled reward over 1000 validation episodes after 48000 total training episodes: 0.002
2019-10-09 21:15:40,217 - INFO - Training for 1000 episodes...
2019-10-09 21:26:12,420 - INFO - Training of 1000 finished with following result:
2019-10-09 21:26:12,420 - INFO - Average total reward over 1000 training episodes after 49000 total training episodes: 0.232
2019-10-09 21:26:12,420 - INFO - Average scaled reward over 1000 training episodes after 49000 total training episodes: 0.002
2019-10-09 21:26:12,420 - INFO - Total environmental steps in training mode up to now: 4900000
2019-10-09 21:26:12,420 - INFO - Saving the agent...
2019-10-09 21:26:13,459 - INFO - Validating for 1000 episodes...
2019-10-09 21:35:35,332 - INFO - Training of 1000 finished with following result:
2019-10-09 21:35:35,333 - INFO - Average total reward over 1000 validation episodes after 49000 total training episodes: 0.233
2019-10-09 21:35:35,333 - INFO - Average scaled reward over 1000 validation episodes after 49000 total training episodes: 0.002
2019-10-09 21:35:35,333 - INFO - Training for 1000 episodes...
2019-10-09 21:46:08,887 - INFO - Training of 1000 finished with following result:
2019-10-09 21:46:08,888 - INFO - Average total reward over 1000 training episodes after 50000 total training episodes: 0.235
2019-10-09 21:46:08,888 - INFO - Average scaled reward over 1000 training episodes after 50000 total training episodes: 0.002
2019-10-09 21:46:08,888 - INFO - Total environmental steps in training mode up to now: 5000000
2019-10-09 21:46:08,888 - INFO - Saving the agent...
2019-10-09 21:46:09,898 - INFO - Validating for 1000 episodes...
2019-10-09 21:55:30,980 - INFO - Training of 1000 finished with following result:
2019-10-09 21:55:30,980 - INFO - Average total reward over 1000 validation episodes after 50000 total training episodes: 0.251
2019-10-09 21:55:30,980 - INFO - Average scaled reward over 1000 validation episodes after 50000 total training episodes: 0.003
2019-10-09 21:55:30,980 - INFO - End of training
2019-10-09 21:55:30,981 - INFO - Cycle 1 - Testing for 100 episodes...
2019-10-09 21:56:26,818 - INFO - Testing of 100 finished with following result:
2019-10-09 21:56:26,818 - INFO - Average total reward over 100 test episodes: 0.225
2019-10-09 21:56:26,818 - INFO - Average scaled reward over 100 test episodes: 0.002
2019-10-09 21:56:26,818 - INFO - Cycle 2 - Testing for 100 episodes...
2019-10-09 21:57:22,463 - INFO - Testing of 100 finished with following result:
2019-10-09 21:57:22,463 - INFO - Average total reward over 100 test episodes: 0.242
2019-10-09 21:57:22,463 - INFO - Average scaled reward over 100 test episodes: 0.002
2019-10-09 21:57:22,463 - INFO - Cycle 3 - Testing for 100 episodes...
2019-10-09 21:58:18,013 - INFO - Testing of 100 finished with following result:
2019-10-09 21:58:18,013 - INFO - Average total reward over 100 test episodes: 0.235
2019-10-09 21:58:18,013 - INFO - Average scaled reward over 100 test episodes: 0.002
2019-10-09 21:58:18,013 - INFO - Cycle 4 - Testing for 100 episodes...
2019-10-09 21:59:14,052 - INFO - Testing of 100 finished with following result:
2019-10-09 21:59:14,052 - INFO - Average total reward over 100 test episodes: 0.257
2019-10-09 21:59:14,053 - INFO - Average scaled reward over 100 test episodes: 0.003
2019-10-09 21:59:14,053 - INFO - Cycle 5 - Testing for 100 episodes...
2019-10-09 22:00:10,114 - INFO - Testing of 100 finished with following result:
2019-10-09 22:00:10,114 - INFO - Average total reward over 100 test episodes: 0.222
2019-10-09 22:00:10,114 - INFO - Average scaled reward over 100 test episodes: 0.002
2019-10-09 22:00:10,114 - INFO - Cycle 6 - Testing for 100 episodes...
2019-10-09 22:01:05,996 - INFO - Testing of 100 finished with following result:
2019-10-09 22:01:05,997 - INFO - Average total reward over 100 test episodes: 0.234
2019-10-09 22:01:05,997 - INFO - Average scaled reward over 100 test episodes: 0.002
2019-10-09 22:01:05,997 - INFO - Cycle 7 - Testing for 100 episodes...
2019-10-09 22:02:02,141 - INFO - Testing of 100 finished with following result:
2019-10-09 22:02:02,141 - INFO - Average total reward over 100 test episodes: 0.251
2019-10-09 22:02:02,141 - INFO - Average scaled reward over 100 test episodes: 0.003
2019-10-09 22:02:02,141 - INFO - Cycle 8 - Testing for 100 episodes...
2019-10-09 22:02:58,134 - INFO - Testing of 100 finished with following result:
2019-10-09 22:02:58,135 - INFO - Average total reward over 100 test episodes: 0.239
2019-10-09 22:02:58,135 - INFO - Average scaled reward over 100 test episodes: 0.002
2019-10-09 22:02:58,135 - INFO - Cycle 9 - Testing for 100 episodes...
2019-10-09 22:03:53,989 - INFO - Testing of 100 finished with following result:
2019-10-09 22:03:53,990 - INFO - Average total reward over 100 test episodes: 0.215
2019-10-09 22:03:53,990 - INFO - Average scaled reward over 100 test episodes: 0.002
2019-10-09 22:03:53,990 - INFO - Cycle 10 - Testing for 100 episodes...
2019-10-09 22:04:50,030 - INFO - Testing of 100 finished with following result:
2019-10-09 22:04:50,030 - INFO - Average total reward over 100 test episodes: 0.25
2019-10-09 22:04:50,030 - INFO - Average scaled reward over 100 test episodes: 0.003
2019-10-09 22:04:50,030 - INFO - End of test
2019-10-09 22:04:50,030 - INFO - Average test total reward is 0.237 with 50000 training episodes
2019-10-09 22:04:50,030 - INFO - Average test scaled reward is 0.002 with 50000 training episodes
2019-10-09 22:04:50,030 - INFO - Max test total reward over 100 and 10 cycles is: 0.257
2019-10-09 22:04:50,030 - INFO - Max test scaled reward over 100 and 10 cycles is: 0.003
2019-10-09 22:04:50,031 - INFO - Saving plots...
2019-10-09 22:04:54,570 - INFO - Plots saved successfully
2019-10-09 22:04:54,570 - INFO - The experiment terminated successfully
